ARM GAS  C:\Users\Ryan\AppData\Local\Temp\ccaCrRhn.s 			page 1


   1              		.syntax unified
   2              		.cpu cortex-m3
   3              		.fpu softvfp
   4              		.eabi_attribute 20, 1
   5              		.eabi_attribute 21, 1
   6              		.eabi_attribute 23, 3
   7              		.eabi_attribute 24, 1
   8              		.eabi_attribute 25, 1
   9              		.eabi_attribute 26, 1
  10              		.eabi_attribute 30, 6
  11              		.eabi_attribute 34, 1
  12              		.eabi_attribute 18, 4
  13              		.thumb
  14              		.file	"main.c"
  15              		.text
  16              	.Ltext0:
  17              		.cfi_sections	.debug_frame
  18              		.section	.rodata
  19              		.align	2
  20              	.LC0:
  21 0000 256400   		.ascii	"%d\000"
  22 0003 00       		.section	.text.main,"ax",%progbits
  23              		.align	2
  24              		.global	main
  25              		.thumb
  26              		.thumb_func
  27              		.type	main, %function
  28              	main:
  29              	.LFB56:
  30              		.file 1 ".\\main.c"
   1:.\main.c      **** /* ========================================
   2:.\main.c      ****  *
   3:.\main.c      ****  * Copyright YOUR COMPANY, THE YEAR
   4:.\main.c      ****  * All Rights Reserved
   5:.\main.c      ****  * UNPUBLISHED, LICENSED SOFTWARE.
   6:.\main.c      ****  *
   7:.\main.c      ****  * CONFIDENTIAL AND PROPRIETARY INFORMATION
   8:.\main.c      ****  * WHICH IS THE PROPERTY OF your company.
   9:.\main.c      ****  *
  10:.\main.c      ****  * ========================================
  11:.\main.c      **** */
  12:.\main.c      **** #include <project.h>
  13:.\main.c      **** #include <stdio.h>
  14:.\main.c      **** 
  15:.\main.c      **** int main()
  16:.\main.c      **** {
  31              		.loc 1 16 0
  32              		.cfi_startproc
  33              		@ args = 0, pretend = 0, frame = 64
  34              		@ frame_needed = 1, uses_anonymous_args = 0
  35 0000 80B5     		push	{r7, lr}
  36              	.LCFI0:
  37              		.cfi_def_cfa_offset 8
  38              		.cfi_offset 7, -8
  39              		.cfi_offset 14, -4
  40 0002 90B0     		sub	sp, sp, #64
  41              	.LCFI1:
ARM GAS  C:\Users\Ryan\AppData\Local\Temp\ccaCrRhn.s 			page 2


  42              		.cfi_def_cfa_offset 72
  43 0004 00AF     		add	r7, sp, #0
  44              	.LCFI2:
  45              		.cfi_def_cfa_register 7
  17:.\main.c      ****     /* Place your initialization/startup code here (e.g. MyInst_Start()) */
  18:.\main.c      ****     int32 output;
  19:.\main.c      ****     int32 raw_reading;
  20:.\main.c      ****     uint8 i;
  21:.\main.c      ****     uint8 buffer[50];
  22:.\main.c      ****     LCD_Char_Start();
  46              		.loc 1 22 0
  47 0006 FFF7FEFF 		bl	LCD_Char_Start
  23:.\main.c      ****     ADC_DelSig_Start();
  48              		.loc 1 23 0
  49 000a FFF7FEFF 		bl	ADC_DelSig_Start
  24:.\main.c      ****     
  25:.\main.c      ****     CyGlobalIntEnable; /* Uncomment this line to enable global interrupts. */
  50              		.loc 1 25 0
  51              	@ 25 ".\main.c" 1
  52 000e 62B6     		CPSIE   i
  53              	@ 0 "" 2
  26:.\main.c      ****     CyDelay(100u);
  54              		.loc 1 26 0
  55              		.thumb
  56 0010 4FF06400 		mov	r0, #100
  57 0014 FFF7FEFF 		bl	CyDelay
  58              	.L6:
  27:.\main.c      ****     for(;;)
  28:.\main.c      ****     {
  29:.\main.c      ****         ADC_DelSig_StartConvert();
  59              		.loc 1 29 0
  60 0018 FFF7FEFF 		bl	ADC_DelSig_StartConvert
  30:.\main.c      ****     //ADC_DelSig_SelectConfiguration(ADC_DelSig_CFG2,1);
  31:.\main.c      ****         CyDelay(100u);
  61              		.loc 1 31 0
  62 001c 4FF06400 		mov	r0, #100
  63 0020 FFF7FEFF 		bl	CyDelay
  32:.\main.c      ****         for(i = 0; i < 100; i++)
  64              		.loc 1 32 0
  65 0024 4FF00003 		mov	r3, #0
  66 0028 87F83B30 		strb	r3, [r7, #59]
  67 002c 18E0     		b	.L2
  68              	.L5:
  33:.\main.c      ****         {
  34:.\main.c      ****             if(ADC_DelSig_IsEndConversion(ADC_DelSig_WAIT_FOR_RESULT))
  69              		.loc 1 34 0
  70 002e 4FF00000 		mov	r0, #0
  71 0032 FFF7FEFF 		bl	ADC_DelSig_IsEndConversion
  72 0036 0346     		mov	r3, r0
  73 0038 002B     		cmp	r3, #0
  74 003a 07D0     		beq	.L3
  35:.\main.c      ****             {
  36:.\main.c      ****                 raw_reading=ADC_DelSig_GetResult32();
  75              		.loc 1 36 0
  76 003c FFF7FEFF 		bl	ADC_DelSig_GetResult32
  77 0040 7863     		str	r0, [r7, #52]
  37:.\main.c      ****                 output = ADC_DelSig_CountsTo_uVolts(raw_reading);
ARM GAS  C:\Users\Ryan\AppData\Local\Temp\ccaCrRhn.s 			page 3


  78              		.loc 1 37 0
  79 0042 786B     		ldr	r0, [r7, #52]
  80 0044 FFF7FEFF 		bl	ADC_DelSig_CountsTo_uVolts
  81 0048 F863     		str	r0, [r7, #60]
  38:.\main.c      ****                 break;
  82              		.loc 1 38 0
  83 004a 0DE0     		b	.L4
  84              	.L3:
  39:.\main.c      ****             }
  40:.\main.c      ****             CyDelay(5u);
  85              		.loc 1 40 0
  86 004c 4FF00500 		mov	r0, #5
  87 0050 FFF7FEFF 		bl	CyDelay
  32:.\main.c      ****         for(i = 0; i < 100; i++)
  88              		.loc 1 32 0
  89 0054 97F83B30 		ldrb	r3, [r7, #59]
  90 0058 03F10103 		add	r3, r3, #1
  91 005c 87F83B30 		strb	r3, [r7, #59]
  92              	.L2:
  32:.\main.c      ****         for(i = 0; i < 100; i++)
  93              		.loc 1 32 0 is_stmt 0 discriminator 1
  94 0060 97F83B30 		ldrb	r3, [r7, #59]	@ zero_extendqisi2
  95 0064 632B     		cmp	r3, #99
  96 0066 E2D9     		bls	.L5
  97              	.L4:
  41:.\main.c      ****         }
  42:.\main.c      ****         ADC_DelSig_StopConvert();
  98              		.loc 1 42 0 is_stmt 1
  99 0068 FFF7FEFF 		bl	ADC_DelSig_StopConvert
  43:.\main.c      ****         
  44:.\main.c      ****         LCD_Char_ClearDisplay();
 100              		.loc 1 44 0
 101 006c 4FF00100 		mov	r0, #1
 102 0070 FFF7FEFF 		bl	LCD_Char_WriteControl
  45:.\main.c      ****         LCD_Char_Position(0u, 0u);
 103              		.loc 1 45 0
 104 0074 4FF00000 		mov	r0, #0
 105 0078 4FF00001 		mov	r1, #0
 106 007c FFF7FEFF 		bl	LCD_Char_Position
  46:.\main.c      ****         sprintf(buffer,"%d", output);
 107              		.loc 1 46 0
 108 0080 3B46     		mov	r3, r7
 109 0082 1846     		mov	r0, r3
 110 0084 40F20001 		movw	r1, #:lower16:.LC0
 111 0088 C0F20001 		movt	r1, #:upper16:.LC0
 112 008c FA6B     		ldr	r2, [r7, #60]
 113 008e FFF7FEFF 		bl	sprintf
  47:.\main.c      ****         LCD_Char_PrintString(buffer);
 114              		.loc 1 47 0
 115 0092 3B46     		mov	r3, r7
 116 0094 1846     		mov	r0, r3
 117 0096 FFF7FEFF 		bl	LCD_Char_PrintString
  48:.\main.c      ****         /* Place your application code here. */
  49:.\main.c      ****     }
 118              		.loc 1 49 0
 119 009a BDE7     		b	.L6
 120              		.cfi_endproc
ARM GAS  C:\Users\Ryan\AppData\Local\Temp\ccaCrRhn.s 			page 4


 121              	.LFE56:
 122              		.size	main, .-main
 123              		.text
 124              	.Letext0:
 125              		.file 2 "c:\\program files (x86)\\cypress\\psoc creator\\3.0\\psoc creator\\import\\gnu_cs\\arm\\4
 126              		.file 3 "./Generated_Source/PSoC5/cytypes.h"
 127              		.file 4 "./Generated_Source/PSoC5/core_cm3.h"
 128              		.section	.debug_info,"",%progbits
 129              	.Ldebug_info0:
 130 0000 21010000 		.4byte	0x121
 131 0004 0200     		.2byte	0x2
 132 0006 00000000 		.4byte	.Ldebug_abbrev0
 133 000a 04       		.byte	0x4
 134 000b 01       		.uleb128 0x1
 135 000c 65000000 		.4byte	.LASF19
 136 0010 01       		.byte	0x1
 137 0011 00010000 		.4byte	.LASF20
 138 0015 00000000 		.4byte	.LASF21
 139 0019 00000000 		.4byte	.Ldebug_ranges0+0
 140 001d 00000000 		.4byte	0
 141 0021 00000000 		.4byte	0
 142 0025 00000000 		.4byte	.Ldebug_line0
 143 0029 02       		.uleb128 0x2
 144 002a 01       		.byte	0x1
 145 002b 06       		.byte	0x6
 146 002c 37010000 		.4byte	.LASF0
 147 0030 02       		.uleb128 0x2
 148 0031 01       		.byte	0x1
 149 0032 08       		.byte	0x8
 150 0033 E4000000 		.4byte	.LASF1
 151 0037 02       		.uleb128 0x2
 152 0038 02       		.byte	0x2
 153 0039 05       		.byte	0x5
 154 003a 49010000 		.4byte	.LASF2
 155 003e 02       		.uleb128 0x2
 156 003f 02       		.byte	0x2
 157 0040 07       		.byte	0x7
 158 0041 40000000 		.4byte	.LASF3
 159 0045 03       		.uleb128 0x3
 160 0046 53010000 		.4byte	.LASF9
 161 004a 02       		.byte	0x2
 162 004b 4F       		.byte	0x4f
 163 004c 50000000 		.4byte	0x50
 164 0050 02       		.uleb128 0x2
 165 0051 04       		.byte	0x4
 166 0052 05       		.byte	0x5
 167 0053 F7000000 		.4byte	.LASF4
 168 0057 02       		.uleb128 0x2
 169 0058 04       		.byte	0x4
 170 0059 07       		.byte	0x7
 171 005a B4000000 		.4byte	.LASF5
 172 005e 02       		.uleb128 0x2
 173 005f 08       		.byte	0x8
 174 0060 05       		.byte	0x5
 175 0061 10010000 		.4byte	.LASF6
 176 0065 02       		.uleb128 0x2
 177 0066 08       		.byte	0x8
ARM GAS  C:\Users\Ryan\AppData\Local\Temp\ccaCrRhn.s 			page 5


 178 0067 07       		.byte	0x7
 179 0068 C6000000 		.4byte	.LASF7
 180 006c 04       		.uleb128 0x4
 181 006d 04       		.byte	0x4
 182 006e 05       		.byte	0x5
 183 006f 696E7400 		.ascii	"int\000"
 184 0073 02       		.uleb128 0x2
 185 0074 04       		.byte	0x4
 186 0075 07       		.byte	0x7
 187 0076 53000000 		.4byte	.LASF8
 188 007a 03       		.uleb128 0x3
 189 007b AE000000 		.4byte	.LASF10
 190 007f 03       		.byte	0x3
 191 0080 5B       		.byte	0x5b
 192 0081 30000000 		.4byte	0x30
 193 0085 03       		.uleb128 0x3
 194 0086 6B010000 		.4byte	.LASF11
 195 008a 03       		.byte	0x3
 196 008b 60       		.byte	0x60
 197 008c 50000000 		.4byte	0x50
 198 0090 02       		.uleb128 0x2
 199 0091 04       		.byte	0x4
 200 0092 04       		.byte	0x4
 201 0093 43010000 		.4byte	.LASF12
 202 0097 02       		.uleb128 0x2
 203 0098 08       		.byte	0x8
 204 0099 04       		.byte	0x4
 205 009a 09010000 		.4byte	.LASF13
 206 009e 02       		.uleb128 0x2
 207 009f 01       		.byte	0x1
 208 00a0 08       		.byte	0x8
 209 00a1 F2000000 		.4byte	.LASF14
 210 00a5 02       		.uleb128 0x2
 211 00a6 04       		.byte	0x4
 212 00a7 07       		.byte	0x7
 213 00a8 62010000 		.4byte	.LASF15
 214 00ac 05       		.uleb128 0x5
 215 00ad 01       		.byte	0x1
 216 00ae 60000000 		.4byte	.LASF22
 217 00b2 01       		.byte	0x1
 218 00b3 0F       		.byte	0xf
 219 00b4 6C000000 		.4byte	0x6c
 220 00b8 00000000 		.4byte	.LFB56
 221 00bc 9C000000 		.4byte	.LFE56
 222 00c0 00000000 		.4byte	.LLST0
 223 00c4 01       		.byte	0x1
 224 00c5 01010000 		.4byte	0x101
 225 00c9 06       		.uleb128 0x6
 226 00ca DD000000 		.4byte	.LASF16
 227 00ce 01       		.byte	0x1
 228 00cf 12       		.byte	0x12
 229 00d0 85000000 		.4byte	0x85
 230 00d4 02       		.byte	0x2
 231 00d5 91       		.byte	0x91
 232 00d6 74       		.sleb128 -12
 233 00d7 06       		.uleb128 0x6
 234 00d8 1E010000 		.4byte	.LASF17
ARM GAS  C:\Users\Ryan\AppData\Local\Temp\ccaCrRhn.s 			page 6


 235 00dc 01       		.byte	0x1
 236 00dd 13       		.byte	0x13
 237 00de 85000000 		.4byte	0x85
 238 00e2 02       		.byte	0x2
 239 00e3 91       		.byte	0x91
 240 00e4 6C       		.sleb128 -20
 241 00e5 07       		.uleb128 0x7
 242 00e6 6900     		.ascii	"i\000"
 243 00e8 01       		.byte	0x1
 244 00e9 14       		.byte	0x14
 245 00ea 7A000000 		.4byte	0x7a
 246 00ee 02       		.byte	0x2
 247 00ef 91       		.byte	0x91
 248 00f0 73       		.sleb128 -13
 249 00f1 06       		.uleb128 0x6
 250 00f2 5B010000 		.4byte	.LASF18
 251 00f6 01       		.byte	0x1
 252 00f7 15       		.byte	0x15
 253 00f8 01010000 		.4byte	0x101
 254 00fc 03       		.byte	0x3
 255 00fd 91       		.byte	0x91
 256 00fe B87F     		.sleb128 -72
 257 0100 00       		.byte	0
 258 0101 08       		.uleb128 0x8
 259 0102 7A000000 		.4byte	0x7a
 260 0106 11010000 		.4byte	0x111
 261 010a 09       		.uleb128 0x9
 262 010b A5000000 		.4byte	0xa5
 263 010f 31       		.byte	0x31
 264 0110 00       		.byte	0
 265 0111 0A       		.uleb128 0xa
 266 0112 2A010000 		.4byte	.LASF23
 267 0116 04       		.byte	0x4
 268 0117 1606     		.2byte	0x616
 269 0119 1F010000 		.4byte	0x11f
 270 011d 01       		.byte	0x1
 271 011e 01       		.byte	0x1
 272 011f 0B       		.uleb128 0xb
 273 0120 45000000 		.4byte	0x45
 274 0124 00       		.byte	0
 275              		.section	.debug_abbrev,"",%progbits
 276              	.Ldebug_abbrev0:
 277 0000 01       		.uleb128 0x1
 278 0001 11       		.uleb128 0x11
 279 0002 01       		.byte	0x1
 280 0003 25       		.uleb128 0x25
 281 0004 0E       		.uleb128 0xe
 282 0005 13       		.uleb128 0x13
 283 0006 0B       		.uleb128 0xb
 284 0007 03       		.uleb128 0x3
 285 0008 0E       		.uleb128 0xe
 286 0009 1B       		.uleb128 0x1b
 287 000a 0E       		.uleb128 0xe
 288 000b 55       		.uleb128 0x55
 289 000c 06       		.uleb128 0x6
 290 000d 11       		.uleb128 0x11
 291 000e 01       		.uleb128 0x1
ARM GAS  C:\Users\Ryan\AppData\Local\Temp\ccaCrRhn.s 			page 7


 292 000f 52       		.uleb128 0x52
 293 0010 01       		.uleb128 0x1
 294 0011 10       		.uleb128 0x10
 295 0012 06       		.uleb128 0x6
 296 0013 00       		.byte	0
 297 0014 00       		.byte	0
 298 0015 02       		.uleb128 0x2
 299 0016 24       		.uleb128 0x24
 300 0017 00       		.byte	0
 301 0018 0B       		.uleb128 0xb
 302 0019 0B       		.uleb128 0xb
 303 001a 3E       		.uleb128 0x3e
 304 001b 0B       		.uleb128 0xb
 305 001c 03       		.uleb128 0x3
 306 001d 0E       		.uleb128 0xe
 307 001e 00       		.byte	0
 308 001f 00       		.byte	0
 309 0020 03       		.uleb128 0x3
 310 0021 16       		.uleb128 0x16
 311 0022 00       		.byte	0
 312 0023 03       		.uleb128 0x3
 313 0024 0E       		.uleb128 0xe
 314 0025 3A       		.uleb128 0x3a
 315 0026 0B       		.uleb128 0xb
 316 0027 3B       		.uleb128 0x3b
 317 0028 0B       		.uleb128 0xb
 318 0029 49       		.uleb128 0x49
 319 002a 13       		.uleb128 0x13
 320 002b 00       		.byte	0
 321 002c 00       		.byte	0
 322 002d 04       		.uleb128 0x4
 323 002e 24       		.uleb128 0x24
 324 002f 00       		.byte	0
 325 0030 0B       		.uleb128 0xb
 326 0031 0B       		.uleb128 0xb
 327 0032 3E       		.uleb128 0x3e
 328 0033 0B       		.uleb128 0xb
 329 0034 03       		.uleb128 0x3
 330 0035 08       		.uleb128 0x8
 331 0036 00       		.byte	0
 332 0037 00       		.byte	0
 333 0038 05       		.uleb128 0x5
 334 0039 2E       		.uleb128 0x2e
 335 003a 01       		.byte	0x1
 336 003b 3F       		.uleb128 0x3f
 337 003c 0C       		.uleb128 0xc
 338 003d 03       		.uleb128 0x3
 339 003e 0E       		.uleb128 0xe
 340 003f 3A       		.uleb128 0x3a
 341 0040 0B       		.uleb128 0xb
 342 0041 3B       		.uleb128 0x3b
 343 0042 0B       		.uleb128 0xb
 344 0043 49       		.uleb128 0x49
 345 0044 13       		.uleb128 0x13
 346 0045 11       		.uleb128 0x11
 347 0046 01       		.uleb128 0x1
 348 0047 12       		.uleb128 0x12
ARM GAS  C:\Users\Ryan\AppData\Local\Temp\ccaCrRhn.s 			page 8


 349 0048 01       		.uleb128 0x1
 350 0049 40       		.uleb128 0x40
 351 004a 06       		.uleb128 0x6
 352 004b 9642     		.uleb128 0x2116
 353 004d 0C       		.uleb128 0xc
 354 004e 01       		.uleb128 0x1
 355 004f 13       		.uleb128 0x13
 356 0050 00       		.byte	0
 357 0051 00       		.byte	0
 358 0052 06       		.uleb128 0x6
 359 0053 34       		.uleb128 0x34
 360 0054 00       		.byte	0
 361 0055 03       		.uleb128 0x3
 362 0056 0E       		.uleb128 0xe
 363 0057 3A       		.uleb128 0x3a
 364 0058 0B       		.uleb128 0xb
 365 0059 3B       		.uleb128 0x3b
 366 005a 0B       		.uleb128 0xb
 367 005b 49       		.uleb128 0x49
 368 005c 13       		.uleb128 0x13
 369 005d 02       		.uleb128 0x2
 370 005e 0A       		.uleb128 0xa
 371 005f 00       		.byte	0
 372 0060 00       		.byte	0
 373 0061 07       		.uleb128 0x7
 374 0062 34       		.uleb128 0x34
 375 0063 00       		.byte	0
 376 0064 03       		.uleb128 0x3
 377 0065 08       		.uleb128 0x8
 378 0066 3A       		.uleb128 0x3a
 379 0067 0B       		.uleb128 0xb
 380 0068 3B       		.uleb128 0x3b
 381 0069 0B       		.uleb128 0xb
 382 006a 49       		.uleb128 0x49
 383 006b 13       		.uleb128 0x13
 384 006c 02       		.uleb128 0x2
 385 006d 0A       		.uleb128 0xa
 386 006e 00       		.byte	0
 387 006f 00       		.byte	0
 388 0070 08       		.uleb128 0x8
 389 0071 01       		.uleb128 0x1
 390 0072 01       		.byte	0x1
 391 0073 49       		.uleb128 0x49
 392 0074 13       		.uleb128 0x13
 393 0075 01       		.uleb128 0x1
 394 0076 13       		.uleb128 0x13
 395 0077 00       		.byte	0
 396 0078 00       		.byte	0
 397 0079 09       		.uleb128 0x9
 398 007a 21       		.uleb128 0x21
 399 007b 00       		.byte	0
 400 007c 49       		.uleb128 0x49
 401 007d 13       		.uleb128 0x13
 402 007e 2F       		.uleb128 0x2f
 403 007f 0B       		.uleb128 0xb
 404 0080 00       		.byte	0
 405 0081 00       		.byte	0
ARM GAS  C:\Users\Ryan\AppData\Local\Temp\ccaCrRhn.s 			page 9


 406 0082 0A       		.uleb128 0xa
 407 0083 34       		.uleb128 0x34
 408 0084 00       		.byte	0
 409 0085 03       		.uleb128 0x3
 410 0086 0E       		.uleb128 0xe
 411 0087 3A       		.uleb128 0x3a
 412 0088 0B       		.uleb128 0xb
 413 0089 3B       		.uleb128 0x3b
 414 008a 05       		.uleb128 0x5
 415 008b 49       		.uleb128 0x49
 416 008c 13       		.uleb128 0x13
 417 008d 3F       		.uleb128 0x3f
 418 008e 0C       		.uleb128 0xc
 419 008f 3C       		.uleb128 0x3c
 420 0090 0C       		.uleb128 0xc
 421 0091 00       		.byte	0
 422 0092 00       		.byte	0
 423 0093 0B       		.uleb128 0xb
 424 0094 35       		.uleb128 0x35
 425 0095 00       		.byte	0
 426 0096 49       		.uleb128 0x49
 427 0097 13       		.uleb128 0x13
 428 0098 00       		.byte	0
 429 0099 00       		.byte	0
 430 009a 00       		.byte	0
 431              		.section	.debug_loc,"",%progbits
 432              	.Ldebug_loc0:
 433              	.LLST0:
 434 0000 00000000 		.4byte	.LFB56
 435 0004 02000000 		.4byte	.LCFI0
 436 0008 0200     		.2byte	0x2
 437 000a 7D       		.byte	0x7d
 438 000b 00       		.sleb128 0
 439 000c 02000000 		.4byte	.LCFI0
 440 0010 04000000 		.4byte	.LCFI1
 441 0014 0200     		.2byte	0x2
 442 0016 7D       		.byte	0x7d
 443 0017 08       		.sleb128 8
 444 0018 04000000 		.4byte	.LCFI1
 445 001c 06000000 		.4byte	.LCFI2
 446 0020 0300     		.2byte	0x3
 447 0022 7D       		.byte	0x7d
 448 0023 C800     		.sleb128 72
 449 0025 06000000 		.4byte	.LCFI2
 450 0029 9C000000 		.4byte	.LFE56
 451 002d 0300     		.2byte	0x3
 452 002f 77       		.byte	0x77
 453 0030 C800     		.sleb128 72
 454 0032 00000000 		.4byte	0
 455 0036 00000000 		.4byte	0
 456              		.section	.debug_aranges,"",%progbits
 457 0000 1C000000 		.4byte	0x1c
 458 0004 0200     		.2byte	0x2
 459 0006 00000000 		.4byte	.Ldebug_info0
 460 000a 04       		.byte	0x4
 461 000b 00       		.byte	0
 462 000c 0000     		.2byte	0
ARM GAS  C:\Users\Ryan\AppData\Local\Temp\ccaCrRhn.s 			page 10


 463 000e 0000     		.2byte	0
 464 0010 00000000 		.4byte	.LFB56
 465 0014 9C000000 		.4byte	.LFE56-.LFB56
 466 0018 00000000 		.4byte	0
 467 001c 00000000 		.4byte	0
 468              		.section	.debug_ranges,"",%progbits
 469              	.Ldebug_ranges0:
 470 0000 00000000 		.4byte	.LFB56
 471 0004 9C000000 		.4byte	.LFE56
 472 0008 00000000 		.4byte	0
 473 000c 00000000 		.4byte	0
 474              		.section	.debug_line,"",%progbits
 475              	.Ldebug_line0:
 476 0000 2C010000 		.section	.debug_str,"MS",%progbits,1
 476      0200F900 
 476      00000201 
 476      FB0E0D00 
 476      01010101 
 477              	.LASF21:
 478 0000 433A5C55 		.ascii	"C:\\Users\\Ryan\\Documents\\summer2014\\SensorRead\\"
 478      73657273 
 478      5C527961 
 478      6E5C446F 
 478      63756D65 
 479 002e 53686F72 		.ascii	"ShortWaveIn.cydsn\000"
 479      74576176 
 479      65496E2E 
 479      63796473 
 479      6E00
 480              	.LASF3:
 481 0040 73686F72 		.ascii	"short unsigned int\000"
 481      7420756E 
 481      7369676E 
 481      65642069 
 481      6E7400
 482              	.LASF8:
 483 0053 756E7369 		.ascii	"unsigned int\000"
 483      676E6564 
 483      20696E74 
 483      00
 484              	.LASF22:
 485 0060 6D61696E 		.ascii	"main\000"
 485      00
 486              	.LASF19:
 487 0065 474E5520 		.ascii	"GNU C 4.7.3 20130312 (release) [ARM/embedded-4_7-br"
 487      4320342E 
 487      372E3320 
 487      32303133 
 487      30333132 
 488 0098 616E6368 		.ascii	"anch revision 196615]\000"
 488      20726576 
 488      6973696F 
 488      6E203139 
 488      36363135 
 489              	.LASF10:
 490 00ae 75696E74 		.ascii	"uint8\000"
 490      3800
ARM GAS  C:\Users\Ryan\AppData\Local\Temp\ccaCrRhn.s 			page 11


 491              	.LASF5:
 492 00b4 6C6F6E67 		.ascii	"long unsigned int\000"
 492      20756E73 
 492      69676E65 
 492      6420696E 
 492      7400
 493              	.LASF7:
 494 00c6 6C6F6E67 		.ascii	"long long unsigned int\000"
 494      206C6F6E 
 494      6720756E 
 494      7369676E 
 494      65642069 
 495              	.LASF16:
 496 00dd 6F757470 		.ascii	"output\000"
 496      757400
 497              	.LASF1:
 498 00e4 756E7369 		.ascii	"unsigned char\000"
 498      676E6564 
 498      20636861 
 498      7200
 499              	.LASF14:
 500 00f2 63686172 		.ascii	"char\000"
 500      00
 501              	.LASF4:
 502 00f7 6C6F6E67 		.ascii	"long int\000"
 502      20696E74 
 502      00
 503              	.LASF20:
 504 0100 2E5C6D61 		.ascii	".\\main.c\000"
 504      696E2E63 
 504      00
 505              	.LASF13:
 506 0109 646F7562 		.ascii	"double\000"
 506      6C6500
 507              	.LASF6:
 508 0110 6C6F6E67 		.ascii	"long long int\000"
 508      206C6F6E 
 508      6720696E 
 508      7400
 509              	.LASF17:
 510 011e 7261775F 		.ascii	"raw_reading\000"
 510      72656164 
 510      696E6700 
 511              	.LASF23:
 512 012a 49544D5F 		.ascii	"ITM_RxBuffer\000"
 512      52784275 
 512      66666572 
 512      00
 513              	.LASF0:
 514 0137 7369676E 		.ascii	"signed char\000"
 514      65642063 
 514      68617200 
 515              	.LASF12:
 516 0143 666C6F61 		.ascii	"float\000"
 516      7400
 517              	.LASF2:
 518 0149 73686F72 		.ascii	"short int\000"
ARM GAS  C:\Users\Ryan\AppData\Local\Temp\ccaCrRhn.s 			page 12


 518      7420696E 
 518      7400
 519              	.LASF9:
 520 0153 696E7433 		.ascii	"int32_t\000"
 520      325F7400 
 521              	.LASF18:
 522 015b 62756666 		.ascii	"buffer\000"
 522      657200
 523              	.LASF15:
 524 0162 73697A65 		.ascii	"sizetype\000"
 524      74797065 
 524      00
 525              	.LASF11:
 526 016b 696E7433 		.ascii	"int32\000"
 526      3200
 527              		.ident	"GCC: (GNU Tools for ARM Embedded Processors) 4.7.3 20130312 (release) [ARM/embedded-4_7-br
