ARM GAS  C:\Users\Ryan\AppData\Local\Temp\cc0ad1k9.s 			page 1


   1              		.syntax unified
   2              		.cpu cortex-m3
   3              		.fpu softvfp
   4              		.eabi_attribute 20, 1
   5              		.eabi_attribute 21, 1
   6              		.eabi_attribute 23, 3
   7              		.eabi_attribute 24, 1
   8              		.eabi_attribute 25, 1
   9              		.eabi_attribute 26, 1
  10              		.eabi_attribute 30, 6
  11              		.eabi_attribute 34, 1
  12              		.eabi_attribute 18, 4
  13              		.thumb
  14              		.file	"AMux_1.c"
  15              		.text
  16              	.Ltext0:
  17              		.cfi_sections	.debug_frame
  18              		.data
  19              		.type	AMux_1_lastChannel, %object
  20              		.size	AMux_1_lastChannel, 1
  21              	AMux_1_lastChannel:
  22 0000 FF       		.byte	-1
  23              		.section	.text.AMux_1_Start,"ax",%progbits
  24              		.align	2
  25              		.global	AMux_1_Start
  26              		.thumb
  27              		.thumb_func
  28              		.type	AMux_1_Start, %function
  29              	AMux_1_Start:
  30              	.LFB0:
  31              		.file 1 ".\\Generated_Source\\PSoC5\\AMux_1.c"
   1:.\Generated_Source\PSoC5/AMux_1.c **** /*******************************************************************************
   2:.\Generated_Source\PSoC5/AMux_1.c **** * File Name: AMux_1.c
   3:.\Generated_Source\PSoC5/AMux_1.c **** * Version 1.80
   4:.\Generated_Source\PSoC5/AMux_1.c **** *
   5:.\Generated_Source\PSoC5/AMux_1.c **** *  Description:
   6:.\Generated_Source\PSoC5/AMux_1.c **** *    This file contains all functions required for the analog multiplexer
   7:.\Generated_Source\PSoC5/AMux_1.c **** *    AMux User Module.
   8:.\Generated_Source\PSoC5/AMux_1.c **** *
   9:.\Generated_Source\PSoC5/AMux_1.c **** *   Note:
  10:.\Generated_Source\PSoC5/AMux_1.c **** *
  11:.\Generated_Source\PSoC5/AMux_1.c **** *******************************************************************************
  12:.\Generated_Source\PSoC5/AMux_1.c **** * Copyright 2008-2010, Cypress Semiconductor Corporation.  All rights reserved.
  13:.\Generated_Source\PSoC5/AMux_1.c **** * You may use this file only in accordance with the license, terms, conditions, 
  14:.\Generated_Source\PSoC5/AMux_1.c **** * disclaimers, and limitations in the end user license agreement accompanying 
  15:.\Generated_Source\PSoC5/AMux_1.c **** * the software package with which this file was provided.
  16:.\Generated_Source\PSoC5/AMux_1.c **** ********************************************************************************/
  17:.\Generated_Source\PSoC5/AMux_1.c **** 
  18:.\Generated_Source\PSoC5/AMux_1.c **** #include "AMux_1.h"
  19:.\Generated_Source\PSoC5/AMux_1.c **** 
  20:.\Generated_Source\PSoC5/AMux_1.c **** static uint8 AMux_1_lastChannel = AMux_1_NULL_CHANNEL;
  21:.\Generated_Source\PSoC5/AMux_1.c **** 
  22:.\Generated_Source\PSoC5/AMux_1.c **** 
  23:.\Generated_Source\PSoC5/AMux_1.c **** /*******************************************************************************
  24:.\Generated_Source\PSoC5/AMux_1.c **** * Function Name: AMux_1_Start
  25:.\Generated_Source\PSoC5/AMux_1.c **** ********************************************************************************
  26:.\Generated_Source\PSoC5/AMux_1.c **** * Summary:
ARM GAS  C:\Users\Ryan\AppData\Local\Temp\cc0ad1k9.s 			page 2


  27:.\Generated_Source\PSoC5/AMux_1.c **** *  Disconnect all channels.
  28:.\Generated_Source\PSoC5/AMux_1.c **** *
  29:.\Generated_Source\PSoC5/AMux_1.c **** * Parameters:
  30:.\Generated_Source\PSoC5/AMux_1.c **** *  void
  31:.\Generated_Source\PSoC5/AMux_1.c **** *
  32:.\Generated_Source\PSoC5/AMux_1.c **** * Return:
  33:.\Generated_Source\PSoC5/AMux_1.c **** *  void
  34:.\Generated_Source\PSoC5/AMux_1.c **** *
  35:.\Generated_Source\PSoC5/AMux_1.c **** *******************************************************************************/
  36:.\Generated_Source\PSoC5/AMux_1.c **** void AMux_1_Start(void) 
  37:.\Generated_Source\PSoC5/AMux_1.c **** {
  32              		.loc 1 37 0
  33              		.cfi_startproc
  34              		@ args = 0, pretend = 0, frame = 8
  35              		@ frame_needed = 1, uses_anonymous_args = 0
  36 0000 80B5     		push	{r7, lr}
  37              	.LCFI0:
  38              		.cfi_def_cfa_offset 8
  39              		.cfi_offset 7, -8
  40              		.cfi_offset 14, -4
  41 0002 82B0     		sub	sp, sp, #8
  42              	.LCFI1:
  43              		.cfi_def_cfa_offset 16
  44 0004 00AF     		add	r7, sp, #0
  45              	.LCFI2:
  46              		.cfi_def_cfa_register 7
  38:.\Generated_Source\PSoC5/AMux_1.c ****     uint8 chan;
  39:.\Generated_Source\PSoC5/AMux_1.c **** 
  40:.\Generated_Source\PSoC5/AMux_1.c ****     for(chan = 0u; chan < AMux_1_CHANNELS ; chan++)
  47              		.loc 1 40 0
  48 0006 4FF00003 		mov	r3, #0
  49 000a FB71     		strb	r3, [r7, #7]
  50 000c 0BE0     		b	.L2
  51              	.L3:
  41:.\Generated_Source\PSoC5/AMux_1.c ****     {
  42:.\Generated_Source\PSoC5/AMux_1.c **** #if (AMux_1_MUXTYPE == AMux_1_MUX_SINGLE)
  43:.\Generated_Source\PSoC5/AMux_1.c ****         AMux_1_Unset(chan);
  44:.\Generated_Source\PSoC5/AMux_1.c **** #else
  45:.\Generated_Source\PSoC5/AMux_1.c ****         AMux_1_CYAMUXSIDE_A_Unset(chan);
  52              		.loc 1 45 0 discriminator 2
  53 000e FB79     		ldrb	r3, [r7, #7]	@ zero_extendqisi2
  54 0010 1846     		mov	r0, r3
  55 0012 FFF7FEFF 		bl	AMux_1_CYAMUXSIDE_A_Unset
  46:.\Generated_Source\PSoC5/AMux_1.c ****         AMux_1_CYAMUXSIDE_B_Unset(chan);
  56              		.loc 1 46 0 discriminator 2
  57 0016 FB79     		ldrb	r3, [r7, #7]	@ zero_extendqisi2
  58 0018 1846     		mov	r0, r3
  59 001a FFF7FEFF 		bl	AMux_1_CYAMUXSIDE_B_Unset
  40:.\Generated_Source\PSoC5/AMux_1.c ****     for(chan = 0u; chan < AMux_1_CHANNELS ; chan++)
  60              		.loc 1 40 0 discriminator 2
  61 001e FB79     		ldrb	r3, [r7, #7]
  62 0020 03F10103 		add	r3, r3, #1
  63 0024 FB71     		strb	r3, [r7, #7]
  64              	.L2:
  40:.\Generated_Source\PSoC5/AMux_1.c ****     for(chan = 0u; chan < AMux_1_CHANNELS ; chan++)
  65              		.loc 1 40 0 is_stmt 0 discriminator 1
  66 0026 FB79     		ldrb	r3, [r7, #7]	@ zero_extendqisi2
ARM GAS  C:\Users\Ryan\AppData\Local\Temp\cc0ad1k9.s 			page 3


  67 0028 012B     		cmp	r3, #1
  68 002a F0D9     		bls	.L3
  47:.\Generated_Source\PSoC5/AMux_1.c **** #endif
  48:.\Generated_Source\PSoC5/AMux_1.c ****     }
  49:.\Generated_Source\PSoC5/AMux_1.c **** 
  50:.\Generated_Source\PSoC5/AMux_1.c ****     AMux_1_lastChannel = AMux_1_NULL_CHANNEL;
  69              		.loc 1 50 0 is_stmt 1
  70 002c 40F20003 		movw	r3, #:lower16:AMux_1_lastChannel
  71 0030 C0F20003 		movt	r3, #:upper16:AMux_1_lastChannel
  72 0034 4FF0FF02 		mov	r2, #255
  73 0038 1A70     		strb	r2, [r3, #0]
  51:.\Generated_Source\PSoC5/AMux_1.c **** }
  74              		.loc 1 51 0
  75 003a 07F10807 		add	r7, r7, #8
  76 003e BD46     		mov	sp, r7
  77 0040 80BD     		pop	{r7, pc}
  78              		.cfi_endproc
  79              	.LFE0:
  80              		.size	AMux_1_Start, .-AMux_1_Start
  81 0042 00BF     		.section	.text.AMux_1_FastSelect,"ax",%progbits
  82              		.align	2
  83              		.global	AMux_1_FastSelect
  84              		.thumb
  85              		.thumb_func
  86              		.type	AMux_1_FastSelect, %function
  87              	AMux_1_FastSelect:
  88              	.LFB1:
  52:.\Generated_Source\PSoC5/AMux_1.c **** 
  53:.\Generated_Source\PSoC5/AMux_1.c **** 
  54:.\Generated_Source\PSoC5/AMux_1.c **** #if (!AMux_1_ATMOSTONE)
  55:.\Generated_Source\PSoC5/AMux_1.c **** /*******************************************************************************
  56:.\Generated_Source\PSoC5/AMux_1.c **** * Function Name: AMux_1_Select
  57:.\Generated_Source\PSoC5/AMux_1.c **** ********************************************************************************
  58:.\Generated_Source\PSoC5/AMux_1.c **** * Summary:
  59:.\Generated_Source\PSoC5/AMux_1.c **** *  This functions first disconnects all channels then connects the given
  60:.\Generated_Source\PSoC5/AMux_1.c **** *  channel.
  61:.\Generated_Source\PSoC5/AMux_1.c **** *
  62:.\Generated_Source\PSoC5/AMux_1.c **** * Parameters:
  63:.\Generated_Source\PSoC5/AMux_1.c **** *  channel:  The channel to connect to the common terminal.
  64:.\Generated_Source\PSoC5/AMux_1.c **** *
  65:.\Generated_Source\PSoC5/AMux_1.c **** * Return:
  66:.\Generated_Source\PSoC5/AMux_1.c **** *  void
  67:.\Generated_Source\PSoC5/AMux_1.c **** *
  68:.\Generated_Source\PSoC5/AMux_1.c **** *******************************************************************************/
  69:.\Generated_Source\PSoC5/AMux_1.c **** void AMux_1_Select(uint8 channel) 
  70:.\Generated_Source\PSoC5/AMux_1.c **** {
  71:.\Generated_Source\PSoC5/AMux_1.c ****     AMux_1_DisconnectAll();        /* Disconnect all previous connections */
  72:.\Generated_Source\PSoC5/AMux_1.c ****     AMux_1_Connect(channel);       /* Make the given selection */
  73:.\Generated_Source\PSoC5/AMux_1.c ****     AMux_1_lastChannel = channel;  /* Update last channel */
  74:.\Generated_Source\PSoC5/AMux_1.c **** }
  75:.\Generated_Source\PSoC5/AMux_1.c **** #endif
  76:.\Generated_Source\PSoC5/AMux_1.c **** 
  77:.\Generated_Source\PSoC5/AMux_1.c **** 
  78:.\Generated_Source\PSoC5/AMux_1.c **** /*******************************************************************************
  79:.\Generated_Source\PSoC5/AMux_1.c **** * Function Name: AMux_1_FastSelect
  80:.\Generated_Source\PSoC5/AMux_1.c **** ********************************************************************************
  81:.\Generated_Source\PSoC5/AMux_1.c **** * Summary:
ARM GAS  C:\Users\Ryan\AppData\Local\Temp\cc0ad1k9.s 			page 4


  82:.\Generated_Source\PSoC5/AMux_1.c **** *  This function first disconnects the last connection made with FastSelect or
  83:.\Generated_Source\PSoC5/AMux_1.c **** *  Select, then connects the given channel. The FastSelect function is similar
  84:.\Generated_Source\PSoC5/AMux_1.c **** *  to the Select function, except it is faster since it only disconnects the
  85:.\Generated_Source\PSoC5/AMux_1.c **** *  last channel selected rather than all channels.
  86:.\Generated_Source\PSoC5/AMux_1.c **** *
  87:.\Generated_Source\PSoC5/AMux_1.c **** * Parameters:
  88:.\Generated_Source\PSoC5/AMux_1.c **** *  channel:  The channel to connect to the common terminal.
  89:.\Generated_Source\PSoC5/AMux_1.c **** *
  90:.\Generated_Source\PSoC5/AMux_1.c **** * Return:
  91:.\Generated_Source\PSoC5/AMux_1.c **** *  void
  92:.\Generated_Source\PSoC5/AMux_1.c **** *
  93:.\Generated_Source\PSoC5/AMux_1.c **** *******************************************************************************/
  94:.\Generated_Source\PSoC5/AMux_1.c **** void AMux_1_FastSelect(uint8 channel) 
  95:.\Generated_Source\PSoC5/AMux_1.c **** {
  89              		.loc 1 95 0
  90              		.cfi_startproc
  91              		@ args = 0, pretend = 0, frame = 8
  92              		@ frame_needed = 1, uses_anonymous_args = 0
  93 0000 80B5     		push	{r7, lr}
  94              	.LCFI3:
  95              		.cfi_def_cfa_offset 8
  96              		.cfi_offset 7, -8
  97              		.cfi_offset 14, -4
  98 0002 82B0     		sub	sp, sp, #8
  99              	.LCFI4:
 100              		.cfi_def_cfa_offset 16
 101 0004 00AF     		add	r7, sp, #0
 102              	.LCFI5:
 103              		.cfi_def_cfa_register 7
 104 0006 0346     		mov	r3, r0
 105 0008 FB71     		strb	r3, [r7, #7]
  96:.\Generated_Source\PSoC5/AMux_1.c ****     /* Disconnect the last valid channel */
  97:.\Generated_Source\PSoC5/AMux_1.c ****     if( AMux_1_lastChannel != AMux_1_NULL_CHANNEL)
 106              		.loc 1 97 0
 107 000a 40F20003 		movw	r3, #:lower16:AMux_1_lastChannel
 108 000e C0F20003 		movt	r3, #:upper16:AMux_1_lastChannel
 109 0012 1B78     		ldrb	r3, [r3, #0]	@ zero_extendqisi2
 110 0014 FF2B     		cmp	r3, #255
 111 0016 07D0     		beq	.L5
  98:.\Generated_Source\PSoC5/AMux_1.c ****     {
  99:.\Generated_Source\PSoC5/AMux_1.c ****         AMux_1_Disconnect(AMux_1_lastChannel);
 112              		.loc 1 99 0
 113 0018 40F20003 		movw	r3, #:lower16:AMux_1_lastChannel
 114 001c C0F20003 		movt	r3, #:upper16:AMux_1_lastChannel
 115 0020 1B78     		ldrb	r3, [r3, #0]	@ zero_extendqisi2
 116 0022 1846     		mov	r0, r3
 117 0024 FFF7FEFF 		bl	AMux_1_Disconnect
 118              	.L5:
 100:.\Generated_Source\PSoC5/AMux_1.c ****     }
 101:.\Generated_Source\PSoC5/AMux_1.c **** 
 102:.\Generated_Source\PSoC5/AMux_1.c ****     /* Make the new channel connection */
 103:.\Generated_Source\PSoC5/AMux_1.c **** #if (AMux_1_MUXTYPE == AMux_1_MUX_SINGLE)
 104:.\Generated_Source\PSoC5/AMux_1.c ****     AMux_1_Set(channel);
 105:.\Generated_Source\PSoC5/AMux_1.c **** #else
 106:.\Generated_Source\PSoC5/AMux_1.c ****     AMux_1_CYAMUXSIDE_A_Set(channel);
 119              		.loc 1 106 0
 120 0028 FB79     		ldrb	r3, [r7, #7]	@ zero_extendqisi2
ARM GAS  C:\Users\Ryan\AppData\Local\Temp\cc0ad1k9.s 			page 5


 121 002a 1846     		mov	r0, r3
 122 002c FFF7FEFF 		bl	AMux_1_CYAMUXSIDE_A_Set
 107:.\Generated_Source\PSoC5/AMux_1.c ****     AMux_1_CYAMUXSIDE_B_Set(channel);
 123              		.loc 1 107 0
 124 0030 FB79     		ldrb	r3, [r7, #7]	@ zero_extendqisi2
 125 0032 1846     		mov	r0, r3
 126 0034 FFF7FEFF 		bl	AMux_1_CYAMUXSIDE_B_Set
 108:.\Generated_Source\PSoC5/AMux_1.c **** #endif
 109:.\Generated_Source\PSoC5/AMux_1.c **** 
 110:.\Generated_Source\PSoC5/AMux_1.c **** 
 111:.\Generated_Source\PSoC5/AMux_1.c ****     AMux_1_lastChannel = channel;   /* Update last channel */
 127              		.loc 1 111 0
 128 0038 40F20003 		movw	r3, #:lower16:AMux_1_lastChannel
 129 003c C0F20003 		movt	r3, #:upper16:AMux_1_lastChannel
 130 0040 FA79     		ldrb	r2, [r7, #7]
 131 0042 1A70     		strb	r2, [r3, #0]
 112:.\Generated_Source\PSoC5/AMux_1.c **** }
 132              		.loc 1 112 0
 133 0044 07F10807 		add	r7, r7, #8
 134 0048 BD46     		mov	sp, r7
 135 004a 80BD     		pop	{r7, pc}
 136              		.cfi_endproc
 137              	.LFE1:
 138              		.size	AMux_1_FastSelect, .-AMux_1_FastSelect
 139              		.section	.text.AMux_1_Disconnect,"ax",%progbits
 140              		.align	2
 141              		.global	AMux_1_Disconnect
 142              		.thumb
 143              		.thumb_func
 144              		.type	AMux_1_Disconnect, %function
 145              	AMux_1_Disconnect:
 146              	.LFB2:
 113:.\Generated_Source\PSoC5/AMux_1.c **** 
 114:.\Generated_Source\PSoC5/AMux_1.c **** 
 115:.\Generated_Source\PSoC5/AMux_1.c **** #if (AMux_1_MUXTYPE == AMux_1_MUX_DIFF)
 116:.\Generated_Source\PSoC5/AMux_1.c **** #if (!AMux_1_ATMOSTONE)
 117:.\Generated_Source\PSoC5/AMux_1.c **** /*******************************************************************************
 118:.\Generated_Source\PSoC5/AMux_1.c **** * Function Name: AMux_1_Connect
 119:.\Generated_Source\PSoC5/AMux_1.c **** ********************************************************************************
 120:.\Generated_Source\PSoC5/AMux_1.c **** * Summary:
 121:.\Generated_Source\PSoC5/AMux_1.c **** *  This function connects the given channel without affecting other connections.
 122:.\Generated_Source\PSoC5/AMux_1.c **** *
 123:.\Generated_Source\PSoC5/AMux_1.c **** * Parameters:
 124:.\Generated_Source\PSoC5/AMux_1.c **** *  channel:  The channel to connect to the common terminal.
 125:.\Generated_Source\PSoC5/AMux_1.c **** *
 126:.\Generated_Source\PSoC5/AMux_1.c **** * Return:
 127:.\Generated_Source\PSoC5/AMux_1.c **** *  void
 128:.\Generated_Source\PSoC5/AMux_1.c **** *
 129:.\Generated_Source\PSoC5/AMux_1.c **** *******************************************************************************/
 130:.\Generated_Source\PSoC5/AMux_1.c **** void AMux_1_Connect(uint8 channel) 
 131:.\Generated_Source\PSoC5/AMux_1.c **** {
 132:.\Generated_Source\PSoC5/AMux_1.c ****     AMux_1_CYAMUXSIDE_A_Set(channel);
 133:.\Generated_Source\PSoC5/AMux_1.c ****     AMux_1_CYAMUXSIDE_B_Set(channel);
 134:.\Generated_Source\PSoC5/AMux_1.c **** }
 135:.\Generated_Source\PSoC5/AMux_1.c **** #endif
 136:.\Generated_Source\PSoC5/AMux_1.c **** 
 137:.\Generated_Source\PSoC5/AMux_1.c **** /*******************************************************************************
ARM GAS  C:\Users\Ryan\AppData\Local\Temp\cc0ad1k9.s 			page 6


 138:.\Generated_Source\PSoC5/AMux_1.c **** * Function Name: AMux_1_Disconnect
 139:.\Generated_Source\PSoC5/AMux_1.c **** ********************************************************************************
 140:.\Generated_Source\PSoC5/AMux_1.c **** * Summary:
 141:.\Generated_Source\PSoC5/AMux_1.c **** *  This function disconnects the given channel from the common or output
 142:.\Generated_Source\PSoC5/AMux_1.c **** *  terminal without affecting other connections.
 143:.\Generated_Source\PSoC5/AMux_1.c **** *
 144:.\Generated_Source\PSoC5/AMux_1.c **** * Parameters:
 145:.\Generated_Source\PSoC5/AMux_1.c **** *  channel:  The channel to disconnect from the common terminal.
 146:.\Generated_Source\PSoC5/AMux_1.c **** *
 147:.\Generated_Source\PSoC5/AMux_1.c **** * Return:
 148:.\Generated_Source\PSoC5/AMux_1.c **** *  void
 149:.\Generated_Source\PSoC5/AMux_1.c **** *
 150:.\Generated_Source\PSoC5/AMux_1.c **** *******************************************************************************/
 151:.\Generated_Source\PSoC5/AMux_1.c **** void AMux_1_Disconnect(uint8 channel) 
 152:.\Generated_Source\PSoC5/AMux_1.c **** {
 147              		.loc 1 152 0
 148              		.cfi_startproc
 149              		@ args = 0, pretend = 0, frame = 8
 150              		@ frame_needed = 1, uses_anonymous_args = 0
 151 0000 80B5     		push	{r7, lr}
 152              	.LCFI6:
 153              		.cfi_def_cfa_offset 8
 154              		.cfi_offset 7, -8
 155              		.cfi_offset 14, -4
 156 0002 82B0     		sub	sp, sp, #8
 157              	.LCFI7:
 158              		.cfi_def_cfa_offset 16
 159 0004 00AF     		add	r7, sp, #0
 160              	.LCFI8:
 161              		.cfi_def_cfa_register 7
 162 0006 0346     		mov	r3, r0
 163 0008 FB71     		strb	r3, [r7, #7]
 153:.\Generated_Source\PSoC5/AMux_1.c ****     AMux_1_CYAMUXSIDE_A_Unset(channel);
 164              		.loc 1 153 0
 165 000a FB79     		ldrb	r3, [r7, #7]	@ zero_extendqisi2
 166 000c 1846     		mov	r0, r3
 167 000e FFF7FEFF 		bl	AMux_1_CYAMUXSIDE_A_Unset
 154:.\Generated_Source\PSoC5/AMux_1.c ****     AMux_1_CYAMUXSIDE_B_Unset(channel);
 168              		.loc 1 154 0
 169 0012 FB79     		ldrb	r3, [r7, #7]	@ zero_extendqisi2
 170 0014 1846     		mov	r0, r3
 171 0016 FFF7FEFF 		bl	AMux_1_CYAMUXSIDE_B_Unset
 155:.\Generated_Source\PSoC5/AMux_1.c **** }
 172              		.loc 1 155 0
 173 001a 07F10807 		add	r7, r7, #8
 174 001e BD46     		mov	sp, r7
 175 0020 80BD     		pop	{r7, pc}
 176              		.cfi_endproc
 177              	.LFE2:
 178              		.size	AMux_1_Disconnect, .-AMux_1_Disconnect
 179 0022 00BF     		.section	.text.AMux_1_DisconnectAll,"ax",%progbits
 180              		.align	2
 181              		.global	AMux_1_DisconnectAll
 182              		.thumb
 183              		.thumb_func
 184              		.type	AMux_1_DisconnectAll, %function
 185              	AMux_1_DisconnectAll:
ARM GAS  C:\Users\Ryan\AppData\Local\Temp\cc0ad1k9.s 			page 7


 186              	.LFB3:
 156:.\Generated_Source\PSoC5/AMux_1.c **** #endif
 157:.\Generated_Source\PSoC5/AMux_1.c **** 
 158:.\Generated_Source\PSoC5/AMux_1.c **** #if (AMux_1_ATMOSTONE)
 159:.\Generated_Source\PSoC5/AMux_1.c **** /*******************************************************************************
 160:.\Generated_Source\PSoC5/AMux_1.c **** * Function Name: AMux_1_DisconnectAll
 161:.\Generated_Source\PSoC5/AMux_1.c **** ********************************************************************************
 162:.\Generated_Source\PSoC5/AMux_1.c **** * Summary:
 163:.\Generated_Source\PSoC5/AMux_1.c **** *  This function disconnects all channels.
 164:.\Generated_Source\PSoC5/AMux_1.c **** *
 165:.\Generated_Source\PSoC5/AMux_1.c **** * Parameters:
 166:.\Generated_Source\PSoC5/AMux_1.c **** *  void
 167:.\Generated_Source\PSoC5/AMux_1.c **** *
 168:.\Generated_Source\PSoC5/AMux_1.c **** * Return:
 169:.\Generated_Source\PSoC5/AMux_1.c **** *  void
 170:.\Generated_Source\PSoC5/AMux_1.c **** *
 171:.\Generated_Source\PSoC5/AMux_1.c **** *******************************************************************************/
 172:.\Generated_Source\PSoC5/AMux_1.c **** void AMux_1_DisconnectAll(void) 
 173:.\Generated_Source\PSoC5/AMux_1.c **** {
 187              		.loc 1 173 0
 188              		.cfi_startproc
 189              		@ args = 0, pretend = 0, frame = 0
 190              		@ frame_needed = 1, uses_anonymous_args = 0
 191 0000 80B5     		push	{r7, lr}
 192              	.LCFI9:
 193              		.cfi_def_cfa_offset 8
 194              		.cfi_offset 7, -8
 195              		.cfi_offset 14, -4
 196 0002 00AF     		add	r7, sp, #0
 197              	.LCFI10:
 198              		.cfi_def_cfa_register 7
 174:.\Generated_Source\PSoC5/AMux_1.c ****     if(AMux_1_lastChannel != AMux_1_NULL_CHANNEL) 
 199              		.loc 1 174 0
 200 0004 40F20003 		movw	r3, #:lower16:AMux_1_lastChannel
 201 0008 C0F20003 		movt	r3, #:upper16:AMux_1_lastChannel
 202 000c 1B78     		ldrb	r3, [r3, #0]	@ zero_extendqisi2
 203 000e FF2B     		cmp	r3, #255
 204 0010 0ED0     		beq	.L7
 175:.\Generated_Source\PSoC5/AMux_1.c ****     {
 176:.\Generated_Source\PSoC5/AMux_1.c ****         AMux_1_Disconnect(AMux_1_lastChannel);
 205              		.loc 1 176 0
 206 0012 40F20003 		movw	r3, #:lower16:AMux_1_lastChannel
 207 0016 C0F20003 		movt	r3, #:upper16:AMux_1_lastChannel
 208 001a 1B78     		ldrb	r3, [r3, #0]	@ zero_extendqisi2
 209 001c 1846     		mov	r0, r3
 210 001e FFF7FEFF 		bl	AMux_1_Disconnect
 177:.\Generated_Source\PSoC5/AMux_1.c ****         AMux_1_lastChannel = AMux_1_NULL_CHANNEL;
 211              		.loc 1 177 0
 212 0022 40F20003 		movw	r3, #:lower16:AMux_1_lastChannel
 213 0026 C0F20003 		movt	r3, #:upper16:AMux_1_lastChannel
 214 002a 4FF0FF02 		mov	r2, #255
 215 002e 1A70     		strb	r2, [r3, #0]
 216              	.L7:
 178:.\Generated_Source\PSoC5/AMux_1.c ****     }
 179:.\Generated_Source\PSoC5/AMux_1.c **** }
 217              		.loc 1 179 0
 218 0030 80BD     		pop	{r7, pc}
ARM GAS  C:\Users\Ryan\AppData\Local\Temp\cc0ad1k9.s 			page 8


 219              		.cfi_endproc
 220              	.LFE3:
 221              		.size	AMux_1_DisconnectAll, .-AMux_1_DisconnectAll
 222 0032 00BF     		.text
 223              	.Letext0:
 224              		.file 2 ".\\Generated_Source\\PSoC5\\cytypes.h"
 225              		.section	.debug_info,"",%progbits
 226              	.Ldebug_info0:
 227 0000 2E010000 		.4byte	0x12e
 228 0004 0200     		.2byte	0x2
 229 0006 00000000 		.4byte	.Ldebug_abbrev0
 230 000a 04       		.byte	0x4
 231 000b 01       		.uleb128 0x1
 232 000c 3D010000 		.4byte	.LASF18
 233 0010 01       		.byte	0x1
 234 0011 4F000000 		.4byte	.LASF19
 235 0015 08000000 		.4byte	.LASF20
 236 0019 00000000 		.4byte	.Ldebug_ranges0+0
 237 001d 00000000 		.4byte	0
 238 0021 00000000 		.4byte	0
 239 0025 00000000 		.4byte	.Ldebug_line0
 240 0029 02       		.uleb128 0x2
 241 002a 01       		.byte	0x1
 242 002b 06       		.byte	0x6
 243 002c 8F010000 		.4byte	.LASF0
 244 0030 02       		.uleb128 0x2
 245 0031 01       		.byte	0x1
 246 0032 08       		.byte	0x8
 247 0033 71000000 		.4byte	.LASF1
 248 0037 02       		.uleb128 0x2
 249 0038 02       		.byte	0x2
 250 0039 05       		.byte	0x5
 251 003a 2D010000 		.4byte	.LASF2
 252 003e 02       		.uleb128 0x2
 253 003f 02       		.byte	0x2
 254 0040 07       		.byte	0x7
 255 0041 A3000000 		.4byte	.LASF3
 256 0045 02       		.uleb128 0x2
 257 0046 04       		.byte	0x4
 258 0047 05       		.byte	0x5
 259 0048 86010000 		.4byte	.LASF4
 260 004c 02       		.uleb128 0x2
 261 004d 04       		.byte	0x4
 262 004e 07       		.byte	0x7
 263 004f 91000000 		.4byte	.LASF5
 264 0053 02       		.uleb128 0x2
 265 0054 08       		.byte	0x8
 266 0055 05       		.byte	0x5
 267 0056 1A010000 		.4byte	.LASF6
 268 005a 02       		.uleb128 0x2
 269 005b 08       		.byte	0x8
 270 005c 07       		.byte	0x7
 271 005d EC000000 		.4byte	.LASF7
 272 0061 03       		.uleb128 0x3
 273 0062 04       		.byte	0x4
 274 0063 05       		.byte	0x5
 275 0064 696E7400 		.ascii	"int\000"
ARM GAS  C:\Users\Ryan\AppData\Local\Temp\cc0ad1k9.s 			page 9


 276 0068 02       		.uleb128 0x2
 277 0069 04       		.byte	0x4
 278 006a 07       		.byte	0x7
 279 006b DF000000 		.4byte	.LASF8
 280 006f 04       		.uleb128 0x4
 281 0070 37010000 		.4byte	.LASF21
 282 0074 02       		.byte	0x2
 283 0075 5B       		.byte	0x5b
 284 0076 30000000 		.4byte	0x30
 285 007a 02       		.uleb128 0x2
 286 007b 04       		.byte	0x4
 287 007c 04       		.byte	0x4
 288 007d 49000000 		.4byte	.LASF9
 289 0081 02       		.uleb128 0x2
 290 0082 08       		.byte	0x8
 291 0083 04       		.byte	0x4
 292 0084 B6000000 		.4byte	.LASF10
 293 0088 02       		.uleb128 0x2
 294 0089 01       		.byte	0x1
 295 008a 08       		.byte	0x8
 296 008b 28010000 		.4byte	.LASF11
 297 008f 05       		.uleb128 0x5
 298 0090 01       		.byte	0x1
 299 0091 BD000000 		.4byte	.LASF12
 300 0095 01       		.byte	0x1
 301 0096 24       		.byte	0x24
 302 0097 01       		.byte	0x1
 303 0098 00000000 		.4byte	.LFB0
 304 009c 42000000 		.4byte	.LFE0
 305 00a0 00000000 		.4byte	.LLST0
 306 00a4 01       		.byte	0x1
 307 00a5 B8000000 		.4byte	0xb8
 308 00a9 06       		.uleb128 0x6
 309 00aa 15010000 		.4byte	.LASF16
 310 00ae 01       		.byte	0x1
 311 00af 26       		.byte	0x26
 312 00b0 6F000000 		.4byte	0x6f
 313 00b4 02       		.byte	0x2
 314 00b5 91       		.byte	0x91
 315 00b6 77       		.sleb128 -9
 316 00b7 00       		.byte	0
 317 00b8 05       		.uleb128 0x5
 318 00b9 01       		.byte	0x1
 319 00ba 7F000000 		.4byte	.LASF13
 320 00be 01       		.byte	0x1
 321 00bf 5E       		.byte	0x5e
 322 00c0 01       		.byte	0x1
 323 00c1 00000000 		.4byte	.LFB1
 324 00c5 4C000000 		.4byte	.LFE1
 325 00c9 38000000 		.4byte	.LLST1
 326 00cd 01       		.byte	0x1
 327 00ce E1000000 		.4byte	0xe1
 328 00d2 07       		.uleb128 0x7
 329 00d3 00000000 		.4byte	.LASF15
 330 00d7 01       		.byte	0x1
 331 00d8 5E       		.byte	0x5e
 332 00d9 6F000000 		.4byte	0x6f
ARM GAS  C:\Users\Ryan\AppData\Local\Temp\cc0ad1k9.s 			page 10


 333 00dd 02       		.byte	0x2
 334 00de 91       		.byte	0x91
 335 00df 77       		.sleb128 -9
 336 00e0 00       		.byte	0
 337 00e1 05       		.uleb128 0x5
 338 00e2 01       		.byte	0x1
 339 00e3 03010000 		.4byte	.LASF14
 340 00e7 01       		.byte	0x1
 341 00e8 97       		.byte	0x97
 342 00e9 01       		.byte	0x1
 343 00ea 00000000 		.4byte	.LFB2
 344 00ee 22000000 		.4byte	.LFE2
 345 00f2 70000000 		.4byte	.LLST2
 346 00f6 01       		.byte	0x1
 347 00f7 0A010000 		.4byte	0x10a
 348 00fb 07       		.uleb128 0x7
 349 00fc 00000000 		.4byte	.LASF15
 350 0100 01       		.byte	0x1
 351 0101 97       		.byte	0x97
 352 0102 6F000000 		.4byte	0x6f
 353 0106 02       		.byte	0x2
 354 0107 91       		.byte	0x91
 355 0108 77       		.sleb128 -9
 356 0109 00       		.byte	0
 357 010a 08       		.uleb128 0x8
 358 010b 01       		.byte	0x1
 359 010c CA000000 		.4byte	.LASF22
 360 0110 01       		.byte	0x1
 361 0111 AC       		.byte	0xac
 362 0112 01       		.byte	0x1
 363 0113 00000000 		.4byte	.LFB3
 364 0117 32000000 		.4byte	.LFE3
 365 011b A8000000 		.4byte	.LLST3
 366 011f 01       		.byte	0x1
 367 0120 06       		.uleb128 0x6
 368 0121 9B010000 		.4byte	.LASF17
 369 0125 01       		.byte	0x1
 370 0126 14       		.byte	0x14
 371 0127 6F000000 		.4byte	0x6f
 372 012b 05       		.byte	0x5
 373 012c 03       		.byte	0x3
 374 012d 00000000 		.4byte	AMux_1_lastChannel
 375 0131 00       		.byte	0
 376              		.section	.debug_abbrev,"",%progbits
 377              	.Ldebug_abbrev0:
 378 0000 01       		.uleb128 0x1
 379 0001 11       		.uleb128 0x11
 380 0002 01       		.byte	0x1
 381 0003 25       		.uleb128 0x25
 382 0004 0E       		.uleb128 0xe
 383 0005 13       		.uleb128 0x13
 384 0006 0B       		.uleb128 0xb
 385 0007 03       		.uleb128 0x3
 386 0008 0E       		.uleb128 0xe
 387 0009 1B       		.uleb128 0x1b
 388 000a 0E       		.uleb128 0xe
 389 000b 55       		.uleb128 0x55
ARM GAS  C:\Users\Ryan\AppData\Local\Temp\cc0ad1k9.s 			page 11


 390 000c 06       		.uleb128 0x6
 391 000d 11       		.uleb128 0x11
 392 000e 01       		.uleb128 0x1
 393 000f 52       		.uleb128 0x52
 394 0010 01       		.uleb128 0x1
 395 0011 10       		.uleb128 0x10
 396 0012 06       		.uleb128 0x6
 397 0013 00       		.byte	0
 398 0014 00       		.byte	0
 399 0015 02       		.uleb128 0x2
 400 0016 24       		.uleb128 0x24
 401 0017 00       		.byte	0
 402 0018 0B       		.uleb128 0xb
 403 0019 0B       		.uleb128 0xb
 404 001a 3E       		.uleb128 0x3e
 405 001b 0B       		.uleb128 0xb
 406 001c 03       		.uleb128 0x3
 407 001d 0E       		.uleb128 0xe
 408 001e 00       		.byte	0
 409 001f 00       		.byte	0
 410 0020 03       		.uleb128 0x3
 411 0021 24       		.uleb128 0x24
 412 0022 00       		.byte	0
 413 0023 0B       		.uleb128 0xb
 414 0024 0B       		.uleb128 0xb
 415 0025 3E       		.uleb128 0x3e
 416 0026 0B       		.uleb128 0xb
 417 0027 03       		.uleb128 0x3
 418 0028 08       		.uleb128 0x8
 419 0029 00       		.byte	0
 420 002a 00       		.byte	0
 421 002b 04       		.uleb128 0x4
 422 002c 16       		.uleb128 0x16
 423 002d 00       		.byte	0
 424 002e 03       		.uleb128 0x3
 425 002f 0E       		.uleb128 0xe
 426 0030 3A       		.uleb128 0x3a
 427 0031 0B       		.uleb128 0xb
 428 0032 3B       		.uleb128 0x3b
 429 0033 0B       		.uleb128 0xb
 430 0034 49       		.uleb128 0x49
 431 0035 13       		.uleb128 0x13
 432 0036 00       		.byte	0
 433 0037 00       		.byte	0
 434 0038 05       		.uleb128 0x5
 435 0039 2E       		.uleb128 0x2e
 436 003a 01       		.byte	0x1
 437 003b 3F       		.uleb128 0x3f
 438 003c 0C       		.uleb128 0xc
 439 003d 03       		.uleb128 0x3
 440 003e 0E       		.uleb128 0xe
 441 003f 3A       		.uleb128 0x3a
 442 0040 0B       		.uleb128 0xb
 443 0041 3B       		.uleb128 0x3b
 444 0042 0B       		.uleb128 0xb
 445 0043 27       		.uleb128 0x27
 446 0044 0C       		.uleb128 0xc
ARM GAS  C:\Users\Ryan\AppData\Local\Temp\cc0ad1k9.s 			page 12


 447 0045 11       		.uleb128 0x11
 448 0046 01       		.uleb128 0x1
 449 0047 12       		.uleb128 0x12
 450 0048 01       		.uleb128 0x1
 451 0049 40       		.uleb128 0x40
 452 004a 06       		.uleb128 0x6
 453 004b 9642     		.uleb128 0x2116
 454 004d 0C       		.uleb128 0xc
 455 004e 01       		.uleb128 0x1
 456 004f 13       		.uleb128 0x13
 457 0050 00       		.byte	0
 458 0051 00       		.byte	0
 459 0052 06       		.uleb128 0x6
 460 0053 34       		.uleb128 0x34
 461 0054 00       		.byte	0
 462 0055 03       		.uleb128 0x3
 463 0056 0E       		.uleb128 0xe
 464 0057 3A       		.uleb128 0x3a
 465 0058 0B       		.uleb128 0xb
 466 0059 3B       		.uleb128 0x3b
 467 005a 0B       		.uleb128 0xb
 468 005b 49       		.uleb128 0x49
 469 005c 13       		.uleb128 0x13
 470 005d 02       		.uleb128 0x2
 471 005e 0A       		.uleb128 0xa
 472 005f 00       		.byte	0
 473 0060 00       		.byte	0
 474 0061 07       		.uleb128 0x7
 475 0062 05       		.uleb128 0x5
 476 0063 00       		.byte	0
 477 0064 03       		.uleb128 0x3
 478 0065 0E       		.uleb128 0xe
 479 0066 3A       		.uleb128 0x3a
 480 0067 0B       		.uleb128 0xb
 481 0068 3B       		.uleb128 0x3b
 482 0069 0B       		.uleb128 0xb
 483 006a 49       		.uleb128 0x49
 484 006b 13       		.uleb128 0x13
 485 006c 02       		.uleb128 0x2
 486 006d 0A       		.uleb128 0xa
 487 006e 00       		.byte	0
 488 006f 00       		.byte	0
 489 0070 08       		.uleb128 0x8
 490 0071 2E       		.uleb128 0x2e
 491 0072 00       		.byte	0
 492 0073 3F       		.uleb128 0x3f
 493 0074 0C       		.uleb128 0xc
 494 0075 03       		.uleb128 0x3
 495 0076 0E       		.uleb128 0xe
 496 0077 3A       		.uleb128 0x3a
 497 0078 0B       		.uleb128 0xb
 498 0079 3B       		.uleb128 0x3b
 499 007a 0B       		.uleb128 0xb
 500 007b 27       		.uleb128 0x27
 501 007c 0C       		.uleb128 0xc
 502 007d 11       		.uleb128 0x11
 503 007e 01       		.uleb128 0x1
ARM GAS  C:\Users\Ryan\AppData\Local\Temp\cc0ad1k9.s 			page 13


 504 007f 12       		.uleb128 0x12
 505 0080 01       		.uleb128 0x1
 506 0081 40       		.uleb128 0x40
 507 0082 06       		.uleb128 0x6
 508 0083 9642     		.uleb128 0x2116
 509 0085 0C       		.uleb128 0xc
 510 0086 00       		.byte	0
 511 0087 00       		.byte	0
 512 0088 00       		.byte	0
 513              		.section	.debug_loc,"",%progbits
 514              	.Ldebug_loc0:
 515              	.LLST0:
 516 0000 00000000 		.4byte	.LFB0
 517 0004 02000000 		.4byte	.LCFI0
 518 0008 0200     		.2byte	0x2
 519 000a 7D       		.byte	0x7d
 520 000b 00       		.sleb128 0
 521 000c 02000000 		.4byte	.LCFI0
 522 0010 04000000 		.4byte	.LCFI1
 523 0014 0200     		.2byte	0x2
 524 0016 7D       		.byte	0x7d
 525 0017 08       		.sleb128 8
 526 0018 04000000 		.4byte	.LCFI1
 527 001c 06000000 		.4byte	.LCFI2
 528 0020 0200     		.2byte	0x2
 529 0022 7D       		.byte	0x7d
 530 0023 10       		.sleb128 16
 531 0024 06000000 		.4byte	.LCFI2
 532 0028 42000000 		.4byte	.LFE0
 533 002c 0200     		.2byte	0x2
 534 002e 77       		.byte	0x77
 535 002f 10       		.sleb128 16
 536 0030 00000000 		.4byte	0
 537 0034 00000000 		.4byte	0
 538              	.LLST1:
 539 0038 00000000 		.4byte	.LFB1
 540 003c 02000000 		.4byte	.LCFI3
 541 0040 0200     		.2byte	0x2
 542 0042 7D       		.byte	0x7d
 543 0043 00       		.sleb128 0
 544 0044 02000000 		.4byte	.LCFI3
 545 0048 04000000 		.4byte	.LCFI4
 546 004c 0200     		.2byte	0x2
 547 004e 7D       		.byte	0x7d
 548 004f 08       		.sleb128 8
 549 0050 04000000 		.4byte	.LCFI4
 550 0054 06000000 		.4byte	.LCFI5
 551 0058 0200     		.2byte	0x2
 552 005a 7D       		.byte	0x7d
 553 005b 10       		.sleb128 16
 554 005c 06000000 		.4byte	.LCFI5
 555 0060 4C000000 		.4byte	.LFE1
 556 0064 0200     		.2byte	0x2
 557 0066 77       		.byte	0x77
 558 0067 10       		.sleb128 16
 559 0068 00000000 		.4byte	0
 560 006c 00000000 		.4byte	0
ARM GAS  C:\Users\Ryan\AppData\Local\Temp\cc0ad1k9.s 			page 14


 561              	.LLST2:
 562 0070 00000000 		.4byte	.LFB2
 563 0074 02000000 		.4byte	.LCFI6
 564 0078 0200     		.2byte	0x2
 565 007a 7D       		.byte	0x7d
 566 007b 00       		.sleb128 0
 567 007c 02000000 		.4byte	.LCFI6
 568 0080 04000000 		.4byte	.LCFI7
 569 0084 0200     		.2byte	0x2
 570 0086 7D       		.byte	0x7d
 571 0087 08       		.sleb128 8
 572 0088 04000000 		.4byte	.LCFI7
 573 008c 06000000 		.4byte	.LCFI8
 574 0090 0200     		.2byte	0x2
 575 0092 7D       		.byte	0x7d
 576 0093 10       		.sleb128 16
 577 0094 06000000 		.4byte	.LCFI8
 578 0098 22000000 		.4byte	.LFE2
 579 009c 0200     		.2byte	0x2
 580 009e 77       		.byte	0x77
 581 009f 10       		.sleb128 16
 582 00a0 00000000 		.4byte	0
 583 00a4 00000000 		.4byte	0
 584              	.LLST3:
 585 00a8 00000000 		.4byte	.LFB3
 586 00ac 02000000 		.4byte	.LCFI9
 587 00b0 0200     		.2byte	0x2
 588 00b2 7D       		.byte	0x7d
 589 00b3 00       		.sleb128 0
 590 00b4 02000000 		.4byte	.LCFI9
 591 00b8 04000000 		.4byte	.LCFI10
 592 00bc 0200     		.2byte	0x2
 593 00be 7D       		.byte	0x7d
 594 00bf 08       		.sleb128 8
 595 00c0 04000000 		.4byte	.LCFI10
 596 00c4 32000000 		.4byte	.LFE3
 597 00c8 0200     		.2byte	0x2
 598 00ca 77       		.byte	0x77
 599 00cb 08       		.sleb128 8
 600 00cc 00000000 		.4byte	0
 601 00d0 00000000 		.4byte	0
 602              		.section	.debug_aranges,"",%progbits
 603 0000 34000000 		.4byte	0x34
 604 0004 0200     		.2byte	0x2
 605 0006 00000000 		.4byte	.Ldebug_info0
 606 000a 04       		.byte	0x4
 607 000b 00       		.byte	0
 608 000c 0000     		.2byte	0
 609 000e 0000     		.2byte	0
 610 0010 00000000 		.4byte	.LFB0
 611 0014 42000000 		.4byte	.LFE0-.LFB0
 612 0018 00000000 		.4byte	.LFB1
 613 001c 4C000000 		.4byte	.LFE1-.LFB1
 614 0020 00000000 		.4byte	.LFB2
 615 0024 22000000 		.4byte	.LFE2-.LFB2
 616 0028 00000000 		.4byte	.LFB3
 617 002c 32000000 		.4byte	.LFE3-.LFB3
ARM GAS  C:\Users\Ryan\AppData\Local\Temp\cc0ad1k9.s 			page 15


 618 0030 00000000 		.4byte	0
 619 0034 00000000 		.4byte	0
 620              		.section	.debug_ranges,"",%progbits
 621              	.Ldebug_ranges0:
 622 0000 00000000 		.4byte	.LFB0
 623 0004 42000000 		.4byte	.LFE0
 624 0008 00000000 		.4byte	.LFB1
 625 000c 4C000000 		.4byte	.LFE1
 626 0010 00000000 		.4byte	.LFB2
 627 0014 22000000 		.4byte	.LFE2
 628 0018 00000000 		.4byte	.LFB3
 629 001c 32000000 		.4byte	.LFE3
 630 0020 00000000 		.4byte	0
 631 0024 00000000 		.4byte	0
 632              		.section	.debug_line,"",%progbits
 633              	.Ldebug_line0:
 634 0000 B4000000 		.section	.debug_str,"MS",%progbits,1
 634      02004500 
 634      00000201 
 634      FB0E0D00 
 634      01010101 
 635              	.LASF15:
 636 0000 6368616E 		.ascii	"channel\000"
 636      6E656C00 
 637              	.LASF20:
 638 0008 433A5C55 		.ascii	"C:\\Users\\Ryan\\Documents\\summer2014\\WindSensor\\"
 638      73657273 
 638      5C527961 
 638      6E5C446F 
 638      63756D65 
 639 0036 54686572 		.ascii	"Thermocouple.cydsn\000"
 639      6D6F636F 
 639      75706C65 
 639      2E637964 
 639      736E00
 640              	.LASF9:
 641 0049 666C6F61 		.ascii	"float\000"
 641      7400
 642              	.LASF19:
 643 004f 2E5C4765 		.ascii	".\\Generated_Source\\PSoC5\\AMux_1.c\000"
 643      6E657261 
 643      7465645F 
 643      536F7572 
 643      63655C50 
 644              	.LASF1:
 645 0071 756E7369 		.ascii	"unsigned char\000"
 645      676E6564 
 645      20636861 
 645      7200
 646              	.LASF13:
 647 007f 414D7578 		.ascii	"AMux_1_FastSelect\000"
 647      5F315F46 
 647      61737453 
 647      656C6563 
 647      7400
 648              	.LASF5:
 649 0091 6C6F6E67 		.ascii	"long unsigned int\000"
ARM GAS  C:\Users\Ryan\AppData\Local\Temp\cc0ad1k9.s 			page 16


 649      20756E73 
 649      69676E65 
 649      6420696E 
 649      7400
 650              	.LASF3:
 651 00a3 73686F72 		.ascii	"short unsigned int\000"
 651      7420756E 
 651      7369676E 
 651      65642069 
 651      6E7400
 652              	.LASF10:
 653 00b6 646F7562 		.ascii	"double\000"
 653      6C6500
 654              	.LASF12:
 655 00bd 414D7578 		.ascii	"AMux_1_Start\000"
 655      5F315F53 
 655      74617274 
 655      00
 656              	.LASF22:
 657 00ca 414D7578 		.ascii	"AMux_1_DisconnectAll\000"
 657      5F315F44 
 657      6973636F 
 657      6E6E6563 
 657      74416C6C 
 658              	.LASF8:
 659 00df 756E7369 		.ascii	"unsigned int\000"
 659      676E6564 
 659      20696E74 
 659      00
 660              	.LASF7:
 661 00ec 6C6F6E67 		.ascii	"long long unsigned int\000"
 661      206C6F6E 
 661      6720756E 
 661      7369676E 
 661      65642069 
 662              	.LASF14:
 663 0103 414D7578 		.ascii	"AMux_1_Disconnect\000"
 663      5F315F44 
 663      6973636F 
 663      6E6E6563 
 663      7400
 664              	.LASF16:
 665 0115 6368616E 		.ascii	"chan\000"
 665      00
 666              	.LASF6:
 667 011a 6C6F6E67 		.ascii	"long long int\000"
 667      206C6F6E 
 667      6720696E 
 667      7400
 668              	.LASF11:
 669 0128 63686172 		.ascii	"char\000"
 669      00
 670              	.LASF2:
 671 012d 73686F72 		.ascii	"short int\000"
 671      7420696E 
 671      7400
 672              	.LASF21:
ARM GAS  C:\Users\Ryan\AppData\Local\Temp\cc0ad1k9.s 			page 17


 673 0137 75696E74 		.ascii	"uint8\000"
 673      3800
 674              	.LASF18:
 675 013d 474E5520 		.ascii	"GNU C 4.7.3 20130312 (release) [ARM/embedded-4_7-br"
 675      4320342E 
 675      372E3320 
 675      32303133 
 675      30333132 
 676 0170 616E6368 		.ascii	"anch revision 196615]\000"
 676      20726576 
 676      6973696F 
 676      6E203139 
 676      36363135 
 677              	.LASF4:
 678 0186 6C6F6E67 		.ascii	"long int\000"
 678      20696E74 
 678      00
 679              	.LASF0:
 680 018f 7369676E 		.ascii	"signed char\000"
 680      65642063 
 680      68617200 
 681              	.LASF17:
 682 019b 414D7578 		.ascii	"AMux_1_lastChannel\000"
 682      5F315F6C 
 682      61737443 
 682      68616E6E 
 682      656C00
 683              		.ident	"GCC: (GNU Tools for ARM Embedded Processors) 4.7.3 20130312 (release) [ARM/embedded-4_7-br
