#***************************************************************************

#sjplacer

#Version:            1.1

#Build Date:         Mar 26 2013 14:54:34

#File Generated:     Aug 22 2014 16:00:00

#Purpose:            

#Copyright (C) 2010-2011 by Softjin Technologies Pvt Ltd. All rights reserved.

#***************************************************************************

Executing : C:\Program Files (x86)\Cypress\PSoC Creator\3.0\PSoC Creator\bin/sjplacer.exe --proj-name TransmitReadings_freeSoC --netlist-vh2 TransmitReadings_freeSoC_p.vh2 --arch-file C:\Program Files (x86)\Cypress\PSoC Creator\3.0\PSoC Creator\dev/psoc3/placer.ark --rrg-file C:\Program Files (x86)\Cypress\PSoC Creator\3.0\PSoC Creator\dev/psoc5/psoc5lp/route_arch-rrg.cydata --irq-file C:\Program Files (x86)\Cypress\PSoC Creator\3.0\PSoC Creator\dev/psoc5/psoc5lp/irqconn.cydata --drq-file C:\Program Files (x86)\Cypress\PSoC Creator\3.0\PSoC Creator\dev/psoc5/psoc5lp/dmaconn.cydata --dsi-conn-file C:\Program Files (x86)\Cypress\PSoC Creator\3.0\PSoC Creator\dev/psoc5/psoc5lp/dsiconn.cydata --pins-file pins_68-QFN.xml --lib-file TransmitReadings_freeSoC_p.lib --sdc-file TransmitReadings_freeSoC.sdc --io-pcf TransmitReadings_freeSoC.pci --outdir .

		Softjin Techologies Placer, Version 1.1

Build Date : Jul 22 2013	11:20:09

D2004: Option and Settings Summary
=============================================================
Netlist vh2 file          - TransmitReadings_freeSoC_p.vh2
Architecture file         - C:\Program Files (x86)\Cypress\PSoC Creator\3.0\PSoC Creator\dev/psoc3/placer.ark
Package                   - 
Defparam file             - 
SDC file                  - TransmitReadings_freeSoC.sdc
Output directory          - .
Timing library            - TransmitReadings_freeSoC_p.lib
IO Placement file         - TransmitReadings_freeSoC.pci

D2050: Starting reading inputs for placer
=============================================================
D2065: Reading netlist file : "TransmitReadings_freeSoC_p.vh2"
D2065: Reading arch file : "C:\Program Files (x86)\Cypress\PSoC Creator\3.0\PSoC Creator\dev/psoc3/placer.ark"
D2051: Reading of inputs for placer completed successfully

D2053: Starting placement of the design
=============================================================

Phase 2
Phase 3

Design Statistics after Packing
    Number of Combinational MCs 	:	33
    Number of Sequential MCs    	:	64
    Number of DPs               	:	10
    Number of Controls          	:	4
    Number of Status            	:	7
    Number of SyncCells         	:	0
    Number of count7cells       	:	3

Device Utilization Summary after Packing
    Macrocells                  :	97/192
    UDBS                        :	18/24
    IOs                         :	10/72


D2088: Phase 3, elapsed time : 0.0 (sec)

Phase 4
D2088: Phase 4, elapsed time : 0.0 (sec)

Phase 5
D2088: Phase 5, elapsed time : 0.0 (sec)

Phase 6

######################################################################
Placement Timing Summary

The timing summary is based on estimated routing delays after
placement. For final timing report, please carry out the timing
analysis after routing.
======================================================================

######################################################################
                     Clock Summary 
======================================================================
Number of clocks: 13
Clock: ADC_theACLK          | Frequency: N/A       | Target:   1.7 MHz
Clock: ADC_theACLK(fixed-function) | Frequency: N/A       | Target:   1.8 MHz
Clock: CyBUS_CLK            | Frequency:  53.6 MHz | Target:  24.0 MHz
Clock: CyILO                | Frequency: N/A       | Target:   0.0 MHz
Clock: CyIMO                | Frequency: N/A       | Target:   3.0 MHz
Clock: CyMASTER_CLK         | Frequency: N/A       | Target:  24.0 MHz
Clock: CyPLL_OUT            | Frequency: N/A       | Target:  24.0 MHz
Clock: UART_SBD_IntClock    | Frequency:  38.2 MHz | Target:   0.5 MHz
Clock: UART_Wind_IntClock   | Frequency:  41.2 MHz | Target:   0.2 MHz
Clock: clock                | Frequency:  60.9 MHz | Target:   1.0 MHz
Clock: psoc_IntClock        | Frequency:  31.3 MHz | Target:   1.6 MHz
Clock: timer_clock          | Frequency: N/A       | Target:   0.0 MHz
Clock: timer_clock(fixed-function) | Frequency: N/A       | Target:   0.0 MHz

======================================================================
                     End of Clock Summary
######################################################################

D2088: Phase 6, elapsed time : 0.3 (sec)

Phase 7
######################################################################
                     Clock Summary 
======================================================================
Number of clocks: 13
Clock: ADC_theACLK          | Frequency: N/A       | Target:   1.7 MHz
Clock: ADC_theACLK(fixed-function) | Frequency: N/A       | Target:   1.8 MHz
Clock: CyBUS_CLK            | Frequency:   1.8 MHz | Target:  24.0 MHz
Clock: CyILO                | Frequency: N/A       | Target:   0.0 MHz
Clock: CyIMO                | Frequency: N/A       | Target:   3.0 MHz
Clock: CyMASTER_CLK         | Frequency: N/A       | Target:  24.0 MHz
Clock: CyPLL_OUT            | Frequency: N/A       | Target:  24.0 MHz
Clock: UART_SBD_IntClock    | Frequency:   2.6 MHz | Target:   0.5 MHz
Clock: UART_Wind_IntClock   | Frequency:   2.6 MHz | Target:   0.2 MHz
Clock: clock                | Frequency:   2.9 MHz | Target:   1.0 MHz
Clock: psoc_IntClock        | Frequency:   1.8 MHz | Target:   1.6 MHz
Clock: timer_clock          | Frequency: N/A       | Target:   0.0 MHz
Clock: timer_clock(fixed-function) | Frequency: N/A       | Target:   0.0 MHz

======================================================================
                     End of Clock Summary
######################################################################
D2088: Phase 7, elapsed time : 5.9 (sec)

Final Design Statistics
    Number of Combinational MCs 	:	33
    Number of Sequential MCs    	:	64
    Number of DPs               	:	10
    Number of Controls          	:	4
    Number of Status            	:	7
    Number of SyncCells         	:	0
    Number of count7cells       	:	3
    Number of IOs       	:	10

Device Utilization Summary
    Macrocells                  :	97/192
    IOs                         :	10/72



######################################################################
Placement Timing Summary

The timing summary is based on estimated routing delays after
placement. For final timing report, please carry out the timing
analysis after routing.
======================================================================


######################################################################
                     Clock Summary 
======================================================================
Number of clocks: 13
Clock: ADC_theACLK          | Frequency: N/A       | Target:   1.7 MHz
Clock: ADC_theACLK(fixed-function) | Frequency: N/A       | Target:   1.8 MHz
Clock: CyBUS_CLK            | Frequency:   2.3 MHz | Target:  24.0 MHz
Clock: CyILO                | Frequency: N/A       | Target:   0.0 MHz
Clock: CyIMO                | Frequency: N/A       | Target:   3.0 MHz
Clock: CyMASTER_CLK         | Frequency: N/A       | Target:  24.0 MHz
Clock: CyPLL_OUT            | Frequency: N/A       | Target:  24.0 MHz
Clock: UART_SBD_IntClock    | Frequency:   2.6 MHz | Target:   0.5 MHz
Clock: UART_Wind_IntClock   | Frequency:   2.5 MHz | Target:   0.2 MHz
Clock: clock                | Frequency:   3.3 MHz | Target:   1.0 MHz
Clock: psoc_IntClock        | Frequency:   2.3 MHz | Target:   1.6 MHz
Clock: timer_clock          | Frequency: N/A       | Target:   0.0 MHz
Clock: timer_clock(fixed-function) | Frequency: N/A       | Target:   0.0 MHz

======================================================================
                     End of Clock Summary
######################################################################

Phase 8
D2088: Phase 8, elapsed time : 0.0 (sec)

D2054: Placement of the design completed successfully

I2076: Total run-time: 8.5 sec.

