--------------- Build Started: 09/09/2014 21:38:36 Project: airmar_NoGPS, Configuration: ARM GCC 4.7.3 Debug ---------------
cydsfit.exe "-.appdatapath" "C:\Users\Ryan\AppData\Local\Cypress Semiconductor\PSoC Creator\3.0" "-.fdsnotice" "-.fdswarpdepfile=warp_dependencies.txt" "-.fdselabdepfile=elab_dependencies.txt" "-.fdsbldfile=generated_files.txt" "-p" "C:\Users\Ryan\Documents\summer2014\WindSensor\airmar_NoGPS.cydsn\airmar_NoGPS.cyprj" "-d" "CY8C5868LTI-LP039" "-s" "C:\Users\Ryan\Documents\summer2014\WindSensor\airmar_NoGPS.cydsn\Generated_Source\PSoC5" "--" "-yv2" "-v3" "-ygs" "-q10" "-o2" "-.fftcfgtype=LE"
Elaborating Design...
HDL Generation ...
Synthesis ...
Place and Route ...
Tech mapping ...
Warning: mpr.M0054: The drive mode for IO "SCL_1(0)" is not set to open drain low, which is necessary for the I2C hardware block. (App=cydsfit)
Warning: mpr.M0054: The drive mode for IO "SDA_1(0)" is not set to open drain low, which is necessary for the I2C hardware block. (App=cydsfit)
Info: mpr.M0037: Unused pieces of the design have been optimized out. See the Tech mapping section of the report file for details. (App=cydsfit)
Analog Placement ...
Log: apr.M0058: The analog placement iterative improvement is 32% done. (App=cydsfit)
Log: apr.M0058: The analog placement iterative improvement is 55% done. (App=cydsfit)
Analog Routing ...
Analog Code Generation ...
Digital Placement ...
Digital Routing ...
Bitstream Generation ...
Static timing analysis ...
API Generation ...
Dependency Generation ...
Clean Temporary Files ...
arm-none-eabi-gcc.exe -I. -I./Generated_Source/PSoC5 -Wno-main -mcpu=cortex-m3 -mthumb -Wall -g -D DEBUG -Wa,-alh=.\CortexM3\ARM_GCC_473\Debug\main.lst -ffunction-sections -c .\main.c -o .\CortexM3\ARM_GCC_473\Debug\main.o
.\main.c: In function 'main':
.\main.c:140:9: warning: variable 'location' set but not used [-Wunused-but-set-variable]
.\main.c:260:3: warning: pointer targets in passing argument 1 of 'sscanf' differ in signedness [-Wpointer-sign]
In file included from .\main.c:14:0:
c:\program files (x86)\cypress\psoc creator\3.0\psoc creator\import\gnu_cs\arm\4.7.3\bin\../lib/gcc/arm-none-eabi/4.7.3/../../../../arm-none-eabi/include/stdio.h:186:5: note: expected 'const char *' but argument is of type 'uint8 *'
.\main.c:260:3: warning: format '%d' expects argument of type 'int *', but argument 7 has type 'uint32 *' [-Wformat]
.\main.c:260:3: warning: format '%d' expects argument of type 'int *', but argument 7 has type 'uint32 *' [-Wformat]
.\main.c:306:4: warning: this decimal constant is unsigned only in ISO C90 [enabled by default]
.\main.c:319:3: warning: passing argument 1 of 'UART_SBD_PutArray' from incompatible pointer type [enabled by default]
In file included from ./Generated_Source/PSoC5/project.h:43:0,
                 from .\main.c:12:
./Generated_Source/PSoC5/UART_SBD.h:161:10: note: expected 'const uint8 *' but argument is of type 'float32 *'
.\main.c:320:3: warning: passing argument 1 of 'UART_SBD_PutArray' from incompatible pointer type [enabled by default]
In file included from ./Generated_Source/PSoC5/project.h:43:0,
                 from .\main.c:12:
./Generated_Source/PSoC5/UART_SBD.h:161:10: note: expected 'const uint8 *' but argument is of type 'float32 *'
.\main.c:321:3: warning: passing argument 1 of 'UART_SBD_PutArray' from incompatible pointer type [enabled by default]
In file included from ./Generated_Source/PSoC5/project.h:43:0,
                 from .\main.c:12:
./Generated_Source/PSoC5/UART_SBD.h:161:10: note: expected 'const uint8 *' but argument is of type 'float32 *'
.\main.c:322:3: warning: passing argument 1 of 'UART_SBD_PutArray' from incompatible pointer type [enabled by default]
In file included from ./Generated_Source/PSoC5/project.h:43:0,
                 from .\main.c:12:
./Generated_Source/PSoC5/UART_SBD.h:161:10: note: expected 'const uint8 *' but argument is of type 'uint32 *'
.\main.c:323:3: warning: passing argument 1 of 'UART_SBD_PutArray' from incompatible pointer type [enabled by default]
In file included from ./Generated_Source/PSoC5/project.h:43:0,
                 from .\main.c:12:
./Generated_Source/PSoC5/UART_SBD.h:161:10: note: expected 'const uint8 *' but argument is of type 'uint16 *'
.\main.c:325:3: warning: passing argument 1 of 'UART_SBD_PutArray' from incompatible pointer type [enabled by default]
In file included from ./Generated_Source/PSoC5/project.h:43:0,
                 from .\main.c:12:
./Generated_Source/PSoC5/UART_SBD.h:161:10: note: expected 'const uint8 *' but argument is of type 'int16 *'
.\main.c:326:3: warning: passing argument 1 of 'UART_SBD_PutArray' from incompatible pointer type [enabled by default]
In file included from ./Generated_Source/PSoC5/project.h:43:0,
                 from .\main.c:12:
./Generated_Source/PSoC5/UART_SBD.h:161:10: note: expected 'const uint8 *' but argument is of type 'uint16 *'
.\main.c:327:3: warning: passing argument 1 of 'UART_SBD_PutArray' from incompatible pointer type [enabled by default]
In file included from ./Generated_Source/PSoC5/project.h:43:0,
                 from .\main.c:12:
./Generated_Source/PSoC5/UART_SBD.h:161:10: note: expected 'const uint8 *' but argument is of type 'uint16 *'
.\main.c:328:3: warning: passing argument 1 of 'UART_SBD_PutArray' from incompatible pointer type [enabled by default]
In file included from ./Generated_Source/PSoC5/project.h:43:0,
                 from .\main.c:12:
./Generated_Source/PSoC5/UART_SBD.h:161:10: note: expected 'const uint8 *' but argument is of type 'int16 *'
.\main.c:330:3: warning: passing argument 1 of 'UART_SBD_PutArray' from incompatible pointer type [enabled by default]
In file included from ./Generated_Source/PSoC5/project.h:43:0,
                 from .\main.c:12:
./Generated_Source/PSoC5/UART_SBD.h:161:10: note: expected 'const uint8 *' but argument is of type 'uint16 *'
arm-none-eabi-gcc.exe -I. -I./Generated_Source/PSoC5 -Wno-main -mcpu=cortex-m3 -mthumb -Wall -g -D DEBUG -Wa,-alh=.\CortexM3\ARM_GCC_473\Debug\Batteryvoltage.lst -ffunction-sections -c .\Batteryvoltage.c -o .\CortexM3\ARM_GCC_473\Debug\Batteryvoltage.o
arm-none-eabi-gcc.exe -I. -I./Generated_Source/PSoC5 -Wno-main -mcpu=cortex-m3 -mthumb -Wall -g -D DEBUG -Wa,-alh=.\CortexM3\ARM_GCC_473\Debug\RH.lst -ffunction-sections -c .\RH.c -o .\CortexM3\ARM_GCC_473\Debug\RH.o
.\RH.c: In function 'readregister2':
.\RH.c:85:6: warning: unused variable 'i' [-Wunused-variable]
arm-none-eabi-gcc.exe -I. -I./Generated_Source/PSoC5 -Wno-main -mcpu=cortex-m3 -mthumb -Wall -g -D DEBUG -Wa,-alh=.\CortexM3\ARM_GCC_473\Debug\thermocouple.lst -ffunction-sections -c .\thermocouple.c -o .\CortexM3\ARM_GCC_473\Debug\thermocouple.o
arm-none-eabi-gcc.exe -I. -I./Generated_Source/PSoC5 -Wno-main -mcpu=cortex-m3 -mthumb -Wall -g -D DEBUG -Wa,-alh=.\CortexM3\ARM_GCC_473\Debug\cyfitter_cfg.lst -ffunction-sections -c .\Generated_Source\PSoC5\cyfitter_cfg.c -o .\CortexM3\ARM_GCC_473\Debug\cyfitter_cfg.o
arm-none-eabi-gcc.exe -I. -I./Generated_Source/PSoC5 -Wno-main -mcpu=cortex-m3 -mthumb -Wall -g -D DEBUG -Wa,-alh=.\CortexM3\ARM_GCC_473\Debug\cymetadata.lst -ffunction-sections -c .\Generated_Source\PSoC5\cymetadata.c -o .\CortexM3\ARM_GCC_473\Debug\cymetadata.o
arm-none-eabi-gcc.exe -I. -I./Generated_Source/PSoC5 -Wno-main -mcpu=cortex-m3 -mthumb -Wall -g -D DEBUG -Wa,-alh=.\CortexM3\ARM_GCC_473\Debug\Airmar.lst -ffunction-sections -c .\Generated_Source\PSoC5\Airmar.c -o .\CortexM3\ARM_GCC_473\Debug\Airmar.o
arm-none-eabi-gcc.exe -I. -I./Generated_Source/PSoC5 -Wno-main -mcpu=cortex-m3 -mthumb -Wall -g -D DEBUG -Wa,-alh=.\CortexM3\ARM_GCC_473\Debug\Airmar_PM.lst -ffunction-sections -c .\Generated_Source\PSoC5\Airmar_PM.c -o .\CortexM3\ARM_GCC_473\Debug\Airmar_PM.o
arm-none-eabi-gcc.exe -I. -I./Generated_Source/PSoC5 -Wno-main -mcpu=cortex-m3 -mthumb -Wall -g -D DEBUG -Wa,-alh=.\CortexM3\ARM_GCC_473\Debug\Airmar_INT.lst -ffunction-sections -c .\Generated_Source\PSoC5\Airmar_INT.c -o .\CortexM3\ARM_GCC_473\Debug\Airmar_INT.o
arm-none-eabi-gcc.exe -I. -I./Generated_Source/PSoC5 -Wno-main -mcpu=cortex-m3 -mthumb -Wall -g -D DEBUG -Wa,-alh=.\CortexM3\ARM_GCC_473\Debug\Airmar_BOOT.lst -ffunction-sections -c .\Generated_Source\PSoC5\Airmar_BOOT.c -o .\CortexM3\ARM_GCC_473\Debug\Airmar_BOOT.o
arm-none-eabi-gcc.exe -I. -I./Generated_Source/PSoC5 -Wno-main -mcpu=cortex-m3 -mthumb -Wall -g -D DEBUG -Wa,-alh=.\CortexM3\ARM_GCC_473\Debug\isr_airmar.lst -ffunction-sections -c .\Generated_Source\PSoC5\isr_airmar.c -o .\CortexM3\ARM_GCC_473\Debug\isr_airmar.o
arm-none-eabi-gcc.exe -I. -I./Generated_Source/PSoC5 -Wno-main -mcpu=cortex-m3 -mthumb -Wall -g -D DEBUG -Wa,-alh=.\CortexM3\ARM_GCC_473\Debug\Airmar_IntClock.lst -ffunction-sections -c .\Generated_Source\PSoC5\Airmar_IntClock.c -o .\CortexM3\ARM_GCC_473\Debug\Airmar_IntClock.o
arm-none-eabi-gcc.exe -I. -I./Generated_Source/PSoC5 -Wno-main -mcpu=cortex-m3 -mthumb -Wall -g -D DEBUG -Wa,-alh=.\CortexM3\ARM_GCC_473\Debug\Cm3Start.lst -ffunction-sections -c .\Generated_Source\PSoC5\Cm3Start.c -o .\CortexM3\ARM_GCC_473\Debug\Cm3Start.o
arm-none-eabi-as.exe -I. -I./Generated_Source/PSoC5 -mcpu=cortex-m3 -mthumb -g -alh=.\CortexM3\ARM_GCC_473\Debug/CyBootAsmGnu.lst -o .\CortexM3\ARM_GCC_473\Debug\CyBootAsmGnu.o .\Generated_Source\PSoC5\CyBootAsmGnu.s
arm-none-eabi-gcc.exe -I. -I./Generated_Source/PSoC5 -Wno-main -mcpu=cortex-m3 -mthumb -Wall -g -D DEBUG -Wa,-alh=.\CortexM3\ARM_GCC_473\Debug\CyDmac.lst -ffunction-sections -c .\Generated_Source\PSoC5\CyDmac.c -o .\CortexM3\ARM_GCC_473\Debug\CyDmac.o
arm-none-eabi-gcc.exe -I. -I./Generated_Source/PSoC5 -Wno-main -mcpu=cortex-m3 -mthumb -Wall -g -D DEBUG -Wa,-alh=.\CortexM3\ARM_GCC_473\Debug\CyFlash.lst -ffunction-sections -c .\Generated_Source\PSoC5\CyFlash.c -o .\CortexM3\ARM_GCC_473\Debug\CyFlash.o
arm-none-eabi-gcc.exe -I. -I./Generated_Source/PSoC5 -Wno-main -mcpu=cortex-m3 -mthumb -Wall -g -D DEBUG -Wa,-alh=.\CortexM3\ARM_GCC_473\Debug\CyLib.lst -ffunction-sections -c .\Generated_Source\PSoC5\CyLib.c -o .\CortexM3\ARM_GCC_473\Debug\CyLib.o
arm-none-eabi-gcc.exe -I. -I./Generated_Source/PSoC5 -Wno-main -mcpu=cortex-m3 -mthumb -Wall -g -D DEBUG -Wa,-alh=.\CortexM3\ARM_GCC_473\Debug\cyPm.lst -ffunction-sections -c .\Generated_Source\PSoC5\cyPm.c -o .\CortexM3\ARM_GCC_473\Debug\cyPm.o
arm-none-eabi-gcc.exe -I. -I./Generated_Source/PSoC5 -Wno-main -mcpu=cortex-m3 -mthumb -Wall -g -D DEBUG -Wa,-alh=.\CortexM3\ARM_GCC_473\Debug\CySpc.lst -ffunction-sections -c .\Generated_Source\PSoC5\CySpc.c -o .\CortexM3\ARM_GCC_473\Debug\CySpc.o
arm-none-eabi-gcc.exe -I. -I./Generated_Source/PSoC5 -Wno-main -mcpu=cortex-m3 -mthumb -Wall -g -D DEBUG -Wa,-alh=.\CortexM3\ARM_GCC_473\Debug\cyutils.lst -ffunction-sections -c .\Generated_Source\PSoC5\cyutils.c -o .\CortexM3\ARM_GCC_473\Debug\cyutils.o
arm-none-eabi-gcc.exe -I. -I./Generated_Source/PSoC5 -Wno-main -mcpu=cortex-m3 -mthumb -Wall -g -D DEBUG -Wa,-alh=.\CortexM3\ARM_GCC_473\Debug\Comp.lst -ffunction-sections -c .\Generated_Source\PSoC5\Comp.c -o .\CortexM3\ARM_GCC_473\Debug\Comp.o
arm-none-eabi-gcc.exe -I. -I./Generated_Source/PSoC5 -Wno-main -mcpu=cortex-m3 -mthumb -Wall -g -D DEBUG -Wa,-alh=.\CortexM3\ARM_GCC_473\Debug\Comp_PM.lst -ffunction-sections -c .\Generated_Source\PSoC5\Comp_PM.c -o .\CortexM3\ARM_GCC_473\Debug\Comp_PM.o
arm-none-eabi-gcc.exe -I. -I./Generated_Source/PSoC5 -Wno-main -mcpu=cortex-m3 -mthumb -Wall -g -D DEBUG -Wa,-alh=.\CortexM3\ARM_GCC_473\Debug\B_out.lst -ffunction-sections -c .\Generated_Source\PSoC5\B_out.c -o .\CortexM3\ARM_GCC_473\Debug\B_out.o
arm-none-eabi-gcc.exe -I. -I./Generated_Source/PSoC5 -Wno-main -mcpu=cortex-m3 -mthumb -Wall -g -D DEBUG -Wa,-alh=.\CortexM3\ARM_GCC_473\Debug\A_out.lst -ffunction-sections -c .\Generated_Source\PSoC5\A_out.c -o .\CortexM3\ARM_GCC_473\Debug\A_out.o
arm-none-eabi-gcc.exe -I. -I./Generated_Source/PSoC5 -Wno-main -mcpu=cortex-m3 -mthumb -Wall -g -D DEBUG -Wa,-alh=.\CortexM3\ARM_GCC_473\Debug\A_in.lst -ffunction-sections -c .\Generated_Source\PSoC5\A_in.c -o .\CortexM3\ARM_GCC_473\Debug\A_in.o
arm-none-eabi-gcc.exe -I. -I./Generated_Source/PSoC5 -Wno-main -mcpu=cortex-m3 -mthumb -Wall -g -D DEBUG -Wa,-alh=.\CortexM3\ARM_GCC_473\Debug\B_in.lst -ffunction-sections -c .\Generated_Source\PSoC5\B_in.c -o .\CortexM3\ARM_GCC_473\Debug\B_in.o
arm-none-eabi-gcc.exe -I. -I./Generated_Source/PSoC5 -Wno-main -mcpu=cortex-m3 -mthumb -Wall -g -D DEBUG -Wa,-alh=.\CortexM3\ARM_GCC_473\Debug\master.lst -ffunction-sections -c .\Generated_Source\PSoC5\master.c -o .\CortexM3\ARM_GCC_473\Debug\master.o
arm-none-eabi-gcc.exe -I. -I./Generated_Source/PSoC5 -Wno-main -mcpu=cortex-m3 -mthumb -Wall -g -D DEBUG -Wa,-alh=.\CortexM3\ARM_GCC_473\Debug\master_PM.lst -ffunction-sections -c .\Generated_Source\PSoC5\master_PM.c -o .\CortexM3\ARM_GCC_473\Debug\master_PM.o
arm-none-eabi-gcc.exe -I. -I./Generated_Source/PSoC5 -Wno-main -mcpu=cortex-m3 -mthumb -Wall -g -D DEBUG -Wa,-alh=.\CortexM3\ARM_GCC_473\Debug\master_INT.lst -ffunction-sections -c .\Generated_Source\PSoC5\master_INT.c -o .\CortexM3\ARM_GCC_473\Debug\master_INT.o
arm-none-eabi-gcc.exe -I. -I./Generated_Source/PSoC5 -Wno-main -mcpu=cortex-m3 -mthumb -Wall -g -D DEBUG -Wa,-alh=.\CortexM3\ARM_GCC_473\Debug\clock.lst -ffunction-sections -c .\Generated_Source\PSoC5\clock.c -o .\CortexM3\ARM_GCC_473\Debug\clock.o
arm-none-eabi-gcc.exe -I. -I./Generated_Source/PSoC5 -Wno-main -mcpu=cortex-m3 -mthumb -Wall -g -D DEBUG -Wa,-alh=.\CortexM3\ARM_GCC_473\Debug\dataPin.lst -ffunction-sections -c .\Generated_Source\PSoC5\dataPin.c -o .\CortexM3\ARM_GCC_473\Debug\dataPin.o
arm-none-eabi-gcc.exe -I. -I./Generated_Source/PSoC5 -Wno-main -mcpu=cortex-m3 -mthumb -Wall -g -D DEBUG -Wa,-alh=.\CortexM3\ARM_GCC_473\Debug\selectPin.lst -ffunction-sections -c .\Generated_Source\PSoC5\selectPin.c -o .\CortexM3\ARM_GCC_473\Debug\selectPin.o
arm-none-eabi-gcc.exe -I. -I./Generated_Source/PSoC5 -Wno-main -mcpu=cortex-m3 -mthumb -Wall -g -D DEBUG -Wa,-alh=.\CortexM3\ARM_GCC_473\Debug\clockPin.lst -ffunction-sections -c .\Generated_Source\PSoC5\clockPin.c -o .\CortexM3\ARM_GCC_473\Debug\clockPin.o
arm-none-eabi-gcc.exe -I. -I./Generated_Source/PSoC5 -Wno-main -mcpu=cortex-m3 -mthumb -Wall -g -D DEBUG -Wa,-alh=.\CortexM3\ARM_GCC_473\Debug\UART_SBD.lst -ffunction-sections -c .\Generated_Source\PSoC5\UART_SBD.c -o .\CortexM3\ARM_GCC_473\Debug\UART_SBD.o
arm-none-eabi-gcc.exe -I. -I./Generated_Source/PSoC5 -Wno-main -mcpu=cortex-m3 -mthumb -Wall -g -D DEBUG -Wa,-alh=.\CortexM3\ARM_GCC_473\Debug\UART_SBD_PM.lst -ffunction-sections -c .\Generated_Source\PSoC5\UART_SBD_PM.c -o .\CortexM3\ARM_GCC_473\Debug\UART_SBD_PM.o
arm-none-eabi-gcc.exe -I. -I./Generated_Source/PSoC5 -Wno-main -mcpu=cortex-m3 -mthumb -Wall -g -D DEBUG -Wa,-alh=.\CortexM3\ARM_GCC_473\Debug\UART_SBD_INT.lst -ffunction-sections -c .\Generated_Source\PSoC5\UART_SBD_INT.c -o .\CortexM3\ARM_GCC_473\Debug\UART_SBD_INT.o
arm-none-eabi-gcc.exe -I. -I./Generated_Source/PSoC5 -Wno-main -mcpu=cortex-m3 -mthumb -Wall -g -D DEBUG -Wa,-alh=.\CortexM3\ARM_GCC_473\Debug\UART_SBD_BOOT.lst -ffunction-sections -c .\Generated_Source\PSoC5\UART_SBD_BOOT.c -o .\CortexM3\ARM_GCC_473\Debug\UART_SBD_BOOT.o
arm-none-eabi-gcc.exe -I. -I./Generated_Source/PSoC5 -Wno-main -mcpu=cortex-m3 -mthumb -Wall -g -D DEBUG -Wa,-alh=.\CortexM3\ARM_GCC_473\Debug\SBD_reply.lst -ffunction-sections -c .\Generated_Source\PSoC5\SBD_reply.c -o .\CortexM3\ARM_GCC_473\Debug\SBD_reply.o
arm-none-eabi-gcc.exe -I. -I./Generated_Source/PSoC5 -Wno-main -mcpu=cortex-m3 -mthumb -Wall -g -D DEBUG -Wa,-alh=.\CortexM3\ARM_GCC_473\Debug\UART_SBD_IntClock.lst -ffunction-sections -c .\Generated_Source\PSoC5\UART_SBD_IntClock.c -o .\CortexM3\ARM_GCC_473\Debug\UART_SBD_IntClock.o
arm-none-eabi-gcc.exe -I. -I./Generated_Source/PSoC5 -Wno-main -mcpu=cortex-m3 -mthumb -Wall -g -D DEBUG -Wa,-alh=.\CortexM3\ARM_GCC_473\Debug\SDA_1.lst -ffunction-sections -c .\Generated_Source\PSoC5\SDA_1.c -o .\CortexM3\ARM_GCC_473\Debug\SDA_1.o
arm-none-eabi-gcc.exe -I. -I./Generated_Source/PSoC5 -Wno-main -mcpu=cortex-m3 -mthumb -Wall -g -D DEBUG -Wa,-alh=.\CortexM3\ARM_GCC_473\Debug\SCL_1.lst -ffunction-sections -c .\Generated_Source\PSoC5\SCL_1.c -o .\CortexM3\ARM_GCC_473\Debug\SCL_1.o
arm-none-eabi-gcc.exe -I. -I./Generated_Source/PSoC5 -Wno-main -mcpu=cortex-m3 -mthumb -Wall -g -D DEBUG -Wa,-alh=.\CortexM3\ARM_GCC_473\Debug\psoc.lst -ffunction-sections -c .\Generated_Source\PSoC5\psoc.c -o .\CortexM3\ARM_GCC_473\Debug\psoc.o
arm-none-eabi-gcc.exe -I. -I./Generated_Source/PSoC5 -Wno-main -mcpu=cortex-m3 -mthumb -Wall -g -D DEBUG -Wa,-alh=.\CortexM3\ARM_GCC_473\Debug\psoc_BOOT.lst -ffunction-sections -c .\Generated_Source\PSoC5\psoc_BOOT.c -o .\CortexM3\ARM_GCC_473\Debug\psoc_BOOT.o
arm-none-eabi-gcc.exe -I. -I./Generated_Source/PSoC5 -Wno-main -mcpu=cortex-m3 -mthumb -Wall -g -D DEBUG -Wa,-alh=.\CortexM3\ARM_GCC_473\Debug\psoc_INT.lst -ffunction-sections -c .\Generated_Source\PSoC5\psoc_INT.c -o .\CortexM3\ARM_GCC_473\Debug\psoc_INT.o
arm-none-eabi-gcc.exe -I. -I./Generated_Source/PSoC5 -Wno-main -mcpu=cortex-m3 -mthumb -Wall -g -D DEBUG -Wa,-alh=.\CortexM3\ARM_GCC_473\Debug\psoc_PM.lst -ffunction-sections -c .\Generated_Source\PSoC5\psoc_PM.c -o .\CortexM3\ARM_GCC_473\Debug\psoc_PM.o
arm-none-eabi-gcc.exe -I. -I./Generated_Source/PSoC5 -Wno-main -mcpu=cortex-m3 -mthumb -Wall -g -D DEBUG -Wa,-alh=.\CortexM3\ARM_GCC_473\Debug\psoc_SLAVE.lst -ffunction-sections -c .\Generated_Source\PSoC5\psoc_SLAVE.c -o .\CortexM3\ARM_GCC_473\Debug\psoc_SLAVE.o
arm-none-eabi-gcc.exe -I. -I./Generated_Source/PSoC5 -Wno-main -mcpu=cortex-m3 -mthumb -Wall -g -D DEBUG -Wa,-alh=.\CortexM3\ARM_GCC_473\Debug\psoc_MASTER.lst -ffunction-sections -c .\Generated_Source\PSoC5\psoc_MASTER.c -o .\CortexM3\ARM_GCC_473\Debug\psoc_MASTER.o
arm-none-eabi-gcc.exe -I. -I./Generated_Source/PSoC5 -Wno-main -mcpu=cortex-m3 -mthumb -Wall -g -D DEBUG -Wa,-alh=.\CortexM3\ARM_GCC_473\Debug\ADC.lst -ffunction-sections -c .\Generated_Source\PSoC5\ADC.c -o .\CortexM3\ARM_GCC_473\Debug\ADC.o
arm-none-eabi-gcc.exe -I. -I./Generated_Source/PSoC5 -Wno-main -mcpu=cortex-m3 -mthumb -Wall -g -D DEBUG -Wa,-alh=.\CortexM3\ARM_GCC_473\Debug\ADC_PM.lst -ffunction-sections -c .\Generated_Source\PSoC5\ADC_PM.c -o .\CortexM3\ARM_GCC_473\Debug\ADC_PM.o
arm-none-eabi-gcc.exe -I. -I./Generated_Source/PSoC5 -Wno-main -mcpu=cortex-m3 -mthumb -Wall -g -D DEBUG -Wa,-alh=.\CortexM3\ARM_GCC_473\Debug\ADC_INT.lst -ffunction-sections -c .\Generated_Source\PSoC5\ADC_INT.c -o .\CortexM3\ARM_GCC_473\Debug\ADC_INT.o
arm-none-eabi-gcc.exe -I. -I./Generated_Source/PSoC5 -Wno-main -mcpu=cortex-m3 -mthumb -Wall -g -D DEBUG -Wa,-alh=.\CortexM3\ARM_GCC_473\Debug\Battery_in.lst -ffunction-sections -c .\Generated_Source\PSoC5\Battery_in.c -o .\CortexM3\ARM_GCC_473\Debug\Battery_in.o
arm-none-eabi-gcc.exe -I. -I./Generated_Source/PSoC5 -Wno-main -mcpu=cortex-m3 -mthumb -Wall -g -D DEBUG -Wa,-alh=.\CortexM3\ARM_GCC_473\Debug\ADC_IRQ.lst -ffunction-sections -c .\Generated_Source\PSoC5\ADC_IRQ.c -o .\CortexM3\ARM_GCC_473\Debug\ADC_IRQ.o
arm-none-eabi-gcc.exe -I. -I./Generated_Source/PSoC5 -Wno-main -mcpu=cortex-m3 -mthumb -Wall -g -D DEBUG -Wa,-alh=.\CortexM3\ARM_GCC_473\Debug\ADC_theACLK.lst -ffunction-sections -c .\Generated_Source\PSoC5\ADC_theACLK.c -o .\CortexM3\ARM_GCC_473\Debug\ADC_theACLK.o
arm-none-eabi-gcc.exe -I. -I./Generated_Source/PSoC5 -Wno-main -mcpu=cortex-m3 -mthumb -Wall -g -D DEBUG -Wa,-alh=.\CortexM3\ARM_GCC_473\Debug\Timer.lst -ffunction-sections -c .\Generated_Source\PSoC5\Timer.c -o .\CortexM3\ARM_GCC_473\Debug\Timer.o
arm-none-eabi-gcc.exe -I. -I./Generated_Source/PSoC5 -Wno-main -mcpu=cortex-m3 -mthumb -Wall -g -D DEBUG -Wa,-alh=.\CortexM3\ARM_GCC_473\Debug\Timer_PM.lst -ffunction-sections -c .\Generated_Source\PSoC5\Timer_PM.c -o .\CortexM3\ARM_GCC_473\Debug\Timer_PM.o
arm-none-eabi-gcc.exe -I. -I./Generated_Source/PSoC5 -Wno-main -mcpu=cortex-m3 -mthumb -Wall -g -D DEBUG -Wa,-alh=.\CortexM3\ARM_GCC_473\Debug\timer_clock.lst -ffunction-sections -c .\Generated_Source\PSoC5\timer_clock.c -o .\CortexM3\ARM_GCC_473\Debug\timer_clock.o
arm-none-eabi-gcc.exe -I. -I./Generated_Source/PSoC5 -Wno-main -mcpu=cortex-m3 -mthumb -Wall -g -D DEBUG -Wa,-alh=.\CortexM3\ARM_GCC_473\Debug\timeout_isr.lst -ffunction-sections -c .\Generated_Source\PSoC5\timeout_isr.c -o .\CortexM3\ARM_GCC_473\Debug\timeout_isr.o
arm-none-eabi-ar.exe -rs .\CortexM3\ARM_GCC_473\Debug\airmar_NoGPS.a .\CortexM3\ARM_GCC_473\Debug\cyfitter_cfg.o .\CortexM3\ARM_GCC_473\Debug\Airmar.o .\CortexM3\ARM_GCC_473\Debug\Airmar_PM.o .\CortexM3\ARM_GCC_473\Debug\Airmar_INT.o .\CortexM3\ARM_GCC_473\Debug\Airmar_BOOT.o .\CortexM3\ARM_GCC_473\Debug\isr_airmar.o .\CortexM3\ARM_GCC_473\Debug\Airmar_IntClock.o .\CortexM3\ARM_GCC_473\Debug\CyBootAsmGnu.o .\CortexM3\ARM_GCC_473\Debug\CyDmac.o .\CortexM3\ARM_GCC_473\Debug\CyFlash.o .\CortexM3\ARM_GCC_473\Debug\CyLib.o .\CortexM3\ARM_GCC_473\Debug\cyPm.o .\CortexM3\ARM_GCC_473\Debug\CySpc.o .\CortexM3\ARM_GCC_473\Debug\cyutils.o .\CortexM3\ARM_GCC_473\Debug\Comp.o .\CortexM3\ARM_GCC_473\Debug\Comp_PM.o .\CortexM3\ARM_GCC_473\Debug\B_out.o .\CortexM3\ARM_GCC_473\Debug\A_out.o .\CortexM3\ARM_GCC_473\Debug\A_in.o .\CortexM3\ARM_GCC_473\Debug\B_in.o .\CortexM3\ARM_GCC_473\Debug\master.o .\CortexM3\ARM_GCC_473\Debug\master_PM.o .\CortexM3\ARM_GCC_473\Debug\master_INT.o .\CortexM3\ARM_GCC_473\Debug\clock.o .\CortexM3\ARM_GCC_473\Debug\dataPin.o .\CortexM3\ARM_GCC_473\Debug\selectPin.o .\CortexM3\ARM_GCC_473\Debug\clockPin.o .\CortexM3\ARM_GCC_473\Debug\UART_SBD.o .\CortexM3\ARM_GCC_473\Debug\UART_SBD_PM.o .\CortexM3\ARM_GCC_473\Debug\UART_SBD_INT.o .\CortexM3\ARM_GCC_473\Debug\UART_SBD_BOOT.o .\CortexM3\ARM_GCC_473\Debug\SBD_reply.o .\CortexM3\ARM_GCC_473\Debug\UART_SBD_IntClock.o .\CortexM3\ARM_GCC_473\Debug\SDA_1.o .\CortexM3\ARM_GCC_473\Debug\SCL_1.o .\CortexM3\ARM_GCC_473\Debug\psoc.o .\CortexM3\ARM_GCC_473\Debug\psoc_BOOT.o .\CortexM3\ARM_GCC_473\Debug\psoc_INT.o .\CortexM3\ARM_GCC_473\Debug\psoc_PM.o .\CortexM3\ARM_GCC_473\Debug\psoc_SLAVE.o .\CortexM3\ARM_GCC_473\Debug\psoc_MASTER.o .\CortexM3\ARM_GCC_473\Debug\ADC.o .\CortexM3\ARM_GCC_473\Debug\ADC_PM.o .\CortexM3\ARM_GCC_473\Debug\ADC_INT.o .\CortexM3\ARM_GCC_473\Debug\Battery_in.o .\CortexM3\ARM_GCC_473\Debug\ADC_IRQ.o .\CortexM3\ARM_GCC_473\Debug\ADC_theACLK.o .\CortexM3\ARM_GCC_473\Debug\Timer.o .\CortexM3\ARM_GCC_473\Debug\Timer_PM.o .\CortexM3\ARM_GCC_473\Debug\timer_clock.o .\CortexM3\ARM_GCC_473\Debug\timeout_isr.o
arm-none-eabi-ar.exe: creating .\CortexM3\ARM_GCC_473\Debug\airmar_NoGPS.a
arm-none-eabi-gcc.exe -mthumb -march=armv7-m -mfix-cortex-m3-ldrd -T .\Generated_Source\PSoC5\cm3gcc.ld -g -Wl,-Map,.\CortexM3\ARM_GCC_473\Debug\airmar_NoGPS.map -specs=nano.specs -Wl,--gc-sections -u _scanf_float -Wl,--start-group -o .\CortexM3\ARM_GCC_473\Debug\airmar_NoGPS.elf .\CortexM3\ARM_GCC_473\Debug\main.o .\CortexM3\ARM_GCC_473\Debug\wind.o .\CortexM3\ARM_GCC_473\Debug\Batteryvoltage.o .\CortexM3\ARM_GCC_473\Debug\RH.o .\CortexM3\ARM_GCC_473\Debug\thermocouple.o .\CortexM3\ARM_GCC_473\Debug\cymetadata.o .\CortexM3\ARM_GCC_473\Debug\Cm3Start.o .\CortexM3\ARM_GCC_473\Debug\airmar_NoGPS.a "C:\Program Files (x86)\Cypress\PSoC Creator\3.0\PSoC Creator\psoc\content\cycomponentlibrary\CyComponentLibrary.cylib\CortexM3\ARM_GCC_473\Debug\CyComponentLibrary.a" -l m -Wl,--end-group
cyelftool.exe -C C:\Users\Ryan\Documents\summer2014\WindSensor\airmar_NoGPS.cydsn\CortexM3\ARM_GCC_473\Debug\airmar_NoGPS.elf --flash_size 262144 --flash_row_size 256
cyelftool.exe -S C:\Users\Ryan\Documents\summer2014\WindSensor\airmar_NoGPS.cydsn\CortexM3\ARM_GCC_473\Debug\airmar_NoGPS.elf
Flash used: 45796 of 262144 bytes (17.5 %).
SRAM used: 22765 of 65536 bytes (34.7 %).
--------------- Build Succeeded: 09/09/2014 21:40:40 ---------------
