--------------- Build Started: 05/09/2014 17:12:08 Project: RadiationRead, Configuration: ARM GCC 4.7.3 Debug ---------------
The code generation step is up to date.
arm-none-eabi-gcc.exe -I. -I./Generated_Source/PSoC5 -Wno-main -mcpu=cortex-m3 -mthumb -Wall -g -D DEBUG -Wa,-alh=.\CortexM3\ARM_GCC_473\Debug\main.lst -ffunction-sections -c .\main.c -o .\CortexM3\ARM_GCC_473\Debug\main.o
.\main.c: In function 'main':
.\main.c:71:9: warning: pointer targets in passing argument 1 of 'sprintf' differ in signedness [-Wpointer-sign]
In file included from .\main.c:13:0:
c:\program files (x86)\cypress\psoc creator\3.0\psoc creator\import\gnu_cs\arm\4.7.3\bin\../lib/gcc/arm-none-eabi/4.7.3/../../../../arm-none-eabi/include/stdio.h:226:5: note: expected 'char *' but argument is of type 'uint8 *'
.\main.c:72:9: warning: pointer targets in passing argument 1 of 'UART_PutString' differ in signedness [-Wpointer-sign]
In file included from ./Generated_Source/PSoC5/project.h:52:0,
                 from .\main.c:12:
./Generated_Source/PSoC5/UART.h:160:10: note: expected 'const char8 *' but argument is of type 'uint8 *'
.\main.c:73:15: warning: unused variable 'x' [-Wunused-variable]
arm-none-eabi-ar.exe -rs .\CortexM3\ARM_GCC_473\Debug\RadiationRead.a .\CortexM3\ARM_GCC_473\Debug\cyfitter_cfg.o .\CortexM3\ARM_GCC_473\Debug\CyBootAsmGnu.o .\CortexM3\ARM_GCC_473\Debug\CyDmac.o .\CortexM3\ARM_GCC_473\Debug\CyFlash.o .\CortexM3\ARM_GCC_473\Debug\CyLib.o .\CortexM3\ARM_GCC_473\Debug\cyPm.o .\CortexM3\ARM_GCC_473\Debug\CySpc.o .\CortexM3\ARM_GCC_473\Debug\cyutils.o .\CortexM3\ARM_GCC_473\Debug\ADC_DelSig.o .\CortexM3\ARM_GCC_473\Debug\ADC_DelSig_PM.o .\CortexM3\ARM_GCC_473\Debug\ADC_DelSig_INT.o .\CortexM3\ARM_GCC_473\Debug\Pyrano_UP_Pos.o .\CortexM3\ARM_GCC_473\Debug\Pyrano_DOWN_Pos.o .\CortexM3\ARM_GCC_473\Debug\Pyrgeo_UP_Pos.o .\CortexM3\ARM_GCC_473\Debug\Pyrgeo_DOWN_Pos.o .\CortexM3\ARM_GCC_473\Debug\Pyrano_UP_Neg.o .\CortexM3\ARM_GCC_473\Debug\Pyrano_DOWN_Neg.o .\CortexM3\ARM_GCC_473\Debug\Pyrgeo_UP_Neg.o .\CortexM3\ARM_GCC_473\Debug\Pyrgeo_DOWN_Neg.o .\CortexM3\ARM_GCC_473\Debug\ADC_DelSig_Ext_CP_Clk.o .\CortexM3\ARM_GCC_473\Debug\ADC_DelSig_IRQ.o .\CortexM3\ARM_GCC_473\Debug\ADC_DelSig_theACLK.o .\CortexM3\ARM_GCC_473\Debug\AMux.o .\CortexM3\ARM_GCC_473\Debug\PT100_Pos.o .\CortexM3\ARM_GCC_473\Debug\PT100_Neg.o .\CortexM3\ARM_GCC_473\Debug\PT100_Ref_Pos.o .\CortexM3\ARM_GCC_473\Debug\PT100_Ref_Neg.o .\CortexM3\ARM_GCC_473\Debug\Vaisala_Temp.o .\CortexM3\ARM_GCC_473\Debug\Vaisala_RH.o .\CortexM3\ARM_GCC_473\Debug\UART.o .\CortexM3\ARM_GCC_473\Debug\UART_PM.o .\CortexM3\ARM_GCC_473\Debug\UART_INT.o .\CortexM3\ARM_GCC_473\Debug\UART_BOOT.o .\CortexM3\ARM_GCC_473\Debug\UART_IntClock.o
arm-none-eabi-ar.exe: creating .\CortexM3\ARM_GCC_473\Debug\RadiationRead.a
arm-none-eabi-gcc.exe -mthumb -march=armv7-m -mfix-cortex-m3-ldrd -T .\Generated_Source\PSoC5\cm3gcc.ld -g -Wl,-Map,.\CortexM3\ARM_GCC_473\Debug\RadiationRead.map -specs=nano.specs -Wl,--gc-sections -Wl,--start-group -o .\CortexM3\ARM_GCC_473\Debug\RadiationRead.elf .\CortexM3\ARM_GCC_473\Debug\main.o .\CortexM3\ARM_GCC_473\Debug\cymetadata.o .\CortexM3\ARM_GCC_473\Debug\Cm3Start.o .\CortexM3\ARM_GCC_473\Debug\RadiationRead.a "C:\Program Files (x86)\Cypress\PSoC Creator\3.0\PSoC Creator\psoc\content\cycomponentlibrary\CyComponentLibrary.cylib\CortexM3\ARM_GCC_473\Debug\CyComponentLibrary.a" -Wl,--end-group
cyelftool.exe -C C:\Users\Ryan\Documents\summer2014\SensorRead\RadiationRead.cydsn\CortexM3\ARM_GCC_473\Debug\RadiationRead.elf --flash_size 262144 --flash_row_size 256
cyelftool.exe -S C:\Users\Ryan\Documents\summer2014\SensorRead\RadiationRead.cydsn\CortexM3\ARM_GCC_473\Debug\RadiationRead.elf
Flash used: 16968 of 262144 bytes (6.5 %).
SRAM used: 20941 of 65536 bytes (32.0 %).
--------------- Build Succeeded: 05/09/2014 17:12:33 ---------------
