--------------- Rebuild Started: 04/22/2014 15:12:02 Project: RadiationRead, Configuration: ARM GCC 4.7.3 Debug ---------------
cydsfit.exe "-.appdatapath" "C:\Users\Kevin\AppData\Local\Cypress Semiconductor\PSoC Creator\3.0" "-.fdsnotice" "-.fdswarpdepfile=warp_dependencies.txt" "-.fdselabdepfile=elab_dependencies.txt" "-.fdsbldfile=generated_files.txt" "-p" "C:\Users\Kevin\Google Drive\PSoC_Sensor tutorial\SensorRead\RadiationRead.cydsn\RadiationRead.cyprj" "-d" "CY8C5868AXI-LP035" "-s" "C:\Users\Kevin\Google Drive\PSoC_Sensor tutorial\SensorRead\RadiationRead.cydsn\Generated_Source\PSoC5" "--" "-yv2" "-v3" "-ygs" "-q10" "-o2" "-.fftcfgtype=LE"
Elaborating Design...
HDL Generation ...
Synthesis ...
Place and Route ...
Tech mapping ...
Info: mpr.M0037: Unused pieces of the design have been optimized out. See the Tech mapping section of the report file for details. (App=cydsfit)
Analog Placement ...
Analog Routing ...
Analog Code Generation ...
Digital Placement ...
Info: plm.M0038: The pin named PT100_Pos(0) at location P0[3] prevents usage of special purposes: DSM:ExtVref. (App=cydsfit)
Info: plm.M0038: The pin named Pyrano_DOWN_Pos(0) at location P3[2] prevents usage of special purposes: DSM:ExtVref. (App=cydsfit)
Digital Routing ...
Bitstream Generation ...
Static timing analysis ...
API Generation ...
Dependency Generation ...
Clean Temporary Files ...
arm-none-eabi-gcc.exe -I. -I./Generated_Source/PSoC5 -Wno-main -mcpu=cortex-m3 -mthumb -Wall -g -D DEBUG -Wa,-alh=.\CortexM3\ARM_GCC_473\Debug\main.lst -ffunction-sections -c .\main.c -o .\CortexM3\ARM_GCC_473\Debug\main.o
.\main.c: In function 'main':
.\main.c:49:15: warning: unused variable 'x' [-Wunused-variable]
.\main.c:47:19: warning: variable 'fake' set but not used [-Wunused-but-set-variable]
arm-none-eabi-gcc.exe -I. -I./Generated_Source/PSoC5 -Wno-main -mcpu=cortex-m3 -mthumb -Wall -g -D DEBUG -Wa,-alh=.\CortexM3\ARM_GCC_473\Debug\cyfitter_cfg.lst -ffunction-sections -c .\Generated_Source\PSoC5\cyfitter_cfg.c -o .\CortexM3\ARM_GCC_473\Debug\cyfitter_cfg.o
arm-none-eabi-gcc.exe -I. -I./Generated_Source/PSoC5 -Wno-main -mcpu=cortex-m3 -mthumb -Wall -g -D DEBUG -Wa,-alh=.\CortexM3\ARM_GCC_473\Debug\cymetadata.lst -ffunction-sections -c .\Generated_Source\PSoC5\cymetadata.c -o .\CortexM3\ARM_GCC_473\Debug\cymetadata.o
arm-none-eabi-gcc.exe -I. -I./Generated_Source/PSoC5 -Wno-main -mcpu=cortex-m3 -mthumb -Wall -g -D DEBUG -Wa,-alh=.\CortexM3\ARM_GCC_473\Debug\Cm3Start.lst -ffunction-sections -c .\Generated_Source\PSoC5\Cm3Start.c -o .\CortexM3\ARM_GCC_473\Debug\Cm3Start.o
arm-none-eabi-as.exe -I. -I./Generated_Source/PSoC5 -mcpu=cortex-m3 -mthumb -g -alh=.\CortexM3\ARM_GCC_473\Debug/CyBootAsmGnu.lst -o .\CortexM3\ARM_GCC_473\Debug\CyBootAsmGnu.o .\Generated_Source\PSoC5\CyBootAsmGnu.s
arm-none-eabi-gcc.exe -I. -I./Generated_Source/PSoC5 -Wno-main -mcpu=cortex-m3 -mthumb -Wall -g -D DEBUG -Wa,-alh=.\CortexM3\ARM_GCC_473\Debug\CyDmac.lst -ffunction-sections -c .\Generated_Source\PSoC5\CyDmac.c -o .\CortexM3\ARM_GCC_473\Debug\CyDmac.o
arm-none-eabi-gcc.exe -I. -I./Generated_Source/PSoC5 -Wno-main -mcpu=cortex-m3 -mthumb -Wall -g -D DEBUG -Wa,-alh=.\CortexM3\ARM_GCC_473\Debug\CyFlash.lst -ffunction-sections -c .\Generated_Source\PSoC5\CyFlash.c -o .\CortexM3\ARM_GCC_473\Debug\CyFlash.o
arm-none-eabi-gcc.exe -I. -I./Generated_Source/PSoC5 -Wno-main -mcpu=cortex-m3 -mthumb -Wall -g -D DEBUG -Wa,-alh=.\CortexM3\ARM_GCC_473\Debug\CyLib.lst -ffunction-sections -c .\Generated_Source\PSoC5\CyLib.c -o .\CortexM3\ARM_GCC_473\Debug\CyLib.o
arm-none-eabi-gcc.exe -I. -I./Generated_Source/PSoC5 -Wno-main -mcpu=cortex-m3 -mthumb -Wall -g -D DEBUG -Wa,-alh=.\CortexM3\ARM_GCC_473\Debug\cyPm.lst -ffunction-sections -c .\Generated_Source\PSoC5\cyPm.c -o .\CortexM3\ARM_GCC_473\Debug\cyPm.o
arm-none-eabi-gcc.exe -I. -I./Generated_Source/PSoC5 -Wno-main -mcpu=cortex-m3 -mthumb -Wall -g -D DEBUG -Wa,-alh=.\CortexM3\ARM_GCC_473\Debug\CySpc.lst -ffunction-sections -c .\Generated_Source\PSoC5\CySpc.c -o .\CortexM3\ARM_GCC_473\Debug\CySpc.o
arm-none-eabi-gcc.exe -I. -I./Generated_Source/PSoC5 -Wno-main -mcpu=cortex-m3 -mthumb -Wall -g -D DEBUG -Wa,-alh=.\CortexM3\ARM_GCC_473\Debug\cyutils.lst -ffunction-sections -c .\Generated_Source\PSoC5\cyutils.c -o .\CortexM3\ARM_GCC_473\Debug\cyutils.o
arm-none-eabi-gcc.exe -I. -I./Generated_Source/PSoC5 -Wno-main -mcpu=cortex-m3 -mthumb -Wall -g -D DEBUG -Wa,-alh=.\CortexM3\ARM_GCC_473\Debug\ADC_DelSig.lst -ffunction-sections -c .\Generated_Source\PSoC5\ADC_DelSig.c -o .\CortexM3\ARM_GCC_473\Debug\ADC_DelSig.o
arm-none-eabi-gcc.exe -I. -I./Generated_Source/PSoC5 -Wno-main -mcpu=cortex-m3 -mthumb -Wall -g -D DEBUG -Wa,-alh=.\CortexM3\ARM_GCC_473\Debug\ADC_DelSig_PM.lst -ffunction-sections -c .\Generated_Source\PSoC5\ADC_DelSig_PM.c -o .\CortexM3\ARM_GCC_473\Debug\ADC_DelSig_PM.o
arm-none-eabi-gcc.exe -I. -I./Generated_Source/PSoC5 -Wno-main -mcpu=cortex-m3 -mthumb -Wall -g -D DEBUG -Wa,-alh=.\CortexM3\ARM_GCC_473\Debug\ADC_DelSig_INT.lst -ffunction-sections -c .\Generated_Source\PSoC5\ADC_DelSig_INT.c -o .\CortexM3\ARM_GCC_473\Debug\ADC_DelSig_INT.o
arm-none-eabi-gcc.exe -I. -I./Generated_Source/PSoC5 -Wno-main -mcpu=cortex-m3 -mthumb -Wall -g -D DEBUG -Wa,-alh=.\CortexM3\ARM_GCC_473\Debug\Pyrano_UP_Pos.lst -ffunction-sections -c .\Generated_Source\PSoC5\Pyrano_UP_Pos.c -o .\CortexM3\ARM_GCC_473\Debug\Pyrano_UP_Pos.o
arm-none-eabi-gcc.exe -I. -I./Generated_Source/PSoC5 -Wno-main -mcpu=cortex-m3 -mthumb -Wall -g -D DEBUG -Wa,-alh=.\CortexM3\ARM_GCC_473\Debug\Pyrano_DOWN_Pos.lst -ffunction-sections -c .\Generated_Source\PSoC5\Pyrano_DOWN_Pos.c -o .\CortexM3\ARM_GCC_473\Debug\Pyrano_DOWN_Pos.o
arm-none-eabi-gcc.exe -I. -I./Generated_Source/PSoC5 -Wno-main -mcpu=cortex-m3 -mthumb -Wall -g -D DEBUG -Wa,-alh=.\CortexM3\ARM_GCC_473\Debug\Pyrgeo_UP_Pos.lst -ffunction-sections -c .\Generated_Source\PSoC5\Pyrgeo_UP_Pos.c -o .\CortexM3\ARM_GCC_473\Debug\Pyrgeo_UP_Pos.o
arm-none-eabi-gcc.exe -I. -I./Generated_Source/PSoC5 -Wno-main -mcpu=cortex-m3 -mthumb -Wall -g -D DEBUG -Wa,-alh=.\CortexM3\ARM_GCC_473\Debug\Pyrgeo_DOWN_Pos.lst -ffunction-sections -c .\Generated_Source\PSoC5\Pyrgeo_DOWN_Pos.c -o .\CortexM3\ARM_GCC_473\Debug\Pyrgeo_DOWN_Pos.o
arm-none-eabi-gcc.exe -I. -I./Generated_Source/PSoC5 -Wno-main -mcpu=cortex-m3 -mthumb -Wall -g -D DEBUG -Wa,-alh=.\CortexM3\ARM_GCC_473\Debug\Pyrano_UP_Neg.lst -ffunction-sections -c .\Generated_Source\PSoC5\Pyrano_UP_Neg.c -o .\CortexM3\ARM_GCC_473\Debug\Pyrano_UP_Neg.o
arm-none-eabi-gcc.exe -I. -I./Generated_Source/PSoC5 -Wno-main -mcpu=cortex-m3 -mthumb -Wall -g -D DEBUG -Wa,-alh=.\CortexM3\ARM_GCC_473\Debug\Pyrano_DOWN_Neg.lst -ffunction-sections -c .\Generated_Source\PSoC5\Pyrano_DOWN_Neg.c -o .\CortexM3\ARM_GCC_473\Debug\Pyrano_DOWN_Neg.o
arm-none-eabi-gcc.exe -I. -I./Generated_Source/PSoC5 -Wno-main -mcpu=cortex-m3 -mthumb -Wall -g -D DEBUG -Wa,-alh=.\CortexM3\ARM_GCC_473\Debug\Pyrgeo_UP_Neg.lst -ffunction-sections -c .\Generated_Source\PSoC5\Pyrgeo_UP_Neg.c -o .\CortexM3\ARM_GCC_473\Debug\Pyrgeo_UP_Neg.o
arm-none-eabi-gcc.exe -I. -I./Generated_Source/PSoC5 -Wno-main -mcpu=cortex-m3 -mthumb -Wall -g -D DEBUG -Wa,-alh=.\CortexM3\ARM_GCC_473\Debug\Pyrgeo_DOWN_Neg.lst -ffunction-sections -c .\Generated_Source\PSoC5\Pyrgeo_DOWN_Neg.c -o .\CortexM3\ARM_GCC_473\Debug\Pyrgeo_DOWN_Neg.o
arm-none-eabi-gcc.exe -I. -I./Generated_Source/PSoC5 -Wno-main -mcpu=cortex-m3 -mthumb -Wall -g -D DEBUG -Wa,-alh=.\CortexM3\ARM_GCC_473\Debug\ADC_DelSig_Ext_CP_Clk.lst -ffunction-sections -c .\Generated_Source\PSoC5\ADC_DelSig_Ext_CP_Clk.c -o .\CortexM3\ARM_GCC_473\Debug\ADC_DelSig_Ext_CP_Clk.o
arm-none-eabi-gcc.exe -I. -I./Generated_Source/PSoC5 -Wno-main -mcpu=cortex-m3 -mthumb -Wall -g -D DEBUG -Wa,-alh=.\CortexM3\ARM_GCC_473\Debug\ADC_DelSig_IRQ.lst -ffunction-sections -c .\Generated_Source\PSoC5\ADC_DelSig_IRQ.c -o .\CortexM3\ARM_GCC_473\Debug\ADC_DelSig_IRQ.o
arm-none-eabi-gcc.exe -I. -I./Generated_Source/PSoC5 -Wno-main -mcpu=cortex-m3 -mthumb -Wall -g -D DEBUG -Wa,-alh=.\CortexM3\ARM_GCC_473\Debug\ADC_DelSig_theACLK.lst -ffunction-sections -c .\Generated_Source\PSoC5\ADC_DelSig_theACLK.c -o .\CortexM3\ARM_GCC_473\Debug\ADC_DelSig_theACLK.o
arm-none-eabi-gcc.exe -I. -I./Generated_Source/PSoC5 -Wno-main -mcpu=cortex-m3 -mthumb -Wall -g -D DEBUG -Wa,-alh=.\CortexM3\ARM_GCC_473\Debug\AMux.lst -ffunction-sections -c .\Generated_Source\PSoC5\AMux.c -o .\CortexM3\ARM_GCC_473\Debug\AMux.o
arm-none-eabi-gcc.exe -I. -I./Generated_Source/PSoC5 -Wno-main -mcpu=cortex-m3 -mthumb -Wall -g -D DEBUG -Wa,-alh=.\CortexM3\ARM_GCC_473\Debug\PT100_Pos.lst -ffunction-sections -c .\Generated_Source\PSoC5\PT100_Pos.c -o .\CortexM3\ARM_GCC_473\Debug\PT100_Pos.o
arm-none-eabi-gcc.exe -I. -I./Generated_Source/PSoC5 -Wno-main -mcpu=cortex-m3 -mthumb -Wall -g -D DEBUG -Wa,-alh=.\CortexM3\ARM_GCC_473\Debug\PT100_Neg.lst -ffunction-sections -c .\Generated_Source\PSoC5\PT100_Neg.c -o .\CortexM3\ARM_GCC_473\Debug\PT100_Neg.o
arm-none-eabi-gcc.exe -I. -I./Generated_Source/PSoC5 -Wno-main -mcpu=cortex-m3 -mthumb -Wall -g -D DEBUG -Wa,-alh=.\CortexM3\ARM_GCC_473\Debug\PT100_Ref_Pos.lst -ffunction-sections -c .\Generated_Source\PSoC5\PT100_Ref_Pos.c -o .\CortexM3\ARM_GCC_473\Debug\PT100_Ref_Pos.o
arm-none-eabi-gcc.exe -I. -I./Generated_Source/PSoC5 -Wno-main -mcpu=cortex-m3 -mthumb -Wall -g -D DEBUG -Wa,-alh=.\CortexM3\ARM_GCC_473\Debug\PT100_Ref_Neg.lst -ffunction-sections -c .\Generated_Source\PSoC5\PT100_Ref_Neg.c -o .\CortexM3\ARM_GCC_473\Debug\PT100_Ref_Neg.o
arm-none-eabi-ar.exe -rs .\CortexM3\ARM_GCC_473\Debug\RadiationRead.a .\CortexM3\ARM_GCC_473\Debug\cyfitter_cfg.o .\CortexM3\ARM_GCC_473\Debug\CyBootAsmGnu.o .\CortexM3\ARM_GCC_473\Debug\CyDmac.o .\CortexM3\ARM_GCC_473\Debug\CyFlash.o .\CortexM3\ARM_GCC_473\Debug\CyLib.o .\CortexM3\ARM_GCC_473\Debug\cyPm.o .\CortexM3\ARM_GCC_473\Debug\CySpc.o .\CortexM3\ARM_GCC_473\Debug\cyutils.o .\CortexM3\ARM_GCC_473\Debug\ADC_DelSig.o .\CortexM3\ARM_GCC_473\Debug\ADC_DelSig_PM.o .\CortexM3\ARM_GCC_473\Debug\ADC_DelSig_INT.o .\CortexM3\ARM_GCC_473\Debug\Pyrano_UP_Pos.o .\CortexM3\ARM_GCC_473\Debug\Pyrano_DOWN_Pos.o .\CortexM3\ARM_GCC_473\Debug\Pyrgeo_UP_Pos.o .\CortexM3\ARM_GCC_473\Debug\Pyrgeo_DOWN_Pos.o .\CortexM3\ARM_GCC_473\Debug\Pyrano_UP_Neg.o .\CortexM3\ARM_GCC_473\Debug\Pyrano_DOWN_Neg.o .\CortexM3\ARM_GCC_473\Debug\Pyrgeo_UP_Neg.o .\CortexM3\ARM_GCC_473\Debug\Pyrgeo_DOWN_Neg.o .\CortexM3\ARM_GCC_473\Debug\ADC_DelSig_Ext_CP_Clk.o .\CortexM3\ARM_GCC_473\Debug\ADC_DelSig_IRQ.o .\CortexM3\ARM_GCC_473\Debug\ADC_DelSig_theACLK.o .\CortexM3\ARM_GCC_473\Debug\AMux.o .\CortexM3\ARM_GCC_473\Debug\PT100_Pos.o .\CortexM3\ARM_GCC_473\Debug\PT100_Neg.o .\CortexM3\ARM_GCC_473\Debug\PT100_Ref_Pos.o .\CortexM3\ARM_GCC_473\Debug\PT100_Ref_Neg.o
arm-none-eabi-ar.exe: creating .\CortexM3\ARM_GCC_473\Debug\RadiationRead.a
arm-none-eabi-gcc.exe -mthumb -march=armv7-m -mfix-cortex-m3-ldrd -T .\Generated_Source\PSoC5\cm3gcc.ld -g -Wl,-Map,.\CortexM3\ARM_GCC_473\Debug\RadiationRead.map -specs=nano.specs -Wl,--gc-sections -Wl,--start-group -o .\CortexM3\ARM_GCC_473\Debug\RadiationRead.elf .\CortexM3\ARM_GCC_473\Debug\main.o .\CortexM3\ARM_GCC_473\Debug\cymetadata.o .\CortexM3\ARM_GCC_473\Debug\Cm3Start.o .\CortexM3\ARM_GCC_473\Debug\RadiationRead.a "C:\Program Files (x86)\Cypress\PSoC Creator\3.0\PSoC Creator\psoc\content\cycomponentlibrary\CyComponentLibrary.cylib\CortexM3\ARM_GCC_473\Debug\CyComponentLibrary.a" -Wl,--end-group
cyelftool.exe -C "C:\Users\Kevin\Google Drive\PSoC_Sensor tutorial\SensorRead\RadiationRead.cydsn\CortexM3\ARM_GCC_473\Debug\RadiationRead.elf" --flash_size 262144 --flash_row_size 256
cyelftool.exe -S "C:\Users\Kevin\Google Drive\PSoC_Sensor tutorial\SensorRead\RadiationRead.cydsn\CortexM3\ARM_GCC_473\Debug\RadiationRead.elf"
Flash used: 12726 of 262144 bytes (4.9 %).
SRAM used: 20821 of 65536 bytes (31.8 %).
--------------- Rebuild Succeeded: 04/22/2014 15:13:08 ---------------
