ARM GAS  C:\Users\Ryan\AppData\Local\Temp\ccCLWXZH.s 			page 1


   1              		.syntax unified
   2              		.cpu cortex-m3
   3              		.fpu softvfp
   4              		.eabi_attribute 20, 1
   5              		.eabi_attribute 21, 1
   6              		.eabi_attribute 23, 3
   7              		.eabi_attribute 24, 1
   8              		.eabi_attribute 25, 1
   9              		.eabi_attribute 26, 1
  10              		.eabi_attribute 30, 6
  11              		.eabi_attribute 34, 1
  12              		.eabi_attribute 18, 4
  13              		.thumb
  14              		.file	"cymetadata.c"
  15              		.text
  16              	.Ltext0:
  17              		.cfi_sections	.debug_frame
  18              		.global	cy_meta_configecc
  19              		.section	.cyconfigecc,"a",%progbits
  20              		.align	2
  21              		.type	cy_meta_configecc, %object
  22              		.size	cy_meta_configecc, 676
  23              	cy_meta_configecc:
  24 0000 03       		.byte	3
  25 0001 52       		.byte	82
  26 0002 00       		.byte	0
  27 0003 40       		.byte	64
  28 0004 01       		.byte	1
  29 0005 65       		.byte	101
  30 0006 00       		.byte	0
  31 0007 40       		.byte	64
  32 0008 5F       		.byte	95
  33 0009 14       		.byte	20
  34 000a 01       		.byte	1
  35 000b 40       		.byte	64
  36 000c 43       		.byte	67
  37 000d 15       		.byte	21
  38 000e 01       		.byte	1
  39 000f 40       		.byte	64
  40 0010 50       		.byte	80
  41 0011 16       		.byte	22
  42 0012 01       		.byte	1
  43 0013 40       		.byte	64
  44 0014 34       		.byte	52
  45 0015 17       		.byte	23
  46 0016 01       		.byte	1
  47 0017 40       		.byte	64
  48 0018 01       		.byte	1
  49 0019 48       		.byte	72
  50 001a 01       		.byte	1
  51 001b 40       		.byte	64
  52 001c 0A       		.byte	10
  53 001d 49       		.byte	73
  54 001e 01       		.byte	1
  55 001f 40       		.byte	64
  56 0020 02       		.byte	2
  57 0021 50       		.byte	80
ARM GAS  C:\Users\Ryan\AppData\Local\Temp\ccCLWXZH.s 			page 2


  58 0022 01       		.byte	1
  59 0023 40       		.byte	64
  60 0024 18       		.byte	24
  61 0025 30       		.byte	48
  62 0026 19       		.byte	25
  63 0027 20       		.byte	32
  64 0028 1C       		.byte	28
  65 0029 08       		.byte	8
  66 002a 87       		.byte	-121
  67 002b 1B       		.byte	27
  68 002c 05       		.byte	5
  69 002d 03       		.byte	3
  70 002e 09       		.byte	9
  71 002f 03       		.byte	3
  72 0030 0D       		.byte	13
  73 0031 03       		.byte	3
  74 0032 13       		.byte	19
  75 0033 03       		.byte	3
  76 0034 17       		.byte	23
  77 0035 02       		.byte	2
  78 0036 1D       		.byte	29
  79 0037 03       		.byte	3
  80 0038 31       		.byte	49
  81 0039 01       		.byte	1
  82 003a 33       		.byte	51
  83 003b 02       		.byte	2
  84 003c 3F       		.byte	63
  85 003d 05       		.byte	5
  86 003e 40       		.byte	64
  87 003f 24       		.byte	36
  88 0040 41       		.byte	65
  89 0041 03       		.byte	3
  90 0042 42       		.byte	66
  91 0043 50       		.byte	80
  92 0044 44       		.byte	68
  93 0045 06       		.byte	6
  94 0046 45       		.byte	69
  95 0047 CE       		.byte	-50
  96 0048 46       		.byte	70
  97 0049 F0       		.byte	-16
  98 004a 47       		.byte	71
  99 004b 0D       		.byte	13
 100 004c 48       		.byte	72
 101 004d 1B       		.byte	27
 102 004e 49       		.byte	73
 103 004f FF       		.byte	-1
 104 0050 4A       		.byte	74
 105 0051 FF       		.byte	-1
 106 0052 4B       		.byte	75
 107 0053 FF       		.byte	-1
 108 0054 4C       		.byte	76
 109 0055 02       		.byte	2
 110 0056 4E       		.byte	78
 111 0057 70       		.byte	112
 112 0058 4F       		.byte	79
 113 0059 08       		.byte	8
 114 005a 50       		.byte	80
ARM GAS  C:\Users\Ryan\AppData\Local\Temp\ccCLWXZH.s 			page 3


 115 005b 04       		.byte	4
 116 005c 54       		.byte	84
 117 005d 40       		.byte	64
 118 005e 59       		.byte	89
 119 005f 04       		.byte	4
 120 0060 5A       		.byte	90
 121 0061 04       		.byte	4
 122 0062 5B       		.byte	91
 123 0063 04       		.byte	4
 124 0064 5F       		.byte	95
 125 0065 01       		.byte	1
 126 0066 62       		.byte	98
 127 0067 C0       		.byte	-64
 128 0068 64       		.byte	100
 129 0069 40       		.byte	64
 130 006a 65       		.byte	101
 131 006b 01       		.byte	1
 132 006c 66       		.byte	102
 133 006d 10       		.byte	16
 134 006e 67       		.byte	103
 135 006f 11       		.byte	17
 136 0070 68       		.byte	104
 137 0071 C0       		.byte	-64
 138 0072 69       		.byte	105
 139 0073 01       		.byte	1
 140 0074 6B       		.byte	107
 141 0075 11       		.byte	17
 142 0076 6C       		.byte	108
 143 0077 40       		.byte	64
 144 0078 6D       		.byte	109
 145 0079 01       		.byte	1
 146 007a 6E       		.byte	110
 147 007b 40       		.byte	64
 148 007c 6F       		.byte	111
 149 007d 01       		.byte	1
 150 007e 80       		.byte	-128
 151 007f 04       		.byte	4
 152 0080 84       		.byte	-124
 153 0081 04       		.byte	4
 154 0082 85       		.byte	-123
 155 0083 01       		.byte	1
 156 0084 88       		.byte	-120
 157 0085 07       		.byte	7
 158 0086 8A       		.byte	-118
 159 0087 38       		.byte	56
 160 0088 8C       		.byte	-116
 161 0089 04       		.byte	4
 162 008a 8F       		.byte	-113
 163 008b 03       		.byte	3
 164 008c 92       		.byte	-110
 165 008d 04       		.byte	4
 166 008e 94       		.byte	-108
 167 008f 01       		.byte	1
 168 0090 98       		.byte	-104
 169 0091 60       		.byte	96
 170 0092 9B       		.byte	-101
 171 0093 02       		.byte	2
ARM GAS  C:\Users\Ryan\AppData\Local\Temp\ccCLWXZH.s 			page 4


 172 0094 9C       		.byte	-100
 173 0095 56       		.byte	86
 174 0096 9E       		.byte	-98
 175 0097 09       		.byte	9
 176 0098 A0       		.byte	-96
 177 0099 04       		.byte	4
 178 009a A4       		.byte	-92
 179 009b 04       		.byte	4
 180 009c A8       		.byte	-88
 181 009d 0A       		.byte	10
 182 009e AA       		.byte	-86
 183 009f 10       		.byte	16
 184 00a0 AB       		.byte	-85
 185 00a1 03       		.byte	3
 186 00a2 B2       		.byte	-78
 187 00a3 7F       		.byte	127
 188 00a4 B3       		.byte	-77
 189 00a5 03       		.byte	3
 190 00a6 B6       		.byte	-74
 191 00a7 02       		.byte	2
 192 00a8 B8       		.byte	-72
 193 00a9 08       		.byte	8
 194 00aa BE       		.byte	-66
 195 00ab 40       		.byte	64
 196 00ac C0       		.byte	-64
 197 00ad 24       		.byte	36
 198 00ae C1       		.byte	-63
 199 00af 03       		.byte	3
 200 00b0 C2       		.byte	-62
 201 00b1 50       		.byte	80
 202 00b2 C4       		.byte	-60
 203 00b3 06       		.byte	6
 204 00b4 C5       		.byte	-59
 205 00b5 0B       		.byte	11
 206 00b6 C8       		.byte	-56
 207 00b7 01       		.byte	1
 208 00b8 C9       		.byte	-55
 209 00b9 3F       		.byte	63
 210 00ba CA       		.byte	-54
 211 00bb FF       		.byte	-1
 212 00bc CB       		.byte	-53
 213 00bd FF       		.byte	-1
 214 00be CC       		.byte	-52
 215 00bf 23       		.byte	35
 216 00c0 CE       		.byte	-50
 217 00c1 D0       		.byte	-48
 218 00c2 CF       		.byte	-49
 219 00c3 08       		.byte	8
 220 00c4 D0       		.byte	-48
 221 00c5 04       		.byte	4
 222 00c6 D4       		.byte	-44
 223 00c7 09       		.byte	9
 224 00c8 D8       		.byte	-40
 225 00c9 04       		.byte	4
 226 00ca D9       		.byte	-39
 227 00cb 04       		.byte	4
 228 00cc DA       		.byte	-38
ARM GAS  C:\Users\Ryan\AppData\Local\Temp\ccCLWXZH.s 			page 5


 229 00cd 04       		.byte	4
 230 00ce DB       		.byte	-37
 231 00cf 04       		.byte	4
 232 00d0 DF       		.byte	-33
 233 00d1 01       		.byte	1
 234 00d2 E2       		.byte	-30
 235 00d3 C0       		.byte	-64
 236 00d4 E4       		.byte	-28
 237 00d5 40       		.byte	64
 238 00d6 E5       		.byte	-27
 239 00d7 01       		.byte	1
 240 00d8 E6       		.byte	-26
 241 00d9 10       		.byte	16
 242 00da E7       		.byte	-25
 243 00db 11       		.byte	17
 244 00dc E8       		.byte	-24
 245 00dd C0       		.byte	-64
 246 00de E9       		.byte	-23
 247 00df 01       		.byte	1
 248 00e0 EB       		.byte	-21
 249 00e1 11       		.byte	17
 250 00e2 EC       		.byte	-20
 251 00e3 40       		.byte	64
 252 00e4 ED       		.byte	-19
 253 00e5 01       		.byte	1
 254 00e6 EE       		.byte	-18
 255 00e7 40       		.byte	64
 256 00e8 EF       		.byte	-17
 257 00e9 01       		.byte	1
 258 00ea 04       		.byte	4
 259 00eb 88       		.byte	-120
 260 00ec 07       		.byte	7
 261 00ed 44       		.byte	68
 262 00ee 0C       		.byte	12
 263 00ef 40       		.byte	64
 264 00f0 0D       		.byte	13
 265 00f1 02       		.byte	2
 266 00f2 0E       		.byte	14
 267 00f3 10       		.byte	16
 268 00f4 0F       		.byte	15
 269 00f5 08       		.byte	8
 270 00f6 14       		.byte	20
 271 00f7 04       		.byte	4
 272 00f8 15       		.byte	21
 273 00f9 04       		.byte	4
 274 00fa 17       		.byte	23
 275 00fb 01       		.byte	1
 276 00fc 1D       		.byte	29
 277 00fd 40       		.byte	64
 278 00fe 1E       		.byte	30
 279 00ff 10       		.byte	16
 280 0100 21       		.byte	33
 281 0101 08       		.byte	8
 282 0102 23       		.byte	35
 283 0103 40       		.byte	64
 284 0104 27       		.byte	39
 285 0105 10       		.byte	16
ARM GAS  C:\Users\Ryan\AppData\Local\Temp\ccCLWXZH.s 			page 6


 286 0106 2C       		.byte	44
 287 0107 04       		.byte	4
 288 0108 30       		.byte	48
 289 0109 0A       		.byte	10
 290 010a 33       		.byte	51
 291 010b 41       		.byte	65
 292 010c 37       		.byte	55
 293 010d 10       		.byte	16
 294 010e 38       		.byte	56
 295 010f 80       		.byte	-128
 296 0110 39       		.byte	57
 297 0111 24       		.byte	36
 298 0112 3D       		.byte	61
 299 0113 08       		.byte	8
 300 0114 3E       		.byte	62
 301 0115 80       		.byte	-128
 302 0116 40       		.byte	64
 303 0117 28       		.byte	40
 304 0118 41       		.byte	65
 305 0119 01       		.byte	1
 306 011a 42       		.byte	66
 307 011b 80       		.byte	-128
 308 011c 44       		.byte	68
 309 011d 6C       		.byte	108
 310 011e 45       		.byte	69
 311 011f 04       		.byte	4
 312 0120 46       		.byte	70
 313 0121 80       		.byte	-128
 314 0122 47       		.byte	71
 315 0123 04       		.byte	4
 316 0124 49       		.byte	73
 317 0125 2A       		.byte	42
 318 0126 4A       		.byte	74
 319 0127 01       		.byte	1
 320 0128 4B       		.byte	75
 321 0129 40       		.byte	64
 322 012a 4D       		.byte	77
 323 012b 20       		.byte	32
 324 012c 4F       		.byte	79
 325 012d 48       		.byte	72
 326 012e 50       		.byte	80
 327 012f 08       		.byte	8
 328 0130 51       		.byte	81
 329 0131 20       		.byte	32
 330 0132 5C       		.byte	92
 331 0133 80       		.byte	-128
 332 0134 5D       		.byte	93
 333 0135 18       		.byte	24
 334 0136 5E       		.byte	94
 335 0137 02       		.byte	2
 336 0138 61       		.byte	97
 337 0139 28       		.byte	40
 338 013a 63       		.byte	99
 339 013b 01       		.byte	1
 340 013c 65       		.byte	101
 341 013d 40       		.byte	64
 342 013e 80       		.byte	-128
ARM GAS  C:\Users\Ryan\AppData\Local\Temp\ccCLWXZH.s 			page 7


 343 013f 08       		.byte	8
 344 0140 81       		.byte	-127
 345 0141 20       		.byte	32
 346 0142 83       		.byte	-125
 347 0143 01       		.byte	1
 348 0144 85       		.byte	-123
 349 0145 12       		.byte	18
 350 0146 89       		.byte	-119
 351 0147 12       		.byte	18
 352 0148 8F       		.byte	-113
 353 0149 10       		.byte	16
 354 014a 90       		.byte	-112
 355 014b 88       		.byte	-120
 356 014c 91       		.byte	-111
 357 014d 26       		.byte	38
 358 014e 98       		.byte	-104
 359 014f 84       		.byte	-124
 360 0150 9B       		.byte	-101
 361 0151 40       		.byte	64
 362 0152 9D       		.byte	-99
 363 0153 02       		.byte	2
 364 0154 A0       		.byte	-96
 365 0155 02       		.byte	2
 366 0156 A1       		.byte	-95
 367 0157 04       		.byte	4
 368 0158 AC       		.byte	-84
 369 0159 84       		.byte	-124
 370 015a C0       		.byte	-64
 371 015b F0       		.byte	-16
 372 015c C2       		.byte	-62
 373 015d F0       		.byte	-16
 374 015e C4       		.byte	-60
 375 015f 70       		.byte	112
 376 0160 CA       		.byte	-54
 377 0161 20       		.byte	32
 378 0162 CC       		.byte	-52
 379 0163 2B       		.byte	43
 380 0164 CE       		.byte	-50
 381 0165 5E       		.byte	94
 382 0166 D0       		.byte	-48
 383 0167 E7       		.byte	-25
 384 0168 D2       		.byte	-46
 385 0169 3C       		.byte	60
 386 016a D6       		.byte	-42
 387 016b F0       		.byte	-16
 388 016c D8       		.byte	-40
 389 016d 1E       		.byte	30
 390 016e E6       		.byte	-26
 391 016f 40       		.byte	64
 392 0170 00       		.byte	0
 393 0171 04       		.byte	4
 394 0172 01       		.byte	1
 395 0173 34       		.byte	52
 396 0174 04       		.byte	4
 397 0175 10       		.byte	16
 398 0176 05       		.byte	5
 399 0177 11       		.byte	17
ARM GAS  C:\Users\Ryan\AppData\Local\Temp\ccCLWXZH.s 			page 8


 400 0178 07       		.byte	7
 401 0179 06       		.byte	6
 402 017a 08       		.byte	8
 403 017b 58       		.byte	88
 404 017c 09       		.byte	9
 405 017d 20       		.byte	32
 406 017e 0A       		.byte	10
 407 017f 87       		.byte	-121
 408 0180 0B       		.byte	11
 409 0181 14       		.byte	20
 410 0182 0C       		.byte	12
 411 0183 14       		.byte	20
 412 0184 0D       		.byte	13
 413 0185 34       		.byte	52
 414 0186 10       		.byte	16
 415 0187 14       		.byte	20
 416 0188 11       		.byte	17
 417 0189 14       		.byte	20
 418 018a 13       		.byte	19
 419 018b 20       		.byte	32
 420 018c 14       		.byte	20
 421 018d 43       		.byte	67
 422 018e 15       		.byte	21
 423 018f 38       		.byte	56
 424 0190 16       		.byte	22
 425 0191 B0       		.byte	-80
 426 0192 17       		.byte	23
 427 0193 03       		.byte	3
 428 0194 18       		.byte	24
 429 0195 26       		.byte	38
 430 0196 19       		.byte	25
 431 0197 14       		.byte	20
 432 0198 1A       		.byte	26
 433 0199 49       		.byte	73
 434 019a 1B       		.byte	27
 435 019b 20       		.byte	32
 436 019c 1C       		.byte	28
 437 019d E0       		.byte	-32
 438 019e 20       		.byte	32
 439 019f 10       		.byte	16
 440 01a0 21       		.byte	33
 441 01a1 20       		.byte	32
 442 01a2 22       		.byte	34
 443 01a3 04       		.byte	4
 444 01a4 24       		.byte	36
 445 01a5 04       		.byte	4
 446 01a6 25       		.byte	37
 447 01a7 17       		.byte	23
 448 01a8 26       		.byte	38
 449 01a9 10       		.byte	16
 450 01aa 27       		.byte	39
 451 01ab 28       		.byte	40
 452 01ac 28       		.byte	40
 453 01ad 10       		.byte	16
 454 01ae 29       		.byte	41
 455 01af 09       		.byte	9
 456 01b0 2A       		.byte	42
ARM GAS  C:\Users\Ryan\AppData\Local\Temp\ccCLWXZH.s 			page 9


 457 01b1 04       		.byte	4
 458 01b2 2B       		.byte	43
 459 01b3 16       		.byte	22
 460 01b4 32       		.byte	50
 461 01b5 1E       		.byte	30
 462 01b6 33       		.byte	51
 463 01b7 38       		.byte	56
 464 01b8 34       		.byte	52
 465 01b9 01       		.byte	1
 466 01ba 35       		.byte	53
 467 01bb 07       		.byte	7
 468 01bc 36       		.byte	54
 469 01bd E2       		.byte	-30
 470 01be 38       		.byte	56
 471 01bf 80       		.byte	-128
 472 01c0 3A       		.byte	58
 473 01c1 08       		.byte	8
 474 01c2 3B       		.byte	59
 475 01c3 20       		.byte	32
 476 01c4 3E       		.byte	62
 477 01c5 10       		.byte	16
 478 01c6 58       		.byte	88
 479 01c7 04       		.byte	4
 480 01c8 59       		.byte	89
 481 01c9 04       		.byte	4
 482 01ca 5F       		.byte	95
 483 01cb 01       		.byte	1
 484 01cc 80       		.byte	-128
 485 01cd 40       		.byte	64
 486 01ce 84       		.byte	-124
 487 01cf 0D       		.byte	13
 488 01d0 8C       		.byte	-116
 489 01d1 0D       		.byte	13
 490 01d2 90       		.byte	-112
 491 01d3 0D       		.byte	13
 492 01d4 91       		.byte	-111
 493 01d5 02       		.byte	2
 494 01d6 93       		.byte	-109
 495 01d7 0D       		.byte	13
 496 01d8 94       		.byte	-108
 497 01d9 62       		.byte	98
 498 01da 95       		.byte	-107
 499 01db 03       		.byte	3
 500 01dc 96       		.byte	-106
 501 01dd 14       		.byte	20
 502 01de 97       		.byte	-105
 503 01df 0C       		.byte	12
 504 01e0 98       		.byte	-104
 505 01e1 42       		.byte	66
 506 01e2 9A       		.byte	-102
 507 01e3 08       		.byte	8
 508 01e4 9C       		.byte	-100
 509 01e5 02       		.byte	2
 510 01e6 9E       		.byte	-98
 511 01e7 0D       		.byte	13
 512 01e8 A4       		.byte	-92
 513 01e9 11       		.byte	17
ARM GAS  C:\Users\Ryan\AppData\Local\Temp\ccCLWXZH.s 			page 10


 514 01ea A5       		.byte	-91
 515 01eb 09       		.byte	9
 516 01ec A6       		.byte	-90
 517 01ed 22       		.byte	34
 518 01ee A7       		.byte	-89
 519 01ef 06       		.byte	6
 520 01f0 A8       		.byte	-88
 521 01f1 0D       		.byte	13
 522 01f2 A9       		.byte	-87
 523 01f3 05       		.byte	5
 524 01f4 AB       		.byte	-85
 525 01f5 0A       		.byte	10
 526 01f6 AC       		.byte	-84
 527 01f7 0D       		.byte	13
 528 01f8 B1       		.byte	-79
 529 01f9 0F       		.byte	15
 530 01fa B4       		.byte	-76
 531 01fb 70       		.byte	112
 532 01fc B6       		.byte	-74
 533 01fd 0F       		.byte	15
 534 01fe B7       		.byte	-73
 535 01ff 0F       		.byte	15
 536 0200 BA       		.byte	-70
 537 0201 A0       		.byte	-96
 538 0202 BB       		.byte	-69
 539 0203 82       		.byte	-126
 540 0204 D6       		.byte	-42
 541 0205 02       		.byte	2
 542 0206 D7       		.byte	-41
 543 0207 20       		.byte	32
 544 0208 D8       		.byte	-40
 545 0209 04       		.byte	4
 546 020a D9       		.byte	-39
 547 020b 04       		.byte	4
 548 020c DB       		.byte	-37
 549 020d 04       		.byte	4
 550 020e DF       		.byte	-33
 551 020f 01       		.byte	1
 552 0210 00       		.byte	0
 553 0211 80       		.byte	-128
 554 0212 01       		.byte	1
 555 0213 06       		.byte	6
 556 0214 04       		.byte	4
 557 0215 88       		.byte	-120
 558 0216 05       		.byte	5
 559 0217 22       		.byte	34
 560 0218 08       		.byte	8
 561 0219 04       		.byte	4
 562 021a 09       		.byte	9
 563 021b 01       		.byte	1
 564 021c 0A       		.byte	10
 565 021d 06       		.byte	6
 566 021e 0C       		.byte	12
 567 021f 04       		.byte	4
 568 0220 0E       		.byte	14
 569 0221 29       		.byte	41
 570 0222 0F       		.byte	15
ARM GAS  C:\Users\Ryan\AppData\Local\Temp\ccCLWXZH.s 			page 11


 571 0223 80       		.byte	-128
 572 0224 10       		.byte	16
 573 0225 0A       		.byte	10
 574 0226 11       		.byte	17
 575 0227 08       		.byte	8
 576 0228 17       		.byte	23
 577 0229 15       		.byte	21
 578 022a 19       		.byte	25
 579 022b 20       		.byte	32
 580 022c 1A       		.byte	26
 581 022d 06       		.byte	6
 582 022e 1B       		.byte	27
 583 022f 20       		.byte	32
 584 0230 1C       		.byte	28
 585 0231 08       		.byte	8
 586 0232 1E       		.byte	30
 587 0233 21       		.byte	33
 588 0234 20       		.byte	32
 589 0235 01       		.byte	1
 590 0236 21       		.byte	33
 591 0237 02       		.byte	2
 592 0238 24       		.byte	36
 593 0239 0C       		.byte	12
 594 023a 25       		.byte	37
 595 023b 0C       		.byte	12
 596 023c 26       		.byte	38
 597 023d 04       		.byte	4
 598 023e 28       		.byte	40
 599 023f 04       		.byte	4
 600 0240 2B       		.byte	43
 601 0241 20       		.byte	32
 602 0242 2C       		.byte	44
 603 0243 04       		.byte	4
 604 0244 2D       		.byte	45
 605 0245 02       		.byte	2
 606 0246 2F       		.byte	47
 607 0247 20       		.byte	32
 608 0248 31       		.byte	49
 609 0249 0A       		.byte	10
 610 024a 36       		.byte	54
 611 024b 04       		.byte	4
 612 024c 37       		.byte	55
 613 024d 11       		.byte	17
 614 024e 3C       		.byte	60
 615 024f 84       		.byte	-124
 616 0250 3D       		.byte	61
 617 0251 02       		.byte	2
 618 0252 3E       		.byte	62
 619 0253 10       		.byte	16
 620 0254 3F       		.byte	63
 621 0255 81       		.byte	-127
 622 0256 60       		.byte	96
 623 0257 01       		.byte	1
 624 0258 68       		.byte	104
 625 0259 4A       		.byte	74
 626 025a 69       		.byte	105
 627 025b 24       		.byte	36
ARM GAS  C:\Users\Ryan\AppData\Local\Temp\ccCLWXZH.s 			page 12


 628 025c 6A       		.byte	106
 629 025d 10       		.byte	16
 630 025e 6B       		.byte	107
 631 025f 55       		.byte	85
 632 0260 70       		.byte	112
 633 0261 40       		.byte	64
 634 0262 73       		.byte	115
 635 0263 01       		.byte	1
 636 0264 89       		.byte	-119
 637 0265 21       		.byte	33
 638 0266 8A       		.byte	-118
 639 0267 01       		.byte	1
 640 0268 C0       		.byte	-64
 641 0269 FD       		.byte	-3
 642 026a C2       		.byte	-62
 643 026b FF       		.byte	-1
 644 026c C4       		.byte	-60
 645 026d 77       		.byte	119
 646 026e CA       		.byte	-54
 647 026f E6       		.byte	-26
 648 0270 CC       		.byte	-52
 649 0271 E3       		.byte	-29
 650 0272 CE       		.byte	-50
 651 0273 F0       		.byte	-16
 652 0274 D8       		.byte	-40
 653 0275 08       		.byte	8
 654 0276 E6       		.byte	-26
 655 0277 80       		.byte	-128
 656 0278 89       		.byte	-119
 657 0279 01       		.byte	1
 658 027a 04       		.byte	4
 659 027b 10       		.byte	16
 660 027c 5D       		.byte	93
 661 027d 01       		.byte	1
 662 027e 66       		.byte	102
 663 027f 01       		.byte	1
 664 0280 80       		.byte	-128
 665 0281 10       		.byte	16
 666 0282 8E       		.byte	-114
 667 0283 01       		.byte	1
 668 0284 91       		.byte	-111
 669 0285 01       		.byte	1
 670 0286 C0       		.byte	-64
 671 0287 80       		.byte	-128
 672 0288 D6       		.byte	-42
 673 0289 80       		.byte	-128
 674 028a D8       		.byte	-40
 675 028b 80       		.byte	-128
 676 028c E4       		.byte	-28
 677 028d 80       		.byte	-128
 678 028e 10       		.byte	16
 679 028f 01       		.byte	1
 680 0290 1A       		.byte	26
 681 0291 01       		.byte	1
 682 0292 00       		.byte	0
 683 0293 00       		.byte	0
 684 0294 00       		.byte	0
ARM GAS  C:\Users\Ryan\AppData\Local\Temp\ccCLWXZH.s 			page 13


 685 0295 7F       		.byte	127
 686 0296 7F       		.byte	127
 687 0297 00       		.byte	0
 688 0298 00       		.byte	0
 689 0299 00       		.byte	0
 690 029a 00       		.byte	0
 691 029b 00       		.byte	0
 692 029c 08       		.byte	8
 693 029d 30       		.byte	48
 694 029e 30       		.byte	48
 695 029f 00       		.byte	0
 696 02a0 30       		.byte	48
 697 02a1 00       		.byte	0
 698 02a2 00       		.byte	0
 699 02a3 00       		.byte	0
 700              		.global	cy_meta_custnvl
 701              		.section	.cycustnvl,"a",%progbits
 702              		.align	2
 703              		.type	cy_meta_custnvl, %object
 704              		.size	cy_meta_custnvl, 4
 705              	cy_meta_custnvl:
 706 0000 00       		.byte	0
 707 0001 00       		.byte	0
 708 0002 40       		.byte	64
 709 0003 05       		.byte	5
 710              		.global	cy_meta_wonvl
 711              		.section	.cywolatch,"a",%progbits
 712              		.align	2
 713              		.type	cy_meta_wonvl, %object
 714              		.size	cy_meta_wonvl, 4
 715              	cy_meta_wonvl:
 716 0000 BC       		.byte	-68
 717 0001 90       		.byte	-112
 718 0002 AC       		.byte	-84
 719 0003 AF       		.byte	-81
 720              		.global	cy_meta_flashprotect
 721              		.section	.cyflashprotect,"a",%progbits
 722              		.align	2
 723              		.type	cy_meta_flashprotect, %object
 724              		.size	cy_meta_flashprotect, 256
 725              	cy_meta_flashprotect:
 726 0000 00000000 		.space	256
 726      00000000 
 726      00000000 
 726      00000000 
 726      00000000 
 727              		.global	cy_metadata
 728              		.section	.cymeta,"a",%progbits
 729              		.align	2
 730              		.type	cy_metadata, %object
 731              		.size	cy_metadata, 12
 732              	cy_metadata:
 733 0000 00       		.byte	0
 734 0001 01       		.byte	1
 735 0002 2E       		.byte	46
 736 0003 12       		.byte	18
 737 0004 30       		.byte	48
ARM GAS  C:\Users\Ryan\AppData\Local\Temp\ccCLWXZH.s 			page 14


 738 0005 69       		.byte	105
 739 0006 00       		.byte	0
 740 0007 01       		.byte	1
 741 0008 00       		.byte	0
 742 0009 00       		.byte	0
 743 000a 00       		.byte	0
 744 000b 00       		.byte	0
 745              		.text
 746              	.Letext0:
 747              		.file 1 ".\\Generated_Source\\PSoC5\\cymetadata.c"
 748              		.file 2 ".\\Generated_Source\\PSoC5\\cytypes.h"
 749              		.section	.debug_info,"",%progbits
 750              	.Ldebug_info0:
 751 0000 3B010000 		.4byte	0x13b
 752 0004 0200     		.2byte	0x2
 753 0006 00000000 		.4byte	.Ldebug_abbrev0
 754 000a 04       		.byte	0x4
 755 000b 01       		.uleb128 0x1
 756 000c 52010000 		.4byte	.LASF18
 757 0010 01       		.byte	0x1
 758 0011 00000000 		.4byte	.LASF19
 759 0015 46000000 		.4byte	.LASF20
 760 0019 00000000 		.4byte	.Ldebug_line0
 761 001d 02       		.uleb128 0x2
 762 001e 01       		.byte	0x1
 763 001f 06       		.byte	0x6
 764 0020 A4010000 		.4byte	.LASF0
 765 0024 02       		.uleb128 0x2
 766 0025 01       		.byte	0x1
 767 0026 08       		.byte	0x8
 768 0027 38000000 		.4byte	.LASF1
 769 002b 02       		.uleb128 0x2
 770 002c 02       		.byte	0x2
 771 002d 05       		.byte	0x5
 772 002e 42010000 		.4byte	.LASF2
 773 0032 02       		.uleb128 0x2
 774 0033 02       		.byte	0x2
 775 0034 07       		.byte	0x7
 776 0035 A3000000 		.4byte	.LASF3
 777 0039 02       		.uleb128 0x2
 778 003a 04       		.byte	0x4
 779 003b 05       		.byte	0x5
 780 003c 9B010000 		.4byte	.LASF4
 781 0040 02       		.uleb128 0x2
 782 0041 04       		.byte	0x4
 783 0042 07       		.byte	0x7
 784 0043 91000000 		.4byte	.LASF5
 785 0047 02       		.uleb128 0x2
 786 0048 08       		.byte	0x8
 787 0049 05       		.byte	0x5
 788 004a 2F010000 		.4byte	.LASF6
 789 004e 02       		.uleb128 0x2
 790 004f 08       		.byte	0x8
 791 0050 07       		.byte	0x7
 792 0051 EC000000 		.4byte	.LASF7
 793 0055 03       		.uleb128 0x3
 794 0056 04       		.byte	0x4
ARM GAS  C:\Users\Ryan\AppData\Local\Temp\ccCLWXZH.s 			page 15


 795 0057 05       		.byte	0x5
 796 0058 696E7400 		.ascii	"int\000"
 797 005c 02       		.uleb128 0x2
 798 005d 04       		.byte	0x4
 799 005e 07       		.byte	0x7
 800 005f DF000000 		.4byte	.LASF8
 801 0063 04       		.uleb128 0x4
 802 0064 4C010000 		.4byte	.LASF21
 803 0068 02       		.byte	0x2
 804 0069 5B       		.byte	0x5b
 805 006a 24000000 		.4byte	0x24
 806 006e 02       		.uleb128 0x2
 807 006f 04       		.byte	0x4
 808 0070 04       		.byte	0x4
 809 0071 32000000 		.4byte	.LASF9
 810 0075 02       		.uleb128 0x2
 811 0076 08       		.byte	0x8
 812 0077 04       		.byte	0x4
 813 0078 B6000000 		.4byte	.LASF10
 814 007c 02       		.uleb128 0x2
 815 007d 01       		.byte	0x1
 816 007e 08       		.byte	0x8
 817 007f 3D010000 		.4byte	.LASF11
 818 0083 05       		.uleb128 0x5
 819 0084 63000000 		.4byte	0x63
 820 0088 94000000 		.4byte	0x94
 821 008c 06       		.uleb128 0x6
 822 008d 94000000 		.4byte	0x94
 823 0091 A302     		.2byte	0x2a3
 824 0093 00       		.byte	0
 825 0094 02       		.uleb128 0x2
 826 0095 04       		.byte	0x4
 827 0096 07       		.byte	0x7
 828 0097 26010000 		.4byte	.LASF12
 829 009b 07       		.uleb128 0x7
 830 009c CD000000 		.4byte	.LASF13
 831 00a0 01       		.byte	0x1
 832 00a1 1C       		.byte	0x1c
 833 00a2 AD000000 		.4byte	0xad
 834 00a6 01       		.byte	0x1
 835 00a7 05       		.byte	0x5
 836 00a8 03       		.byte	0x3
 837 00a9 00000000 		.4byte	cy_meta_configecc
 838 00ad 08       		.uleb128 0x8
 839 00ae 83000000 		.4byte	0x83
 840 00b2 05       		.uleb128 0x5
 841 00b3 63000000 		.4byte	0x63
 842 00b7 C2000000 		.4byte	0xc2
 843 00bb 09       		.uleb128 0x9
 844 00bc 94000000 		.4byte	0x94
 845 00c0 03       		.byte	0x3
 846 00c1 00       		.byte	0
 847 00c2 07       		.uleb128 0x7
 848 00c3 BD000000 		.4byte	.LASF14
 849 00c7 01       		.byte	0x1
 850 00c8 7B       		.byte	0x7b
 851 00c9 D4000000 		.4byte	0xd4
ARM GAS  C:\Users\Ryan\AppData\Local\Temp\ccCLWXZH.s 			page 16


 852 00cd 01       		.byte	0x1
 853 00ce 05       		.byte	0x5
 854 00cf 03       		.byte	0x3
 855 00d0 00000000 		.4byte	cy_meta_custnvl
 856 00d4 08       		.uleb128 0x8
 857 00d5 B2000000 		.4byte	0xb2
 858 00d9 07       		.uleb128 0x7
 859 00da 18010000 		.4byte	.LASF15
 860 00de 01       		.byte	0x1
 861 00df 86       		.byte	0x86
 862 00e0 EB000000 		.4byte	0xeb
 863 00e4 01       		.byte	0x1
 864 00e5 05       		.byte	0x5
 865 00e6 03       		.byte	0x3
 866 00e7 00000000 		.4byte	cy_meta_wonvl
 867 00eb 08       		.uleb128 0x8
 868 00ec B2000000 		.4byte	0xb2
 869 00f0 05       		.uleb128 0x5
 870 00f1 63000000 		.4byte	0x63
 871 00f5 00010000 		.4byte	0x100
 872 00f9 09       		.uleb128 0x9
 873 00fa 94000000 		.4byte	0x94
 874 00fe FF       		.byte	0xff
 875 00ff 00       		.byte	0
 876 0100 07       		.uleb128 0x7
 877 0101 03010000 		.4byte	.LASF16
 878 0105 01       		.byte	0x1
 879 0106 91       		.byte	0x91
 880 0107 12010000 		.4byte	0x112
 881 010b 01       		.byte	0x1
 882 010c 05       		.byte	0x5
 883 010d 03       		.byte	0x3
 884 010e 00000000 		.4byte	cy_meta_flashprotect
 885 0112 08       		.uleb128 0x8
 886 0113 F0000000 		.4byte	0xf0
 887 0117 05       		.uleb128 0x5
 888 0118 63000000 		.4byte	0x63
 889 011c 27010000 		.4byte	0x127
 890 0120 09       		.uleb128 0x9
 891 0121 94000000 		.4byte	0x94
 892 0125 0B       		.byte	0xb
 893 0126 00       		.byte	0
 894 0127 07       		.uleb128 0x7
 895 0128 26000000 		.4byte	.LASF17
 896 012c 01       		.byte	0x1
 897 012d BB       		.byte	0xbb
 898 012e 39010000 		.4byte	0x139
 899 0132 01       		.byte	0x1
 900 0133 05       		.byte	0x5
 901 0134 03       		.byte	0x3
 902 0135 00000000 		.4byte	cy_metadata
 903 0139 08       		.uleb128 0x8
 904 013a 17010000 		.4byte	0x117
 905 013e 00       		.byte	0
 906              		.section	.debug_abbrev,"",%progbits
 907              	.Ldebug_abbrev0:
 908 0000 01       		.uleb128 0x1
ARM GAS  C:\Users\Ryan\AppData\Local\Temp\ccCLWXZH.s 			page 17


 909 0001 11       		.uleb128 0x11
 910 0002 01       		.byte	0x1
 911 0003 25       		.uleb128 0x25
 912 0004 0E       		.uleb128 0xe
 913 0005 13       		.uleb128 0x13
 914 0006 0B       		.uleb128 0xb
 915 0007 03       		.uleb128 0x3
 916 0008 0E       		.uleb128 0xe
 917 0009 1B       		.uleb128 0x1b
 918 000a 0E       		.uleb128 0xe
 919 000b 10       		.uleb128 0x10
 920 000c 06       		.uleb128 0x6
 921 000d 00       		.byte	0
 922 000e 00       		.byte	0
 923 000f 02       		.uleb128 0x2
 924 0010 24       		.uleb128 0x24
 925 0011 00       		.byte	0
 926 0012 0B       		.uleb128 0xb
 927 0013 0B       		.uleb128 0xb
 928 0014 3E       		.uleb128 0x3e
 929 0015 0B       		.uleb128 0xb
 930 0016 03       		.uleb128 0x3
 931 0017 0E       		.uleb128 0xe
 932 0018 00       		.byte	0
 933 0019 00       		.byte	0
 934 001a 03       		.uleb128 0x3
 935 001b 24       		.uleb128 0x24
 936 001c 00       		.byte	0
 937 001d 0B       		.uleb128 0xb
 938 001e 0B       		.uleb128 0xb
 939 001f 3E       		.uleb128 0x3e
 940 0020 0B       		.uleb128 0xb
 941 0021 03       		.uleb128 0x3
 942 0022 08       		.uleb128 0x8
 943 0023 00       		.byte	0
 944 0024 00       		.byte	0
 945 0025 04       		.uleb128 0x4
 946 0026 16       		.uleb128 0x16
 947 0027 00       		.byte	0
 948 0028 03       		.uleb128 0x3
 949 0029 0E       		.uleb128 0xe
 950 002a 3A       		.uleb128 0x3a
 951 002b 0B       		.uleb128 0xb
 952 002c 3B       		.uleb128 0x3b
 953 002d 0B       		.uleb128 0xb
 954 002e 49       		.uleb128 0x49
 955 002f 13       		.uleb128 0x13
 956 0030 00       		.byte	0
 957 0031 00       		.byte	0
 958 0032 05       		.uleb128 0x5
 959 0033 01       		.uleb128 0x1
 960 0034 01       		.byte	0x1
 961 0035 49       		.uleb128 0x49
 962 0036 13       		.uleb128 0x13
 963 0037 01       		.uleb128 0x1
 964 0038 13       		.uleb128 0x13
 965 0039 00       		.byte	0
ARM GAS  C:\Users\Ryan\AppData\Local\Temp\ccCLWXZH.s 			page 18


 966 003a 00       		.byte	0
 967 003b 06       		.uleb128 0x6
 968 003c 21       		.uleb128 0x21
 969 003d 00       		.byte	0
 970 003e 49       		.uleb128 0x49
 971 003f 13       		.uleb128 0x13
 972 0040 2F       		.uleb128 0x2f
 973 0041 05       		.uleb128 0x5
 974 0042 00       		.byte	0
 975 0043 00       		.byte	0
 976 0044 07       		.uleb128 0x7
 977 0045 34       		.uleb128 0x34
 978 0046 00       		.byte	0
 979 0047 03       		.uleb128 0x3
 980 0048 0E       		.uleb128 0xe
 981 0049 3A       		.uleb128 0x3a
 982 004a 0B       		.uleb128 0xb
 983 004b 3B       		.uleb128 0x3b
 984 004c 0B       		.uleb128 0xb
 985 004d 49       		.uleb128 0x49
 986 004e 13       		.uleb128 0x13
 987 004f 3F       		.uleb128 0x3f
 988 0050 0C       		.uleb128 0xc
 989 0051 02       		.uleb128 0x2
 990 0052 0A       		.uleb128 0xa
 991 0053 00       		.byte	0
 992 0054 00       		.byte	0
 993 0055 08       		.uleb128 0x8
 994 0056 26       		.uleb128 0x26
 995 0057 00       		.byte	0
 996 0058 49       		.uleb128 0x49
 997 0059 13       		.uleb128 0x13
 998 005a 00       		.byte	0
 999 005b 00       		.byte	0
 1000 005c 09       		.uleb128 0x9
 1001 005d 21       		.uleb128 0x21
 1002 005e 00       		.byte	0
 1003 005f 49       		.uleb128 0x49
 1004 0060 13       		.uleb128 0x13
 1005 0061 2F       		.uleb128 0x2f
 1006 0062 0B       		.uleb128 0xb
 1007 0063 00       		.byte	0
 1008 0064 00       		.byte	0
 1009 0065 00       		.byte	0
 1010              		.section	.debug_aranges,"",%progbits
 1011 0000 14000000 		.4byte	0x14
 1012 0004 0200     		.2byte	0x2
 1013 0006 00000000 		.4byte	.Ldebug_info0
 1014 000a 04       		.byte	0x4
 1015 000b 00       		.byte	0
 1016 000c 0000     		.2byte	0
 1017 000e 0000     		.2byte	0
 1018 0010 00000000 		.4byte	0
 1019 0014 00000000 		.4byte	0
 1020              		.section	.debug_line,"",%progbits
 1021              	.Ldebug_line0:
 1022 0000 4F000000 		.section	.debug_str,"MS",%progbits,1
ARM GAS  C:\Users\Ryan\AppData\Local\Temp\ccCLWXZH.s 			page 19


 1022      02004900 
 1022      00000201 
 1022      FB0E0D00 
 1022      01010101 
 1023              	.LASF19:
 1024 0000 2E5C4765 		.ascii	".\\Generated_Source\\PSoC5\\cymetadata.c\000"
 1024      6E657261 
 1024      7465645F 
 1024      536F7572 
 1024      63655C50 
 1025              	.LASF17:
 1026 0026 63795F6D 		.ascii	"cy_metadata\000"
 1026      65746164 
 1026      61746100 
 1027              	.LASF9:
 1028 0032 666C6F61 		.ascii	"float\000"
 1028      7400
 1029              	.LASF1:
 1030 0038 756E7369 		.ascii	"unsigned char\000"
 1030      676E6564 
 1030      20636861 
 1030      7200
 1031              	.LASF20:
 1032 0046 433A5C55 		.ascii	"C:\\Users\\Ryan\\Documents\\summer2014\\WindSensor\\"
 1032      73657273 
 1032      5C527961 
 1032      6E5C446F 
 1032      63756D65 
 1033 0074 74686572 		.ascii	"thermocouple interface.cydsn\000"
 1033      6D6F636F 
 1033      75706C65 
 1033      20696E74 
 1033      65726661 
 1034              	.LASF5:
 1035 0091 6C6F6E67 		.ascii	"long unsigned int\000"
 1035      20756E73 
 1035      69676E65 
 1035      6420696E 
 1035      7400
 1036              	.LASF3:
 1037 00a3 73686F72 		.ascii	"short unsigned int\000"
 1037      7420756E 
 1037      7369676E 
 1037      65642069 
 1037      6E7400
 1038              	.LASF10:
 1039 00b6 646F7562 		.ascii	"double\000"
 1039      6C6500
 1040              	.LASF14:
 1041 00bd 63795F6D 		.ascii	"cy_meta_custnvl\000"
 1041      6574615F 
 1041      63757374 
 1041      6E766C00 
 1042              	.LASF13:
 1043 00cd 63795F6D 		.ascii	"cy_meta_configecc\000"
 1043      6574615F 
 1043      636F6E66 
ARM GAS  C:\Users\Ryan\AppData\Local\Temp\ccCLWXZH.s 			page 20


 1043      69676563 
 1043      6300
 1044              	.LASF8:
 1045 00df 756E7369 		.ascii	"unsigned int\000"
 1045      676E6564 
 1045      20696E74 
 1045      00
 1046              	.LASF7:
 1047 00ec 6C6F6E67 		.ascii	"long long unsigned int\000"
 1047      206C6F6E 
 1047      6720756E 
 1047      7369676E 
 1047      65642069 
 1048              	.LASF16:
 1049 0103 63795F6D 		.ascii	"cy_meta_flashprotect\000"
 1049      6574615F 
 1049      666C6173 
 1049      6870726F 
 1049      74656374 
 1050              	.LASF15:
 1051 0118 63795F6D 		.ascii	"cy_meta_wonvl\000"
 1051      6574615F 
 1051      776F6E76 
 1051      6C00
 1052              	.LASF12:
 1053 0126 73697A65 		.ascii	"sizetype\000"
 1053      74797065 
 1053      00
 1054              	.LASF6:
 1055 012f 6C6F6E67 		.ascii	"long long int\000"
 1055      206C6F6E 
 1055      6720696E 
 1055      7400
 1056              	.LASF11:
 1057 013d 63686172 		.ascii	"char\000"
 1057      00
 1058              	.LASF2:
 1059 0142 73686F72 		.ascii	"short int\000"
 1059      7420696E 
 1059      7400
 1060              	.LASF21:
 1061 014c 75696E74 		.ascii	"uint8\000"
 1061      3800
 1062              	.LASF18:
 1063 0152 474E5520 		.ascii	"GNU C 4.7.3 20130312 (release) [ARM/embedded-4_7-br"
 1063      4320342E 
 1063      372E3320 
 1063      32303133 
 1063      30333132 
 1064 0185 616E6368 		.ascii	"anch revision 196615]\000"
 1064      20726576 
 1064      6973696F 
 1064      6E203139 
 1064      36363135 
 1065              	.LASF4:
 1066 019b 6C6F6E67 		.ascii	"long int\000"
 1066      20696E74 
ARM GAS  C:\Users\Ryan\AppData\Local\Temp\ccCLWXZH.s 			page 21


 1066      00
 1067              	.LASF0:
 1068 01a4 7369676E 		.ascii	"signed char\000"
 1068      65642063 
 1068      68617200 
 1069              		.ident	"GCC: (GNU Tools for ARM Embedded Processors) 4.7.3 20130312 (release) [ARM/embedded-4_7-br
