ARM GAS  C:\Users\Ryan\AppData\Local\Temp\ccTYAMKM.s 			page 1


   1              		.syntax unified
   2              		.cpu cortex-m3
   3              		.fpu softvfp
   4              		.eabi_attribute 20, 1
   5              		.eabi_attribute 21, 1
   6              		.eabi_attribute 23, 3
   7              		.eabi_attribute 24, 1
   8              		.eabi_attribute 25, 1
   9              		.eabi_attribute 26, 1
  10              		.eabi_attribute 30, 6
  11              		.eabi_attribute 34, 1
  12              		.eabi_attribute 18, 4
  13              		.thumb
  14              		.file	"main.c"
  15              		.text
  16              	.Ltext0:
  17              		.cfi_sections	.debug_frame
  18              		.section	.rodata
  19              		.align	2
  20              	.LC0:
  21 0000 54656D70 		.ascii	"Temp: \000"
  21      3A2000
  22              		.global	__aeabi_f2d
  23              		.global	__aeabi_i2d
  24              		.global	__aeabi_dmul
  25              		.global	__aeabi_dadd
  26              		.global	__aeabi_d2f
  27              		.global	__aeabi_fmul
  28              		.global	__aeabi_f2uiz
  29 0007 00       		.section	.text.main,"ax",%progbits
  30              		.align	2
  31              		.global	main
  32              		.thumb
  33              		.thumb_func
  34              		.type	main, %function
  35              	main:
  36              	.LFB56:
  37              		.file 1 ".\\main.c"
   1:.\main.c      **** /* ========================================
   2:.\main.c      ****  *
   3:.\main.c      ****  * Copyright YOUR COMPANY, THE YEAR
   4:.\main.c      ****  * All Rights Reserved
   5:.\main.c      ****  * UNPUBLISHED, LICENSED SOFTWARE.
   6:.\main.c      ****  *
   7:.\main.c      ****  * CONFIDENTIAL AND PROPRIETARY INFORMATION
   8:.\main.c      ****  * WHICH IS THE PROPERTY OF your company.
   9:.\main.c      ****  *
  10:.\main.c      ****  * ========================================
  11:.\main.c      **** */
  12:.\main.c      **** #include <project.h>
  13:.\main.c      **** #include <math.h>
  14:.\main.c      **** 
  15:.\main.c      **** int main()
  16:.\main.c      **** {
  38              		.loc 1 16 0
  39              		.cfi_startproc
  40              		@ args = 0, pretend = 0, frame = 72
ARM GAS  C:\Users\Ryan\AppData\Local\Temp\ccTYAMKM.s 			page 2


  41              		@ frame_needed = 1, uses_anonymous_args = 0
  42 0000 2DE9B043 		push	{r4, r5, r7, r8, r9, lr}
  43              	.LCFI0:
  44              		.cfi_def_cfa_offset 24
  45              		.cfi_offset 4, -24
  46              		.cfi_offset 5, -20
  47              		.cfi_offset 7, -16
  48              		.cfi_offset 8, -12
  49              		.cfi_offset 9, -8
  50              		.cfi_offset 14, -4
  51 0004 92B0     		sub	sp, sp, #72
  52              	.LCFI1:
  53              		.cfi_def_cfa_offset 96
  54 0006 00AF     		add	r7, sp, #0
  55              	.LCFI2:
  56              		.cfi_def_cfa_register 7
  17:.\main.c      **** 	clock_Start();
  57              		.loc 1 17 0
  58 0008 FFF7FEFF 		bl	clock_Start
  18:.\main.c      ****     master_Start();
  59              		.loc 1 18 0
  60 000c FFF7FEFF 		bl	master_Start
  19:.\main.c      **** 	LCD_Start();
  61              		.loc 1 19 0
  62 0010 FFF7FEFF 		bl	LCD_Start
  20:.\main.c      **** 	
  21:.\main.c      **** 	int16 temperature = 0;
  63              		.loc 1 21 0
  64 0014 4FF00003 		mov	r3, #0
  65 0018 7B87     		strh	r3, [r7, #58]	@ movhi
  22:.\main.c      **** 	uint8 size = 0;
  66              		.loc 1 22 0
  67 001a 4FF00003 		mov	r3, #0
  68 001e 87F83930 		strb	r3, [r7, #57]
  23:.\main.c      **** 	int temp[14];
  24:.\main.c      **** 	int i;
  25:.\main.c      **** 
  26:.\main.c      ****     CyGlobalIntEnable; 
  69              		.loc 1 26 0
  70              	@ 26 ".\main.c" 1
  71 0022 62B6     		CPSIE   i
  72              	@ 0 "" 2
  73              		.thumb
  74              	.L10:
  75              	.LBB2:
  27:.\main.c      ****     for(;;)
  28:.\main.c      ****     {
  29:.\main.c      **** 		uint16 compare= 8192;
  76              		.loc 1 29 0
  77 0024 4FF40053 		mov	r3, #8192
  78 0028 A7F84230 		strh	r3, [r7, #66]	@ movhi
  30:.\main.c      **** 		float accuratetemp = 0;
  79              		.loc 1 30 0
  80 002c 4FF00003 		mov	r3, #0
  81 0030 FB63     		str	r3, [r7, #60]	@ float
  31:.\main.c      **** 		LCD_Position(0,0);
  82              		.loc 1 31 0
ARM GAS  C:\Users\Ryan\AppData\Local\Temp\ccTYAMKM.s 			page 3


  83 0032 4FF00000 		mov	r0, #0
  84 0036 4FF00001 		mov	r1, #0
  85 003a FFF7FEFF 		bl	LCD_Position
  32:.\main.c      **** 		LCD_PrintString("Temp: ");
  86              		.loc 1 32 0
  87 003e 40F20000 		movw	r0, #:lower16:.LC0
  88 0042 C0F20000 		movt	r0, #:upper16:.LC0
  89 0046 FFF7FEFF 		bl	LCD_PrintString
  33:.\main.c      **** 		master_WriteTxData(5);
  90              		.loc 1 33 0
  91 004a 4FF00500 		mov	r0, #5
  92 004e FFF7FEFF 		bl	master_WriteTxData
  34:.\main.c      **** 		while(!master_GetRxBufferSize())
  93              		.loc 1 34 0
  94 0052 00BF     		nop
  95              	.L2:
  96              		.loc 1 34 0 is_stmt 0 discriminator 1
  97 0054 FFF7FEFF 		bl	master_GetRxBufferSize
  98 0058 0346     		mov	r3, r0
  99 005a 002B     		cmp	r3, #0
 100 005c FAD0     		beq	.L2
  35:.\main.c      **** 		{
  36:.\main.c      **** 		}
  37:.\main.c      ****         temperature = master_ReadRxData();	
 101              		.loc 1 37 0 is_stmt 1
 102 005e FFF7FEFF 		bl	master_ReadRxData
 103 0062 0346     		mov	r3, r0
 104 0064 7B87     		strh	r3, [r7, #58]	@ movhi
  38:.\main.c      **** 		
  39:.\main.c      **** 		for(i = 0; i < 14; i++)
 105              		.loc 1 39 0
 106 0066 4FF00003 		mov	r3, #0
 107 006a 7B64     		str	r3, [r7, #68]
 108 006c 29E0     		b	.L3
 109              	.L6:
  40:.\main.c      **** 		{
  41:.\main.c      **** 			if ((uint16)(compare & temperature) == compare)
 110              		.loc 1 41 0
 111 006e B7F84230 		ldrh	r3, [r7, #66]
 112 0072 1A46     		mov	r2, r3	@ movhi
 113 0074 7B8F     		ldrh	r3, [r7, #58]	@ movhi
 114 0076 1340     		ands	r3, r3, r2
 115 0078 9BB2     		uxth	r3, r3
 116 007a 9BB2     		uxth	r3, r3
 117 007c B7F84220 		ldrh	r2, [r7, #66]
 118 0080 9A42     		cmp	r2, r3
 119 0082 0AD1     		bne	.L4
  42:.\main.c      **** 			{
  43:.\main.c      **** 				temp[i] = 1;
 120              		.loc 1 43 0
 121 0084 7B6C     		ldr	r3, [r7, #68]
 122 0086 4FEA8303 		lsl	r3, r3, #2
 123 008a 07F14802 		add	r2, r7, #72
 124 008e D318     		adds	r3, r2, r3
 125 0090 4FF00102 		mov	r2, #1
 126 0094 43F8482C 		str	r2, [r3, #-72]
 127 0098 09E0     		b	.L5
ARM GAS  C:\Users\Ryan\AppData\Local\Temp\ccTYAMKM.s 			page 4


 128              	.L4:
  44:.\main.c      **** 			}
  45:.\main.c      **** 			else
  46:.\main.c      **** 			{
  47:.\main.c      **** 				temp[i] = 0;
 129              		.loc 1 47 0
 130 009a 7B6C     		ldr	r3, [r7, #68]
 131 009c 4FEA8303 		lsl	r3, r3, #2
 132 00a0 07F14802 		add	r2, r7, #72
 133 00a4 D318     		adds	r3, r2, r3
 134 00a6 4FF00002 		mov	r2, #0
 135 00aa 43F8482C 		str	r2, [r3, #-72]
 136              	.L5:
  48:.\main.c      **** 			}	
  49:.\main.c      **** 			compare = compare / 2;
 137              		.loc 1 49 0
 138 00ae B7F84230 		ldrh	r3, [r7, #66]
 139 00b2 4FEA5303 		lsr	r3, r3, #1
 140 00b6 A7F84230 		strh	r3, [r7, #66]	@ movhi
  39:.\main.c      **** 		for(i = 0; i < 14; i++)
 141              		.loc 1 39 0
 142 00ba 7B6C     		ldr	r3, [r7, #68]
 143 00bc 03F10103 		add	r3, r3, #1
 144 00c0 7B64     		str	r3, [r7, #68]
 145              	.L3:
  39:.\main.c      **** 		for(i = 0; i < 14; i++)
 146              		.loc 1 39 0 is_stmt 0 discriminator 1
 147 00c2 7B6C     		ldr	r3, [r7, #68]
 148 00c4 0D2B     		cmp	r3, #13
 149 00c6 D2DD     		ble	.L6
  50:.\main.c      **** 		}
  51:.\main.c      **** 		
  52:.\main.c      **** 		for(i = 1; i < 14; i++)
 150              		.loc 1 52 0 is_stmt 1
 151 00c8 4FF00103 		mov	r3, #1
 152 00cc 7B64     		str	r3, [r7, #68]
 153 00ce 37E0     		b	.L7
 154              	.L8:
  53:.\main.c      **** 		{
  54:.\main.c      **** 			accuratetemp = accuratetemp + temp[i] * pow(2,(11-i));
 155              		.loc 1 54 0 discriminator 2
 156 00d0 F86B     		ldr	r0, [r7, #60]	@ float
 157 00d2 FFF7FEFF 		bl	__aeabi_f2d
 158 00d6 0446     		mov	r4, r0
 159 00d8 0D46     		mov	r5, r1
 160 00da 7B6C     		ldr	r3, [r7, #68]
 161 00dc 4FEA8303 		lsl	r3, r3, #2
 162 00e0 07F14802 		add	r2, r7, #72
 163 00e4 D318     		adds	r3, r2, r3
 164 00e6 53F8483C 		ldr	r3, [r3, #-72]
 165 00ea 1846     		mov	r0, r3
 166 00ec FFF7FEFF 		bl	__aeabi_i2d
 167 00f0 8046     		mov	r8, r0
 168 00f2 8946     		mov	r9, r1
 169 00f4 7B6C     		ldr	r3, [r7, #68]
 170 00f6 C3F10B03 		rsb	r3, r3, #11
 171 00fa 1846     		mov	r0, r3
ARM GAS  C:\Users\Ryan\AppData\Local\Temp\ccTYAMKM.s 			page 5


 172 00fc FFF7FEFF 		bl	__aeabi_i2d
 173 0100 0246     		mov	r2, r0
 174 0102 0B46     		mov	r3, r1
 175 0104 4FF00000 		mov	r0, #0
 176 0108 4FF08041 		mov	r1, #1073741824
 177 010c FFF7FEFF 		bl	pow
 178 0110 0246     		mov	r2, r0
 179 0112 0B46     		mov	r3, r1
 180 0114 4046     		mov	r0, r8
 181 0116 4946     		mov	r1, r9
 182 0118 FFF7FEFF 		bl	__aeabi_dmul
 183 011c 0246     		mov	r2, r0
 184 011e 0B46     		mov	r3, r1
 185 0120 2046     		mov	r0, r4
 186 0122 2946     		mov	r1, r5
 187 0124 FFF7FEFF 		bl	__aeabi_dadd
 188 0128 0246     		mov	r2, r0
 189 012a 0B46     		mov	r3, r1
 190 012c 1046     		mov	r0, r2
 191 012e 1946     		mov	r1, r3
 192 0130 FFF7FEFF 		bl	__aeabi_d2f
 193 0134 0346     		mov	r3, r0
 194 0136 FB63     		str	r3, [r7, #60]	@ float
  52:.\main.c      **** 		for(i = 1; i < 14; i++)
 195              		.loc 1 52 0 discriminator 2
 196 0138 7B6C     		ldr	r3, [r7, #68]
 197 013a 03F10103 		add	r3, r3, #1
 198 013e 7B64     		str	r3, [r7, #68]
 199              	.L7:
  52:.\main.c      **** 		for(i = 1; i < 14; i++)
 200              		.loc 1 52 0 is_stmt 0 discriminator 1
 201 0140 7B6C     		ldr	r3, [r7, #68]
 202 0142 0D2B     		cmp	r3, #13
 203 0144 C4DD     		ble	.L8
  55:.\main.c      **** 		}
  56:.\main.c      **** 		if(temp[0] == 1)
 204              		.loc 1 56 0 is_stmt 1
 205 0146 3B68     		ldr	r3, [r7, #0]
 206 0148 012B     		cmp	r3, #1
 207 014a 03D1     		bne	.L9
  57:.\main.c      **** 		{
  58:.\main.c      **** 			accuratetemp = accuratetemp * -1;
 208              		.loc 1 58 0
 209 014c FB6B     		ldr	r3, [r7, #60]
 210 014e 83F00043 		eor	r3, r3, #-2147483648
 211 0152 FB63     		str	r3, [r7, #60]	@ float
 212              	.L9:
  59:.\main.c      **** 		}
  60:.\main.c      **** 		
  61:.\main.c      **** 		//temperature = temperature >> 2;
  62:.\main.c      **** 		temperature = (uint16)(accuratetemp * 100);
 213              		.loc 1 62 0
 214 0154 F86B     		ldr	r0, [r7, #60]	@ float
 215 0156 4FF00001 		mov	r1, #0
 216 015a C4F2C821 		movt	r1, 17096
 217 015e FFF7FEFF 		bl	__aeabi_fmul
 218 0162 0346     		mov	r3, r0
ARM GAS  C:\Users\Ryan\AppData\Local\Temp\ccTYAMKM.s 			page 6


 219 0164 1846     		mov	r0, r3
 220 0166 FFF7FEFF 		bl	__aeabi_f2uiz
 221 016a 0346     		mov	r3, r0
 222 016c 9BB2     		uxth	r3, r3
 223 016e 7B87     		strh	r3, [r7, #58]	@ movhi
  63:.\main.c      **** 		LCD_ClearDisplay();
 224              		.loc 1 63 0
 225 0170 4FF00100 		mov	r0, #1
 226 0174 FFF7FEFF 		bl	LCD_WriteControl
  64:.\main.c      **** 		LCD_Position(0,0);
 227              		.loc 1 64 0
 228 0178 4FF00000 		mov	r0, #0
 229 017c 4FF00001 		mov	r1, #0
 230 0180 FFF7FEFF 		bl	LCD_Position
  65:.\main.c      **** 		LCD_PrintString("Temp: ");
 231              		.loc 1 65 0
 232 0184 40F20000 		movw	r0, #:lower16:.LC0
 233 0188 C0F20000 		movt	r0, #:upper16:.LC0
 234 018c FFF7FEFF 		bl	LCD_PrintString
  66:.\main.c      **** 		LCD_Position(0,5);
 235              		.loc 1 66 0
 236 0190 4FF00000 		mov	r0, #0
 237 0194 4FF00501 		mov	r1, #5
 238 0198 FFF7FEFF 		bl	LCD_Position
  67:.\main.c      **** 		LCD_PrintNumber(temperature);
 239              		.loc 1 67 0
 240 019c 7B8F     		ldrh	r3, [r7, #58]
 241 019e 1846     		mov	r0, r3
 242 01a0 FFF7FEFF 		bl	LCD_PrintU32Number
  68:.\main.c      **** 		
  69:.\main.c      **** 		CyDelay(300);
 243              		.loc 1 69 0
 244 01a4 4FF49670 		mov	r0, #300
 245 01a8 FFF7FEFF 		bl	CyDelay
 246              	.LBE2:
  70:.\main.c      **** 		
  71:.\main.c      **** 		
  72:.\main.c      ****     }
 247              		.loc 1 72 0
 248 01ac 3AE7     		b	.L10
 249              		.cfi_endproc
 250              	.LFE56:
 251              		.size	main, .-main
 252 01ae 00BF     		.text
 253              	.Letext0:
 254              		.file 2 "c:\\program files (x86)\\cypress\\psoc creator\\3.0\\psoc creator\\import\\gnu_cs\\arm\\4
 255              		.file 3 "./Generated_Source/PSoC5/cytypes.h"
 256              		.file 4 "./Generated_Source/PSoC5/core_cm3.h"
 257              		.section	.debug_info,"",%progbits
 258              	.Ldebug_info0:
 259 0000 59010000 		.4byte	0x159
 260 0004 0200     		.2byte	0x2
 261 0006 00000000 		.4byte	.Ldebug_abbrev0
 262 000a 04       		.byte	0x4
 263 000b 01       		.uleb128 0x1
 264 000c 52000000 		.4byte	.LASF23
 265 0010 01       		.byte	0x1
ARM GAS  C:\Users\Ryan\AppData\Local\Temp\ccTYAMKM.s 			page 7


 266 0011 E4000000 		.4byte	.LASF24
 267 0015 15010000 		.4byte	.LASF25
 268 0019 00000000 		.4byte	.Ldebug_ranges0+0
 269 001d 00000000 		.4byte	0
 270 0021 00000000 		.4byte	0
 271 0025 00000000 		.4byte	.Ldebug_line0
 272 0029 02       		.uleb128 0x2
 273 002a 01       		.byte	0x1
 274 002b 06       		.byte	0x6
 275 002c 46000000 		.4byte	.LASF0
 276 0030 02       		.uleb128 0x2
 277 0031 01       		.byte	0x1
 278 0032 08       		.byte	0x8
 279 0033 2E000000 		.4byte	.LASF1
 280 0037 02       		.uleb128 0x2
 281 0038 02       		.byte	0x2
 282 0039 05       		.byte	0x5
 283 003a 7E010000 		.4byte	.LASF2
 284 003e 02       		.uleb128 0x2
 285 003f 02       		.byte	0x2
 286 0040 07       		.byte	0x7
 287 0041 0E000000 		.4byte	.LASF3
 288 0045 03       		.uleb128 0x3
 289 0046 8F010000 		.4byte	.LASF9
 290 004a 02       		.byte	0x2
 291 004b 4F       		.byte	0x4f
 292 004c 50000000 		.4byte	0x50
 293 0050 02       		.uleb128 0x2
 294 0051 04       		.byte	0x4
 295 0052 05       		.byte	0x5
 296 0053 DB000000 		.4byte	.LASF4
 297 0057 02       		.uleb128 0x2
 298 0058 04       		.byte	0x4
 299 0059 07       		.byte	0x7
 300 005a A1000000 		.4byte	.LASF5
 301 005e 02       		.uleb128 0x2
 302 005f 08       		.byte	0x8
 303 0060 05       		.byte	0x5
 304 0061 00000000 		.4byte	.LASF6
 305 0065 02       		.uleb128 0x2
 306 0066 08       		.byte	0x8
 307 0067 07       		.byte	0x7
 308 0068 B3000000 		.4byte	.LASF7
 309 006c 04       		.uleb128 0x4
 310 006d 04       		.byte	0x4
 311 006e 05       		.byte	0x5
 312 006f 696E7400 		.ascii	"int\000"
 313 0073 02       		.uleb128 0x2
 314 0074 04       		.byte	0x4
 315 0075 07       		.byte	0x7
 316 0076 21000000 		.4byte	.LASF8
 317 007a 03       		.uleb128 0x3
 318 007b 9B000000 		.4byte	.LASF10
 319 007f 03       		.byte	0x3
 320 0080 5B       		.byte	0x5b
 321 0081 30000000 		.4byte	0x30
 322 0085 03       		.uleb128 0x3
ARM GAS  C:\Users\Ryan\AppData\Local\Temp\ccTYAMKM.s 			page 8


 323 0086 88010000 		.4byte	.LASF11
 324 008a 03       		.byte	0x3
 325 008b 5C       		.byte	0x5c
 326 008c 3E000000 		.4byte	0x3e
 327 0090 03       		.uleb128 0x3
 328 0091 78010000 		.4byte	.LASF12
 329 0095 03       		.byte	0x3
 330 0096 5F       		.byte	0x5f
 331 0097 37000000 		.4byte	0x37
 332 009b 02       		.uleb128 0x2
 333 009c 04       		.byte	0x4
 334 009d 04       		.byte	0x4
 335 009e 72010000 		.4byte	.LASF13
 336 00a2 02       		.uleb128 0x2
 337 00a3 08       		.byte	0x8
 338 00a4 04       		.byte	0x4
 339 00a5 ED000000 		.4byte	.LASF14
 340 00a9 02       		.uleb128 0x2
 341 00aa 01       		.byte	0x1
 342 00ab 08       		.byte	0x8
 343 00ac D6000000 		.4byte	.LASF15
 344 00b0 02       		.uleb128 0x2
 345 00b1 04       		.byte	0x4
 346 00b2 07       		.byte	0x7
 347 00b3 97010000 		.4byte	.LASF16
 348 00b7 02       		.uleb128 0x2
 349 00b8 08       		.byte	0x8
 350 00b9 04       		.byte	0x4
 351 00ba FC000000 		.4byte	.LASF17
 352 00be 05       		.uleb128 0x5
 353 00bf 01       		.byte	0x1
 354 00c0 41000000 		.4byte	.LASF26
 355 00c4 01       		.byte	0x1
 356 00c5 0F       		.byte	0xf
 357 00c6 6C000000 		.4byte	0x6c
 358 00ca 00000000 		.4byte	.LFB56
 359 00ce AE010000 		.4byte	.LFE56
 360 00d2 00000000 		.4byte	.LLST0
 361 00d6 01       		.byte	0x1
 362 00d7 39010000 		.4byte	0x139
 363 00db 06       		.uleb128 0x6
 364 00dc CA000000 		.4byte	.LASF18
 365 00e0 01       		.byte	0x1
 366 00e1 15       		.byte	0x15
 367 00e2 90000000 		.4byte	0x90
 368 00e6 02       		.byte	0x2
 369 00e7 91       		.byte	0x91
 370 00e8 5A       		.sleb128 -38
 371 00e9 06       		.uleb128 0x6
 372 00ea 60010000 		.4byte	.LASF19
 373 00ee 01       		.byte	0x1
 374 00ef 16       		.byte	0x16
 375 00f0 7A000000 		.4byte	0x7a
 376 00f4 02       		.byte	0x2
 377 00f5 91       		.byte	0x91
 378 00f6 59       		.sleb128 -39
 379 00f7 06       		.uleb128 0x6
ARM GAS  C:\Users\Ryan\AppData\Local\Temp\ccTYAMKM.s 			page 9


 380 00f8 3C000000 		.4byte	.LASF20
 381 00fc 01       		.byte	0x1
 382 00fd 17       		.byte	0x17
 383 00fe 39010000 		.4byte	0x139
 384 0102 03       		.byte	0x3
 385 0103 91       		.byte	0x91
 386 0104 A07F     		.sleb128 -96
 387 0106 07       		.uleb128 0x7
 388 0107 6900     		.ascii	"i\000"
 389 0109 01       		.byte	0x1
 390 010a 18       		.byte	0x18
 391 010b 6C000000 		.4byte	0x6c
 392 010f 02       		.byte	0x2
 393 0110 91       		.byte	0x91
 394 0111 64       		.sleb128 -28
 395 0112 08       		.uleb128 0x8
 396 0113 24000000 		.4byte	.LBB2
 397 0117 AC010000 		.4byte	.LBE2
 398 011b 06       		.uleb128 0x6
 399 011c F4000000 		.4byte	.LASF21
 400 0120 01       		.byte	0x1
 401 0121 1D       		.byte	0x1d
 402 0122 85000000 		.4byte	0x85
 403 0126 02       		.byte	0x2
 404 0127 91       		.byte	0x91
 405 0128 62       		.sleb128 -30
 406 0129 06       		.uleb128 0x6
 407 012a 65010000 		.4byte	.LASF22
 408 012e 01       		.byte	0x1
 409 012f 1E       		.byte	0x1e
 410 0130 9B000000 		.4byte	0x9b
 411 0134 02       		.byte	0x2
 412 0135 91       		.byte	0x91
 413 0136 5C       		.sleb128 -36
 414 0137 00       		.byte	0
 415 0138 00       		.byte	0
 416 0139 09       		.uleb128 0x9
 417 013a 6C000000 		.4byte	0x6c
 418 013e 49010000 		.4byte	0x149
 419 0142 0A       		.uleb128 0xa
 420 0143 B0000000 		.4byte	0xb0
 421 0147 0D       		.byte	0xd
 422 0148 00       		.byte	0
 423 0149 0B       		.uleb128 0xb
 424 014a 08010000 		.4byte	.LASF27
 425 014e 04       		.byte	0x4
 426 014f 1606     		.2byte	0x616
 427 0151 57010000 		.4byte	0x157
 428 0155 01       		.byte	0x1
 429 0156 01       		.byte	0x1
 430 0157 0C       		.uleb128 0xc
 431 0158 45000000 		.4byte	0x45
 432 015c 00       		.byte	0
 433              		.section	.debug_abbrev,"",%progbits
 434              	.Ldebug_abbrev0:
 435 0000 01       		.uleb128 0x1
 436 0001 11       		.uleb128 0x11
ARM GAS  C:\Users\Ryan\AppData\Local\Temp\ccTYAMKM.s 			page 10


 437 0002 01       		.byte	0x1
 438 0003 25       		.uleb128 0x25
 439 0004 0E       		.uleb128 0xe
 440 0005 13       		.uleb128 0x13
 441 0006 0B       		.uleb128 0xb
 442 0007 03       		.uleb128 0x3
 443 0008 0E       		.uleb128 0xe
 444 0009 1B       		.uleb128 0x1b
 445 000a 0E       		.uleb128 0xe
 446 000b 55       		.uleb128 0x55
 447 000c 06       		.uleb128 0x6
 448 000d 11       		.uleb128 0x11
 449 000e 01       		.uleb128 0x1
 450 000f 52       		.uleb128 0x52
 451 0010 01       		.uleb128 0x1
 452 0011 10       		.uleb128 0x10
 453 0012 06       		.uleb128 0x6
 454 0013 00       		.byte	0
 455 0014 00       		.byte	0
 456 0015 02       		.uleb128 0x2
 457 0016 24       		.uleb128 0x24
 458 0017 00       		.byte	0
 459 0018 0B       		.uleb128 0xb
 460 0019 0B       		.uleb128 0xb
 461 001a 3E       		.uleb128 0x3e
 462 001b 0B       		.uleb128 0xb
 463 001c 03       		.uleb128 0x3
 464 001d 0E       		.uleb128 0xe
 465 001e 00       		.byte	0
 466 001f 00       		.byte	0
 467 0020 03       		.uleb128 0x3
 468 0021 16       		.uleb128 0x16
 469 0022 00       		.byte	0
 470 0023 03       		.uleb128 0x3
 471 0024 0E       		.uleb128 0xe
 472 0025 3A       		.uleb128 0x3a
 473 0026 0B       		.uleb128 0xb
 474 0027 3B       		.uleb128 0x3b
 475 0028 0B       		.uleb128 0xb
 476 0029 49       		.uleb128 0x49
 477 002a 13       		.uleb128 0x13
 478 002b 00       		.byte	0
 479 002c 00       		.byte	0
 480 002d 04       		.uleb128 0x4
 481 002e 24       		.uleb128 0x24
 482 002f 00       		.byte	0
 483 0030 0B       		.uleb128 0xb
 484 0031 0B       		.uleb128 0xb
 485 0032 3E       		.uleb128 0x3e
 486 0033 0B       		.uleb128 0xb
 487 0034 03       		.uleb128 0x3
 488 0035 08       		.uleb128 0x8
 489 0036 00       		.byte	0
 490 0037 00       		.byte	0
 491 0038 05       		.uleb128 0x5
 492 0039 2E       		.uleb128 0x2e
 493 003a 01       		.byte	0x1
ARM GAS  C:\Users\Ryan\AppData\Local\Temp\ccTYAMKM.s 			page 11


 494 003b 3F       		.uleb128 0x3f
 495 003c 0C       		.uleb128 0xc
 496 003d 03       		.uleb128 0x3
 497 003e 0E       		.uleb128 0xe
 498 003f 3A       		.uleb128 0x3a
 499 0040 0B       		.uleb128 0xb
 500 0041 3B       		.uleb128 0x3b
 501 0042 0B       		.uleb128 0xb
 502 0043 49       		.uleb128 0x49
 503 0044 13       		.uleb128 0x13
 504 0045 11       		.uleb128 0x11
 505 0046 01       		.uleb128 0x1
 506 0047 12       		.uleb128 0x12
 507 0048 01       		.uleb128 0x1
 508 0049 40       		.uleb128 0x40
 509 004a 06       		.uleb128 0x6
 510 004b 9642     		.uleb128 0x2116
 511 004d 0C       		.uleb128 0xc
 512 004e 01       		.uleb128 0x1
 513 004f 13       		.uleb128 0x13
 514 0050 00       		.byte	0
 515 0051 00       		.byte	0
 516 0052 06       		.uleb128 0x6
 517 0053 34       		.uleb128 0x34
 518 0054 00       		.byte	0
 519 0055 03       		.uleb128 0x3
 520 0056 0E       		.uleb128 0xe
 521 0057 3A       		.uleb128 0x3a
 522 0058 0B       		.uleb128 0xb
 523 0059 3B       		.uleb128 0x3b
 524 005a 0B       		.uleb128 0xb
 525 005b 49       		.uleb128 0x49
 526 005c 13       		.uleb128 0x13
 527 005d 02       		.uleb128 0x2
 528 005e 0A       		.uleb128 0xa
 529 005f 00       		.byte	0
 530 0060 00       		.byte	0
 531 0061 07       		.uleb128 0x7
 532 0062 34       		.uleb128 0x34
 533 0063 00       		.byte	0
 534 0064 03       		.uleb128 0x3
 535 0065 08       		.uleb128 0x8
 536 0066 3A       		.uleb128 0x3a
 537 0067 0B       		.uleb128 0xb
 538 0068 3B       		.uleb128 0x3b
 539 0069 0B       		.uleb128 0xb
 540 006a 49       		.uleb128 0x49
 541 006b 13       		.uleb128 0x13
 542 006c 02       		.uleb128 0x2
 543 006d 0A       		.uleb128 0xa
 544 006e 00       		.byte	0
 545 006f 00       		.byte	0
 546 0070 08       		.uleb128 0x8
 547 0071 0B       		.uleb128 0xb
 548 0072 01       		.byte	0x1
 549 0073 11       		.uleb128 0x11
 550 0074 01       		.uleb128 0x1
ARM GAS  C:\Users\Ryan\AppData\Local\Temp\ccTYAMKM.s 			page 12


 551 0075 12       		.uleb128 0x12
 552 0076 01       		.uleb128 0x1
 553 0077 00       		.byte	0
 554 0078 00       		.byte	0
 555 0079 09       		.uleb128 0x9
 556 007a 01       		.uleb128 0x1
 557 007b 01       		.byte	0x1
 558 007c 49       		.uleb128 0x49
 559 007d 13       		.uleb128 0x13
 560 007e 01       		.uleb128 0x1
 561 007f 13       		.uleb128 0x13
 562 0080 00       		.byte	0
 563 0081 00       		.byte	0
 564 0082 0A       		.uleb128 0xa
 565 0083 21       		.uleb128 0x21
 566 0084 00       		.byte	0
 567 0085 49       		.uleb128 0x49
 568 0086 13       		.uleb128 0x13
 569 0087 2F       		.uleb128 0x2f
 570 0088 0B       		.uleb128 0xb
 571 0089 00       		.byte	0
 572 008a 00       		.byte	0
 573 008b 0B       		.uleb128 0xb
 574 008c 34       		.uleb128 0x34
 575 008d 00       		.byte	0
 576 008e 03       		.uleb128 0x3
 577 008f 0E       		.uleb128 0xe
 578 0090 3A       		.uleb128 0x3a
 579 0091 0B       		.uleb128 0xb
 580 0092 3B       		.uleb128 0x3b
 581 0093 05       		.uleb128 0x5
 582 0094 49       		.uleb128 0x49
 583 0095 13       		.uleb128 0x13
 584 0096 3F       		.uleb128 0x3f
 585 0097 0C       		.uleb128 0xc
 586 0098 3C       		.uleb128 0x3c
 587 0099 0C       		.uleb128 0xc
 588 009a 00       		.byte	0
 589 009b 00       		.byte	0
 590 009c 0C       		.uleb128 0xc
 591 009d 35       		.uleb128 0x35
 592 009e 00       		.byte	0
 593 009f 49       		.uleb128 0x49
 594 00a0 13       		.uleb128 0x13
 595 00a1 00       		.byte	0
 596 00a2 00       		.byte	0
 597 00a3 00       		.byte	0
 598              		.section	.debug_loc,"",%progbits
 599              	.Ldebug_loc0:
 600              	.LLST0:
 601 0000 00000000 		.4byte	.LFB56
 602 0004 04000000 		.4byte	.LCFI0
 603 0008 0200     		.2byte	0x2
 604 000a 7D       		.byte	0x7d
 605 000b 00       		.sleb128 0
 606 000c 04000000 		.4byte	.LCFI0
 607 0010 06000000 		.4byte	.LCFI1
ARM GAS  C:\Users\Ryan\AppData\Local\Temp\ccTYAMKM.s 			page 13


 608 0014 0200     		.2byte	0x2
 609 0016 7D       		.byte	0x7d
 610 0017 18       		.sleb128 24
 611 0018 06000000 		.4byte	.LCFI1
 612 001c 08000000 		.4byte	.LCFI2
 613 0020 0300     		.2byte	0x3
 614 0022 7D       		.byte	0x7d
 615 0023 E000     		.sleb128 96
 616 0025 08000000 		.4byte	.LCFI2
 617 0029 AE010000 		.4byte	.LFE56
 618 002d 0300     		.2byte	0x3
 619 002f 77       		.byte	0x77
 620 0030 E000     		.sleb128 96
 621 0032 00000000 		.4byte	0
 622 0036 00000000 		.4byte	0
 623              		.section	.debug_aranges,"",%progbits
 624 0000 1C000000 		.4byte	0x1c
 625 0004 0200     		.2byte	0x2
 626 0006 00000000 		.4byte	.Ldebug_info0
 627 000a 04       		.byte	0x4
 628 000b 00       		.byte	0
 629 000c 0000     		.2byte	0
 630 000e 0000     		.2byte	0
 631 0010 00000000 		.4byte	.LFB56
 632 0014 AE010000 		.4byte	.LFE56-.LFB56
 633 0018 00000000 		.4byte	0
 634 001c 00000000 		.4byte	0
 635              		.section	.debug_ranges,"",%progbits
 636              	.Ldebug_ranges0:
 637 0000 00000000 		.4byte	.LFB56
 638 0004 AE010000 		.4byte	.LFE56
 639 0008 00000000 		.4byte	0
 640 000c 00000000 		.4byte	0
 641              		.section	.debug_line,"",%progbits
 642              	.Ldebug_line0:
 643 0000 51010000 		.section	.debug_str,"MS",%progbits,1
 643      0200F900 
 643      00000201 
 643      FB0E0D00 
 643      01010101 
 644              	.LASF6:
 645 0000 6C6F6E67 		.ascii	"long long int\000"
 645      206C6F6E 
 645      6720696E 
 645      7400
 646              	.LASF3:
 647 000e 73686F72 		.ascii	"short unsigned int\000"
 647      7420756E 
 647      7369676E 
 647      65642069 
 647      6E7400
 648              	.LASF8:
 649 0021 756E7369 		.ascii	"unsigned int\000"
 649      676E6564 
 649      20696E74 
 649      00
 650              	.LASF1:
ARM GAS  C:\Users\Ryan\AppData\Local\Temp\ccTYAMKM.s 			page 14


 651 002e 756E7369 		.ascii	"unsigned char\000"
 651      676E6564 
 651      20636861 
 651      7200
 652              	.LASF20:
 653 003c 74656D70 		.ascii	"temp\000"
 653      00
 654              	.LASF26:
 655 0041 6D61696E 		.ascii	"main\000"
 655      00
 656              	.LASF0:
 657 0046 7369676E 		.ascii	"signed char\000"
 657      65642063 
 657      68617200 
 658              	.LASF23:
 659 0052 474E5520 		.ascii	"GNU C 4.7.3 20130312 (release) [ARM/embedded-4_7-br"
 659      4320342E 
 659      372E3320 
 659      32303133 
 659      30333132 
 660 0085 616E6368 		.ascii	"anch revision 196615]\000"
 660      20726576 
 660      6973696F 
 660      6E203139 
 660      36363135 
 661              	.LASF10:
 662 009b 75696E74 		.ascii	"uint8\000"
 662      3800
 663              	.LASF5:
 664 00a1 6C6F6E67 		.ascii	"long unsigned int\000"
 664      20756E73 
 664      69676E65 
 664      6420696E 
 664      7400
 665              	.LASF7:
 666 00b3 6C6F6E67 		.ascii	"long long unsigned int\000"
 666      206C6F6E 
 666      6720756E 
 666      7369676E 
 666      65642069 
 667              	.LASF18:
 668 00ca 74656D70 		.ascii	"temperature\000"
 668      65726174 
 668      75726500 
 669              	.LASF15:
 670 00d6 63686172 		.ascii	"char\000"
 670      00
 671              	.LASF4:
 672 00db 6C6F6E67 		.ascii	"long int\000"
 672      20696E74 
 672      00
 673              	.LASF24:
 674 00e4 2E5C6D61 		.ascii	".\\main.c\000"
 674      696E2E63 
 674      00
 675              	.LASF14:
 676 00ed 646F7562 		.ascii	"double\000"
ARM GAS  C:\Users\Ryan\AppData\Local\Temp\ccTYAMKM.s 			page 15


 676      6C6500
 677              	.LASF21:
 678 00f4 636F6D70 		.ascii	"compare\000"
 678      61726500 
 679              	.LASF17:
 680 00fc 6C6F6E67 		.ascii	"long double\000"
 680      20646F75 
 680      626C6500 
 681              	.LASF27:
 682 0108 49544D5F 		.ascii	"ITM_RxBuffer\000"
 682      52784275 
 682      66666572 
 682      00
 683              	.LASF25:
 684 0115 433A5C55 		.ascii	"C:\\Users\\Ryan\\Documents\\summer2014\\WindSensor\\"
 684      73657273 
 684      5C527961 
 684      6E5C446F 
 684      63756D65 
 685 0143 74686572 		.ascii	"thermocouple interface.cydsn\000"
 685      6D6F636F 
 685      75706C65 
 685      20696E74 
 685      65726661 
 686              	.LASF19:
 687 0160 73697A65 		.ascii	"size\000"
 687      00
 688              	.LASF22:
 689 0165 61636375 		.ascii	"accuratetemp\000"
 689      72617465 
 689      74656D70 
 689      00
 690              	.LASF13:
 691 0172 666C6F61 		.ascii	"float\000"
 691      7400
 692              	.LASF12:
 693 0178 696E7431 		.ascii	"int16\000"
 693      3600
 694              	.LASF2:
 695 017e 73686F72 		.ascii	"short int\000"
 695      7420696E 
 695      7400
 696              	.LASF11:
 697 0188 75696E74 		.ascii	"uint16\000"
 697      313600
 698              	.LASF9:
 699 018f 696E7433 		.ascii	"int32_t\000"
 699      325F7400 
 700              	.LASF16:
 701 0197 73697A65 		.ascii	"sizetype\000"
 701      74797065 
 701      00
 702              		.ident	"GCC: (GNU Tools for ARM Embedded Processors) 4.7.3 20130312 (release) [ARM/embedded-4_7-br
