ARM GAS  C:\Users\Ryan\AppData\Local\Temp\ccJhAvwS.s 			page 1


   1              		.syntax unified
   2              		.cpu cortex-m3
   3              		.fpu softvfp
   4              		.eabi_attribute 20, 1
   5              		.eabi_attribute 21, 1
   6              		.eabi_attribute 23, 3
   7              		.eabi_attribute 24, 1
   8              		.eabi_attribute 25, 1
   9              		.eabi_attribute 26, 1
  10              		.eabi_attribute 30, 6
  11              		.eabi_attribute 34, 1
  12              		.eabi_attribute 18, 4
  13              		.thumb
  14              		.file	"Batteryvoltage.c"
  15              		.text
  16              	.Ltext0:
  17              		.cfi_sections	.debug_frame
  18              		.global	__aeabi_fdiv
  19              		.global	__aeabi_fmul
  20              		.global	__aeabi_f2uiz
  21              		.section	.text.getvoltage,"ax",%progbits
  22              		.align	2
  23              		.global	getvoltage
  24              		.thumb
  25              		.thumb_func
  26              		.type	getvoltage, %function
  27              	getvoltage:
  28              	.LFB56:
  29              		.file 1 ".\\Batteryvoltage.c"
   1:.\Batteryvoltage.c **** #include <batteryvoltage.h>
   2:.\Batteryvoltage.c **** 
   3:.\Batteryvoltage.c **** uint8 getvoltage()
   4:.\Batteryvoltage.c **** {
  30              		.loc 1 4 0
  31              		.cfi_startproc
  32              		@ args = 0, pretend = 0, frame = 8
  33              		@ frame_needed = 1, uses_anonymous_args = 0
  34 0000 80B5     		push	{r7, lr}
  35              	.LCFI0:
  36              		.cfi_def_cfa_offset 8
  37              		.cfi_offset 7, -8
  38              		.cfi_offset 14, -4
  39 0002 82B0     		sub	sp, sp, #8
  40              	.LCFI1:
  41              		.cfi_def_cfa_offset 16
  42 0004 00AF     		add	r7, sp, #0
  43              	.LCFI2:
  44              		.cfi_def_cfa_register 7
   5:.\Batteryvoltage.c **** 	/*int16 value;
   6:.\Batteryvoltage.c **** 	int32 offset;
   7:.\Batteryvoltage.c **** 	uint8 result;
   8:.\Batteryvoltage.c **** 	
   9:.\Batteryvoltage.c **** 	
  10:.\Batteryvoltage.c **** 	ADC_StartConvert();
  11:.\Batteryvoltage.c ****     if(ADC_IsEndConversion(ADC_WAIT_FOR_RESULT))
  12:.\Batteryvoltage.c **** 	{
  13:.\Batteryvoltage.c **** 		offset = ADC_GetResult16();
ARM GAS  C:\Users\Ryan\AppData\Local\Temp\ccJhAvwS.s 			page 2


  14:.\Batteryvoltage.c **** 	}
  15:.\Batteryvoltage.c **** 	ADC_StopConvert();
  16:.\Batteryvoltage.c **** 	
  17:.\Batteryvoltage.c **** 	AMux_Select(0);
  18:.\Batteryvoltage.c **** 	ADC_SetOffset(offset);
  19:.\Batteryvoltage.c **** 	ADC_StartConvert();
  20:.\Batteryvoltage.c ****     if(ADC_IsEndConversion(ADC_WAIT_FOR_RESULT))
  21:.\Batteryvoltage.c **** 	{
  22:.\Batteryvoltage.c **** 		value = ADC_GetResult16();
  23:.\Batteryvoltage.c **** 	}
  24:.\Batteryvoltage.c **** 	ADC_StopConvert();
  25:.\Batteryvoltage.c **** 	
  26:.\Batteryvoltage.c **** 	result = 10 * (ADC_CountsTo_Volts(value) / (float32)0.1525423729) + 0.2; // 10k and 1.8k resistor
  27:.\Batteryvoltage.c **** 	*/
  28:.\Batteryvoltage.c **** 	float result = 0;
  45              		.loc 1 28 0
  46 0006 4FF00003 		mov	r3, #0
  47 000a 3B60     		str	r3, [r7, #0]	@ float
  29:.\Batteryvoltage.c **** 	int16 value;
  30:.\Batteryvoltage.c **** 	ADC_StartConvert();
  48              		.loc 1 30 0
  49 000c FFF7FEFF 		bl	ADC_StartConvert
  31:.\Batteryvoltage.c ****     if(ADC_IsEndConversion(ADC_WAIT_FOR_RESULT))
  50              		.loc 1 31 0
  51 0010 4FF00000 		mov	r0, #0
  52 0014 FFF7FEFF 		bl	ADC_IsEndConversion
  53 0018 0346     		mov	r3, r0
  54 001a 002B     		cmp	r3, #0
  55 001c 03D0     		beq	.L2
  32:.\Batteryvoltage.c **** 	{
  33:.\Batteryvoltage.c **** 		value = ADC_GetResult16(); // 10k and 1.8k resistor
  56              		.loc 1 33 0
  57 001e FFF7FEFF 		bl	ADC_GetResult16
  58 0022 0346     		mov	r3, r0
  59 0024 FB80     		strh	r3, [r7, #6]	@ movhi
  60              	.L2:
  34:.\Batteryvoltage.c **** 		
  35:.\Batteryvoltage.c **** 	}
  36:.\Batteryvoltage.c **** 	ADC_StopConvert();
  61              		.loc 1 36 0
  62 0026 FFF7FEFF 		bl	ADC_StopConvert
  37:.\Batteryvoltage.c **** 	result = 10 * ((ADC_CountsTo_Volts(value) / (float32)0.1525423729));
  63              		.loc 1 37 0
  64 002a B7F90630 		ldrsh	r3, [r7, #6]
  65 002e 1846     		mov	r0, r3
  66 0030 FFF7FEFF 		bl	ADC_CountsTo_Volts
  67 0034 0346     		mov	r3, r0
  68 0036 1846     		mov	r0, r3
  69 0038 43F21141 		movw	r1, #13329
  70 003c C3F61C61 		movt	r1, 15900
  71 0040 FFF7FEFF 		bl	__aeabi_fdiv
  72 0044 0346     		mov	r3, r0
  73 0046 1846     		mov	r0, r3
  74 0048 4FF00001 		mov	r1, #0
  75 004c C4F22011 		movt	r1, 16672
  76 0050 FFF7FEFF 		bl	__aeabi_fmul
  77 0054 0346     		mov	r3, r0
ARM GAS  C:\Users\Ryan\AppData\Local\Temp\ccJhAvwS.s 			page 3


  78 0056 3B60     		str	r3, [r7, #0]	@ float
  38:.\Batteryvoltage.c **** 	return (uint8)result;
  79              		.loc 1 38 0
  80 0058 3868     		ldr	r0, [r7, #0]	@ float
  81 005a FFF7FEFF 		bl	__aeabi_f2uiz
  82 005e 0346     		mov	r3, r0
  83 0060 DBB2     		uxtb	r3, r3
  39:.\Batteryvoltage.c **** 	
  40:.\Batteryvoltage.c **** }
  84              		.loc 1 40 0
  85 0062 1846     		mov	r0, r3
  86 0064 07F10807 		add	r7, r7, #8
  87 0068 BD46     		mov	sp, r7
  88 006a 80BD     		pop	{r7, pc}
  89              		.cfi_endproc
  90              	.LFE56:
  91              		.size	getvoltage, .-getvoltage
  92              		.text
  93              	.Letext0:
  94              		.file 2 "c:\\program files (x86)\\cypress\\psoc creator\\3.0\\psoc creator\\import\\gnu_cs\\arm\\4
  95              		.file 3 "./Generated_Source/PSoC5/cytypes.h"
  96              		.file 4 "./Generated_Source/PSoC5/core_cm3.h"
  97              		.section	.debug_info,"",%progbits
  98              	.Ldebug_info0:
  99 0000 01010000 		.4byte	0x101
 100 0004 0200     		.2byte	0x2
 101 0006 00000000 		.4byte	.Ldebug_abbrev0
 102 000a 04       		.byte	0x4
 103 000b 01       		.uleb128 0x1
 104 000c 34000000 		.4byte	.LASF19
 105 0010 01       		.byte	0x1
 106 0011 21000000 		.4byte	.LASF20
 107 0015 D5000000 		.4byte	.LASF21
 108 0019 00000000 		.4byte	.Ldebug_ranges0+0
 109 001d 00000000 		.4byte	0
 110 0021 00000000 		.4byte	0
 111 0025 00000000 		.4byte	.Ldebug_line0
 112 0029 02       		.uleb128 0x2
 113 002a 01       		.byte	0x1
 114 002b 06       		.byte	0x6
 115 002c 4B010000 		.4byte	.LASF0
 116 0030 02       		.uleb128 0x2
 117 0031 01       		.byte	0x1
 118 0032 08       		.byte	0x8
 119 0033 C7000000 		.4byte	.LASF1
 120 0037 02       		.uleb128 0x2
 121 0038 02       		.byte	0x2
 122 0039 05       		.byte	0x5
 123 003a 63010000 		.4byte	.LASF2
 124 003e 02       		.uleb128 0x2
 125 003f 02       		.byte	0x2
 126 0040 07       		.byte	0x7
 127 0041 AC000000 		.4byte	.LASF3
 128 0045 03       		.uleb128 0x3
 129 0046 6D010000 		.4byte	.LASF9
 130 004a 02       		.byte	0x2
 131 004b 4F       		.byte	0x4f
ARM GAS  C:\Users\Ryan\AppData\Local\Temp\ccJhAvwS.s 			page 4


 132 004c 50000000 		.4byte	0x50
 133 0050 02       		.uleb128 0x2
 134 0051 04       		.byte	0x4
 135 0052 05       		.byte	0x5
 136 0053 2E010000 		.4byte	.LASF4
 137 0057 02       		.uleb128 0x2
 138 0058 04       		.byte	0x4
 139 0059 07       		.byte	0x7
 140 005a 83000000 		.4byte	.LASF5
 141 005e 02       		.uleb128 0x2
 142 005f 08       		.byte	0x8
 143 0060 05       		.byte	0x5
 144 0061 00000000 		.4byte	.LASF6
 145 0065 02       		.uleb128 0x2
 146 0066 08       		.byte	0x8
 147 0067 07       		.byte	0x7
 148 0068 95000000 		.4byte	.LASF7
 149 006c 04       		.uleb128 0x4
 150 006d 04       		.byte	0x4
 151 006e 05       		.byte	0x5
 152 006f 696E7400 		.ascii	"int\000"
 153 0073 02       		.uleb128 0x2
 154 0074 04       		.byte	0x4
 155 0075 07       		.byte	0x7
 156 0076 14000000 		.4byte	.LASF8
 157 007a 03       		.uleb128 0x3
 158 007b 7D000000 		.4byte	.LASF10
 159 007f 03       		.byte	0x3
 160 0080 5B       		.byte	0x5b
 161 0081 30000000 		.4byte	0x30
 162 0085 03       		.uleb128 0x3
 163 0086 5D010000 		.4byte	.LASF11
 164 008a 03       		.byte	0x3
 165 008b 5F       		.byte	0x5f
 166 008c 37000000 		.4byte	0x37
 167 0090 03       		.uleb128 0x3
 168 0091 BF000000 		.4byte	.LASF12
 169 0095 03       		.byte	0x3
 170 0096 61       		.byte	0x61
 171 0097 9B000000 		.4byte	0x9b
 172 009b 02       		.uleb128 0x2
 173 009c 04       		.byte	0x4
 174 009d 04       		.byte	0x4
 175 009e 57010000 		.4byte	.LASF13
 176 00a2 02       		.uleb128 0x2
 177 00a3 08       		.byte	0x8
 178 00a4 04       		.byte	0x4
 179 00a5 37010000 		.4byte	.LASF14
 180 00a9 02       		.uleb128 0x2
 181 00aa 01       		.byte	0x1
 182 00ab 08       		.byte	0x8
 183 00ac 22010000 		.4byte	.LASF15
 184 00b0 02       		.uleb128 0x2
 185 00b1 04       		.byte	0x4
 186 00b2 07       		.byte	0x7
 187 00b3 80010000 		.4byte	.LASF16
 188 00b7 05       		.uleb128 0x5
ARM GAS  C:\Users\Ryan\AppData\Local\Temp\ccJhAvwS.s 			page 5


 189 00b8 01       		.byte	0x1
 190 00b9 75010000 		.4byte	.LASF22
 191 00bd 01       		.byte	0x1
 192 00be 03       		.byte	0x3
 193 00bf 7A000000 		.4byte	0x7a
 194 00c3 00000000 		.4byte	.LFB56
 195 00c7 6C000000 		.4byte	.LFE56
 196 00cb 00000000 		.4byte	.LLST0
 197 00cf 01       		.byte	0x1
 198 00d0 F1000000 		.4byte	0xf1
 199 00d4 06       		.uleb128 0x6
 200 00d5 27010000 		.4byte	.LASF17
 201 00d9 01       		.byte	0x1
 202 00da 1C       		.byte	0x1c
 203 00db 9B000000 		.4byte	0x9b
 204 00df 02       		.byte	0x2
 205 00e0 91       		.byte	0x91
 206 00e1 70       		.sleb128 -16
 207 00e2 06       		.uleb128 0x6
 208 00e3 0E000000 		.4byte	.LASF18
 209 00e7 01       		.byte	0x1
 210 00e8 1D       		.byte	0x1d
 211 00e9 85000000 		.4byte	0x85
 212 00ed 02       		.byte	0x2
 213 00ee 91       		.byte	0x91
 214 00ef 76       		.sleb128 -10
 215 00f0 00       		.byte	0
 216 00f1 07       		.uleb128 0x7
 217 00f2 3E010000 		.4byte	.LASF23
 218 00f6 04       		.byte	0x4
 219 00f7 1606     		.2byte	0x616
 220 00f9 FF000000 		.4byte	0xff
 221 00fd 01       		.byte	0x1
 222 00fe 01       		.byte	0x1
 223 00ff 08       		.uleb128 0x8
 224 0100 45000000 		.4byte	0x45
 225 0104 00       		.byte	0
 226              		.section	.debug_abbrev,"",%progbits
 227              	.Ldebug_abbrev0:
 228 0000 01       		.uleb128 0x1
 229 0001 11       		.uleb128 0x11
 230 0002 01       		.byte	0x1
 231 0003 25       		.uleb128 0x25
 232 0004 0E       		.uleb128 0xe
 233 0005 13       		.uleb128 0x13
 234 0006 0B       		.uleb128 0xb
 235 0007 03       		.uleb128 0x3
 236 0008 0E       		.uleb128 0xe
 237 0009 1B       		.uleb128 0x1b
 238 000a 0E       		.uleb128 0xe
 239 000b 55       		.uleb128 0x55
 240 000c 06       		.uleb128 0x6
 241 000d 11       		.uleb128 0x11
 242 000e 01       		.uleb128 0x1
 243 000f 52       		.uleb128 0x52
 244 0010 01       		.uleb128 0x1
 245 0011 10       		.uleb128 0x10
ARM GAS  C:\Users\Ryan\AppData\Local\Temp\ccJhAvwS.s 			page 6


 246 0012 06       		.uleb128 0x6
 247 0013 00       		.byte	0
 248 0014 00       		.byte	0
 249 0015 02       		.uleb128 0x2
 250 0016 24       		.uleb128 0x24
 251 0017 00       		.byte	0
 252 0018 0B       		.uleb128 0xb
 253 0019 0B       		.uleb128 0xb
 254 001a 3E       		.uleb128 0x3e
 255 001b 0B       		.uleb128 0xb
 256 001c 03       		.uleb128 0x3
 257 001d 0E       		.uleb128 0xe
 258 001e 00       		.byte	0
 259 001f 00       		.byte	0
 260 0020 03       		.uleb128 0x3
 261 0021 16       		.uleb128 0x16
 262 0022 00       		.byte	0
 263 0023 03       		.uleb128 0x3
 264 0024 0E       		.uleb128 0xe
 265 0025 3A       		.uleb128 0x3a
 266 0026 0B       		.uleb128 0xb
 267 0027 3B       		.uleb128 0x3b
 268 0028 0B       		.uleb128 0xb
 269 0029 49       		.uleb128 0x49
 270 002a 13       		.uleb128 0x13
 271 002b 00       		.byte	0
 272 002c 00       		.byte	0
 273 002d 04       		.uleb128 0x4
 274 002e 24       		.uleb128 0x24
 275 002f 00       		.byte	0
 276 0030 0B       		.uleb128 0xb
 277 0031 0B       		.uleb128 0xb
 278 0032 3E       		.uleb128 0x3e
 279 0033 0B       		.uleb128 0xb
 280 0034 03       		.uleb128 0x3
 281 0035 08       		.uleb128 0x8
 282 0036 00       		.byte	0
 283 0037 00       		.byte	0
 284 0038 05       		.uleb128 0x5
 285 0039 2E       		.uleb128 0x2e
 286 003a 01       		.byte	0x1
 287 003b 3F       		.uleb128 0x3f
 288 003c 0C       		.uleb128 0xc
 289 003d 03       		.uleb128 0x3
 290 003e 0E       		.uleb128 0xe
 291 003f 3A       		.uleb128 0x3a
 292 0040 0B       		.uleb128 0xb
 293 0041 3B       		.uleb128 0x3b
 294 0042 0B       		.uleb128 0xb
 295 0043 49       		.uleb128 0x49
 296 0044 13       		.uleb128 0x13
 297 0045 11       		.uleb128 0x11
 298 0046 01       		.uleb128 0x1
 299 0047 12       		.uleb128 0x12
 300 0048 01       		.uleb128 0x1
 301 0049 40       		.uleb128 0x40
 302 004a 06       		.uleb128 0x6
ARM GAS  C:\Users\Ryan\AppData\Local\Temp\ccJhAvwS.s 			page 7


 303 004b 9642     		.uleb128 0x2116
 304 004d 0C       		.uleb128 0xc
 305 004e 01       		.uleb128 0x1
 306 004f 13       		.uleb128 0x13
 307 0050 00       		.byte	0
 308 0051 00       		.byte	0
 309 0052 06       		.uleb128 0x6
 310 0053 34       		.uleb128 0x34
 311 0054 00       		.byte	0
 312 0055 03       		.uleb128 0x3
 313 0056 0E       		.uleb128 0xe
 314 0057 3A       		.uleb128 0x3a
 315 0058 0B       		.uleb128 0xb
 316 0059 3B       		.uleb128 0x3b
 317 005a 0B       		.uleb128 0xb
 318 005b 49       		.uleb128 0x49
 319 005c 13       		.uleb128 0x13
 320 005d 02       		.uleb128 0x2
 321 005e 0A       		.uleb128 0xa
 322 005f 00       		.byte	0
 323 0060 00       		.byte	0
 324 0061 07       		.uleb128 0x7
 325 0062 34       		.uleb128 0x34
 326 0063 00       		.byte	0
 327 0064 03       		.uleb128 0x3
 328 0065 0E       		.uleb128 0xe
 329 0066 3A       		.uleb128 0x3a
 330 0067 0B       		.uleb128 0xb
 331 0068 3B       		.uleb128 0x3b
 332 0069 05       		.uleb128 0x5
 333 006a 49       		.uleb128 0x49
 334 006b 13       		.uleb128 0x13
 335 006c 3F       		.uleb128 0x3f
 336 006d 0C       		.uleb128 0xc
 337 006e 3C       		.uleb128 0x3c
 338 006f 0C       		.uleb128 0xc
 339 0070 00       		.byte	0
 340 0071 00       		.byte	0
 341 0072 08       		.uleb128 0x8
 342 0073 35       		.uleb128 0x35
 343 0074 00       		.byte	0
 344 0075 49       		.uleb128 0x49
 345 0076 13       		.uleb128 0x13
 346 0077 00       		.byte	0
 347 0078 00       		.byte	0
 348 0079 00       		.byte	0
 349              		.section	.debug_loc,"",%progbits
 350              	.Ldebug_loc0:
 351              	.LLST0:
 352 0000 00000000 		.4byte	.LFB56
 353 0004 02000000 		.4byte	.LCFI0
 354 0008 0200     		.2byte	0x2
 355 000a 7D       		.byte	0x7d
 356 000b 00       		.sleb128 0
 357 000c 02000000 		.4byte	.LCFI0
 358 0010 04000000 		.4byte	.LCFI1
 359 0014 0200     		.2byte	0x2
ARM GAS  C:\Users\Ryan\AppData\Local\Temp\ccJhAvwS.s 			page 8


 360 0016 7D       		.byte	0x7d
 361 0017 08       		.sleb128 8
 362 0018 04000000 		.4byte	.LCFI1
 363 001c 06000000 		.4byte	.LCFI2
 364 0020 0200     		.2byte	0x2
 365 0022 7D       		.byte	0x7d
 366 0023 10       		.sleb128 16
 367 0024 06000000 		.4byte	.LCFI2
 368 0028 6C000000 		.4byte	.LFE56
 369 002c 0200     		.2byte	0x2
 370 002e 77       		.byte	0x77
 371 002f 10       		.sleb128 16
 372 0030 00000000 		.4byte	0
 373 0034 00000000 		.4byte	0
 374              		.section	.debug_aranges,"",%progbits
 375 0000 1C000000 		.4byte	0x1c
 376 0004 0200     		.2byte	0x2
 377 0006 00000000 		.4byte	.Ldebug_info0
 378 000a 04       		.byte	0x4
 379 000b 00       		.byte	0
 380 000c 0000     		.2byte	0
 381 000e 0000     		.2byte	0
 382 0010 00000000 		.4byte	.LFB56
 383 0014 6C000000 		.4byte	.LFE56-.LFB56
 384 0018 00000000 		.4byte	0
 385 001c 00000000 		.4byte	0
 386              		.section	.debug_ranges,"",%progbits
 387              	.Ldebug_ranges0:
 388 0000 00000000 		.4byte	.LFB56
 389 0004 6C000000 		.4byte	.LFE56
 390 0008 00000000 		.4byte	0
 391 000c 00000000 		.4byte	0
 392              		.section	.debug_line,"",%progbits
 393              	.Ldebug_line0:
 394 0000 21010000 		.section	.debug_str,"MS",%progbits,1
 394      02000301 
 394      00000201 
 394      FB0E0D00 
 394      01010101 
 395              	.LASF6:
 396 0000 6C6F6E67 		.ascii	"long long int\000"
 396      206C6F6E 
 396      6720696E 
 396      7400
 397              	.LASF18:
 398 000e 76616C75 		.ascii	"value\000"
 398      6500
 399              	.LASF8:
 400 0014 756E7369 		.ascii	"unsigned int\000"
 400      676E6564 
 400      20696E74 
 400      00
 401              	.LASF20:
 402 0021 2E5C4261 		.ascii	".\\Batteryvoltage.c\000"
 402      74746572 
 402      79766F6C 
 402      74616765 
ARM GAS  C:\Users\Ryan\AppData\Local\Temp\ccJhAvwS.s 			page 9


 402      2E6300
 403              	.LASF19:
 404 0034 474E5520 		.ascii	"GNU C 4.7.3 20130312 (release) [ARM/embedded-4_7-br"
 404      4320342E 
 404      372E3320 
 404      32303133 
 404      30333132 
 405 0067 616E6368 		.ascii	"anch revision 196615]\000"
 405      20726576 
 405      6973696F 
 405      6E203139 
 405      36363135 
 406              	.LASF10:
 407 007d 75696E74 		.ascii	"uint8\000"
 407      3800
 408              	.LASF5:
 409 0083 6C6F6E67 		.ascii	"long unsigned int\000"
 409      20756E73 
 409      69676E65 
 409      6420696E 
 409      7400
 410              	.LASF7:
 411 0095 6C6F6E67 		.ascii	"long long unsigned int\000"
 411      206C6F6E 
 411      6720756E 
 411      7369676E 
 411      65642069 
 412              	.LASF3:
 413 00ac 73686F72 		.ascii	"short unsigned int\000"
 413      7420756E 
 413      7369676E 
 413      65642069 
 413      6E7400
 414              	.LASF12:
 415 00bf 666C6F61 		.ascii	"float32\000"
 415      74333200 
 416              	.LASF1:
 417 00c7 756E7369 		.ascii	"unsigned char\000"
 417      676E6564 
 417      20636861 
 417      7200
 418              	.LASF21:
 419 00d5 433A5C55 		.ascii	"C:\\Users\\Ryan\\Documents\\summer2014\\WindSensor\\"
 419      73657273 
 419      5C527961 
 419      6E5C446F 
 419      63756D65 
 420 0103 5472616E 		.ascii	"TransmitReadings_freeSoC.cydsn\000"
 420      736D6974 
 420      52656164 
 420      696E6773 
 420      5F667265 
 421              	.LASF15:
 422 0122 63686172 		.ascii	"char\000"
 422      00
 423              	.LASF17:
 424 0127 72657375 		.ascii	"result\000"
ARM GAS  C:\Users\Ryan\AppData\Local\Temp\ccJhAvwS.s 			page 10


 424      6C7400
 425              	.LASF4:
 426 012e 6C6F6E67 		.ascii	"long int\000"
 426      20696E74 
 426      00
 427              	.LASF14:
 428 0137 646F7562 		.ascii	"double\000"
 428      6C6500
 429              	.LASF23:
 430 013e 49544D5F 		.ascii	"ITM_RxBuffer\000"
 430      52784275 
 430      66666572 
 430      00
 431              	.LASF0:
 432 014b 7369676E 		.ascii	"signed char\000"
 432      65642063 
 432      68617200 
 433              	.LASF13:
 434 0157 666C6F61 		.ascii	"float\000"
 434      7400
 435              	.LASF11:
 436 015d 696E7431 		.ascii	"int16\000"
 436      3600
 437              	.LASF2:
 438 0163 73686F72 		.ascii	"short int\000"
 438      7420696E 
 438      7400
 439              	.LASF9:
 440 016d 696E7433 		.ascii	"int32_t\000"
 440      325F7400 
 441              	.LASF22:
 442 0175 67657476 		.ascii	"getvoltage\000"
 442      6F6C7461 
 442      676500
 443              	.LASF16:
 444 0180 73697A65 		.ascii	"sizetype\000"
 444      74797065 
 444      00
 445              		.ident	"GCC: (GNU Tools for ARM Embedded Processors) 4.7.3 20130312 (release) [ARM/embedded-4_7-br
