ARM GAS  C:\Users\Ryan\AppData\Local\Temp\ccrxbk1X.s 			page 1


   1              		.syntax unified
   2              		.cpu cortex-m3
   3              		.fpu softvfp
   4              		.eabi_attribute 20, 1
   5              		.eabi_attribute 21, 1
   6              		.eabi_attribute 23, 3
   7              		.eabi_attribute 24, 1
   8              		.eabi_attribute 25, 1
   9              		.eabi_attribute 26, 1
  10              		.eabi_attribute 30, 6
  11              		.eabi_attribute 34, 1
  12              		.eabi_attribute 18, 4
  13              		.thumb
  14              		.file	"cymetadata.c"
  15              		.text
  16              	.Ltext0:
  17              		.cfi_sections	.debug_frame
  18              		.global	cy_meta_configecc
  19              		.section	.cyconfigecc,"a",%progbits
  20              		.align	2
  21              		.type	cy_meta_configecc, %object
  22              		.size	cy_meta_configecc, 2380
  23              	cy_meta_configecc:
  24 0000 03       		.byte	3
  25 0001 52       		.byte	82
  26 0002 00       		.byte	0
  27 0003 40       		.byte	64
  28 0004 05       		.byte	5
  29 0005 64       		.byte	100
  30 0006 00       		.byte	0
  31 0007 40       		.byte	64
  32 0008 02       		.byte	2
  33 0009 65       		.byte	101
  34 000a 00       		.byte	0
  35 000b 40       		.byte	64
  36 000c 01       		.byte	1
  37 000d 03       		.byte	3
  38 000e 01       		.byte	1
  39 000f 40       		.byte	64
  40 0010 01       		.byte	1
  41 0011 05       		.byte	5
  42 0012 01       		.byte	1
  43 0013 40       		.byte	64
  44 0014 04       		.byte	4
  45 0015 06       		.byte	6
  46 0016 01       		.byte	1
  47 0017 40       		.byte	64
  48 0018 02       		.byte	2
  49 0019 07       		.byte	7
  50 001a 01       		.byte	1
  51 001b 40       		.byte	64
  52 001c 70       		.byte	112
  53 001d 08       		.byte	8
  54 001e 01       		.byte	1
  55 001f 40       		.byte	64
  56 0020 4F       		.byte	79
  57 0021 09       		.byte	9
ARM GAS  C:\Users\Ryan\AppData\Local\Temp\ccrxbk1X.s 			page 2


  58 0022 01       		.byte	1
  59 0023 40       		.byte	64
  60 0024 65       		.byte	101
  61 0025 0A       		.byte	10
  62 0026 01       		.byte	1
  63 0027 40       		.byte	64
  64 0028 4B       		.byte	75
  65 0029 0B       		.byte	11
  66 002a 01       		.byte	1
  67 002b 40       		.byte	64
  68 002c 58       		.byte	88
  69 002d 0C       		.byte	12
  70 002e 01       		.byte	1
  71 002f 40       		.byte	64
  72 0030 49       		.byte	73
  73 0031 0D       		.byte	13
  74 0032 01       		.byte	1
  75 0033 40       		.byte	64
  76 0034 0C       		.byte	12
  77 0035 0E       		.byte	14
  78 0036 01       		.byte	1
  79 0037 40       		.byte	64
  80 0038 2E       		.byte	46
  81 0039 0F       		.byte	15
  82 003a 01       		.byte	1
  83 003b 40       		.byte	64
  84 003c 03       		.byte	3
  85 003d 15       		.byte	21
  86 003e 01       		.byte	1
  87 003f 40       		.byte	64
  88 0040 01       		.byte	1
  89 0041 17       		.byte	23
  90 0042 01       		.byte	1
  91 0043 40       		.byte	64
  92 0044 4C       		.byte	76
  93 0045 18       		.byte	24
  94 0046 01       		.byte	1
  95 0047 40       		.byte	64
  96 0048 51       		.byte	81
  97 0049 19       		.byte	25
  98 004a 01       		.byte	1
  99 004b 40       		.byte	64
 100 004c 60       		.byte	96
 101 004d 1A       		.byte	26
 102 004e 01       		.byte	1
 103 004f 40       		.byte	64
 104 0050 49       		.byte	73
 105 0051 1B       		.byte	27
 106 0052 01       		.byte	1
 107 0053 40       		.byte	64
 108 0054 03       		.byte	3
 109 0055 40       		.byte	64
 110 0056 01       		.byte	1
 111 0057 40       		.byte	64
 112 0058 04       		.byte	4
 113 0059 41       		.byte	65
 114 005a 01       		.byte	1
ARM GAS  C:\Users\Ryan\AppData\Local\Temp\ccrxbk1X.s 			page 3


 115 005b 40       		.byte	64
 116 005c 07       		.byte	7
 117 005d 42       		.byte	66
 118 005e 01       		.byte	1
 119 005f 40       		.byte	64
 120 0060 04       		.byte	4
 121 0061 43       		.byte	67
 122 0062 01       		.byte	1
 123 0063 40       		.byte	64
 124 0064 04       		.byte	4
 125 0065 44       		.byte	68
 126 0066 01       		.byte	1
 127 0067 40       		.byte	64
 128 0068 10       		.byte	16
 129 0069 45       		.byte	69
 130 006a 01       		.byte	1
 131 006b 40       		.byte	64
 132 006c 0B       		.byte	11
 133 006d 46       		.byte	70
 134 006e 01       		.byte	1
 135 006f 40       		.byte	64
 136 0070 08       		.byte	8
 137 0071 47       		.byte	71
 138 0072 01       		.byte	1
 139 0073 40       		.byte	64
 140 0074 03       		.byte	3
 141 0075 48       		.byte	72
 142 0076 01       		.byte	1
 143 0077 40       		.byte	64
 144 0078 08       		.byte	8
 145 0079 49       		.byte	73
 146 007a 01       		.byte	1
 147 007b 40       		.byte	64
 148 007c 0E       		.byte	14
 149 007d 4C       		.byte	76
 150 007e 01       		.byte	1
 151 007f 40       		.byte	64
 152 0080 06       		.byte	6
 153 0081 4D       		.byte	77
 154 0082 01       		.byte	1
 155 0083 40       		.byte	64
 156 0084 05       		.byte	5
 157 0085 50       		.byte	80
 158 0086 01       		.byte	1
 159 0087 40       		.byte	64
 160 0088 02       		.byte	2
 161 0089 51       		.byte	81
 162 008a 01       		.byte	1
 163 008b 40       		.byte	64
 164 008c 10       		.byte	16
 165 008d 1A       		.byte	26
 166 008e 11       		.byte	17
 167 008f 58       		.byte	88
 168 0090 14       		.byte	20
 169 0091 25       		.byte	37
 170 0092 89       		.byte	-119
 171 0093 0F       		.byte	15
ARM GAS  C:\Users\Ryan\AppData\Local\Temp\ccrxbk1X.s 			page 4


 172 0094 8B       		.byte	-117
 173 0095 38       		.byte	56
 174 0096 8C       		.byte	-116
 175 0097 72       		.byte	114
 176 0098 8D       		.byte	-115
 177 0099 38       		.byte	56
 178 009a 8E       		.byte	-114
 179 009b 72       		.byte	114
 180 009c 88       		.byte	-120
 181 009d 0F       		.byte	15
 182 009e 8A       		.byte	-118
 183 009f 1B       		.byte	27
 184 00a0 E6       		.byte	-26
 185 00a1 02       		.byte	2
 186 00a2 E6       		.byte	-26
 187 00a3 08       		.byte	8
 188 00a4 39       		.byte	57
 189 00a5 80       		.byte	-128
 190 00a6 3F       		.byte	63
 191 00a7 40       		.byte	64
 192 00a8 59       		.byte	89
 193 00a9 04       		.byte	4
 194 00aa 5F       		.byte	95
 195 00ab 01       		.byte	1
 196 00ac 24       		.byte	36
 197 00ad 02       		.byte	2
 198 00ae E0       		.byte	-32
 199 00af 04       		.byte	4
 200 00b0 04       		.byte	4
 201 00b1 09       		.byte	9
 202 00b2 06       		.byte	6
 203 00b3 F0       		.byte	-16
 204 00b4 08       		.byte	8
 205 00b5 80       		.byte	-128
 206 00b6 0A       		.byte	10
 207 00b7 10       		.byte	16
 208 00b8 14       		.byte	20
 209 00b9 9C       		.byte	-100
 210 00ba 16       		.byte	22
 211 00bb 22       		.byte	34
 212 00bc 1A       		.byte	26
 213 00bd 03       		.byte	3
 214 00be 20       		.byte	32
 215 00bf 30       		.byte	48
 216 00c0 22       		.byte	34
 217 00c1 4C       		.byte	76
 218 00c2 24       		.byte	36
 219 00c3 2C       		.byte	44
 220 00c4 26       		.byte	38
 221 00c5 D1       		.byte	-47
 222 00c6 2C       		.byte	44
 223 00c7 14       		.byte	20
 224 00c8 32       		.byte	50
 225 00c9 E0       		.byte	-32
 226 00ca 34       		.byte	52
 227 00cb 1F       		.byte	31
 228 00cc 3A       		.byte	58
ARM GAS  C:\Users\Ryan\AppData\Local\Temp\ccrxbk1X.s 			page 5


 229 00cd 08       		.byte	8
 230 00ce 40       		.byte	64
 231 00cf 35       		.byte	53
 232 00d0 41       		.byte	65
 233 00d1 04       		.byte	4
 234 00d2 42       		.byte	66
 235 00d3 10       		.byte	16
 236 00d4 44       		.byte	68
 237 00d5 02       		.byte	2
 238 00d6 45       		.byte	69
 239 00d7 DE       		.byte	-34
 240 00d8 46       		.byte	70
 241 00d9 C0       		.byte	-64
 242 00da 47       		.byte	71
 243 00db 0F       		.byte	15
 244 00dc 48       		.byte	72
 245 00dd 1B       		.byte	27
 246 00de 49       		.byte	73
 247 00df FF       		.byte	-1
 248 00e0 4A       		.byte	74
 249 00e1 FF       		.byte	-1
 250 00e2 4B       		.byte	75
 251 00e3 FF       		.byte	-1
 252 00e4 4C       		.byte	76
 253 00e5 02       		.byte	2
 254 00e6 4E       		.byte	78
 255 00e7 70       		.byte	112
 256 00e8 4F       		.byte	79
 257 00e9 08       		.byte	8
 258 00ea 50       		.byte	80
 259 00eb 04       		.byte	4
 260 00ec 54       		.byte	84
 261 00ed 40       		.byte	64
 262 00ee 58       		.byte	88
 263 00ef 04       		.byte	4
 264 00f0 5A       		.byte	90
 265 00f1 04       		.byte	4
 266 00f2 5B       		.byte	91
 267 00f3 04       		.byte	4
 268 00f4 5C       		.byte	92
 269 00f5 02       		.byte	2
 270 00f6 5D       		.byte	93
 271 00f7 11       		.byte	17
 272 00f8 5F       		.byte	95
 273 00f9 01       		.byte	1
 274 00fa 62       		.byte	98
 275 00fb C0       		.byte	-64
 276 00fc 64       		.byte	100
 277 00fd 40       		.byte	64
 278 00fe 65       		.byte	101
 279 00ff 01       		.byte	1
 280 0100 66       		.byte	102
 281 0101 10       		.byte	16
 282 0102 67       		.byte	103
 283 0103 11       		.byte	17
 284 0104 68       		.byte	104
 285 0105 C0       		.byte	-64
ARM GAS  C:\Users\Ryan\AppData\Local\Temp\ccrxbk1X.s 			page 6


 286 0106 69       		.byte	105
 287 0107 01       		.byte	1
 288 0108 6B       		.byte	107
 289 0109 11       		.byte	17
 290 010a 6C       		.byte	108
 291 010b 40       		.byte	64
 292 010c 6D       		.byte	109
 293 010d 01       		.byte	1
 294 010e 6E       		.byte	110
 295 010f 40       		.byte	64
 296 0110 6F       		.byte	111
 297 0111 01       		.byte	1
 298 0112 80       		.byte	-128
 299 0113 03       		.byte	3
 300 0114 81       		.byte	-127
 301 0115 4C       		.byte	76
 302 0116 82       		.byte	-126
 303 0117 0C       		.byte	12
 304 0118 83       		.byte	-125
 305 0119 11       		.byte	17
 306 011a 87       		.byte	-121
 307 011b 40       		.byte	64
 308 011c 89       		.byte	-119
 309 011d 14       		.byte	20
 310 011e 8C       		.byte	-116
 311 011f 03       		.byte	3
 312 0120 8E       		.byte	-114
 313 0121 04       		.byte	4
 314 0122 8F       		.byte	-113
 315 0123 10       		.byte	16
 316 0124 93       		.byte	-109
 317 0125 03       		.byte	3
 318 0126 94       		.byte	-108
 319 0127 09       		.byte	9
 320 0128 99       		.byte	-103
 321 0129 20       		.byte	32
 322 012a 9C       		.byte	-100
 323 012b 10       		.byte	16
 324 012c 9D       		.byte	-99
 325 012d 09       		.byte	9
 326 012e 9F       		.byte	-97
 327 012f 50       		.byte	80
 328 0130 A1       		.byte	-95
 329 0131 50       		.byte	80
 330 0132 A2       		.byte	-94
 331 0133 0E       		.byte	14
 332 0134 A3       		.byte	-93
 333 0135 0C       		.byte	12
 334 0136 A4       		.byte	-92
 335 0137 03       		.byte	3
 336 0138 A6       		.byte	-90
 337 0139 04       		.byte	4
 338 013a A9       		.byte	-87
 339 013b 1C       		.byte	28
 340 013c AB       		.byte	-85
 341 013d 42       		.byte	66
 342 013e B0       		.byte	-80
ARM GAS  C:\Users\Ryan\AppData\Local\Temp\ccrxbk1X.s 			page 7


 343 013f 0F       		.byte	15
 344 0140 B1       		.byte	-79
 345 0141 1F       		.byte	31
 346 0142 B3       		.byte	-77
 347 0143 20       		.byte	32
 348 0144 B4       		.byte	-76
 349 0145 10       		.byte	16
 350 0146 B5       		.byte	-75
 351 0147 40       		.byte	64
 352 0148 BA       		.byte	-70
 353 0149 02       		.byte	2
 354 014a BE       		.byte	-66
 355 014b 10       		.byte	16
 356 014c BF       		.byte	-65
 357 014d 14       		.byte	20
 358 014e C0       		.byte	-64
 359 014f 35       		.byte	53
 360 0150 C1       		.byte	-63
 361 0151 04       		.byte	4
 362 0152 C2       		.byte	-62
 363 0153 10       		.byte	16
 364 0154 C4       		.byte	-60
 365 0155 02       		.byte	2
 366 0156 C7       		.byte	-57
 367 0157 0B       		.byte	11
 368 0158 C8       		.byte	-56
 369 0159 10       		.byte	16
 370 015a C9       		.byte	-55
 371 015b 3F       		.byte	63
 372 015c CA       		.byte	-54
 373 015d FF       		.byte	-1
 374 015e CB       		.byte	-53
 375 015f FF       		.byte	-1
 376 0160 CC       		.byte	-52
 377 0161 23       		.byte	35
 378 0162 CE       		.byte	-50
 379 0163 D0       		.byte	-48
 380 0164 CF       		.byte	-49
 381 0165 08       		.byte	8
 382 0166 D0       		.byte	-48
 383 0167 04       		.byte	4
 384 0168 D4       		.byte	-44
 385 0169 01       		.byte	1
 386 016a D8       		.byte	-40
 387 016b 04       		.byte	4
 388 016c D9       		.byte	-39
 389 016d 04       		.byte	4
 390 016e DA       		.byte	-38
 391 016f 04       		.byte	4
 392 0170 DB       		.byte	-37
 393 0171 04       		.byte	4
 394 0172 DC       		.byte	-36
 395 0173 33       		.byte	51
 396 0174 DD       		.byte	-35
 397 0175 31       		.byte	49
 398 0176 DF       		.byte	-33
 399 0177 01       		.byte	1
ARM GAS  C:\Users\Ryan\AppData\Local\Temp\ccrxbk1X.s 			page 8


 400 0178 E2       		.byte	-30
 401 0179 C0       		.byte	-64
 402 017a E4       		.byte	-28
 403 017b 40       		.byte	64
 404 017c E5       		.byte	-27
 405 017d 01       		.byte	1
 406 017e E6       		.byte	-26
 407 017f 10       		.byte	16
 408 0180 E7       		.byte	-25
 409 0181 11       		.byte	17
 410 0182 E8       		.byte	-24
 411 0183 C0       		.byte	-64
 412 0184 E9       		.byte	-23
 413 0185 01       		.byte	1
 414 0186 EB       		.byte	-21
 415 0187 11       		.byte	17
 416 0188 EC       		.byte	-20
 417 0189 40       		.byte	64
 418 018a ED       		.byte	-19
 419 018b 01       		.byte	1
 420 018c EE       		.byte	-18
 421 018d 40       		.byte	64
 422 018e EF       		.byte	-17
 423 018f 01       		.byte	1
 424 0190 01       		.byte	1
 425 0191 02       		.byte	2
 426 0192 02       		.byte	2
 427 0193 01       		.byte	1
 428 0194 04       		.byte	4
 429 0195 20       		.byte	32
 430 0196 07       		.byte	7
 431 0197 10       		.byte	16
 432 0198 08       		.byte	8
 433 0199 08       		.byte	8
 434 019a 0A       		.byte	10
 435 019b 01       		.byte	1
 436 019c 0E       		.byte	14
 437 019d 14       		.byte	20
 438 019e 10       		.byte	16
 439 019f 10       		.byte	16
 440 01a0 11       		.byte	17
 441 01a1 04       		.byte	4
 442 01a2 12       		.byte	18
 443 01a3 80       		.byte	-128
 444 01a4 14       		.byte	20
 445 01a5 20       		.byte	32
 446 01a6 16       		.byte	22
 447 01a7 02       		.byte	2
 448 01a8 17       		.byte	23
 449 01a9 02       		.byte	2
 450 01aa 19       		.byte	25
 451 01ab 02       		.byte	2
 452 01ac 1A       		.byte	26
 453 01ad 08       		.byte	8
 454 01ae 1D       		.byte	29
 455 01af 10       		.byte	16
 456 01b0 1E       		.byte	30
ARM GAS  C:\Users\Ryan\AppData\Local\Temp\ccrxbk1X.s 			page 9


 457 01b1 14       		.byte	20
 458 01b2 22       		.byte	34
 459 01b3 21       		.byte	33
 460 01b4 23       		.byte	35
 461 01b5 50       		.byte	80
 462 01b6 28       		.byte	40
 463 01b7 08       		.byte	8
 464 01b8 29       		.byte	41
 465 01b9 02       		.byte	2
 466 01ba 2B       		.byte	43
 467 01bb 04       		.byte	4
 468 01bc 30       		.byte	48
 469 01bd 04       		.byte	4
 470 01be 31       		.byte	49
 471 01bf 10       		.byte	16
 472 01c0 32       		.byte	50
 473 01c1 81       		.byte	-127
 474 01c2 33       		.byte	51
 475 01c3 08       		.byte	8
 476 01c4 38       		.byte	56
 477 01c5 08       		.byte	8
 478 01c6 39       		.byte	57
 479 01c7 84       		.byte	-124
 480 01c8 3A       		.byte	58
 481 01c9 01       		.byte	1
 482 01ca 3B       		.byte	59
 483 01cb 20       		.byte	32
 484 01cc 40       		.byte	64
 485 01cd 02       		.byte	2
 486 01ce 41       		.byte	65
 487 01cf 29       		.byte	41
 488 01d0 42       		.byte	66
 489 01d1 80       		.byte	-128
 490 01d2 44       		.byte	68
 491 01d3 02       		.byte	2
 492 01d4 45       		.byte	69
 493 01d5 38       		.byte	56
 494 01d6 46       		.byte	70
 495 01d7 80       		.byte	-128
 496 01d8 49       		.byte	73
 497 01d9 40       		.byte	64
 498 01da 4A       		.byte	74
 499 01db 02       		.byte	2
 500 01dc 4D       		.byte	77
 501 01dd 08       		.byte	8
 502 01de 4E       		.byte	78
 503 01df 02       		.byte	2
 504 01e0 4F       		.byte	79
 505 01e1 01       		.byte	1
 506 01e2 50       		.byte	80
 507 01e3 08       		.byte	8
 508 01e4 56       		.byte	86
 509 01e5 10       		.byte	16
 510 01e6 57       		.byte	87
 511 01e7 08       		.byte	8
 512 01e8 58       		.byte	88
 513 01e9 10       		.byte	16
ARM GAS  C:\Users\Ryan\AppData\Local\Temp\ccrxbk1X.s 			page 10


 514 01ea 59       		.byte	89
 515 01eb 01       		.byte	1
 516 01ec 5A       		.byte	90
 517 01ed 09       		.byte	9
 518 01ee 5B       		.byte	91
 519 01ef 40       		.byte	64
 520 01f0 64       		.byte	100
 521 01f1 04       		.byte	4
 522 01f2 65       		.byte	101
 523 01f3 04       		.byte	4
 524 01f4 67       		.byte	103
 525 01f5 01       		.byte	1
 526 01f6 87       		.byte	-121
 527 01f7 10       		.byte	16
 528 01f8 90       		.byte	-112
 529 01f9 48       		.byte	72
 530 01fa 91       		.byte	-111
 531 01fb A0       		.byte	-96
 532 01fc 93       		.byte	-109
 533 01fd 20       		.byte	32
 534 01fe 94       		.byte	-108
 535 01ff 04       		.byte	4
 536 0200 95       		.byte	-107
 537 0201 01       		.byte	1
 538 0202 97       		.byte	-105
 539 0203 42       		.byte	66
 540 0204 99       		.byte	-103
 541 0205 81       		.byte	-127
 542 0206 9A       		.byte	-102
 543 0207 05       		.byte	5
 544 0208 9B       		.byte	-101
 545 0209 08       		.byte	8
 546 020a 9D       		.byte	-99
 547 020b 42       		.byte	66
 548 020c 9E       		.byte	-98
 549 020d 80       		.byte	-128
 550 020e A1       		.byte	-95
 551 020f 10       		.byte	16
 552 0210 A2       		.byte	-94
 553 0211 80       		.byte	-128
 554 0212 A3       		.byte	-93
 555 0213 04       		.byte	4
 556 0214 A5       		.byte	-91
 557 0215 08       		.byte	8
 558 0216 B5       		.byte	-75
 559 0217 10       		.byte	16
 560 0218 C0       		.byte	-64
 561 0219 69       		.byte	105
 562 021a C2       		.byte	-62
 563 021b 65       		.byte	101
 564 021c C4       		.byte	-60
 565 021d BC       		.byte	-68
 566 021e CA       		.byte	-54
 567 021f 05       		.byte	5
 568 0220 CC       		.byte	-52
 569 0221 0D       		.byte	13
 570 0222 CE       		.byte	-50
ARM GAS  C:\Users\Ryan\AppData\Local\Temp\ccrxbk1X.s 			page 11


 571 0223 0F       		.byte	15
 572 0224 D0       		.byte	-48
 573 0225 FF       		.byte	-1
 574 0226 D2       		.byte	-46
 575 0227 18       		.byte	24
 576 0228 D6       		.byte	-42
 577 0229 0F       		.byte	15
 578 022a D8       		.byte	-40
 579 022b 70       		.byte	112
 580 022c E0       		.byte	-32
 581 022d 0C       		.byte	12
 582 022e 00       		.byte	0
 583 022f 38       		.byte	56
 584 0230 01       		.byte	1
 585 0231 0E       		.byte	14
 586 0232 02       		.byte	2
 587 0233 05       		.byte	5
 588 0234 04       		.byte	4
 589 0235 0E       		.byte	14
 590 0236 06       		.byte	6
 591 0237 20       		.byte	32
 592 0238 0C       		.byte	12
 593 0239 38       		.byte	56
 594 023a 0D       		.byte	13
 595 023b 10       		.byte	16
 596 023c 0E       		.byte	14
 597 023d 03       		.byte	3
 598 023e 15       		.byte	21
 599 023f 05       		.byte	5
 600 0240 17       		.byte	23
 601 0241 0A       		.byte	10
 602 0242 1D       		.byte	29
 603 0243 04       		.byte	4
 604 0244 1E       		.byte	30
 605 0245 37       		.byte	55
 606 0246 1F       		.byte	31
 607 0247 09       		.byte	9
 608 0248 20       		.byte	32
 609 0249 02       		.byte	2
 610 024a 2D       		.byte	45
 611 024b 03       		.byte	3
 612 024c 2F       		.byte	47
 613 024d 04       		.byte	4
 614 024e 30       		.byte	48
 615 024f 07       		.byte	7
 616 0250 31       		.byte	49
 617 0251 0F       		.byte	15
 618 0252 32       		.byte	50
 619 0253 23       		.byte	35
 620 0254 34       		.byte	52
 621 0255 18       		.byte	24
 622 0256 37       		.byte	55
 623 0257 10       		.byte	16
 624 0258 38       		.byte	56
 625 0259 20       		.byte	32
 626 025a 39       		.byte	57
 627 025b 02       		.byte	2
ARM GAS  C:\Users\Ryan\AppData\Local\Temp\ccrxbk1X.s 			page 12


 628 025c 3A       		.byte	58
 629 025d 0A       		.byte	10
 630 025e 3E       		.byte	62
 631 025f 10       		.byte	16
 632 0260 3F       		.byte	63
 633 0261 40       		.byte	64
 634 0262 40       		.byte	64
 635 0263 51       		.byte	81
 636 0264 41       		.byte	65
 637 0265 04       		.byte	4
 638 0266 45       		.byte	69
 639 0267 E0       		.byte	-32
 640 0268 46       		.byte	70
 641 0269 B0       		.byte	-80
 642 026a 47       		.byte	71
 643 026b 0C       		.byte	12
 644 026c 48       		.byte	72
 645 026d 1A       		.byte	26
 646 026e 49       		.byte	73
 647 026f FF       		.byte	-1
 648 0270 4A       		.byte	74
 649 0271 FF       		.byte	-1
 650 0272 4B       		.byte	75
 651 0273 FF       		.byte	-1
 652 0274 4E       		.byte	78
 653 0275 F0       		.byte	-16
 654 0276 4F       		.byte	79
 655 0277 44       		.byte	68
 656 0278 50       		.byte	80
 657 0279 0C       		.byte	12
 658 027a 58       		.byte	88
 659 027b 04       		.byte	4
 660 027c 59       		.byte	89
 661 027d 04       		.byte	4
 662 027e 5A       		.byte	90
 663 027f 04       		.byte	4
 664 0280 5C       		.byte	92
 665 0281 13       		.byte	19
 666 0282 5D       		.byte	93
 667 0283 03       		.byte	3
 668 0284 5F       		.byte	95
 669 0285 01       		.byte	1
 670 0286 66       		.byte	102
 671 0287 C0       		.byte	-64
 672 0288 6A       		.byte	106
 673 0289 40       		.byte	64
 674 028a 6B       		.byte	107
 675 028b 02       		.byte	2
 676 028c 81       		.byte	-127
 677 028d 02       		.byte	2
 678 028e 87       		.byte	-121
 679 028f 01       		.byte	1
 680 0290 88       		.byte	-120
 681 0291 67       		.byte	103
 682 0292 8F       		.byte	-113
 683 0293 01       		.byte	1
 684 0294 90       		.byte	-112
ARM GAS  C:\Users\Ryan\AppData\Local\Temp\ccrxbk1X.s 			page 13


 685 0295 01       		.byte	1
 686 0296 92       		.byte	-110
 687 0297 0E       		.byte	14
 688 0298 94       		.byte	-108
 689 0299 44       		.byte	68
 690 029a 96       		.byte	-106
 691 029b 31       		.byte	49
 692 029c 9C       		.byte	-100
 693 029d 22       		.byte	34
 694 029e 9E       		.byte	-98
 695 029f D1       		.byte	-47
 696 02a0 A1       		.byte	-95
 697 02a1 04       		.byte	4
 698 02a2 A8       		.byte	-88
 699 02a3 67       		.byte	103
 700 02a4 B0       		.byte	-80
 701 02a5 07       		.byte	7
 702 02a6 B1       		.byte	-79
 703 02a7 02       		.byte	2
 704 02a8 B2       		.byte	-78
 705 02a9 60       		.byte	96
 706 02aa B3       		.byte	-77
 707 02ab 01       		.byte	1
 708 02ac B4       		.byte	-76
 709 02ad 80       		.byte	-128
 710 02ae B5       		.byte	-75
 711 02af 04       		.byte	4
 712 02b0 B6       		.byte	-74
 713 02b1 18       		.byte	24
 714 02b2 B7       		.byte	-73
 715 02b3 02       		.byte	2
 716 02b4 BE       		.byte	-66
 717 02b5 40       		.byte	64
 718 02b6 BF       		.byte	-65
 719 02b7 15       		.byte	21
 720 02b8 C0       		.byte	-64
 721 02b9 64       		.byte	100
 722 02ba C1       		.byte	-63
 723 02bb 05       		.byte	5
 724 02bc C2       		.byte	-62
 725 02bd 02       		.byte	2
 726 02be C4       		.byte	-60
 727 02bf 01       		.byte	1
 728 02c0 C6       		.byte	-58
 729 02c1 0E       		.byte	14
 730 02c2 C7       		.byte	-57
 731 02c3 0C       		.byte	12
 732 02c4 C8       		.byte	-56
 733 02c5 14       		.byte	20
 734 02c6 C9       		.byte	-55
 735 02c7 FF       		.byte	-1
 736 02c8 CA       		.byte	-54
 737 02c9 FF       		.byte	-1
 738 02ca CB       		.byte	-53
 739 02cb FF       		.byte	-1
 740 02cc CC       		.byte	-52
 741 02cd 62       		.byte	98
ARM GAS  C:\Users\Ryan\AppData\Local\Temp\ccrxbk1X.s 			page 14


 742 02ce CD       		.byte	-51
 743 02cf A0       		.byte	-96
 744 02d0 CE       		.byte	-50
 745 02d1 F0       		.byte	-16
 746 02d2 CF       		.byte	-49
 747 02d3 41       		.byte	65
 748 02d4 D0       		.byte	-48
 749 02d5 0C       		.byte	12
 750 02d6 D4       		.byte	-44
 751 02d7 18       		.byte	24
 752 02d8 D6       		.byte	-42
 753 02d9 04       		.byte	4
 754 02da D8       		.byte	-40
 755 02db 04       		.byte	4
 756 02dc D9       		.byte	-39
 757 02dd 04       		.byte	4
 758 02de DA       		.byte	-38
 759 02df 04       		.byte	4
 760 02e0 DB       		.byte	-37
 761 02e1 04       		.byte	4
 762 02e2 DC       		.byte	-36
 763 02e3 32       		.byte	50
 764 02e4 DD       		.byte	-35
 765 02e5 22       		.byte	34
 766 02e6 DF       		.byte	-33
 767 02e7 01       		.byte	1
 768 02e8 E6       		.byte	-26
 769 02e9 40       		.byte	64
 770 02ea E7       		.byte	-25
 771 02eb 02       		.byte	2
 772 02ec E9       		.byte	-23
 773 02ed 10       		.byte	16
 774 02ee EA       		.byte	-22
 775 02ef 30       		.byte	48
 776 02f0 EB       		.byte	-21
 777 02f1 10       		.byte	16
 778 02f2 ED       		.byte	-19
 779 02f3 10       		.byte	16
 780 02f4 EE       		.byte	-18
 781 02f5 10       		.byte	16
 782 02f6 EF       		.byte	-17
 783 02f7 12       		.byte	18
 784 02f8 00       		.byte	0
 785 02f9 02       		.byte	2
 786 02fa 01       		.byte	1
 787 02fb 0A       		.byte	10
 788 02fc 02       		.byte	2
 789 02fd 01       		.byte	1
 790 02fe 03       		.byte	3
 791 02ff 02       		.byte	2
 792 0300 07       		.byte	7
 793 0301 04       		.byte	4
 794 0302 09       		.byte	9
 795 0303 40       		.byte	64
 796 0304 0E       		.byte	14
 797 0305 50       		.byte	80
 798 0306 0F       		.byte	15
ARM GAS  C:\Users\Ryan\AppData\Local\Temp\ccrxbk1X.s 			page 15


 799 0307 02       		.byte	2
 800 0308 10       		.byte	16
 801 0309 84       		.byte	-124
 802 030a 13       		.byte	19
 803 030b 20       		.byte	32
 804 030c 17       		.byte	23
 805 030d 10       		.byte	16
 806 030e 19       		.byte	25
 807 030f 08       		.byte	8
 808 0310 1A       		.byte	26
 809 0311 04       		.byte	4
 810 0312 1B       		.byte	27
 811 0313 06       		.byte	6
 812 0314 1D       		.byte	29
 813 0315 80       		.byte	-128
 814 0316 1E       		.byte	30
 815 0317 58       		.byte	88
 816 0318 1F       		.byte	31
 817 0319 04       		.byte	4
 818 031a 21       		.byte	33
 819 031b 01       		.byte	1
 820 031c 22       		.byte	34
 821 031d 40       		.byte	64
 822 031e 25       		.byte	37
 823 031f 40       		.byte	64
 824 0320 26       		.byte	38
 825 0321 80       		.byte	-128
 826 0322 27       		.byte	39
 827 0323 68       		.byte	104
 828 0324 2A       		.byte	42
 829 0325 80       		.byte	-128
 830 0326 2D       		.byte	45
 831 0327 01       		.byte	1
 832 0328 31       		.byte	49
 833 0329 48       		.byte	72
 834 032a 39       		.byte	57
 835 032b 02       		.byte	2
 836 032c 3B       		.byte	59
 837 032d 40       		.byte	64
 838 032e 3D       		.byte	61
 839 032f 08       		.byte	8
 840 0330 3F       		.byte	63
 841 0331 81       		.byte	-127
 842 0332 43       		.byte	67
 843 0333 42       		.byte	66
 844 0334 44       		.byte	68
 845 0335 08       		.byte	8
 846 0336 45       		.byte	69
 847 0337 81       		.byte	-127
 848 0338 48       		.byte	72
 849 0339 01       		.byte	1
 850 033a 49       		.byte	73
 851 033b 01       		.byte	1
 852 033c 4C       		.byte	76
 853 033d 08       		.byte	8
 854 033e 4E       		.byte	78
 855 033f 02       		.byte	2
ARM GAS  C:\Users\Ryan\AppData\Local\Temp\ccrxbk1X.s 			page 16


 856 0340 50       		.byte	80
 857 0341 04       		.byte	4
 858 0342 53       		.byte	83
 859 0343 10       		.byte	16
 860 0344 56       		.byte	86
 861 0345 04       		.byte	4
 862 0346 57       		.byte	87
 863 0347 40       		.byte	64
 864 0348 5E       		.byte	94
 865 0349 02       		.byte	2
 866 034a 64       		.byte	100
 867 034b 04       		.byte	4
 868 034c 66       		.byte	102
 869 034d 02       		.byte	2
 870 034e 67       		.byte	103
 871 034f 02       		.byte	2
 872 0350 85       		.byte	-123
 873 0351 01       		.byte	1
 874 0352 86       		.byte	-122
 875 0353 02       		.byte	2
 876 0354 8C       		.byte	-116
 877 0355 48       		.byte	72
 878 0356 90       		.byte	-112
 879 0357 40       		.byte	64
 880 0358 91       		.byte	-111
 881 0359 A0       		.byte	-96
 882 035a 93       		.byte	-109
 883 035b 01       		.byte	1
 884 035c 94       		.byte	-108
 885 035d 04       		.byte	4
 886 035e 96       		.byte	-106
 887 035f C4       		.byte	-60
 888 0360 97       		.byte	-105
 889 0361 08       		.byte	8
 890 0362 99       		.byte	-103
 891 0363 80       		.byte	-128
 892 0364 9B       		.byte	-101
 893 0365 14       		.byte	20
 894 0366 A0       		.byte	-96
 895 0367 88       		.byte	-120
 896 0368 A1       		.byte	-95
 897 0369 05       		.byte	5
 898 036a A2       		.byte	-94
 899 036b 03       		.byte	3
 900 036c A3       		.byte	-93
 901 036d 01       		.byte	1
 902 036e A6       		.byte	-90
 903 036f 04       		.byte	4
 904 0370 B0       		.byte	-80
 905 0371 01       		.byte	1
 906 0372 B3       		.byte	-77
 907 0373 01       		.byte	1
 908 0374 B5       		.byte	-75
 909 0375 08       		.byte	8
 910 0376 B6       		.byte	-74
 911 0377 23       		.byte	35
 912 0378 C0       		.byte	-64
ARM GAS  C:\Users\Ryan\AppData\Local\Temp\ccrxbk1X.s 			page 17


 913 0379 4D       		.byte	77
 914 037a C2       		.byte	-62
 915 037b B1       		.byte	-79
 916 037c C4       		.byte	-60
 917 037d 48       		.byte	72
 918 037e CA       		.byte	-54
 919 037f 88       		.byte	-120
 920 0380 CC       		.byte	-52
 921 0381 0A       		.byte	10
 922 0382 CE       		.byte	-50
 923 0383 D9       		.byte	-39
 924 0384 D0       		.byte	-48
 925 0385 B9       		.byte	-71
 926 0386 D2       		.byte	-46
 927 0387 38       		.byte	56
 928 0388 D6       		.byte	-42
 929 0389 80       		.byte	-128
 930 038a D8       		.byte	-40
 931 038b B0       		.byte	-80
 932 038c E4       		.byte	-28
 933 038d 02       		.byte	2
 934 038e 00       		.byte	0
 935 038f E7       		.byte	-25
 936 0390 01       		.byte	1
 937 0391 11       		.byte	17
 938 0392 02       		.byte	2
 939 0393 18       		.byte	24
 940 0394 04       		.byte	4
 941 0395 3C       		.byte	60
 942 0396 05       		.byte	5
 943 0397 04       		.byte	4
 944 0398 06       		.byte	6
 945 0399 C1       		.byte	-63
 946 039a 08       		.byte	8
 947 039b 08       		.byte	8
 948 039c 09       		.byte	9
 949 039d 0C       		.byte	12
 950 039e 0F       		.byte	15
 951 039f 33       		.byte	51
 952 03a0 11       		.byte	17
 953 03a1 08       		.byte	8
 954 03a2 14       		.byte	20
 955 03a3 FF       		.byte	-1
 956 03a4 15       		.byte	21
 957 03a5 0F       		.byte	15
 958 03a6 17       		.byte	23
 959 03a7 70       		.byte	112
 960 03a8 19       		.byte	25
 961 03a9 7F       		.byte	127
 962 03aa 1A       		.byte	26
 963 03ab 04       		.byte	4
 964 03ac 1C       		.byte	28
 965 03ad 04       		.byte	4
 966 03ae 1D       		.byte	29
 967 03af 73       		.byte	115
 968 03b0 1F       		.byte	31
 969 03b1 0C       		.byte	12
ARM GAS  C:\Users\Ryan\AppData\Local\Temp\ccrxbk1X.s 			page 18


 970 03b2 22       		.byte	34
 971 03b3 C3       		.byte	-61
 972 03b4 24       		.byte	36
 973 03b5 BC       		.byte	-68
 974 03b6 25       		.byte	37
 975 03b7 0C       		.byte	12
 976 03b8 26       		.byte	38
 977 03b9 42       		.byte	66
 978 03ba 27       		.byte	39
 979 03bb 73       		.byte	115
 980 03bc 28       		.byte	40
 981 03bd 18       		.byte	24
 982 03be 29       		.byte	41
 983 03bf 22       		.byte	34
 984 03c0 2C       		.byte	44
 985 03c1 10       		.byte	16
 986 03c2 2D       		.byte	45
 987 03c3 33       		.byte	51
 988 03c4 30       		.byte	48
 989 03c5 98       		.byte	-104
 990 03c6 31       		.byte	49
 991 03c7 0F       		.byte	15
 992 03c8 32       		.byte	50
 993 03c9 58       		.byte	88
 994 03ca 33       		.byte	51
 995 03cb 40       		.byte	64
 996 03cc 34       		.byte	52
 997 03cd 1F       		.byte	31
 998 03ce 35       		.byte	53
 999 03cf 30       		.byte	48
 1000 03d0 36       		.byte	54
 1001 03d1 20       		.byte	32
 1002 03d2 39       		.byte	57
 1003 03d3 08       		.byte	8
 1004 03d4 3A       		.byte	58
 1005 03d5 28       		.byte	40
 1006 03d6 3B       		.byte	59
 1007 03d7 02       		.byte	2
 1008 03d8 3E       		.byte	62
 1009 03d9 40       		.byte	64
 1010 03da 56       		.byte	86
 1011 03db 02       		.byte	2
 1012 03dc 57       		.byte	87
 1013 03dd 13       		.byte	19
 1014 03de 58       		.byte	88
 1015 03df 04       		.byte	4
 1016 03e0 59       		.byte	89
 1017 03e1 04       		.byte	4
 1018 03e2 5B       		.byte	91
 1019 03e3 04       		.byte	4
 1020 03e4 5C       		.byte	92
 1021 03e5 22       		.byte	34
 1022 03e6 5D       		.byte	93
 1023 03e7 20       		.byte	32
 1024 03e8 5F       		.byte	95
 1025 03e9 01       		.byte	1
 1026 03ea 88       		.byte	-120
ARM GAS  C:\Users\Ryan\AppData\Local\Temp\ccrxbk1X.s 			page 19


 1027 03eb 01       		.byte	1
 1028 03ec 89       		.byte	-119
 1029 03ed 37       		.byte	55
 1030 03ee 95       		.byte	-107
 1031 03ef 24       		.byte	36
 1032 03f0 97       		.byte	-105
 1033 03f1 52       		.byte	82
 1034 03f2 99       		.byte	-103
 1035 03f3 02       		.byte	2
 1036 03f4 9B       		.byte	-101
 1037 03f5 85       		.byte	-123
 1038 03f6 A8       		.byte	-88
 1039 03f7 01       		.byte	1
 1040 03f8 A9       		.byte	-87
 1041 03f9 37       		.byte	55
 1042 03fa AC       		.byte	-84
 1043 03fb 01       		.byte	1
 1044 03fc AD       		.byte	-83
 1045 03fd 11       		.byte	17
 1046 03fe AF       		.byte	-81
 1047 03ff 6A       		.byte	106
 1048 0400 B1       		.byte	-79
 1049 0401 08       		.byte	8
 1050 0402 B2       		.byte	-78
 1051 0403 01       		.byte	1
 1052 0404 B3       		.byte	-77
 1053 0405 30       		.byte	48
 1054 0406 B5       		.byte	-75
 1055 0407 07       		.byte	7
 1056 0408 B7       		.byte	-73
 1057 0409 C0       		.byte	-64
 1058 040a BF       		.byte	-65
 1059 040b 40       		.byte	64
 1060 040c C0       		.byte	-64
 1061 040d 02       		.byte	2
 1062 040e C5       		.byte	-59
 1063 040f 10       		.byte	16
 1064 0410 C6       		.byte	-58
 1065 0411 05       		.byte	5
 1066 0412 C8       		.byte	-56
 1067 0413 06       		.byte	6
 1068 0414 C9       		.byte	-55
 1069 0415 FF       		.byte	-1
 1070 0416 CA       		.byte	-54
 1071 0417 07       		.byte	7
 1072 0418 CB       		.byte	-53
 1073 0419 FF       		.byte	-1
 1074 041a CC       		.byte	-52
 1075 041b 40       		.byte	64
 1076 041c CD       		.byte	-51
 1077 041d 20       		.byte	32
 1078 041e CE       		.byte	-50
 1079 041f F0       		.byte	-16
 1080 0420 CF       		.byte	-49
 1081 0421 05       		.byte	5
 1082 0422 D0       		.byte	-48
 1083 0423 08       		.byte	8
ARM GAS  C:\Users\Ryan\AppData\Local\Temp\ccrxbk1X.s 			page 20


 1084 0424 D4       		.byte	-44
 1085 0425 18       		.byte	24
 1086 0426 D6       		.byte	-42
 1087 0427 04       		.byte	4
 1088 0428 D8       		.byte	-40
 1089 0429 04       		.byte	4
 1090 042a D9       		.byte	-39
 1091 042b 04       		.byte	4
 1092 042c DA       		.byte	-38
 1093 042d 04       		.byte	4
 1094 042e DB       		.byte	-37
 1095 042f 04       		.byte	4
 1096 0430 DC       		.byte	-36
 1097 0431 33       		.byte	51
 1098 0432 DD       		.byte	-35
 1099 0433 33       		.byte	51
 1100 0434 DF       		.byte	-33
 1101 0435 01       		.byte	1
 1102 0436 E0       		.byte	-32
 1103 0437 40       		.byte	64
 1104 0438 E1       		.byte	-31
 1105 0439 A8       		.byte	-88
 1106 043a E2       		.byte	-30
 1107 043b 40       		.byte	64
 1108 043c E3       		.byte	-29
 1109 043d 20       		.byte	32
 1110 043e 00       		.byte	0
 1111 043f 20       		.byte	32
 1112 0440 03       		.byte	3
 1113 0441 08       		.byte	8
 1114 0442 05       		.byte	5
 1115 0443 14       		.byte	20
 1116 0444 07       		.byte	7
 1117 0445 40       		.byte	64
 1118 0446 08       		.byte	8
 1119 0447 10       		.byte	16
 1120 0448 09       		.byte	9
 1121 0449 20       		.byte	32
 1122 044a 0D       		.byte	13
 1123 044b 08       		.byte	8
 1124 044c 0E       		.byte	14
 1125 044d 28       		.byte	40
 1126 044e 0F       		.byte	15
 1127 044f 02       		.byte	2
 1128 0450 11       		.byte	17
 1129 0451 52       		.byte	82
 1130 0452 12       		.byte	18
 1131 0453 40       		.byte	64
 1132 0454 14       		.byte	20
 1133 0455 10       		.byte	16
 1134 0456 16       		.byte	22
 1135 0457 C1       		.byte	-63
 1136 0458 17       		.byte	23
 1137 0459 20       		.byte	32
 1138 045a 1A       		.byte	26
 1139 045b 10       		.byte	16
 1140 045c 1C       		.byte	28
ARM GAS  C:\Users\Ryan\AppData\Local\Temp\ccrxbk1X.s 			page 21


 1141 045d 40       		.byte	64
 1142 045e 1D       		.byte	29
 1143 045f 24       		.byte	36
 1144 0460 1E       		.byte	30
 1145 0461 01       		.byte	1
 1146 0462 20       		.byte	32
 1147 0463 01       		.byte	1
 1148 0464 22       		.byte	34
 1149 0465 15       		.byte	21
 1150 0466 24       		.byte	36
 1151 0467 80       		.byte	-128
 1152 0468 25       		.byte	37
 1153 0469 04       		.byte	4
 1154 046a 26       		.byte	38
 1155 046b 20       		.byte	32
 1156 046c 27       		.byte	39
 1157 046d 40       		.byte	64
 1158 046e 28       		.byte	40
 1159 046f 01       		.byte	1
 1160 0470 2B       		.byte	43
 1161 0471 08       		.byte	8
 1162 0472 2C       		.byte	44
 1163 0473 10       		.byte	16
 1164 0474 2E       		.byte	46
 1165 0475 40       		.byte	64
 1166 0476 2F       		.byte	47
 1167 0477 04       		.byte	4
 1168 0478 32       		.byte	50
 1169 0479 14       		.byte	20
 1170 047a 35       		.byte	53
 1171 047b 04       		.byte	4
 1172 047c 36       		.byte	54
 1173 047d 10       		.byte	16
 1174 047e 37       		.byte	55
 1175 047f 41       		.byte	65
 1176 0480 39       		.byte	57
 1177 0481 10       		.byte	16
 1178 0482 3E       		.byte	62
 1179 0483 A8       		.byte	-88
 1180 0484 3F       		.byte	63
 1181 0485 02       		.byte	2
 1182 0486 42       		.byte	66
 1183 0487 04       		.byte	4
 1184 0488 4B       		.byte	75
 1185 0489 01       		.byte	1
 1186 048a 50       		.byte	80
 1187 048b 80       		.byte	-128
 1188 048c 51       		.byte	81
 1189 048d 40       		.byte	64
 1190 048e 59       		.byte	89
 1191 048f 01       		.byte	1
 1192 0490 5E       		.byte	94
 1193 0491 01       		.byte	1
 1194 0492 60       		.byte	96
 1195 0493 04       		.byte	4
 1196 0494 62       		.byte	98
 1197 0495 80       		.byte	-128
ARM GAS  C:\Users\Ryan\AppData\Local\Temp\ccrxbk1X.s 			page 22


 1198 0496 63       		.byte	99
 1199 0497 40       		.byte	64
 1200 0498 6F       		.byte	111
 1201 0499 36       		.byte	54
 1202 049a 75       		.byte	117
 1203 049b 10       		.byte	16
 1204 049c 76       		.byte	118
 1205 049d 29       		.byte	41
 1206 049e 77       		.byte	119
 1207 049f 21       		.byte	33
 1208 04a0 87       		.byte	-121
 1209 04a1 40       		.byte	64
 1210 04a2 8C       		.byte	-116
 1211 04a3 48       		.byte	72
 1212 04a4 8E       		.byte	-114
 1213 04a5 40       		.byte	64
 1214 04a6 91       		.byte	-111
 1215 04a7 70       		.byte	112
 1216 04a8 94       		.byte	-108
 1217 04a9 01       		.byte	1
 1218 04aa 96       		.byte	-106
 1219 04ab 3A       		.byte	58
 1220 04ac 99       		.byte	-103
 1221 04ad 81       		.byte	-127
 1222 04ae 9C       		.byte	-100
 1223 04af 01       		.byte	1
 1224 04b0 9F       		.byte	-97
 1225 04b1 04       		.byte	4
 1226 04b2 A0       		.byte	-96
 1227 04b3 10       		.byte	16
 1228 04b4 A1       		.byte	-95
 1229 04b5 09       		.byte	9
 1230 04b6 A2       		.byte	-94
 1231 04b7 80       		.byte	-128
 1232 04b8 A7       		.byte	-89
 1233 04b9 22       		.byte	34
 1234 04ba B6       		.byte	-74
 1235 04bb 50       		.byte	80
 1236 04bc B7       		.byte	-73
 1237 04bd 90       		.byte	-112
 1238 04be C0       		.byte	-64
 1239 04bf 72       		.byte	114
 1240 04c0 C2       		.byte	-62
 1241 04c1 E0       		.byte	-32
 1242 04c2 C4       		.byte	-60
 1243 04c3 F3       		.byte	-13
 1244 04c4 CA       		.byte	-54
 1245 04c5 7C       		.byte	124
 1246 04c6 CC       		.byte	-52
 1247 04c7 F6       		.byte	-10
 1248 04c8 CE       		.byte	-50
 1249 04c9 F4       		.byte	-12
 1250 04ca D0       		.byte	-48
 1251 04cb 04       		.byte	4
 1252 04cc D6       		.byte	-42
 1253 04cd 81       		.byte	-127
 1254 04ce D8       		.byte	-40
ARM GAS  C:\Users\Ryan\AppData\Local\Temp\ccrxbk1X.s 			page 23


 1255 04cf 0D       		.byte	13
 1256 04d0 83       		.byte	-125
 1257 04d1 01       		.byte	1
 1258 04d2 93       		.byte	-109
 1259 04d3 01       		.byte	1
 1260 04d4 95       		.byte	-107
 1261 04d5 02       		.byte	2
 1262 04d6 A5       		.byte	-91
 1263 04d7 02       		.byte	2
 1264 04d8 AD       		.byte	-83
 1265 04d9 02       		.byte	2
 1266 04da B1       		.byte	-79
 1267 04db 02       		.byte	2
 1268 04dc B7       		.byte	-73
 1269 04dd 01       		.byte	1
 1270 04de BB       		.byte	-69
 1271 04df 08       		.byte	8
 1272 04e0 BF       		.byte	-65
 1273 04e1 40       		.byte	64
 1274 04e2 D9       		.byte	-39
 1275 04e3 04       		.byte	4
 1276 04e4 DC       		.byte	-36
 1277 04e5 20       		.byte	32
 1278 04e6 DF       		.byte	-33
 1279 04e7 01       		.byte	1
 1280 04e8 00       		.byte	0
 1281 04e9 44       		.byte	68
 1282 04ea 03       		.byte	3
 1283 04eb 88       		.byte	-120
 1284 04ec 0A       		.byte	10
 1285 04ed 5A       		.byte	90
 1286 04ee 10       		.byte	16
 1287 04ef 81       		.byte	-127
 1288 04f0 13       		.byte	19
 1289 04f1 14       		.byte	20
 1290 04f2 18       		.byte	24
 1291 04f3 04       		.byte	4
 1292 04f4 19       		.byte	25
 1293 04f5 A1       		.byte	-95
 1294 04f6 1B       		.byte	27
 1295 04f7 18       		.byte	24
 1296 04f8 20       		.byte	32
 1297 04f9 42       		.byte	66
 1298 04fa 21       		.byte	33
 1299 04fb 20       		.byte	32
 1300 04fc 23       		.byte	35
 1301 04fd 22       		.byte	34
 1302 04fe 25       		.byte	37
 1303 04ff 09       		.byte	9
 1304 0500 26       		.byte	38
 1305 0501 80       		.byte	-128
 1306 0502 28       		.byte	40
 1307 0503 21       		.byte	33
 1308 0504 2B       		.byte	43
 1309 0505 88       		.byte	-120
 1310 0506 2F       		.byte	47
 1311 0507 22       		.byte	34
ARM GAS  C:\Users\Ryan\AppData\Local\Temp\ccrxbk1X.s 			page 24


 1312 0508 31       		.byte	49
 1313 0509 20       		.byte	32
 1314 050a 32       		.byte	50
 1315 050b 44       		.byte	68
 1316 050c 37       		.byte	55
 1317 050d 06       		.byte	6
 1318 050e 38       		.byte	56
 1319 050f 68       		.byte	104
 1320 0510 3A       		.byte	58
 1321 0511 02       		.byte	2
 1322 0512 3F       		.byte	63
 1323 0513 01       		.byte	1
 1324 0514 40       		.byte	64
 1325 0515 21       		.byte	33
 1326 0516 41       		.byte	65
 1327 0517 20       		.byte	32
 1328 0518 42       		.byte	66
 1329 0519 10       		.byte	16
 1330 051a 48       		.byte	72
 1331 051b 01       		.byte	1
 1332 051c 49       		.byte	73
 1333 051d 20       		.byte	32
 1334 051e 4B       		.byte	75
 1335 051f 01       		.byte	1
 1336 0520 51       		.byte	81
 1337 0521 10       		.byte	16
 1338 0522 5B       		.byte	91
 1339 0523 20       		.byte	32
 1340 0524 68       		.byte	104
 1341 0525 10       		.byte	16
 1342 0526 69       		.byte	105
 1343 0527 50       		.byte	80
 1344 0528 70       		.byte	112
 1345 0529 94       		.byte	-108
 1346 052a 72       		.byte	114
 1347 052b 02       		.byte	2
 1348 052c 73       		.byte	115
 1349 052d 14       		.byte	20
 1350 052e 8D       		.byte	-115
 1351 052f 20       		.byte	32
 1352 0530 8E       		.byte	-114
 1353 0531 40       		.byte	64
 1354 0532 C0       		.byte	-64
 1355 0533 0F       		.byte	15
 1356 0534 C2       		.byte	-62
 1357 0535 0F       		.byte	15
 1358 0536 C4       		.byte	-60
 1359 0537 0F       		.byte	15
 1360 0538 CA       		.byte	-54
 1361 0539 5F       		.byte	95
 1362 053a CC       		.byte	-52
 1363 053b CE       		.byte	-50
 1364 053c CE       		.byte	-50
 1365 053d 8F       		.byte	-113
 1366 053e D0       		.byte	-48
 1367 053f 0E       		.byte	14
 1368 0540 D2       		.byte	-46
ARM GAS  C:\Users\Ryan\AppData\Local\Temp\ccrxbk1X.s 			page 25


 1369 0541 0C       		.byte	12
 1370 0542 D6       		.byte	-42
 1371 0543 04       		.byte	4
 1372 0544 EA       		.byte	-22
 1373 0545 01       		.byte	1
 1374 0546 EC       		.byte	-20
 1375 0547 10       		.byte	16
 1376 0548 EE       		.byte	-18
 1377 0549 01       		.byte	1
 1378 054a B4       		.byte	-76
 1379 054b 01       		.byte	1
 1380 054c 09       		.byte	9
 1381 054d 01       		.byte	1
 1382 054e 0E       		.byte	14
 1383 054f 02       		.byte	2
 1384 0550 1B       		.byte	27
 1385 0551 02       		.byte	2
 1386 0552 1C       		.byte	28
 1387 0553 01       		.byte	1
 1388 0554 25       		.byte	37
 1389 0555 03       		.byte	3
 1390 0556 29       		.byte	41
 1391 0557 03       		.byte	3
 1392 0558 2A       		.byte	42
 1393 0559 02       		.byte	2
 1394 055a 30       		.byte	48
 1395 055b 02       		.byte	2
 1396 055c 32       		.byte	50
 1397 055d 01       		.byte	1
 1398 055e 33       		.byte	51
 1399 055f 03       		.byte	3
 1400 0560 34       		.byte	52
 1401 0561 01       		.byte	1
 1402 0562 39       		.byte	57
 1403 0563 08       		.byte	8
 1404 0564 3E       		.byte	62
 1405 0565 11       		.byte	17
 1406 0566 3F       		.byte	63
 1407 0567 04       		.byte	4
 1408 0568 40       		.byte	64
 1409 0569 42       		.byte	66
 1410 056a 41       		.byte	65
 1411 056b 06       		.byte	6
 1412 056c 45       		.byte	69
 1413 056d E0       		.byte	-32
 1414 056e 46       		.byte	70
 1415 056f 0C       		.byte	12
 1416 0570 47       		.byte	71
 1417 0571 B0       		.byte	-80
 1418 0572 48       		.byte	72
 1419 0573 26       		.byte	38
 1420 0574 49       		.byte	73
 1421 0575 FF       		.byte	-1
 1422 0576 4A       		.byte	74
 1423 0577 FF       		.byte	-1
 1424 0578 4B       		.byte	75
 1425 0579 FF       		.byte	-1
ARM GAS  C:\Users\Ryan\AppData\Local\Temp\ccrxbk1X.s 			page 26


 1426 057a 4E       		.byte	78
 1427 057b F0       		.byte	-16
 1428 057c 4F       		.byte	79
 1429 057d 44       		.byte	68
 1430 057e 50       		.byte	80
 1431 057f 0C       		.byte	12
 1432 0580 54       		.byte	84
 1433 0581 01       		.byte	1
 1434 0582 58       		.byte	88
 1435 0583 04       		.byte	4
 1436 0584 59       		.byte	89
 1437 0585 04       		.byte	4
 1438 0586 5A       		.byte	90
 1439 0587 04       		.byte	4
 1440 0588 5B       		.byte	91
 1441 0589 04       		.byte	4
 1442 058a 5C       		.byte	92
 1443 058b 02       		.byte	2
 1444 058c 5D       		.byte	93
 1445 058d 22       		.byte	34
 1446 058e 5F       		.byte	95
 1447 058f 01       		.byte	1
 1448 0590 66       		.byte	102
 1449 0591 C0       		.byte	-64
 1450 0592 6A       		.byte	106
 1451 0593 40       		.byte	64
 1452 0594 6B       		.byte	107
 1453 0595 02       		.byte	2
 1454 0596 80       		.byte	-128
 1455 0597 07       		.byte	7
 1456 0598 82       		.byte	-126
 1457 0599 38       		.byte	56
 1458 059a 84       		.byte	-124
 1459 059b 80       		.byte	-128
 1460 059c 86       		.byte	-122
 1461 059d 04       		.byte	4
 1462 059e 87       		.byte	-121
 1463 059f 02       		.byte	2
 1464 05a0 88       		.byte	-120
 1465 05a1 01       		.byte	1
 1466 05a2 8B       		.byte	-117
 1467 05a3 04       		.byte	4
 1468 05a4 8C       		.byte	-116
 1469 05a5 84       		.byte	-124
 1470 05a6 90       		.byte	-112
 1471 05a7 04       		.byte	4
 1472 05a8 93       		.byte	-109
 1473 05a9 03       		.byte	3
 1474 05aa 94       		.byte	-108
 1475 05ab 0A       		.byte	10
 1476 05ac 96       		.byte	-106
 1477 05ad 10       		.byte	16
 1478 05ae 97       		.byte	-105
 1479 05af 03       		.byte	3
 1480 05b0 9A       		.byte	-102
 1481 05b1 80       		.byte	-128
 1482 05b2 9C       		.byte	-100
ARM GAS  C:\Users\Ryan\AppData\Local\Temp\ccrxbk1X.s 			page 27


 1483 05b3 84       		.byte	-124
 1484 05b4 9D       		.byte	-99
 1485 05b5 01       		.byte	1
 1486 05b6 A0       		.byte	-96
 1487 05b7 56       		.byte	86
 1488 05b8 A2       		.byte	-94
 1489 05b9 09       		.byte	9
 1490 05ba A4       		.byte	-92
 1491 05bb 84       		.byte	-124
 1492 05bc A8       		.byte	-88
 1493 05bd 60       		.byte	96
 1494 05be AC       		.byte	-84
 1495 05bf 04       		.byte	4
 1496 05c0 AE       		.byte	-82
 1497 05c1 80       		.byte	-128
 1498 05c2 AF       		.byte	-81
 1499 05c3 04       		.byte	4
 1500 05c4 B0       		.byte	-80
 1501 05c5 08       		.byte	8
 1502 05c6 B2       		.byte	-78
 1503 05c7 7F       		.byte	127
 1504 05c8 B3       		.byte	-77
 1505 05c9 03       		.byte	3
 1506 05ca B4       		.byte	-76
 1507 05cb 80       		.byte	-128
 1508 05cc B5       		.byte	-75
 1509 05cd 04       		.byte	4
 1510 05ce B6       		.byte	-74
 1511 05cf 02       		.byte	2
 1512 05d0 B8       		.byte	-72
 1513 05d1 08       		.byte	8
 1514 05d2 BE       		.byte	-66
 1515 05d3 51       		.byte	81
 1516 05d4 BF       		.byte	-65
 1517 05d5 10       		.byte	16
 1518 05d6 D4       		.byte	-44
 1519 05d7 09       		.byte	9
 1520 05d8 D8       		.byte	-40
 1521 05d9 04       		.byte	4
 1522 05da D9       		.byte	-39
 1523 05db 04       		.byte	4
 1524 05dc DB       		.byte	-37
 1525 05dd 04       		.byte	4
 1526 05de DC       		.byte	-36
 1527 05df 11       		.byte	17
 1528 05e0 DD       		.byte	-35
 1529 05e1 10       		.byte	16
 1530 05e2 DF       		.byte	-33
 1531 05e3 01       		.byte	1
 1532 05e4 00       		.byte	0
 1533 05e5 90       		.byte	-112
 1534 05e6 01       		.byte	1
 1535 05e7 04       		.byte	4
 1536 05e8 02       		.byte	2
 1537 05e9 80       		.byte	-128
 1538 05ea 04       		.byte	4
 1539 05eb 40       		.byte	64
ARM GAS  C:\Users\Ryan\AppData\Local\Temp\ccrxbk1X.s 			page 28


 1540 05ec 09       		.byte	9
 1541 05ed 18       		.byte	24
 1542 05ee 0A       		.byte	10
 1543 05ef 81       		.byte	-127
 1544 05f0 0F       		.byte	15
 1545 05f1 02       		.byte	2
 1546 05f2 10       		.byte	16
 1547 05f3 2A       		.byte	42
 1548 05f4 11       		.byte	17
 1549 05f5 02       		.byte	2
 1550 05f6 16       		.byte	22
 1551 05f7 04       		.byte	4
 1552 05f8 18       		.byte	24
 1553 05f9 10       		.byte	16
 1554 05fa 19       		.byte	25
 1555 05fb 40       		.byte	64
 1556 05fc 1A       		.byte	26
 1557 05fd 40       		.byte	64
 1558 05fe 1B       		.byte	27
 1559 05ff 20       		.byte	32
 1560 0600 1D       		.byte	29
 1561 0601 20       		.byte	32
 1562 0602 1E       		.byte	30
 1563 0603 20       		.byte	32
 1564 0604 1F       		.byte	31
 1565 0605 01       		.byte	1
 1566 0606 20       		.byte	32
 1567 0607 04       		.byte	4
 1568 0608 21       		.byte	33
 1569 0609 04       		.byte	4
 1570 060a 27       		.byte	39
 1571 060b 20       		.byte	32
 1572 060c 29       		.byte	41
 1573 060d 84       		.byte	-124
 1574 060e 2B       		.byte	43
 1575 060f 20       		.byte	32
 1576 0610 2D       		.byte	45
 1577 0611 10       		.byte	16
 1578 0612 2F       		.byte	47
 1579 0613 14       		.byte	20
 1580 0614 31       		.byte	49
 1581 0615 08       		.byte	8
 1582 0616 32       		.byte	50
 1583 0617 82       		.byte	-126
 1584 0618 36       		.byte	54
 1585 0619 10       		.byte	16
 1586 061a 37       		.byte	55
 1587 061b 10       		.byte	16
 1588 061c 39       		.byte	57
 1589 061d 28       		.byte	40
 1590 061e 3E       		.byte	62
 1591 061f 30       		.byte	48
 1592 0620 44       		.byte	68
 1593 0621 10       		.byte	16
 1594 0622 45       		.byte	69
 1595 0623 20       		.byte	32
 1596 0624 46       		.byte	70
ARM GAS  C:\Users\Ryan\AppData\Local\Temp\ccrxbk1X.s 			page 29


 1597 0625 10       		.byte	16
 1598 0626 47       		.byte	71
 1599 0627 02       		.byte	2
 1600 0628 4D       		.byte	77
 1601 0629 11       		.byte	17
 1602 062a 56       		.byte	86
 1603 062b 42       		.byte	66
 1604 062c 58       		.byte	88
 1605 062d 12       		.byte	18
 1606 062e 59       		.byte	89
 1607 062f 09       		.byte	9
 1608 0630 5A       		.byte	90
 1609 0631 40       		.byte	64
 1610 0632 5C       		.byte	92
 1611 0633 80       		.byte	-128
 1612 0634 5D       		.byte	93
 1613 0635 01       		.byte	1
 1614 0636 5F       		.byte	95
 1615 0637 18       		.byte	24
 1616 0638 61       		.byte	97
 1617 0639 40       		.byte	64
 1618 063a 79       		.byte	121
 1619 063b 02       		.byte	2
 1620 063c 7A       		.byte	122
 1621 063d 80       		.byte	-128
 1622 063e 7C       		.byte	124
 1623 063f 20       		.byte	32
 1624 0640 7F       		.byte	127
 1625 0641 04       		.byte	4
 1626 0642 81       		.byte	-127
 1627 0643 10       		.byte	16
 1628 0644 83       		.byte	-125
 1629 0645 01       		.byte	1
 1630 0646 85       		.byte	-123
 1631 0647 04       		.byte	4
 1632 0648 90       		.byte	-112
 1633 0649 40       		.byte	64
 1634 064a 91       		.byte	-111
 1635 064b 20       		.byte	32
 1636 064c 92       		.byte	-110
 1637 064d 10       		.byte	16
 1638 064e 93       		.byte	-109
 1639 064f 01       		.byte	1
 1640 0650 94       		.byte	-108
 1641 0651 24       		.byte	36
 1642 0652 95       		.byte	-107
 1643 0653 03       		.byte	3
 1644 0654 97       		.byte	-105
 1645 0655 02       		.byte	2
 1646 0656 99       		.byte	-103
 1647 0657 88       		.byte	-120
 1648 0658 9A       		.byte	-102
 1649 0659 14       		.byte	20
 1650 065a 9B       		.byte	-101
 1651 065b 08       		.byte	8
 1652 065c 9C       		.byte	-100
 1653 065d 22       		.byte	34
ARM GAS  C:\Users\Ryan\AppData\Local\Temp\ccrxbk1X.s 			page 30


 1654 065e 9D       		.byte	-99
 1655 065f 04       		.byte	4
 1656 0660 9E       		.byte	-98
 1657 0661 02       		.byte	2
 1658 0662 9F       		.byte	-97
 1659 0663 12       		.byte	18
 1660 0664 A0       		.byte	-96
 1661 0665 08       		.byte	8
 1662 0666 A5       		.byte	-91
 1663 0667 08       		.byte	8
 1664 0668 A6       		.byte	-90
 1665 0669 02       		.byte	2
 1666 066a B6       		.byte	-74
 1667 066b 20       		.byte	32
 1668 066c B7       		.byte	-73
 1669 066d 40       		.byte	64
 1670 066e C0       		.byte	-64
 1671 066f 8F       		.byte	-113
 1672 0670 C2       		.byte	-62
 1673 0671 8F       		.byte	-113
 1674 0672 C4       		.byte	-60
 1675 0673 4F       		.byte	79
 1676 0674 CA       		.byte	-54
 1677 0675 68       		.byte	104
 1678 0676 CC       		.byte	-52
 1679 0677 2B       		.byte	43
 1680 0678 CE       		.byte	-50
 1681 0679 26       		.byte	38
 1682 067a D0       		.byte	-48
 1683 067b A0       		.byte	-96
 1684 067c D2       		.byte	-46
 1685 067d 20       		.byte	32
 1686 067e D6       		.byte	-42
 1687 067f FF       		.byte	-1
 1688 0680 D8       		.byte	-40
 1689 0681 08       		.byte	8
 1690 0682 E0       		.byte	-32
 1691 0683 08       		.byte	8
 1692 0684 E8       		.byte	-24
 1693 0685 40       		.byte	64
 1694 0686 01       		.byte	1
 1695 0687 13       		.byte	19
 1696 0688 03       		.byte	3
 1697 0689 64       		.byte	100
 1698 068a 04       		.byte	4
 1699 068b 1B       		.byte	27
 1700 068c 05       		.byte	5
 1701 068d 02       		.byte	2
 1702 068e 07       		.byte	7
 1703 068f 98       		.byte	-104
 1704 0690 08       		.byte	8
 1705 0691 04       		.byte	4
 1706 0692 09       		.byte	9
 1707 0693 21       		.byte	33
 1708 0694 0A       		.byte	10
 1709 0695 1A       		.byte	26
 1710 0696 0B       		.byte	11
ARM GAS  C:\Users\Ryan\AppData\Local\Temp\ccrxbk1X.s 			page 31


 1711 0697 D8       		.byte	-40
 1712 0698 0C       		.byte	12
 1713 0699 1B       		.byte	27
 1714 069a 0D       		.byte	13
 1715 069b 9A       		.byte	-102
 1716 069c 10       		.byte	16
 1717 069d 02       		.byte	2
 1718 069e 11       		.byte	17
 1719 069f FC       		.byte	-4
 1720 06a0 12       		.byte	18
 1721 06a1 04       		.byte	4
 1722 06a2 13       		.byte	19
 1723 06a3 03       		.byte	3
 1724 06a4 14       		.byte	20
 1725 06a5 04       		.byte	4
 1726 06a6 16       		.byte	22
 1727 06a7 08       		.byte	8
 1728 06a8 19       		.byte	25
 1729 06a9 98       		.byte	-104
 1730 06aa 1B       		.byte	27
 1731 06ab 02       		.byte	2
 1732 06ac 1C       		.byte	28
 1733 06ad 1B       		.byte	27
 1734 06ae 1D       		.byte	29
 1735 06af 38       		.byte	56
 1736 06b0 1F       		.byte	31
 1737 06b1 C0       		.byte	-64
 1738 06b2 20       		.byte	32
 1739 06b3 04       		.byte	4
 1740 06b4 21       		.byte	33
 1741 06b5 9A       		.byte	-102
 1742 06b6 22       		.byte	34
 1743 06b7 10       		.byte	16
 1744 06b8 24       		.byte	36
 1745 06b9 1B       		.byte	27
 1746 06ba 29       		.byte	41
 1747 06bb 02       		.byte	2
 1748 06bc 2C       		.byte	44
 1749 06bd 1A       		.byte	26
 1750 06be 2D       		.byte	45
 1751 06bf 98       		.byte	-104
 1752 06c0 2E       		.byte	46
 1753 06c1 01       		.byte	1
 1754 06c2 2F       		.byte	47
 1755 06c3 02       		.byte	2
 1756 06c4 30       		.byte	48
 1757 06c5 01       		.byte	1
 1758 06c6 31       		.byte	49
 1759 06c7 13       		.byte	19
 1760 06c8 32       		.byte	50
 1761 06c9 1E       		.byte	30
 1762 06ca 33       		.byte	51
 1763 06cb 0F       		.byte	15
 1764 06cc 37       		.byte	55
 1765 06cd E0       		.byte	-32
 1766 06ce 3A       		.byte	58
 1767 06cf 08       		.byte	8
ARM GAS  C:\Users\Ryan\AppData\Local\Temp\ccrxbk1X.s 			page 32


 1768 06d0 3B       		.byte	59
 1769 06d1 88       		.byte	-120
 1770 06d2 3E       		.byte	62
 1771 06d3 01       		.byte	1
 1772 06d4 56       		.byte	86
 1773 06d5 02       		.byte	2
 1774 06d6 57       		.byte	87
 1775 06d7 20       		.byte	32
 1776 06d8 58       		.byte	88
 1777 06d9 04       		.byte	4
 1778 06da 59       		.byte	89
 1779 06db 04       		.byte	4
 1780 06dc 5B       		.byte	91
 1781 06dd 04       		.byte	4
 1782 06de 5C       		.byte	92
 1783 06df 11       		.byte	17
 1784 06e0 5D       		.byte	93
 1785 06e1 10       		.byte	16
 1786 06e2 5F       		.byte	95
 1787 06e3 01       		.byte	1
 1788 06e4 80       		.byte	-128
 1789 06e5 03       		.byte	3
 1790 06e6 81       		.byte	-127
 1791 06e7 49       		.byte	73
 1792 06e8 82       		.byte	-126
 1793 06e9 14       		.byte	20
 1794 06ea 83       		.byte	-125
 1795 06eb 06       		.byte	6
 1796 06ec 84       		.byte	-124
 1797 06ed 40       		.byte	64
 1798 06ee 88       		.byte	-120
 1799 06ef 13       		.byte	19
 1800 06f0 8A       		.byte	-118
 1801 06f1 2C       		.byte	44
 1802 06f2 8D       		.byte	-115
 1803 06f3 13       		.byte	19
 1804 06f4 8F       		.byte	-113
 1805 06f5 2C       		.byte	44
 1806 06f6 91       		.byte	-111
 1807 06f7 02       		.byte	2
 1808 06f8 93       		.byte	-109
 1809 06f9 0D       		.byte	13
 1810 06fa 94       		.byte	-108
 1811 06fb 13       		.byte	19
 1812 06fc 95       		.byte	-107
 1813 06fd 65       		.byte	101
 1814 06fe 96       		.byte	-106
 1815 06ff 64       		.byte	100
 1816 0700 97       		.byte	-105
 1817 0701 1A       		.byte	26
 1818 0702 A4       		.byte	-92
 1819 0703 49       		.byte	73
 1820 0704 A6       		.byte	-90
 1821 0705 10       		.byte	16
 1822 0706 A9       		.byte	-87
 1823 0707 40       		.byte	64
 1824 0708 AA       		.byte	-86
ARM GAS  C:\Users\Ryan\AppData\Local\Temp\ccrxbk1X.s 			page 33


 1825 0709 7E       		.byte	126
 1826 070a B1       		.byte	-79
 1827 070b 70       		.byte	112
 1828 070c B2       		.byte	-78
 1829 070d 68       		.byte	104
 1830 070e B4       		.byte	-76
 1831 070f 0F       		.byte	15
 1832 0710 B6       		.byte	-74
 1833 0711 10       		.byte	16
 1834 0712 B7       		.byte	-73
 1835 0713 0F       		.byte	15
 1836 0714 BA       		.byte	-70
 1837 0715 28       		.byte	40
 1838 0716 BB       		.byte	-69
 1839 0717 82       		.byte	-126
 1840 0718 BE       		.byte	-66
 1841 0719 40       		.byte	64
 1842 071a C0       		.byte	-64
 1843 071b 02       		.byte	2
 1844 071c C5       		.byte	-59
 1845 071d 05       		.byte	5
 1846 071e C7       		.byte	-57
 1847 071f 10       		.byte	16
 1848 0720 C8       		.byte	-56
 1849 0721 21       		.byte	33
 1850 0722 C9       		.byte	-55
 1851 0723 FF       		.byte	-1
 1852 0724 CA       		.byte	-54
 1853 0725 07       		.byte	7
 1854 0726 CB       		.byte	-53
 1855 0727 FF       		.byte	-1
 1856 0728 CC       		.byte	-52
 1857 0729 40       		.byte	64
 1858 072a CD       		.byte	-51
 1859 072b 20       		.byte	32
 1860 072c CE       		.byte	-50
 1861 072d F0       		.byte	-16
 1862 072e CF       		.byte	-49
 1863 072f 05       		.byte	5
 1864 0730 D0       		.byte	-48
 1865 0731 08       		.byte	8
 1866 0732 D8       		.byte	-40
 1867 0733 04       		.byte	4
 1868 0734 D9       		.byte	-39
 1869 0735 04       		.byte	4
 1870 0736 DA       		.byte	-38
 1871 0737 04       		.byte	4
 1872 0738 DC       		.byte	-36
 1873 0739 12       		.byte	18
 1874 073a DD       		.byte	-35
 1875 073b 02       		.byte	2
 1876 073c DF       		.byte	-33
 1877 073d 01       		.byte	1
 1878 073e E0       		.byte	-32
 1879 073f 40       		.byte	64
 1880 0740 E1       		.byte	-31
 1881 0741 A8       		.byte	-88
ARM GAS  C:\Users\Ryan\AppData\Local\Temp\ccrxbk1X.s 			page 34


 1882 0742 E2       		.byte	-30
 1883 0743 40       		.byte	64
 1884 0744 E3       		.byte	-29
 1885 0745 20       		.byte	32
 1886 0746 00       		.byte	0
 1887 0747 98       		.byte	-104
 1888 0748 01       		.byte	1
 1889 0749 04       		.byte	4
 1890 074a 02       		.byte	2
 1891 074b 01       		.byte	1
 1892 074c 05       		.byte	5
 1893 074d 18       		.byte	24
 1894 074e 06       		.byte	6
 1895 074f 40       		.byte	64
 1896 0750 09       		.byte	9
 1897 0751 08       		.byte	8
 1898 0752 0A       		.byte	10
 1899 0753 01       		.byte	1
 1900 0754 0B       		.byte	11
 1901 0755 40       		.byte	64
 1902 0756 0E       		.byte	14
 1903 0757 10       		.byte	16
 1904 0758 10       		.byte	16
 1905 0759 23       		.byte	35
 1906 075a 11       		.byte	17
 1907 075b 02       		.byte	2
 1908 075c 16       		.byte	22
 1909 075d 20       		.byte	32
 1910 075e 17       		.byte	23
 1911 075f 10       		.byte	16
 1912 0760 18       		.byte	24
 1913 0761 10       		.byte	16
 1914 0762 19       		.byte	25
 1915 0763 01       		.byte	1
 1916 0764 1D       		.byte	29
 1917 0765 10       		.byte	16
 1918 0766 1E       		.byte	30
 1919 0767 10       		.byte	16
 1920 0768 1F       		.byte	31
 1921 0769 54       		.byte	84
 1922 076a 21       		.byte	33
 1923 076b 09       		.byte	9
 1924 076c 22       		.byte	34
 1925 076d 48       		.byte	72
 1926 076e 23       		.byte	35
 1927 076f 50       		.byte	80
 1928 0770 25       		.byte	37
 1929 0771 01       		.byte	1
 1930 0772 26       		.byte	38
 1931 0773 82       		.byte	-126
 1932 0774 27       		.byte	39
 1933 0775 01       		.byte	1
 1934 0776 28       		.byte	40
 1935 0777 01       		.byte	1
 1936 0778 2A       		.byte	42
 1937 0779 11       		.byte	17
 1938 077a 2B       		.byte	43
ARM GAS  C:\Users\Ryan\AppData\Local\Temp\ccrxbk1X.s 			page 35


 1939 077b 08       		.byte	8
 1940 077c 2F       		.byte	47
 1941 077d 08       		.byte	8
 1942 077e 30       		.byte	48
 1943 077f 20       		.byte	32
 1944 0780 32       		.byte	50
 1945 0781 42       		.byte	66
 1946 0782 36       		.byte	54
 1947 0783 08       		.byte	8
 1948 0784 37       		.byte	55
 1949 0785 01       		.byte	1
 1950 0786 38       		.byte	56
 1951 0787 80       		.byte	-128
 1952 0788 39       		.byte	57
 1953 0789 06       		.byte	6
 1954 078a 3B       		.byte	59
 1955 078b 10       		.byte	16
 1956 078c 3D       		.byte	61
 1957 078d 02       		.byte	2
 1958 078e 3F       		.byte	63
 1959 078f 40       		.byte	64
 1960 0790 47       		.byte	71
 1961 0791 20       		.byte	32
 1962 0792 4C       		.byte	76
 1963 0793 10       		.byte	16
 1964 0794 4D       		.byte	77
 1965 0795 08       		.byte	8
 1966 0796 57       		.byte	87
 1967 0797 01       		.byte	1
 1968 0798 62       		.byte	98
 1969 0799 80       		.byte	-128
 1970 079a 64       		.byte	100
 1971 079b 80       		.byte	-128
 1972 079c 67       		.byte	103
 1973 079d 80       		.byte	-128
 1974 079e 68       		.byte	104
 1975 079f 66       		.byte	102
 1976 07a0 70       		.byte	112
 1977 07a1 40       		.byte	64
 1978 07a2 72       		.byte	114
 1979 07a3 01       		.byte	1
 1980 07a4 94       		.byte	-108
 1981 07a5 20       		.byte	32
 1982 07a6 95       		.byte	-107
 1983 07a7 06       		.byte	6
 1984 07a8 96       		.byte	-106
 1985 07a9 81       		.byte	-127
 1986 07aa 97       		.byte	-105
 1987 07ab 28       		.byte	40
 1988 07ac 9A       		.byte	-102
 1989 07ad 70       		.byte	112
 1990 07ae 9B       		.byte	-101
 1991 07af 30       		.byte	48
 1992 07b0 9C       		.byte	-100
 1993 07b1 80       		.byte	-128
 1994 07b2 9D       		.byte	-99
 1995 07b3 01       		.byte	1
ARM GAS  C:\Users\Ryan\AppData\Local\Temp\ccrxbk1X.s 			page 36


 1996 07b4 A4       		.byte	-92
 1997 07b5 62       		.byte	98
 1998 07b6 A5       		.byte	-91
 1999 07b7 09       		.byte	9
 2000 07b8 A6       		.byte	-90
 2001 07b9 02       		.byte	2
 2002 07ba A7       		.byte	-89
 2003 07bb 01       		.byte	1
 2004 07bc AE       		.byte	-82
 2005 07bd 40       		.byte	64
 2006 07be AF       		.byte	-81
 2007 07bf 10       		.byte	16
 2008 07c0 B3       		.byte	-77
 2009 07c1 12       		.byte	18
 2010 07c2 C0       		.byte	-64
 2011 07c3 77       		.byte	119
 2012 07c4 C2       		.byte	-62
 2013 07c5 2D       		.byte	45
 2014 07c6 C4       		.byte	-60
 2015 07c7 6D       		.byte	109
 2016 07c8 CA       		.byte	-54
 2017 07c9 2D       		.byte	45
 2018 07ca CC       		.byte	-52
 2019 07cb CD       		.byte	-51
 2020 07cc CE       		.byte	-50
 2021 07cd 9F       		.byte	-97
 2022 07ce D0       		.byte	-48
 2023 07cf 20       		.byte	32
 2024 07d0 D8       		.byte	-40
 2025 07d1 08       		.byte	8
 2026 07d2 EA       		.byte	-22
 2027 07d3 01       		.byte	1
 2028 07d4 EC       		.byte	-20
 2029 07d5 10       		.byte	16
 2030 07d6 EE       		.byte	-18
 2031 07d7 01       		.byte	1
 2032 07d8 33       		.byte	51
 2033 07d9 80       		.byte	-128
 2034 07da 36       		.byte	54
 2035 07db 20       		.byte	32
 2036 07dc CC       		.byte	-52
 2037 07dd 30       		.byte	48
 2038 07de 86       		.byte	-122
 2039 07df 20       		.byte	32
 2040 07e0 A6       		.byte	-90
 2041 07e1 20       		.byte	32
 2042 07e2 A7       		.byte	-89
 2043 07e3 80       		.byte	-128
 2044 07e4 E6       		.byte	-26
 2045 07e5 40       		.byte	64
 2046 07e6 05       		.byte	5
 2047 07e7 01       		.byte	1
 2048 07e8 3E       		.byte	62
 2049 07e9 10       		.byte	16
 2050 07ea 87       		.byte	-121
 2051 07eb 80       		.byte	-128
 2052 07ec A7       		.byte	-89
ARM GAS  C:\Users\Ryan\AppData\Local\Temp\ccrxbk1X.s 			page 37


 2053 07ed 80       		.byte	-128
 2054 07ee C0       		.byte	-64
 2055 07ef 20       		.byte	32
 2056 07f0 CE       		.byte	-50
 2057 07f1 20       		.byte	32
 2058 07f2 E6       		.byte	-26
 2059 07f3 10       		.byte	16
 2060 07f4 81       		.byte	-127
 2061 07f5 01       		.byte	1
 2062 07f6 96       		.byte	-106
 2063 07f7 10       		.byte	16
 2064 07f8 99       		.byte	-103
 2065 07f9 01       		.byte	1
 2066 07fa E0       		.byte	-32
 2067 07fb 20       		.byte	32
 2068 07fc 10       		.byte	16
 2069 07fd 10       		.byte	16
 2070 07fe 7C       		.byte	124
 2071 07ff 20       		.byte	32
 2072 0800 C4       		.byte	-60
 2073 0801 08       		.byte	8
 2074 0802 DE       		.byte	-34
 2075 0803 01       		.byte	1
 2076 0804 00       		.byte	0
 2077 0805 02       		.byte	2
 2078 0806 02       		.byte	2
 2079 0807 02       		.byte	2
 2080 0808 0C       		.byte	12
 2081 0809 08       		.byte	8
 2082 080a 56       		.byte	86
 2083 080b 20       		.byte	32
 2084 080c 5F       		.byte	95
 2085 080d 40       		.byte	64
 2086 080e 60       		.byte	96
 2087 080f 10       		.byte	16
 2088 0810 64       		.byte	100
 2089 0811 04       		.byte	4
 2090 0812 8C       		.byte	-116
 2091 0813 10       		.byte	16
 2092 0814 98       		.byte	-104
 2093 0815 10       		.byte	16
 2094 0816 9C       		.byte	-100
 2095 0817 20       		.byte	32
 2096 0818 C0       		.byte	-64
 2097 0819 0A       		.byte	10
 2098 081a C2       		.byte	-62
 2099 081b 04       		.byte	4
 2100 081c D4       		.byte	-44
 2101 081d 02       		.byte	2
 2102 081e D6       		.byte	-42
 2103 081f 04       		.byte	4
 2104 0820 D8       		.byte	-40
 2105 0821 03       		.byte	3
 2106 0822 E0       		.byte	-32
 2107 0823 08       		.byte	8
 2108 0824 45       		.byte	69
 2109 0825 08       		.byte	8
ARM GAS  C:\Users\Ryan\AppData\Local\Temp\ccrxbk1X.s 			page 38


 2110 0826 87       		.byte	-121
 2111 0827 40       		.byte	64
 2112 0828 97       		.byte	-105
 2113 0829 40       		.byte	64
 2114 082a 98       		.byte	-104
 2115 082b 10       		.byte	16
 2116 082c 9C       		.byte	-100
 2117 082d 24       		.byte	36
 2118 082e 9E       		.byte	-98
 2119 082f 20       		.byte	32
 2120 0830 A2       		.byte	-94
 2121 0831 02       		.byte	2
 2122 0832 B0       		.byte	-80
 2123 0833 09       		.byte	9
 2124 0834 D0       		.byte	-48
 2125 0835 01       		.byte	1
 2126 0836 EA       		.byte	-22
 2127 0837 01       		.byte	1
 2128 0838 EE       		.byte	-18
 2129 0839 04       		.byte	4
 2130 083a 81       		.byte	-127
 2131 083b 04       		.byte	4
 2132 083c 86       		.byte	-122
 2133 083d 20       		.byte	32
 2134 083e 98       		.byte	-104
 2135 083f 10       		.byte	16
 2136 0840 9C       		.byte	-100
 2137 0841 24       		.byte	36
 2138 0842 9E       		.byte	-98
 2139 0843 20       		.byte	32
 2140 0844 A5       		.byte	-91
 2141 0845 08       		.byte	8
 2142 0846 B6       		.byte	-74
 2143 0847 02       		.byte	2
 2144 0848 EE       		.byte	-18
 2145 0849 08       		.byte	8
 2146 084a 25       		.byte	37
 2147 084b 10       		.byte	16
 2148 084c 96       		.byte	-106
 2149 084d 10       		.byte	16
 2150 084e C8       		.byte	-56
 2151 084f 20       		.byte	32
 2152 0850 77       		.byte	119
 2153 0851 40       		.byte	64
 2154 0852 9B       		.byte	-101
 2155 0853 40       		.byte	64
 2156 0854 AA       		.byte	-86
 2157 0855 10       		.byte	16
 2158 0856 AB       		.byte	-85
 2159 0857 40       		.byte	64
 2160 0858 B5       		.byte	-75
 2161 0859 10       		.byte	16
 2162 085a DE       		.byte	-34
 2163 085b 20       		.byte	32
 2164 085c EA       		.byte	-22
 2165 085d 80       		.byte	-128
 2166 085e EE       		.byte	-18
ARM GAS  C:\Users\Ryan\AppData\Local\Temp\ccrxbk1X.s 			page 39


 2167 085f 80       		.byte	-128
 2168 0860 10       		.byte	16
 2169 0861 40       		.byte	64
 2170 0862 13       		.byte	19
 2171 0863 20       		.byte	32
 2172 0864 17       		.byte	23
 2173 0865 02       		.byte	2
 2174 0866 78       		.byte	120
 2175 0867 10       		.byte	16
 2176 0868 7D       		.byte	125
 2177 0869 08       		.byte	8
 2178 086a 84       		.byte	-124
 2179 086b 04       		.byte	4
 2180 086c 98       		.byte	-104
 2181 086d 10       		.byte	16
 2182 086e 9C       		.byte	-100
 2183 086f 04       		.byte	4
 2184 0870 A1       		.byte	-95
 2185 0871 04       		.byte	4
 2186 0872 A5       		.byte	-91
 2187 0873 08       		.byte	8
 2188 0874 B4       		.byte	-76
 2189 0875 20       		.byte	32
 2190 0876 C4       		.byte	-60
 2191 0877 0E       		.byte	14
 2192 0878 DE       		.byte	-34
 2193 0879 03       		.byte	3
 2194 087a E8       		.byte	-24
 2195 087b 02       		.byte	2
 2196 087c 78       		.byte	120
 2197 087d 40       		.byte	64
 2198 087e 98       		.byte	-104
 2199 087f 40       		.byte	64
 2200 0880 AB       		.byte	-85
 2201 0881 22       		.byte	34
 2202 0882 B5       		.byte	-75
 2203 0883 08       		.byte	8
 2204 0884 DC       		.byte	-36
 2205 0885 01       		.byte	1
 2206 0886 EC       		.byte	-20
 2207 0887 08       		.byte	8
 2208 0888 00       		.byte	0
 2209 0889 0E       		.byte	14
 2210 088a 0C       		.byte	12
 2211 088b 0E       		.byte	14
 2212 088c 0E       		.byte	14
 2213 088d 0C       		.byte	12
 2214 088e 10       		.byte	16
 2215 088f 06       		.byte	6
 2216 0890 1C       		.byte	28
 2217 0891 06       		.byte	6
 2218 0892 00       		.byte	0
 2219 0893 0F       		.byte	15
 2220 0894 03       		.byte	3
 2221 0895 C0       		.byte	-64
 2222 0896 00       		.byte	0
 2223 0897 00       		.byte	0
ARM GAS  C:\Users\Ryan\AppData\Local\Temp\ccrxbk1X.s 			page 40


 2224 0898 08       		.byte	8
 2225 0899 10       		.byte	16
 2226 089a 00       		.byte	0
 2227 089b 00       		.byte	0
 2228 089c 18       		.byte	24
 2229 089d 00       		.byte	0
 2230 089e 00       		.byte	0
 2231 089f 00       		.byte	0
 2232 08a0 60       		.byte	96
 2233 08a1 08       		.byte	8
 2234 08a2 00       		.byte	0
 2235 08a3 00       		.byte	0
 2236 08a4 FF       		.byte	-1
 2237 08a5 0C       		.byte	12
 2238 08a6 00       		.byte	0
 2239 08a7 00       		.byte	0
 2240 08a8 1C       		.byte	28
 2241 08a9 04       		.byte	4
 2242 08aa E2       		.byte	-30
 2243 08ab 00       		.byte	0
 2244 08ac 1C       		.byte	28
 2245 08ad 1F       		.byte	31
 2246 08ae E1       		.byte	-31
 2247 08af 60       		.byte	96
 2248 08b0 E7       		.byte	-25
 2249 08b1 00       		.byte	0
 2250 08b2 18       		.byte	24
 2251 08b3 00       		.byte	0
 2252 08b4 00       		.byte	0
 2253 08b5 02       		.byte	2
 2254 08b6 63       		.byte	99
 2255 08b7 00       		.byte	0
 2256 08b8 40       		.byte	64
 2257 08b9 73       		.byte	115
 2258 08ba 00       		.byte	0
 2259 08bb 0C       		.byte	12
 2260 08bc 00       		.byte	0
 2261 08bd 7F       		.byte	127
 2262 08be 04       		.byte	4
 2263 08bf 00       		.byte	0
 2264 08c0 10       		.byte	16
 2265 08c1 03       		.byte	3
 2266 08c2 00       		.byte	0
 2267 08c3 00       		.byte	0
 2268 08c4 08       		.byte	8
 2269 08c5 00       		.byte	0
 2270 08c6 00       		.byte	0
 2271 08c7 63       		.byte	99
 2272 08c8 18       		.byte	24
 2273 08c9 5C       		.byte	92
 2274 08ca 00       		.byte	0
 2275 08cb 23       		.byte	35
 2276 08cc 24       		.byte	36
 2277 08cd 01       		.byte	1
 2278 08ce 00       		.byte	0
 2279 08cf 00       		.byte	0
 2280 08d0 60       		.byte	96
ARM GAS  C:\Users\Ryan\AppData\Local\Temp\ccrxbk1X.s 			page 41


 2281 08d1 2C       		.byte	44
 2282 08d2 1F       		.byte	31
 2283 08d3 10       		.byte	16
 2284 08d4 00       		.byte	0
 2285 08d5 0F       		.byte	15
 2286 08d6 80       		.byte	-128
 2287 08d7 4C       		.byte	76
 2288 08d8 80       		.byte	-128
 2289 08d9 00       		.byte	0
 2290 08da 28       		.byte	40
 2291 08db 22       		.byte	34
 2292 08dc 00       		.byte	0
 2293 08dd 00       		.byte	0
 2294 08de 00       		.byte	0
 2295 08df 04       		.byte	4
 2296 08e0 23       		.byte	35
 2297 08e1 06       		.byte	6
 2298 08e2 05       		.byte	5
 2299 08e3 00       		.byte	0
 2300 08e4 01       		.byte	1
 2301 08e5 C0       		.byte	-64
 2302 08e6 E0       		.byte	-32
 2303 08e7 00       		.byte	0
 2304 08e8 0A       		.byte	10
 2305 08e9 FF       		.byte	-1
 2306 08ea FF       		.byte	-1
 2307 08eb FF       		.byte	-1
 2308 08ec 62       		.byte	98
 2309 08ed A0       		.byte	-96
 2310 08ee F0       		.byte	-16
 2311 08ef 41       		.byte	65
 2312 08f0 0C       		.byte	12
 2313 08f1 00       		.byte	0
 2314 08f2 00       		.byte	0
 2315 08f3 00       		.byte	0
 2316 08f4 00       		.byte	0
 2317 08f5 00       		.byte	0
 2318 08f6 02       		.byte	2
 2319 08f7 11       		.byte	17
 2320 08f8 04       		.byte	4
 2321 08f9 04       		.byte	4
 2322 08fa 04       		.byte	4
 2323 08fb 04       		.byte	4
 2324 08fc 33       		.byte	51
 2325 08fd 33       		.byte	51
 2326 08fe 00       		.byte	0
 2327 08ff 01       		.byte	1
 2328 0900 00       		.byte	0
 2329 0901 00       		.byte	0
 2330 0902 00       		.byte	0
 2331 0903 00       		.byte	0
 2332 0904 00       		.byte	0
 2333 0905 00       		.byte	0
 2334 0906 40       		.byte	64
 2335 0907 02       		.byte	2
 2336 0908 00       		.byte	0
 2337 0909 10       		.byte	16
ARM GAS  C:\Users\Ryan\AppData\Local\Temp\ccrxbk1X.s 			page 42


 2338 090a 30       		.byte	48
 2339 090b 10       		.byte	16
 2340 090c 00       		.byte	0
 2341 090d 10       		.byte	16
 2342 090e 10       		.byte	16
 2343 090f 12       		.byte	18
 2344 0910 00       		.byte	0
 2345 0911 00       		.byte	0
 2346 0912 00       		.byte	0
 2347 0913 00       		.byte	0
 2348 0914 00       		.byte	0
 2349 0915 00       		.byte	0
 2350 0916 00       		.byte	0
 2351 0917 00       		.byte	0
 2352 0918 00       		.byte	0
 2353 0919 00       		.byte	0
 2354 091a 00       		.byte	0
 2355 091b 00       		.byte	0
 2356 091c 00       		.byte	0
 2357 091d 00       		.byte	0
 2358 091e 00       		.byte	0
 2359 091f 00       		.byte	0
 2360 0920 00       		.byte	0
 2361 0921 00       		.byte	0
 2362 0922 00       		.byte	0
 2363 0923 00       		.byte	0
 2364 0924 00       		.byte	0
 2365 0925 00       		.byte	0
 2366 0926 01       		.byte	1
 2367 0927 00       		.byte	0
 2368 0928 18       		.byte	24
 2369 0929 00       		.byte	0
 2370 092a 00       		.byte	0
 2371 092b 00       		.byte	0
 2372 092c 18       		.byte	24
 2373 092d 00       		.byte	0
 2374 092e 18       		.byte	24
 2375 092f 00       		.byte	0
 2376 0930 00       		.byte	0
 2377 0931 00       		.byte	0
 2378 0932 00       		.byte	0
 2379 0933 00       		.byte	0
 2380 0934 42       		.byte	66
 2381 0935 00       		.byte	0
 2382 0936 25       		.byte	37
 2383 0937 5A       		.byte	90
 2384 0938 5A       		.byte	90
 2385 0939 00       		.byte	0
 2386 093a 5A       		.byte	90
 2387 093b 00       		.byte	0
 2388 093c 00       		.byte	0
 2389 093d 00       		.byte	0
 2390 093e 00       		.byte	0
 2391 093f 00       		.byte	0
 2392 0940 00       		.byte	0
 2393 0941 00       		.byte	0
 2394 0942 00       		.byte	0
ARM GAS  C:\Users\Ryan\AppData\Local\Temp\ccrxbk1X.s 			page 43


 2395 0943 00       		.byte	0
 2396 0944 00       		.byte	0
 2397 0945 00       		.byte	0
 2398 0946 40       		.byte	64
 2399 0947 00       		.byte	0
 2400 0948 25       		.byte	37
 2401 0949 00       		.byte	0
 2402 094a 18       		.byte	24
 2403 094b 01       		.byte	1
 2404              		.global	cy_meta_custnvl
 2405              		.section	.cycustnvl,"a",%progbits
 2406              		.align	2
 2407              		.type	cy_meta_custnvl, %object
 2408              		.size	cy_meta_custnvl, 4
 2409              	cy_meta_custnvl:
 2410 0000 00       		.byte	0
 2411 0001 00       		.byte	0
 2412 0002 40       		.byte	64
 2413 0003 05       		.byte	5
 2414              		.global	cy_meta_wonvl
 2415              		.section	.cywolatch,"a",%progbits
 2416              		.align	2
 2417              		.type	cy_meta_wonvl, %object
 2418              		.size	cy_meta_wonvl, 4
 2419              	cy_meta_wonvl:
 2420 0000 BC       		.byte	-68
 2421 0001 90       		.byte	-112
 2422 0002 AC       		.byte	-84
 2423 0003 AF       		.byte	-81
 2424              		.global	cy_meta_flashprotect
 2425              		.section	.cyflashprotect,"a",%progbits
 2426              		.align	2
 2427              		.type	cy_meta_flashprotect, %object
 2428              		.size	cy_meta_flashprotect, 256
 2429              	cy_meta_flashprotect:
 2430 0000 00000000 		.space	256
 2430      00000000 
 2430      00000000 
 2430      00000000 
 2430      00000000 
 2431              		.global	cy_metadata
 2432              		.section	.cymeta,"a",%progbits
 2433              		.align	2
 2434              		.type	cy_metadata, %object
 2435              		.size	cy_metadata, 12
 2436              	cy_metadata:
 2437 0000 00       		.byte	0
 2438 0001 01       		.byte	1
 2439 0002 2E       		.byte	46
 2440 0003 12       		.byte	18
 2441 0004 70       		.byte	112
 2442 0005 69       		.byte	105
 2443 0006 00       		.byte	0
 2444 0007 01       		.byte	1
 2445 0008 00       		.byte	0
 2446 0009 00       		.byte	0
 2447 000a 00       		.byte	0
ARM GAS  C:\Users\Ryan\AppData\Local\Temp\ccrxbk1X.s 			page 44


 2448 000b 00       		.byte	0
 2449              		.text
 2450              	.Letext0:
 2451              		.file 1 ".\\Generated_Source\\PSoC5\\cymetadata.c"
 2452              		.file 2 ".\\Generated_Source\\PSoC5\\cytypes.h"
 2453              		.section	.debug_info,"",%progbits
 2454              	.Ldebug_info0:
 2455 0000 3F010000 		.4byte	0x13f
 2456 0004 0200     		.2byte	0x2
 2457 0006 00000000 		.4byte	.Ldebug_abbrev0
 2458 000a 04       		.byte	0x4
 2459 000b 01       		.uleb128 0x1
 2460 000c 54010000 		.4byte	.LASF18
 2461 0010 01       		.byte	0x1
 2462 0011 4D000000 		.4byte	.LASF19
 2463 0015 00000000 		.4byte	.LASF20
 2464 0019 00000000 		.4byte	.Ldebug_line0
 2465 001d 02       		.uleb128 0x2
 2466 001e 01       		.byte	0x1
 2467 001f 06       		.byte	0x6
 2468 0020 A6010000 		.4byte	.LASF0
 2469 0024 02       		.uleb128 0x2
 2470 0025 01       		.byte	0x1
 2471 0026 08       		.byte	0x8
 2472 0027 85000000 		.4byte	.LASF1
 2473 002b 02       		.uleb128 0x2
 2474 002c 02       		.byte	0x2
 2475 002d 05       		.byte	0x5
 2476 002e 44010000 		.4byte	.LASF2
 2477 0032 02       		.uleb128 0x2
 2478 0033 02       		.byte	0x2
 2479 0034 07       		.byte	0x7
 2480 0035 A5000000 		.4byte	.LASF3
 2481 0039 02       		.uleb128 0x2
 2482 003a 04       		.byte	0x4
 2483 003b 05       		.byte	0x5
 2484 003c 9D010000 		.4byte	.LASF4
 2485 0040 02       		.uleb128 0x2
 2486 0041 04       		.byte	0x4
 2487 0042 07       		.byte	0x7
 2488 0043 93000000 		.4byte	.LASF5
 2489 0047 02       		.uleb128 0x2
 2490 0048 08       		.byte	0x8
 2491 0049 05       		.byte	0x5
 2492 004a 31010000 		.4byte	.LASF6
 2493 004e 02       		.uleb128 0x2
 2494 004f 08       		.byte	0x8
 2495 0050 07       		.byte	0x7
 2496 0051 EE000000 		.4byte	.LASF7
 2497 0055 03       		.uleb128 0x3
 2498 0056 04       		.byte	0x4
 2499 0057 05       		.byte	0x5
 2500 0058 696E7400 		.ascii	"int\000"
 2501 005c 02       		.uleb128 0x2
 2502 005d 04       		.byte	0x4
 2503 005e 07       		.byte	0x7
 2504 005f E1000000 		.4byte	.LASF8
ARM GAS  C:\Users\Ryan\AppData\Local\Temp\ccrxbk1X.s 			page 45


 2505 0063 04       		.uleb128 0x4
 2506 0064 4E010000 		.4byte	.LASF21
 2507 0068 02       		.byte	0x2
 2508 0069 5B       		.byte	0x5b
 2509 006a 24000000 		.4byte	0x24
 2510 006e 02       		.uleb128 0x2
 2511 006f 04       		.byte	0x4
 2512 0070 04       		.byte	0x4
 2513 0071 7F000000 		.4byte	.LASF9
 2514 0075 02       		.uleb128 0x2
 2515 0076 08       		.byte	0x8
 2516 0077 04       		.byte	0x4
 2517 0078 B8000000 		.4byte	.LASF10
 2518 007c 02       		.uleb128 0x2
 2519 007d 01       		.byte	0x1
 2520 007e 08       		.byte	0x8
 2521 007f 3F010000 		.4byte	.LASF11
 2522 0083 05       		.uleb128 0x5
 2523 0084 63000000 		.4byte	0x63
 2524 0088 94000000 		.4byte	0x94
 2525 008c 06       		.uleb128 0x6
 2526 008d 94000000 		.4byte	0x94
 2527 0091 4B09     		.2byte	0x94b
 2528 0093 00       		.byte	0
 2529 0094 02       		.uleb128 0x2
 2530 0095 04       		.byte	0x4
 2531 0096 07       		.byte	0x7
 2532 0097 28010000 		.4byte	.LASF12
 2533 009b 07       		.uleb128 0x7
 2534 009c CF000000 		.4byte	.LASF13
 2535 00a0 01       		.byte	0x1
 2536 00a1 1C       		.byte	0x1c
 2537 00a2 AD000000 		.4byte	0xad
 2538 00a6 01       		.byte	0x1
 2539 00a7 05       		.byte	0x5
 2540 00a8 03       		.byte	0x3
 2541 00a9 00000000 		.4byte	cy_meta_configecc
 2542 00ad 08       		.uleb128 0x8
 2543 00ae 83000000 		.4byte	0x83
 2544 00b2 05       		.uleb128 0x5
 2545 00b3 63000000 		.4byte	0x63
 2546 00b7 C2000000 		.4byte	0xc2
 2547 00bb 09       		.uleb128 0x9
 2548 00bc 94000000 		.4byte	0x94
 2549 00c0 03       		.byte	0x3
 2550 00c1 00       		.byte	0
 2551 00c2 0A       		.uleb128 0xa
 2552 00c3 BF000000 		.4byte	.LASF14
 2553 00c7 01       		.byte	0x1
 2554 00c8 5001     		.2byte	0x150
 2555 00ca D5000000 		.4byte	0xd5
 2556 00ce 01       		.byte	0x1
 2557 00cf 05       		.byte	0x5
 2558 00d0 03       		.byte	0x3
 2559 00d1 00000000 		.4byte	cy_meta_custnvl
 2560 00d5 08       		.uleb128 0x8
 2561 00d6 B2000000 		.4byte	0xb2
ARM GAS  C:\Users\Ryan\AppData\Local\Temp\ccrxbk1X.s 			page 46


 2562 00da 0A       		.uleb128 0xa
 2563 00db 1A010000 		.4byte	.LASF15
 2564 00df 01       		.byte	0x1
 2565 00e0 5B01     		.2byte	0x15b
 2566 00e2 ED000000 		.4byte	0xed
 2567 00e6 01       		.byte	0x1
 2568 00e7 05       		.byte	0x5
 2569 00e8 03       		.byte	0x3
 2570 00e9 00000000 		.4byte	cy_meta_wonvl
 2571 00ed 08       		.uleb128 0x8
 2572 00ee B2000000 		.4byte	0xb2
 2573 00f2 05       		.uleb128 0x5
 2574 00f3 63000000 		.4byte	0x63
 2575 00f7 02010000 		.4byte	0x102
 2576 00fb 09       		.uleb128 0x9
 2577 00fc 94000000 		.4byte	0x94
 2578 0100 FF       		.byte	0xff
 2579 0101 00       		.byte	0
 2580 0102 0A       		.uleb128 0xa
 2581 0103 05010000 		.4byte	.LASF16
 2582 0107 01       		.byte	0x1
 2583 0108 6601     		.2byte	0x166
 2584 010a 15010000 		.4byte	0x115
 2585 010e 01       		.byte	0x1
 2586 010f 05       		.byte	0x5
 2587 0110 03       		.byte	0x3
 2588 0111 00000000 		.4byte	cy_meta_flashprotect
 2589 0115 08       		.uleb128 0x8
 2590 0116 F2000000 		.4byte	0xf2
 2591 011a 05       		.uleb128 0x5
 2592 011b 63000000 		.4byte	0x63
 2593 011f 2A010000 		.4byte	0x12a
 2594 0123 09       		.uleb128 0x9
 2595 0124 94000000 		.4byte	0x94
 2596 0128 0B       		.byte	0xb
 2597 0129 00       		.byte	0
 2598 012a 0A       		.uleb128 0xa
 2599 012b 73000000 		.4byte	.LASF17
 2600 012f 01       		.byte	0x1
 2601 0130 9001     		.2byte	0x190
 2602 0132 3D010000 		.4byte	0x13d
 2603 0136 01       		.byte	0x1
 2604 0137 05       		.byte	0x5
 2605 0138 03       		.byte	0x3
 2606 0139 00000000 		.4byte	cy_metadata
 2607 013d 08       		.uleb128 0x8
 2608 013e 1A010000 		.4byte	0x11a
 2609 0142 00       		.byte	0
 2610              		.section	.debug_abbrev,"",%progbits
 2611              	.Ldebug_abbrev0:
 2612 0000 01       		.uleb128 0x1
 2613 0001 11       		.uleb128 0x11
 2614 0002 01       		.byte	0x1
 2615 0003 25       		.uleb128 0x25
 2616 0004 0E       		.uleb128 0xe
 2617 0005 13       		.uleb128 0x13
 2618 0006 0B       		.uleb128 0xb
ARM GAS  C:\Users\Ryan\AppData\Local\Temp\ccrxbk1X.s 			page 47


 2619 0007 03       		.uleb128 0x3
 2620 0008 0E       		.uleb128 0xe
 2621 0009 1B       		.uleb128 0x1b
 2622 000a 0E       		.uleb128 0xe
 2623 000b 10       		.uleb128 0x10
 2624 000c 06       		.uleb128 0x6
 2625 000d 00       		.byte	0
 2626 000e 00       		.byte	0
 2627 000f 02       		.uleb128 0x2
 2628 0010 24       		.uleb128 0x24
 2629 0011 00       		.byte	0
 2630 0012 0B       		.uleb128 0xb
 2631 0013 0B       		.uleb128 0xb
 2632 0014 3E       		.uleb128 0x3e
 2633 0015 0B       		.uleb128 0xb
 2634 0016 03       		.uleb128 0x3
 2635 0017 0E       		.uleb128 0xe
 2636 0018 00       		.byte	0
 2637 0019 00       		.byte	0
 2638 001a 03       		.uleb128 0x3
 2639 001b 24       		.uleb128 0x24
 2640 001c 00       		.byte	0
 2641 001d 0B       		.uleb128 0xb
 2642 001e 0B       		.uleb128 0xb
 2643 001f 3E       		.uleb128 0x3e
 2644 0020 0B       		.uleb128 0xb
 2645 0021 03       		.uleb128 0x3
 2646 0022 08       		.uleb128 0x8
 2647 0023 00       		.byte	0
 2648 0024 00       		.byte	0
 2649 0025 04       		.uleb128 0x4
 2650 0026 16       		.uleb128 0x16
 2651 0027 00       		.byte	0
 2652 0028 03       		.uleb128 0x3
 2653 0029 0E       		.uleb128 0xe
 2654 002a 3A       		.uleb128 0x3a
 2655 002b 0B       		.uleb128 0xb
 2656 002c 3B       		.uleb128 0x3b
 2657 002d 0B       		.uleb128 0xb
 2658 002e 49       		.uleb128 0x49
 2659 002f 13       		.uleb128 0x13
 2660 0030 00       		.byte	0
 2661 0031 00       		.byte	0
 2662 0032 05       		.uleb128 0x5
 2663 0033 01       		.uleb128 0x1
 2664 0034 01       		.byte	0x1
 2665 0035 49       		.uleb128 0x49
 2666 0036 13       		.uleb128 0x13
 2667 0037 01       		.uleb128 0x1
 2668 0038 13       		.uleb128 0x13
 2669 0039 00       		.byte	0
 2670 003a 00       		.byte	0
 2671 003b 06       		.uleb128 0x6
 2672 003c 21       		.uleb128 0x21
 2673 003d 00       		.byte	0
 2674 003e 49       		.uleb128 0x49
 2675 003f 13       		.uleb128 0x13
ARM GAS  C:\Users\Ryan\AppData\Local\Temp\ccrxbk1X.s 			page 48


 2676 0040 2F       		.uleb128 0x2f
 2677 0041 05       		.uleb128 0x5
 2678 0042 00       		.byte	0
 2679 0043 00       		.byte	0
 2680 0044 07       		.uleb128 0x7
 2681 0045 34       		.uleb128 0x34
 2682 0046 00       		.byte	0
 2683 0047 03       		.uleb128 0x3
 2684 0048 0E       		.uleb128 0xe
 2685 0049 3A       		.uleb128 0x3a
 2686 004a 0B       		.uleb128 0xb
 2687 004b 3B       		.uleb128 0x3b
 2688 004c 0B       		.uleb128 0xb
 2689 004d 49       		.uleb128 0x49
 2690 004e 13       		.uleb128 0x13
 2691 004f 3F       		.uleb128 0x3f
 2692 0050 0C       		.uleb128 0xc
 2693 0051 02       		.uleb128 0x2
 2694 0052 0A       		.uleb128 0xa
 2695 0053 00       		.byte	0
 2696 0054 00       		.byte	0
 2697 0055 08       		.uleb128 0x8
 2698 0056 26       		.uleb128 0x26
 2699 0057 00       		.byte	0
 2700 0058 49       		.uleb128 0x49
 2701 0059 13       		.uleb128 0x13
 2702 005a 00       		.byte	0
 2703 005b 00       		.byte	0
 2704 005c 09       		.uleb128 0x9
 2705 005d 21       		.uleb128 0x21
 2706 005e 00       		.byte	0
 2707 005f 49       		.uleb128 0x49
 2708 0060 13       		.uleb128 0x13
 2709 0061 2F       		.uleb128 0x2f
 2710 0062 0B       		.uleb128 0xb
 2711 0063 00       		.byte	0
 2712 0064 00       		.byte	0
 2713 0065 0A       		.uleb128 0xa
 2714 0066 34       		.uleb128 0x34
 2715 0067 00       		.byte	0
 2716 0068 03       		.uleb128 0x3
 2717 0069 0E       		.uleb128 0xe
 2718 006a 3A       		.uleb128 0x3a
 2719 006b 0B       		.uleb128 0xb
 2720 006c 3B       		.uleb128 0x3b
 2721 006d 05       		.uleb128 0x5
 2722 006e 49       		.uleb128 0x49
 2723 006f 13       		.uleb128 0x13
 2724 0070 3F       		.uleb128 0x3f
 2725 0071 0C       		.uleb128 0xc
 2726 0072 02       		.uleb128 0x2
 2727 0073 0A       		.uleb128 0xa
 2728 0074 00       		.byte	0
 2729 0075 00       		.byte	0
 2730 0076 00       		.byte	0
 2731              		.section	.debug_aranges,"",%progbits
 2732 0000 14000000 		.4byte	0x14
ARM GAS  C:\Users\Ryan\AppData\Local\Temp\ccrxbk1X.s 			page 49


 2733 0004 0200     		.2byte	0x2
 2734 0006 00000000 		.4byte	.Ldebug_info0
 2735 000a 04       		.byte	0x4
 2736 000b 00       		.byte	0
 2737 000c 0000     		.2byte	0
 2738 000e 0000     		.2byte	0
 2739 0010 00000000 		.4byte	0
 2740 0014 00000000 		.4byte	0
 2741              		.section	.debug_line,"",%progbits
 2742              	.Ldebug_line0:
 2743 0000 4F000000 		.section	.debug_str,"MS",%progbits,1
 2743      02004900 
 2743      00000201 
 2743      FB0E0D00 
 2743      01010101 
 2744              	.LASF20:
 2745 0000 433A5C55 		.ascii	"C:\\Users\\Ryan\\Documents\\summer2014\\WindSensor\\"
 2745      73657273 
 2745      5C527961 
 2745      6E5C446F 
 2745      63756D65 
 2746 002e 5472616E 		.ascii	"TransmitReadings_freeSoC.cydsn\000"
 2746      736D6974 
 2746      52656164 
 2746      696E6773 
 2746      5F667265 
 2747              	.LASF19:
 2748 004d 2E5C4765 		.ascii	".\\Generated_Source\\PSoC5\\cymetadata.c\000"
 2748      6E657261 
 2748      7465645F 
 2748      536F7572 
 2748      63655C50 
 2749              	.LASF17:
 2750 0073 63795F6D 		.ascii	"cy_metadata\000"
 2750      65746164 
 2750      61746100 
 2751              	.LASF9:
 2752 007f 666C6F61 		.ascii	"float\000"
 2752      7400
 2753              	.LASF1:
 2754 0085 756E7369 		.ascii	"unsigned char\000"
 2754      676E6564 
 2754      20636861 
 2754      7200
 2755              	.LASF5:
 2756 0093 6C6F6E67 		.ascii	"long unsigned int\000"
 2756      20756E73 
 2756      69676E65 
 2756      6420696E 
 2756      7400
 2757              	.LASF3:
 2758 00a5 73686F72 		.ascii	"short unsigned int\000"
 2758      7420756E 
 2758      7369676E 
 2758      65642069 
 2758      6E7400
 2759              	.LASF10:
ARM GAS  C:\Users\Ryan\AppData\Local\Temp\ccrxbk1X.s 			page 50


 2760 00b8 646F7562 		.ascii	"double\000"
 2760      6C6500
 2761              	.LASF14:
 2762 00bf 63795F6D 		.ascii	"cy_meta_custnvl\000"
 2762      6574615F 
 2762      63757374 
 2762      6E766C00 
 2763              	.LASF13:
 2764 00cf 63795F6D 		.ascii	"cy_meta_configecc\000"
 2764      6574615F 
 2764      636F6E66 
 2764      69676563 
 2764      6300
 2765              	.LASF8:
 2766 00e1 756E7369 		.ascii	"unsigned int\000"
 2766      676E6564 
 2766      20696E74 
 2766      00
 2767              	.LASF7:
 2768 00ee 6C6F6E67 		.ascii	"long long unsigned int\000"
 2768      206C6F6E 
 2768      6720756E 
 2768      7369676E 
 2768      65642069 
 2769              	.LASF16:
 2770 0105 63795F6D 		.ascii	"cy_meta_flashprotect\000"
 2770      6574615F 
 2770      666C6173 
 2770      6870726F 
 2770      74656374 
 2771              	.LASF15:
 2772 011a 63795F6D 		.ascii	"cy_meta_wonvl\000"
 2772      6574615F 
 2772      776F6E76 
 2772      6C00
 2773              	.LASF12:
 2774 0128 73697A65 		.ascii	"sizetype\000"
 2774      74797065 
 2774      00
 2775              	.LASF6:
 2776 0131 6C6F6E67 		.ascii	"long long int\000"
 2776      206C6F6E 
 2776      6720696E 
 2776      7400
 2777              	.LASF11:
 2778 013f 63686172 		.ascii	"char\000"
 2778      00
 2779              	.LASF2:
 2780 0144 73686F72 		.ascii	"short int\000"
 2780      7420696E 
 2780      7400
 2781              	.LASF21:
 2782 014e 75696E74 		.ascii	"uint8\000"
 2782      3800
 2783              	.LASF18:
 2784 0154 474E5520 		.ascii	"GNU C 4.7.3 20130312 (release) [ARM/embedded-4_7-br"
 2784      4320342E 
ARM GAS  C:\Users\Ryan\AppData\Local\Temp\ccrxbk1X.s 			page 51


 2784      372E3320 
 2784      32303133 
 2784      30333132 
 2785 0187 616E6368 		.ascii	"anch revision 196615]\000"
 2785      20726576 
 2785      6973696F 
 2785      6E203139 
 2785      36363135 
 2786              	.LASF4:
 2787 019d 6C6F6E67 		.ascii	"long int\000"
 2787      20696E74 
 2787      00
 2788              	.LASF0:
 2789 01a6 7369676E 		.ascii	"signed char\000"
 2789      65642063 
 2789      68617200 
 2790              		.ident	"GCC: (GNU Tools for ARM Embedded Processors) 4.7.3 20130312 (release) [ARM/embedded-4_7-br
