ARM GAS  C:\Users\Ryan\AppData\Local\Temp\cchKk67S.s 			page 1


   1              		.syntax unified
   2              		.cpu cortex-m3
   3              		.fpu softvfp
   4              		.eabi_attribute 20, 1
   5              		.eabi_attribute 21, 1
   6              		.eabi_attribute 23, 3
   7              		.eabi_attribute 24, 1
   8              		.eabi_attribute 25, 1
   9              		.eabi_attribute 26, 1
  10              		.eabi_attribute 30, 6
  11              		.eabi_attribute 34, 1
  12              		.eabi_attribute 18, 4
  13              		.thumb
  14              		.file	"RH.c"
  15              		.text
  16              	.Ltext0:
  17              		.cfi_sections	.debug_frame
  18              		.global	InterruptCnt2
  19              		.bss
  20              		.type	InterruptCnt2, %object
  21              		.size	InterruptCnt2, 1
  22              	InterruptCnt2:
  23 0000 00       		.space	1
  24              		.global	rhtimeout
  25              		.type	rhtimeout, %object
  26              		.size	rhtimeout, 1
  27              	rhtimeout:
  28 0001 00       		.space	1
  29              		.section	.text.InterruptHandler2,"ax",%progbits
  30              		.align	2
  31              		.global	InterruptHandler2
  32              		.thumb
  33              		.thumb_func
  34              		.type	InterruptHandler2, %function
  35              	InterruptHandler2:
  36              	.LFB56:
  37              		.file 1 ".\\RH.c"
   1:.\RH.c        **** #include <RH.h>
   2:.\RH.c        **** 
   3:.\RH.c        **** #define sensirion_addr	0b1000000
   4:.\RH.c        **** #define sensirion_RH_command	0b11100101
   5:.\RH.c        **** #define sensirion_temp_command	0b11100011
   6:.\RH.c        **** 
   7:.\RH.c        **** 
   8:.\RH.c        **** uint8 InterruptCnt2 = 0;
   9:.\RH.c        **** uint8 rhtimeout = 0;
  10:.\RH.c        **** 
  11:.\RH.c        **** CY_ISR(InterruptHandler2)
  12:.\RH.c        **** {
  38              		.loc 1 12 0
  39              		.cfi_startproc
  40              		@ args = 0, pretend = 0, frame = 0
  41              		@ frame_needed = 1, uses_anonymous_args = 0
  42              		@ link register save eliminated.
  43 0000 80B4     		push	{r7}
  44              	.LCFI0:
  45              		.cfi_def_cfa_offset 4
ARM GAS  C:\Users\Ryan\AppData\Local\Temp\cchKk67S.s 			page 2


  46              		.cfi_offset 7, -4
  47 0002 00AF     		add	r7, sp, #0
  48              	.LCFI1:
  49              		.cfi_def_cfa_register 7
  13:.\RH.c        **** 	/* Read Status register in order to clear the sticky Terminal Count (TC) bit 
  14:.\RH.c        **** 	 * in the status register. Note that the function is not called, but rather 
  15:.\RH.c        **** 	 * the status is read directly.
  16:.\RH.c        **** 	 */
  17:.\RH.c        ****    	Timer_STATUS;
  50              		.loc 1 17 0
  51 0004 44F60373 		movw	r3, #20227
  52 0008 C4F20003 		movt	r3, 16384
  53 000c 1B78     		ldrb	r3, [r3, #0]
  18:.\RH.c        ****     
  19:.\RH.c        **** 	/* Increment the Counter to indicate the keep track of the number of 
  20:.\RH.c        ****      * interrupts received */
  21:.\RH.c        ****     InterruptCnt2++;
  54              		.loc 1 21 0
  55 000e 40F20003 		movw	r3, #:lower16:InterruptCnt2
  56 0012 C0F20003 		movt	r3, #:upper16:InterruptCnt2
  57 0016 1B78     		ldrb	r3, [r3, #0]	@ zero_extendqisi2
  58 0018 03F10103 		add	r3, r3, #1
  59 001c DAB2     		uxtb	r2, r3
  60 001e 40F20003 		movw	r3, #:lower16:InterruptCnt2
  61 0022 C0F20003 		movt	r3, #:upper16:InterruptCnt2
  62 0026 1A70     		strb	r2, [r3, #0]
  22:.\RH.c        **** 	
  23:.\RH.c        **** 	if(InterruptCnt2 == 4)
  63              		.loc 1 23 0
  64 0028 40F20003 		movw	r3, #:lower16:InterruptCnt2
  65 002c C0F20003 		movt	r3, #:upper16:InterruptCnt2
  66 0030 1B78     		ldrb	r3, [r3, #0]	@ zero_extendqisi2
  67 0032 042B     		cmp	r3, #4
  68 0034 06D1     		bne	.L1
  24:.\RH.c        **** 	{
  25:.\RH.c        **** 		rhtimeout = 1;
  69              		.loc 1 25 0
  70 0036 40F20003 		movw	r3, #:lower16:rhtimeout
  71 003a C0F20003 		movt	r3, #:upper16:rhtimeout
  72 003e 4FF00102 		mov	r2, #1
  73 0042 1A70     		strb	r2, [r3, #0]
  74              	.L1:
  26:.\RH.c        **** 	}
  27:.\RH.c        **** }
  75              		.loc 1 27 0
  76 0044 BD46     		mov	sp, r7
  77 0046 80BC     		pop	{r7}
  78 0048 7047     		bx	lr
  79              		.cfi_endproc
  80              	.LFE56:
  81              		.size	InterruptHandler2, .-InterruptHandler2
  82 004a 00BF     		.section	.text.GetSensirionValue,"ax",%progbits
  83              		.align	2
  84              		.global	GetSensirionValue
  85              		.thumb
  86              		.thumb_func
  87              		.type	GetSensirionValue, %function
ARM GAS  C:\Users\Ryan\AppData\Local\Temp\cchKk67S.s 			page 3


  88              	GetSensirionValue:
  89              	.LFB57:
  28:.\RH.c        **** 
  29:.\RH.c        **** uint16 GetSensirionValue(uint8 sensorCommand){
  90              		.loc 1 29 0
  91              		.cfi_startproc
  92              		@ args = 0, pretend = 0, frame = 16
  93              		@ frame_needed = 1, uses_anonymous_args = 0
  94 0000 80B5     		push	{r7, lr}
  95              	.LCFI2:
  96              		.cfi_def_cfa_offset 8
  97              		.cfi_offset 7, -8
  98              		.cfi_offset 14, -4
  99 0002 84B0     		sub	sp, sp, #16
 100              	.LCFI3:
 101              		.cfi_def_cfa_offset 24
 102 0004 00AF     		add	r7, sp, #0
 103              	.LCFI4:
 104              		.cfi_def_cfa_register 7
 105 0006 0346     		mov	r3, r0
 106 0008 FB71     		strb	r3, [r7, #7]
  30:.\RH.c        ****     psoc_MasterClearStatus();
 107              		.loc 1 30 0
 108 000a FFF7FEFF 		bl	psoc_MasterClearStatus
  31:.\RH.c        ****     psoc_MasterWriteBuf(sensirion_addr,&sensorCommand,1,psoc_MODE_COMPLETE_XFER);
 109              		.loc 1 31 0
 110 000e 07F10703 		add	r3, r7, #7
 111 0012 4FF04000 		mov	r0, #64
 112 0016 1946     		mov	r1, r3
 113 0018 4FF00102 		mov	r2, #1
 114 001c 4FF00003 		mov	r3, #0
 115 0020 FFF7FEFF 		bl	psoc_MasterWriteBuf
  32:.\RH.c        **** 
  33:.\RH.c        ****     while (((0u == (psoc_MasterStatus() & psoc_MSTAT_WR_CMPLT))))
 116              		.loc 1 33 0
 117 0024 00BF     		nop
 118              	.L4:
 119              		.loc 1 33 0 is_stmt 0 discriminator 1
 120 0026 FFF7FEFF 		bl	psoc_MasterStatus
 121 002a 0346     		mov	r3, r0
 122 002c 03F00203 		and	r3, r3, #2
 123 0030 002B     		cmp	r3, #0
 124 0032 F8D0     		beq	.L4
  34:.\RH.c        **** 	{
  35:.\RH.c        **** 	}
  36:.\RH.c        ****     uint8 i2cBufferRead[2];
  37:.\RH.c        ****     psoc_MasterClearStatus();
 125              		.loc 1 37 0 is_stmt 1
 126 0034 FFF7FEFF 		bl	psoc_MasterClearStatus
  38:.\RH.c        ****     psoc_MasterReadBuf(sensirion_addr,i2cBufferRead,2,psoc_MODE_COMPLETE_XFER);
 127              		.loc 1 38 0
 128 0038 07F10C03 		add	r3, r7, #12
 129 003c 4FF04000 		mov	r0, #64
 130 0040 1946     		mov	r1, r3
 131 0042 4FF00202 		mov	r2, #2
 132 0046 4FF00003 		mov	r3, #0
 133 004a FFF7FEFF 		bl	psoc_MasterReadBuf
ARM GAS  C:\Users\Ryan\AppData\Local\Temp\cchKk67S.s 			page 4


  39:.\RH.c        **** 
  40:.\RH.c        ****     while ((0u == (psoc_MasterStatus() & psoc_MSTAT_RD_CMPLT)))
 134              		.loc 1 40 0
 135 004e 00BF     		nop
 136              	.L5:
 137              		.loc 1 40 0 is_stmt 0 discriminator 1
 138 0050 FFF7FEFF 		bl	psoc_MasterStatus
 139 0054 0346     		mov	r3, r0
 140 0056 03F00103 		and	r3, r3, #1
 141 005a 002B     		cmp	r3, #0
 142 005c F8D0     		beq	.L5
  41:.\RH.c        **** 	{
  42:.\RH.c        **** 	}
  43:.\RH.c        ****     uint16 returnValue = (i2cBufferRead[0] <<8) + i2cBufferRead[1];
 143              		.loc 1 43 0 is_stmt 1
 144 005e 3B7B     		ldrb	r3, [r7, #12]	@ zero_extendqisi2
 145 0060 4FEA0323 		lsl	r3, r3, #8
 146 0064 9AB2     		uxth	r2, r3
 147 0066 7B7B     		ldrb	r3, [r7, #13]	@ zero_extendqisi2
 148 0068 D318     		adds	r3, r2, r3
 149 006a FB81     		strh	r3, [r7, #14]	@ movhi
  44:.\RH.c        ****     return returnValue;
 150              		.loc 1 44 0
 151 006c FB89     		ldrh	r3, [r7, #14]
  45:.\RH.c        **** }
 152              		.loc 1 45 0
 153 006e 1846     		mov	r0, r3
 154 0070 07F11007 		add	r7, r7, #16
 155 0074 BD46     		mov	sp, r7
 156 0076 80BD     		pop	{r7, pc}
 157              		.cfi_endproc
 158              	.LFE57:
 159              		.size	GetSensirionValue, .-GetSensirionValue
 160              		.global	__aeabi_ui2f
 161              		.global	__aeabi_fdiv
 162              		.global	__aeabi_fmul
 163              		.global	__aeabi_fsub
 164              		.global	__aeabi_f2d
 165              		.global	__aeabi_dmul
 166              		.global	__aeabi_dsub
 167              		.global	__aeabi_d2f
 168              		.section	.text.TakeTempRHReading,"ax",%progbits
 169              		.align	2
 170              		.global	TakeTempRHReading
 171              		.thumb
 172              		.thumb_func
 173              		.type	TakeTempRHReading, %function
 174              	TakeTempRHReading:
 175              	.LFB58:
  46:.\RH.c        **** 
  47:.\RH.c        **** SensirionData TakeTempRHReading(){
 176              		.loc 1 47 0
 177              		.cfi_startproc
 178              		@ args = 0, pretend = 0, frame = 24
 179              		@ frame_needed = 1, uses_anonymous_args = 0
 180 0000 80B5     		push	{r7, lr}
 181              	.LCFI5:
ARM GAS  C:\Users\Ryan\AppData\Local\Temp\cchKk67S.s 			page 5


 182              		.cfi_def_cfa_offset 8
 183              		.cfi_offset 7, -8
 184              		.cfi_offset 14, -4
 185 0002 86B0     		sub	sp, sp, #24
 186              	.LCFI6:
 187              		.cfi_def_cfa_offset 32
 188 0004 00AF     		add	r7, sp, #0
 189              	.LCFI7:
 190              		.cfi_def_cfa_register 7
 191 0006 7860     		str	r0, [r7, #4]
  48:.\RH.c        ****     
  49:.\RH.c        ****     SensirionData returnValue;
  50:.\RH.c        **** 	returnValue.valid = 1;
 192              		.loc 1 50 0
 193 0008 4FF00103 		mov	r3, #1
 194 000c 3B74     		strb	r3, [r7, #16]
  51:.\RH.c        ****     uint16 RH = GetSensirionValue(sensirion_RH_command);
 195              		.loc 1 51 0
 196 000e 4FF0E500 		mov	r0, #229
 197 0012 FFF7FEFF 		bl	GetSensirionValue
 198 0016 0346     		mov	r3, r0
 199 0018 FB82     		strh	r3, [r7, #22]	@ movhi
  52:.\RH.c        **** 	if(RH == 65535)
 200              		.loc 1 52 0
 201 001a FA8A     		ldrh	r2, [r7, #22]
 202 001c 4FF6FF73 		movw	r3, #65535
 203 0020 9A42     		cmp	r2, r3
 204 0022 02D1     		bne	.L8
  53:.\RH.c        **** 	{
  54:.\RH.c        **** 		returnValue.valid = 0;
 205              		.loc 1 54 0
 206 0024 4FF00003 		mov	r3, #0
 207 0028 3B74     		strb	r3, [r7, #16]
 208              	.L8:
  55:.\RH.c        **** 	}
  56:.\RH.c        ****     returnValue.rh=-6 + 125*((float)RH/65532);
 209              		.loc 1 56 0
 210 002a FB8A     		ldrh	r3, [r7, #22]
 211 002c 1846     		mov	r0, r3
 212 002e FFF7FEFF 		bl	__aeabi_ui2f
 213 0032 0346     		mov	r3, r0
 214 0034 1846     		mov	r0, r3
 215 0036 4FF47C41 		mov	r1, #64512
 216 003a C4F27F71 		movt	r1, 18303
 217 003e FFF7FEFF 		bl	__aeabi_fdiv
 218 0042 0346     		mov	r3, r0
 219 0044 1846     		mov	r0, r3
 220 0046 4FF00001 		mov	r1, #0
 221 004a C4F2FA21 		movt	r1, 17146
 222 004e FFF7FEFF 		bl	__aeabi_fmul
 223 0052 0346     		mov	r3, r0
 224 0054 1846     		mov	r0, r3
 225 0056 4FF00001 		mov	r1, #0
 226 005a C4F2C001 		movt	r1, 16576
 227 005e FFF7FEFF 		bl	__aeabi_fsub
 228 0062 0346     		mov	r3, r0
 229 0064 FB60     		str	r3, [r7, #12]	@ float
ARM GAS  C:\Users\Ryan\AppData\Local\Temp\cchKk67S.s 			page 6


  57:.\RH.c        ****     uint16 temp = GetSensirionValue(sensirion_temp_command);
 230              		.loc 1 57 0
 231 0066 4FF0E300 		mov	r0, #227
 232 006a FFF7FEFF 		bl	GetSensirionValue
 233 006e 0346     		mov	r3, r0
 234 0070 BB82     		strh	r3, [r7, #20]	@ movhi
  58:.\RH.c        **** 	if(temp == 65535)
 235              		.loc 1 58 0
 236 0072 BA8A     		ldrh	r2, [r7, #20]
 237 0074 4FF6FF73 		movw	r3, #65535
 238 0078 9A42     		cmp	r2, r3
 239 007a 02D1     		bne	.L9
  59:.\RH.c        **** 	{
  60:.\RH.c        **** 		returnValue.valid = 0;
 240              		.loc 1 60 0
 241 007c 4FF00003 		mov	r3, #0
 242 0080 3B74     		strb	r3, [r7, #16]
 243              	.L9:
  61:.\RH.c        **** 	}
  62:.\RH.c        ****     returnValue.temp=-46.85 + 175.72*((float)temp/65532);
 244              		.loc 1 62 0
 245 0082 BB8A     		ldrh	r3, [r7, #20]
 246 0084 1846     		mov	r0, r3
 247 0086 FFF7FEFF 		bl	__aeabi_ui2f
 248 008a 0346     		mov	r3, r0
 249 008c 1846     		mov	r0, r3
 250 008e 4FF47C41 		mov	r1, #64512
 251 0092 C4F27F71 		movt	r1, 18303
 252 0096 FFF7FEFF 		bl	__aeabi_fdiv
 253 009a 0346     		mov	r3, r0
 254 009c 1846     		mov	r0, r3
 255 009e FFF7FEFF 		bl	__aeabi_f2d
 256 00a2 0246     		mov	r2, r0
 257 00a4 0B46     		mov	r3, r1
 258 00a6 1046     		mov	r0, r2
 259 00a8 1946     		mov	r1, r3
 260 00aa 11A3     		adr	r3, .L11
 261 00ac D3E90023 		ldrd	r2, [r3]
 262 00b0 FFF7FEFF 		bl	__aeabi_dmul
 263 00b4 0246     		mov	r2, r0
 264 00b6 0B46     		mov	r3, r1
 265 00b8 1046     		mov	r0, r2
 266 00ba 1946     		mov	r1, r3
 267 00bc 0EA3     		adr	r3, .L11+8
 268 00be D3E90023 		ldrd	r2, [r3]
 269 00c2 FFF7FEFF 		bl	__aeabi_dsub
 270 00c6 0246     		mov	r2, r0
 271 00c8 0B46     		mov	r3, r1
 272 00ca 1046     		mov	r0, r2
 273 00cc 1946     		mov	r1, r3
 274 00ce FFF7FEFF 		bl	__aeabi_d2f
 275 00d2 0346     		mov	r3, r0
 276 00d4 BB60     		str	r3, [r7, #8]	@ float
  63:.\RH.c        ****     return returnValue;
 277              		.loc 1 63 0
 278 00d6 7B68     		ldr	r3, [r7, #4]
 279 00d8 07F10802 		add	r2, r7, #8
ARM GAS  C:\Users\Ryan\AppData\Local\Temp\cchKk67S.s 			page 7


 280 00dc 07CA     		ldmia	r2, {r0, r1, r2}
 281 00de 83E80700 		stmia	r3, {r0, r1, r2}
  64:.\RH.c        **** }
 282              		.loc 1 64 0
 283 00e2 7868     		ldr	r0, [r7, #4]
 284 00e4 07F11807 		add	r7, r7, #24
 285 00e8 BD46     		mov	sp, r7
 286 00ea 80BD     		pop	{r7, pc}
 287              	.L12:
 288 00ec AFF30080 		.align	3
 289              	.L11:
 290 00f0 D7A3703D 		.word	1030792151
 291 00f4 0AF76540 		.word	1080424202
 292 00f8 CDCCCCCC 		.word	-858993459
 293 00fc CC6C4740 		.word	1078422732
 294              		.cfi_endproc
 295              	.LFE58:
 296              		.size	TakeTempRHReading, .-TakeTempRHReading
 297              		.section	.text.writeregister2,"ax",%progbits
 298              		.align	2
 299              		.global	writeregister2
 300              		.thumb
 301              		.thumb_func
 302              		.type	writeregister2, %function
 303              	writeregister2:
 304              	.LFB59:
  65:.\RH.c        **** 
  66:.\RH.c        **** struct RHdata
  67:.\RH.c        **** {
  68:.\RH.c        **** 	uint8 MSB;
  69:.\RH.c        **** 	uint8 LSB;
  70:.\RH.c        **** };
  71:.\RH.c        **** 
  72:.\RH.c        **** void writeregister2(uint8 theregister, uint8 write)
  73:.\RH.c        **** {
 305              		.loc 1 73 0
 306              		.cfi_startproc
 307              		@ args = 0, pretend = 0, frame = 16
 308              		@ frame_needed = 1, uses_anonymous_args = 0
 309 0000 80B5     		push	{r7, lr}
 310              	.LCFI8:
 311              		.cfi_def_cfa_offset 8
 312              		.cfi_offset 7, -8
 313              		.cfi_offset 14, -4
 314 0002 84B0     		sub	sp, sp, #16
 315              	.LCFI9:
 316              		.cfi_def_cfa_offset 24
 317 0004 00AF     		add	r7, sp, #0
 318              	.LCFI10:
 319              		.cfi_def_cfa_register 7
 320 0006 0246     		mov	r2, r0
 321 0008 0B46     		mov	r3, r1
 322 000a FA71     		strb	r2, [r7, #7]
 323 000c BB71     		strb	r3, [r7, #6]
  74:.\RH.c        **** 	uint8 writestatus = psoc_MasterSendStart(64, psoc_WRITE_XFER_MODE);
 324              		.loc 1 74 0
 325 000e 4FF04000 		mov	r0, #64
ARM GAS  C:\Users\Ryan\AppData\Local\Temp\cchKk67S.s 			page 8


 326 0012 4FF00001 		mov	r1, #0
 327 0016 FFF7FEFF 		bl	psoc_MasterSendStart
 328 001a 0346     		mov	r3, r0
 329 001c FB73     		strb	r3, [r7, #15]
  75:.\RH.c        **** 	if(psoc_MSTR_NO_ERROR == writestatus)
 330              		.loc 1 75 0
 331 001e FB7B     		ldrb	r3, [r7, #15]	@ zero_extendqisi2
 332 0020 002B     		cmp	r3, #0
 333 0022 0BD1     		bne	.L14
  76:.\RH.c        **** 	{
  77:.\RH.c        **** 		writestatus = psoc_MasterWriteByte(theregister);
 334              		.loc 1 77 0
 335 0024 FB79     		ldrb	r3, [r7, #7]	@ zero_extendqisi2
 336 0026 1846     		mov	r0, r3
 337 0028 FFF7FEFF 		bl	psoc_MasterWriteByte
 338 002c 0346     		mov	r3, r0
 339 002e FB73     		strb	r3, [r7, #15]
  78:.\RH.c        **** 		writestatus = psoc_MasterWriteByte(write);
 340              		.loc 1 78 0
 341 0030 BB79     		ldrb	r3, [r7, #6]	@ zero_extendqisi2
 342 0032 1846     		mov	r0, r3
 343 0034 FFF7FEFF 		bl	psoc_MasterWriteByte
 344 0038 0346     		mov	r3, r0
 345 003a FB73     		strb	r3, [r7, #15]
 346              	.L14:
  79:.\RH.c        **** 	}
  80:.\RH.c        **** 	psoc_MasterSendStop();
 347              		.loc 1 80 0
 348 003c FFF7FEFF 		bl	psoc_MasterSendStop
  81:.\RH.c        **** 	
  82:.\RH.c        **** }
 349              		.loc 1 82 0
 350 0040 07F11007 		add	r7, r7, #16
 351 0044 BD46     		mov	sp, r7
 352 0046 80BD     		pop	{r7, pc}
 353              		.cfi_endproc
 354              	.LFE59:
 355              		.size	writeregister2, .-writeregister2
 356              		.section	.text.readregister2,"ax",%progbits
 357              		.align	2
 358              		.global	readregister2
 359              		.thumb
 360              		.thumb_func
 361              		.type	readregister2, %function
 362              	readregister2:
 363              	.LFB60:
  83:.\RH.c        **** struct RHdata readregister2(uint8 theregister)
  84:.\RH.c        **** {
 364              		.loc 1 84 0
 365              		.cfi_startproc
 366              		@ args = 0, pretend = 0, frame = 16
 367              		@ frame_needed = 1, uses_anonymous_args = 0
 368 0000 80B5     		push	{r7, lr}
 369              	.LCFI11:
 370              		.cfi_def_cfa_offset 8
 371              		.cfi_offset 7, -8
 372              		.cfi_offset 14, -4
ARM GAS  C:\Users\Ryan\AppData\Local\Temp\cchKk67S.s 			page 9


 373 0002 84B0     		sub	sp, sp, #16
 374              	.LCFI12:
 375              		.cfi_def_cfa_offset 24
 376 0004 00AF     		add	r7, sp, #0
 377              	.LCFI13:
 378              		.cfi_def_cfa_register 7
 379 0006 0346     		mov	r3, r0
 380 0008 FB71     		strb	r3, [r7, #7]
  85:.\RH.c        **** 	int i;
  86:.\RH.c        **** 	struct RHdata returnvalue;
  87:.\RH.c        **** 	returnvalue.LSB = 0;
 381              		.loc 1 87 0
 382 000a 4FF00003 		mov	r3, #0
 383 000e 7B72     		strb	r3, [r7, #9]
  88:.\RH.c        **** 	returnvalue.MSB = 0;
 384              		.loc 1 88 0
 385 0010 4FF00003 		mov	r3, #0
 386 0014 3B72     		strb	r3, [r7, #8]
  89:.\RH.c        **** 	uint8 writestatus = psoc_MasterSendStart(64, psoc_WRITE_XFER_MODE);
 387              		.loc 1 89 0
 388 0016 4FF04000 		mov	r0, #64
 389 001a 4FF00001 		mov	r1, #0
 390 001e FFF7FEFF 		bl	psoc_MasterSendStart
 391 0022 0346     		mov	r3, r0
 392 0024 BB73     		strb	r3, [r7, #14]
  90:.\RH.c        **** 	if(psoc_MSTR_NO_ERROR == writestatus) //ensures there is no error before writing
 393              		.loc 1 90 0
 394 0026 BB7B     		ldrb	r3, [r7, #14]	@ zero_extendqisi2
 395 0028 002B     		cmp	r3, #0
 396 002a 05D1     		bne	.L16
  91:.\RH.c        **** 	{
  92:.\RH.c        **** 		writestatus = psoc_MasterWriteByte(theregister);
 397              		.loc 1 92 0
 398 002c FB79     		ldrb	r3, [r7, #7]	@ zero_extendqisi2
 399 002e 1846     		mov	r0, r3
 400 0030 FFF7FEFF 		bl	psoc_MasterWriteByte
 401 0034 0346     		mov	r3, r0
 402 0036 BB73     		strb	r3, [r7, #14]
 403              	.L16:
  93:.\RH.c        **** 	}
  94:.\RH.c        **** 	psoc_MasterSendStop();
 404              		.loc 1 94 0
 405 0038 FFF7FEFF 		bl	psoc_MasterSendStop
  95:.\RH.c        **** 	uint8 status = psoc_MasterSendStart(64, psoc_READ_XFER_MODE);
 406              		.loc 1 95 0
 407 003c 4FF04000 		mov	r0, #64
 408 0040 4FF00101 		mov	r1, #1
 409 0044 FFF7FEFF 		bl	psoc_MasterSendStart
 410 0048 0346     		mov	r3, r0
 411 004a FB73     		strb	r3, [r7, #15]
  96:.\RH.c        **** 	
  97:.\RH.c        **** 	CyGlobalIntEnable;
 412              		.loc 1 97 0
 413              	@ 97 ".\RH.c" 1
 414 004c 62B6     		CPSIE   i
 415              	@ 0 "" 2
  98:.\RH.c        **** 	timeout_isr_StartEx(InterruptHandler2);
ARM GAS  C:\Users\Ryan\AppData\Local\Temp\cchKk67S.s 			page 10


 416              		.loc 1 98 0
 417              		.thumb
 418 004e 40F20000 		movw	r0, #:lower16:InterruptHandler2
 419 0052 C0F20000 		movt	r0, #:upper16:InterruptHandler2
 420 0056 FFF7FEFF 		bl	timeout_isr_StartEx
  99:.\RH.c        **** 	timer_clock_Start();
 421              		.loc 1 99 0
 422 005a FFF7FEFF 		bl	timer_clock_Start
 100:.\RH.c        **** 	Timer_Start();
 423              		.loc 1 100 0
 424 005e FFF7FEFF 		bl	Timer_Start
 101:.\RH.c        **** 	InterruptCnt2 = 0;
 425              		.loc 1 101 0
 426 0062 40F20003 		movw	r3, #:lower16:InterruptCnt2
 427 0066 C0F20003 		movt	r3, #:upper16:InterruptCnt2
 428 006a 4FF00002 		mov	r2, #0
 429 006e 1A70     		strb	r2, [r3, #0]
 102:.\RH.c        **** 	
 103:.\RH.c        **** 	while(psoc_MSTR_NO_ERROR != status && rhtimeout != 1)
 430              		.loc 1 103 0
 431 0070 07E0     		b	.L17
 432              	.L19:
 104:.\RH.c        **** 	{
 105:.\RH.c        ****     status = psoc_MasterSendStart(64, psoc_READ_XFER_MODE);
 433              		.loc 1 105 0
 434 0072 4FF04000 		mov	r0, #64
 435 0076 4FF00101 		mov	r1, #1
 436 007a FFF7FEFF 		bl	psoc_MasterSendStart
 437 007e 0346     		mov	r3, r0
 438 0080 FB73     		strb	r3, [r7, #15]
 439              	.L17:
 103:.\RH.c        **** 	while(psoc_MSTR_NO_ERROR != status && rhtimeout != 1)
 440              		.loc 1 103 0 discriminator 1
 441 0082 FB7B     		ldrb	r3, [r7, #15]	@ zero_extendqisi2
 442 0084 002B     		cmp	r3, #0
 443 0086 06D0     		beq	.L18
 103:.\RH.c        **** 	while(psoc_MSTR_NO_ERROR != status && rhtimeout != 1)
 444              		.loc 1 103 0 is_stmt 0 discriminator 2
 445 0088 40F20003 		movw	r3, #:lower16:rhtimeout
 446 008c C0F20003 		movt	r3, #:upper16:rhtimeout
 447 0090 1B78     		ldrb	r3, [r3, #0]	@ zero_extendqisi2
 448 0092 012B     		cmp	r3, #1
 449 0094 EDD1     		bne	.L19
 450              	.L18:
 106:.\RH.c        **** 	}
 107:.\RH.c        **** 
 108:.\RH.c        **** 	if(psoc_MSTR_NO_ERROR == status) //ensures these is no error before reading
 451              		.loc 1 108 0 is_stmt 1
 452 0096 FB7B     		ldrb	r3, [r7, #15]	@ zero_extendqisi2
 453 0098 002B     		cmp	r3, #0
 454 009a 0CD1     		bne	.L20
 109:.\RH.c        **** 	{
 110:.\RH.c        **** 		returnvalue.MSB = psoc_MasterReadByte(psoc_ACK_DATA);
 455              		.loc 1 110 0
 456 009c 4FF00100 		mov	r0, #1
 457 00a0 FFF7FEFF 		bl	psoc_MasterReadByte
 458 00a4 0346     		mov	r3, r0
ARM GAS  C:\Users\Ryan\AppData\Local\Temp\cchKk67S.s 			page 11


 459 00a6 3B72     		strb	r3, [r7, #8]
 111:.\RH.c        **** 		returnvalue.LSB = psoc_MasterReadByte(psoc_NAK_DATA);
 460              		.loc 1 111 0
 461 00a8 4FF00000 		mov	r0, #0
 462 00ac FFF7FEFF 		bl	psoc_MasterReadByte
 463 00b0 0346     		mov	r3, r0
 464 00b2 7B72     		strb	r3, [r7, #9]
 465 00b4 08E0     		b	.L21
 466              	.L20:
 112:.\RH.c        **** 	}
 113:.\RH.c        **** 	
 114:.\RH.c        **** 	else if (psoc_MSTR_NO_ERROR != status)
 467              		.loc 1 114 0
 468 00b6 FB7B     		ldrb	r3, [r7, #15]	@ zero_extendqisi2
 469 00b8 002B     		cmp	r3, #0
 470 00ba 05D0     		beq	.L21
 115:.\RH.c        **** 	{
 116:.\RH.c        **** 		returnvalue.MSB = 0;
 471              		.loc 1 116 0
 472 00bc 4FF00003 		mov	r3, #0
 473 00c0 3B72     		strb	r3, [r7, #8]
 117:.\RH.c        **** 		returnvalue.LSB = 0;
 474              		.loc 1 117 0
 475 00c2 4FF00003 		mov	r3, #0
 476 00c6 7B72     		strb	r3, [r7, #9]
 477              	.L21:
 118:.\RH.c        **** 	}
 119:.\RH.c        **** 	
 120:.\RH.c        **** 	return returnvalue;
 478              		.loc 1 120 0
 479 00c8 3B89     		ldrh	r3, [r7, #8]	@ movhi
 480 00ca BB81     		strh	r3, [r7, #12]	@ movhi
 481 00cc 4FF00003 		mov	r3, #0
 482 00d0 3A7B     		ldrb	r2, [r7, #12]	@ zero_extendqisi2
 483 00d2 62F30703 		bfi	r3, r2, #0, #8
 484 00d6 7A7B     		ldrb	r2, [r7, #13]	@ zero_extendqisi2
 485 00d8 62F30F23 		bfi	r3, r2, #8, #8
 121:.\RH.c        **** }
 486              		.loc 1 121 0
 487 00dc 1846     		mov	r0, r3	@ movhi
 488 00de 07F11007 		add	r7, r7, #16
 489 00e2 BD46     		mov	sp, r7
 490 00e4 80BD     		pop	{r7, pc}
 491              		.cfi_endproc
 492              	.LFE60:
 493              		.size	readregister2, .-readregister2
 494 00e6 00BF     		.section	.text.processRH,"ax",%progbits
 495              		.align	2
 496              		.global	processRH
 497              		.thumb
 498              		.thumb_func
 499              		.type	processRH, %function
 500              	processRH:
 501              	.LFB61:
 122:.\RH.c        **** 
 123:.\RH.c        **** float processRH(uint8 MSB, uint8 LSB)
 124:.\RH.c        **** {
ARM GAS  C:\Users\Ryan\AppData\Local\Temp\cchKk67S.s 			page 12


 502              		.loc 1 124 0
 503              		.cfi_startproc
 504              		@ args = 0, pretend = 0, frame = 16
 505              		@ frame_needed = 1, uses_anonymous_args = 0
 506 0000 80B5     		push	{r7, lr}
 507              	.LCFI14:
 508              		.cfi_def_cfa_offset 8
 509              		.cfi_offset 7, -8
 510              		.cfi_offset 14, -4
 511 0002 84B0     		sub	sp, sp, #16
 512              	.LCFI15:
 513              		.cfi_def_cfa_offset 24
 514 0004 00AF     		add	r7, sp, #0
 515              	.LCFI16:
 516              		.cfi_def_cfa_register 7
 517 0006 0246     		mov	r2, r0
 518 0008 0B46     		mov	r3, r1
 519 000a FA71     		strb	r2, [r7, #7]
 520 000c BB71     		strb	r3, [r7, #6]
 125:.\RH.c        **** 	uint16 resultant = 0;
 521              		.loc 1 125 0
 522 000e 4FF00003 		mov	r3, #0
 523 0012 FB81     		strh	r3, [r7, #14]	@ movhi
 126:.\RH.c        **** 	float anserw;
 127:.\RH.c        **** 	resultant = MSB << 8;
 524              		.loc 1 127 0
 525 0014 FB79     		ldrb	r3, [r7, #7]	@ zero_extendqisi2
 526 0016 9BB2     		uxth	r3, r3
 527 0018 4FEA0323 		lsl	r3, r3, #8
 528 001c FB81     		strh	r3, [r7, #14]	@ movhi
 128:.\RH.c        **** 	resultant = resultant + LSB;
 529              		.loc 1 128 0
 530 001e BB79     		ldrb	r3, [r7, #6]	@ zero_extendqisi2
 531 0020 9AB2     		uxth	r2, r3
 532 0022 FB89     		ldrh	r3, [r7, #14]	@ movhi
 533 0024 D318     		adds	r3, r2, r3
 534 0026 FB81     		strh	r3, [r7, #14]	@ movhi
 129:.\RH.c        **** 	uint16 check = resultant & (uint16)3;
 535              		.loc 1 129 0
 536 0028 FB89     		ldrh	r3, [r7, #14]	@ movhi
 537 002a 03F00303 		and	r3, r3, #3
 538 002e BB81     		strh	r3, [r7, #12]	@ movhi
 130:.\RH.c        **** 	if(check <= 3)
 539              		.loc 1 130 0
 540 0030 BB89     		ldrh	r3, [r7, #12]
 541 0032 032B     		cmp	r3, #3
 542 0034 03D8     		bhi	.L24
 131:.\RH.c        **** 	{
 132:.\RH.c        **** 	resultant = resultant & (uint16)65532;
 543              		.loc 1 132 0
 544 0036 FB89     		ldrh	r3, [r7, #14]	@ movhi
 545 0038 23F00303 		bic	r3, r3, #3
 546 003c FB81     		strh	r3, [r7, #14]	@ movhi
 547              	.L24:
 133:.\RH.c        **** 	}
 134:.\RH.c        **** 	anserw = ((float)125 * ((float)resultant / (float)65536)) - (float)6;
 548              		.loc 1 134 0
ARM GAS  C:\Users\Ryan\AppData\Local\Temp\cchKk67S.s 			page 13


 549 003e FB89     		ldrh	r3, [r7, #14]
 550 0040 1846     		mov	r0, r3
 551 0042 FFF7FEFF 		bl	__aeabi_ui2f
 552 0046 0346     		mov	r3, r0
 553 0048 1846     		mov	r0, r3
 554 004a 4FF08F41 		mov	r1, #1199570944
 555 004e FFF7FEFF 		bl	__aeabi_fdiv
 556 0052 0346     		mov	r3, r0
 557 0054 1846     		mov	r0, r3
 558 0056 4FF00001 		mov	r1, #0
 559 005a C4F2FA21 		movt	r1, 17146
 560 005e FFF7FEFF 		bl	__aeabi_fmul
 561 0062 0346     		mov	r3, r0
 562 0064 1846     		mov	r0, r3
 563 0066 4FF00001 		mov	r1, #0
 564 006a C4F2C001 		movt	r1, 16576
 565 006e FFF7FEFF 		bl	__aeabi_fsub
 566 0072 0346     		mov	r3, r0
 567 0074 BB60     		str	r3, [r7, #8]	@ float
 135:.\RH.c        **** 	return anserw*100;
 568              		.loc 1 135 0
 569 0076 B868     		ldr	r0, [r7, #8]	@ float
 570 0078 4FF00001 		mov	r1, #0
 571 007c C4F2C821 		movt	r1, 17096
 572 0080 FFF7FEFF 		bl	__aeabi_fmul
 573 0084 0346     		mov	r3, r0
 136:.\RH.c        **** }
 574              		.loc 1 136 0
 575 0086 1846     		mov	r0, r3
 576 0088 07F11007 		add	r7, r7, #16
 577 008c BD46     		mov	sp, r7
 578 008e 80BD     		pop	{r7, pc}
 579              		.cfi_endproc
 580              	.LFE61:
 581              		.size	processRH, .-processRH
 582              		.section	.text.processtemp,"ax",%progbits
 583              		.align	2
 584              		.global	processtemp
 585              		.thumb
 586              		.thumb_func
 587              		.type	processtemp, %function
 588              	processtemp:
 589              	.LFB62:
 137:.\RH.c        **** 
 138:.\RH.c        **** float processtemp(uint8 MSB, uint8 LSB)
 139:.\RH.c        **** {
 590              		.loc 1 139 0
 591              		.cfi_startproc
 592              		@ args = 0, pretend = 0, frame = 16
 593              		@ frame_needed = 1, uses_anonymous_args = 0
 594 0000 80B5     		push	{r7, lr}
 595              	.LCFI17:
 596              		.cfi_def_cfa_offset 8
 597              		.cfi_offset 7, -8
 598              		.cfi_offset 14, -4
 599 0002 84B0     		sub	sp, sp, #16
 600              	.LCFI18:
ARM GAS  C:\Users\Ryan\AppData\Local\Temp\cchKk67S.s 			page 14


 601              		.cfi_def_cfa_offset 24
 602 0004 00AF     		add	r7, sp, #0
 603              	.LCFI19:
 604              		.cfi_def_cfa_register 7
 605 0006 0246     		mov	r2, r0
 606 0008 0B46     		mov	r3, r1
 607 000a FA71     		strb	r2, [r7, #7]
 608 000c BB71     		strb	r3, [r7, #6]
 140:.\RH.c        **** 	uint16 resultant = 0;
 609              		.loc 1 140 0
 610 000e 4FF00003 		mov	r3, #0
 611 0012 FB81     		strh	r3, [r7, #14]	@ movhi
 141:.\RH.c        **** 	float anserw;
 142:.\RH.c        **** 	resultant = MSB << 8;
 612              		.loc 1 142 0
 613 0014 FB79     		ldrb	r3, [r7, #7]	@ zero_extendqisi2
 614 0016 9BB2     		uxth	r3, r3
 615 0018 4FEA0323 		lsl	r3, r3, #8
 616 001c FB81     		strh	r3, [r7, #14]	@ movhi
 143:.\RH.c        **** 	resultant = resultant + LSB;
 617              		.loc 1 143 0
 618 001e BB79     		ldrb	r3, [r7, #6]	@ zero_extendqisi2
 619 0020 9AB2     		uxth	r2, r3
 620 0022 FB89     		ldrh	r3, [r7, #14]	@ movhi
 621 0024 D318     		adds	r3, r2, r3
 622 0026 FB81     		strh	r3, [r7, #14]	@ movhi
 144:.\RH.c        **** 	
 145:.\RH.c        **** 	anserw = (float)-46.85 + ((float)175.72 * (float)resultant / (float)65536);
 623              		.loc 1 145 0
 624 0028 FB89     		ldrh	r3, [r7, #14]
 625 002a 1846     		mov	r0, r3
 626 002c FFF7FEFF 		bl	__aeabi_ui2f
 627 0030 0346     		mov	r3, r0
 628 0032 1846     		mov	r0, r3
 629 0034 4BF65201 		movw	r1, #47186
 630 0038 C4F22F31 		movt	r1, 17199
 631 003c FFF7FEFF 		bl	__aeabi_fmul
 632 0040 0346     		mov	r3, r0
 633 0042 1846     		mov	r0, r3
 634 0044 4FF08F41 		mov	r1, #1199570944
 635 0048 FFF7FEFF 		bl	__aeabi_fdiv
 636 004c 0346     		mov	r3, r0
 637 004e 1846     		mov	r0, r3
 638 0050 46F26661 		movw	r1, #26214
 639 0054 C4F23B21 		movt	r1, 16955
 640 0058 FFF7FEFF 		bl	__aeabi_fsub
 641 005c 0346     		mov	r3, r0
 642 005e BB60     		str	r3, [r7, #8]	@ float
 146:.\RH.c        **** 	return anserw * 100;
 643              		.loc 1 146 0
 644 0060 B868     		ldr	r0, [r7, #8]	@ float
 645 0062 4FF00001 		mov	r1, #0
 646 0066 C4F2C821 		movt	r1, 17096
 647 006a FFF7FEFF 		bl	__aeabi_fmul
 648 006e 0346     		mov	r3, r0
 147:.\RH.c        **** }
 649              		.loc 1 147 0
ARM GAS  C:\Users\Ryan\AppData\Local\Temp\cchKk67S.s 			page 15


 650 0070 1846     		mov	r0, r3
 651 0072 07F11007 		add	r7, r7, #16
 652 0076 BD46     		mov	sp, r7
 653 0078 80BD     		pop	{r7, pc}
 654              		.cfi_endproc
 655              	.LFE62:
 656              		.size	processtemp, .-processtemp
 657              		.global	__aeabi_f2uiz
 658 007a 00BF     		.section	.text.getRH,"ax",%progbits
 659              		.align	2
 660              		.global	getRH
 661              		.thumb
 662              		.thumb_func
 663              		.type	getRH, %function
 664              	getRH:
 665              	.LFB63:
 148:.\RH.c        **** 	
 149:.\RH.c        **** 
 150:.\RH.c        **** uint16 getRH()
 151:.\RH.c        **** {
 666              		.loc 1 151 0
 667              		.cfi_startproc
 668              		@ args = 0, pretend = 0, frame = 16
 669              		@ frame_needed = 1, uses_anonymous_args = 0
 670 0000 80B5     		push	{r7, lr}
 671              	.LCFI20:
 672              		.cfi_def_cfa_offset 8
 673              		.cfi_offset 7, -8
 674              		.cfi_offset 14, -4
 675 0002 84B0     		sub	sp, sp, #16
 676              	.LCFI21:
 677              		.cfi_def_cfa_offset 24
 678 0004 00AF     		add	r7, sp, #0
 679              	.LCFI22:
 680              		.cfi_def_cfa_register 7
 152:.\RH.c        **** 	struct RHdata rh;
 153:.\RH.c        **** 	uint8 readbyte = 229;
 681              		.loc 1 153 0
 682 0006 4FF0E503 		mov	r3, #229
 683 000a FB73     		strb	r3, [r7, #15]
 154:.\RH.c        **** 	uint16 RH;
 155:.\RH.c        **** 	
 156:.\RH.c        **** 	rh = readregister2(readbyte);
 684              		.loc 1 156 0
 685 000c FB7B     		ldrb	r3, [r7, #15]	@ zero_extendqisi2
 686 000e 1846     		mov	r0, r3
 687 0010 FFF7FEFF 		bl	readregister2
 688 0014 03B2     		sxth	r3, r0
 689 0016 1A46     		mov	r2, r3
 690 0018 3A70     		strb	r2, [r7, #0]
 691 001a C3F30723 		ubfx	r3, r3, #8, #8
 692 001e 7B70     		strb	r3, [r7, #1]
 693 0020 3B88     		ldrh	r3, [r7, #0]	@ movhi
 694 0022 3B81     		strh	r3, [r7, #8]	@ movhi
 157:.\RH.c        **** 	RH = processRH(rh.MSB, rh.LSB);
 695              		.loc 1 157 0
 696 0024 3A7A     		ldrb	r2, [r7, #8]	@ zero_extendqisi2
ARM GAS  C:\Users\Ryan\AppData\Local\Temp\cchKk67S.s 			page 16


 697 0026 7B7A     		ldrb	r3, [r7, #9]	@ zero_extendqisi2
 698 0028 1046     		mov	r0, r2
 699 002a 1946     		mov	r1, r3
 700 002c FFF7FEFF 		bl	processRH
 701 0030 0346     		mov	r3, r0
 702 0032 1846     		mov	r0, r3
 703 0034 FFF7FEFF 		bl	__aeabi_f2uiz
 704 0038 0346     		mov	r3, r0
 705 003a BB81     		strh	r3, [r7, #12]	@ movhi
 158:.\RH.c        **** 	
 159:.\RH.c        **** 	return RH;
 706              		.loc 1 159 0
 707 003c BB89     		ldrh	r3, [r7, #12]
 160:.\RH.c        **** }
 708              		.loc 1 160 0
 709 003e 1846     		mov	r0, r3
 710 0040 07F11007 		add	r7, r7, #16
 711 0044 BD46     		mov	sp, r7
 712 0046 80BD     		pop	{r7, pc}
 713              		.cfi_endproc
 714              	.LFE63:
 715              		.size	getRH, .-getRH
 716              		.global	__aeabi_f2iz
 717              		.section	.text.getTemp,"ax",%progbits
 718              		.align	2
 719              		.global	getTemp
 720              		.thumb
 721              		.thumb_func
 722              		.type	getTemp, %function
 723              	getTemp:
 724              	.LFB64:
 161:.\RH.c        **** 
 162:.\RH.c        **** int16 getTemp()
 163:.\RH.c        **** {
 725              		.loc 1 163 0
 726              		.cfi_startproc
 727              		@ args = 0, pretend = 0, frame = 16
 728              		@ frame_needed = 1, uses_anonymous_args = 0
 729 0000 80B5     		push	{r7, lr}
 730              	.LCFI23:
 731              		.cfi_def_cfa_offset 8
 732              		.cfi_offset 7, -8
 733              		.cfi_offset 14, -4
 734 0002 84B0     		sub	sp, sp, #16
 735              	.LCFI24:
 736              		.cfi_def_cfa_offset 24
 737 0004 00AF     		add	r7, sp, #0
 738              	.LCFI25:
 739              		.cfi_def_cfa_register 7
 164:.\RH.c        **** 	struct RHdata temp;
 165:.\RH.c        **** 	uint8 readbyte = 227;
 740              		.loc 1 165 0
 741 0006 4FF0E303 		mov	r3, #227
 742 000a FB73     		strb	r3, [r7, #15]
 166:.\RH.c        **** 	int16 Temp;
 167:.\RH.c        **** 	
 168:.\RH.c        **** 	temp = readregister2(readbyte);
ARM GAS  C:\Users\Ryan\AppData\Local\Temp\cchKk67S.s 			page 17


 743              		.loc 1 168 0
 744 000c FB7B     		ldrb	r3, [r7, #15]	@ zero_extendqisi2
 745 000e 1846     		mov	r0, r3
 746 0010 FFF7FEFF 		bl	readregister2
 747 0014 03B2     		sxth	r3, r0
 748 0016 1A46     		mov	r2, r3
 749 0018 3A70     		strb	r2, [r7, #0]
 750 001a C3F30723 		ubfx	r3, r3, #8, #8
 751 001e 7B70     		strb	r3, [r7, #1]
 752 0020 3B88     		ldrh	r3, [r7, #0]	@ movhi
 753 0022 3B81     		strh	r3, [r7, #8]	@ movhi
 169:.\RH.c        **** 	Temp = processtemp(temp.MSB, temp.LSB);
 754              		.loc 1 169 0
 755 0024 3A7A     		ldrb	r2, [r7, #8]	@ zero_extendqisi2
 756 0026 7B7A     		ldrb	r3, [r7, #9]	@ zero_extendqisi2
 757 0028 1046     		mov	r0, r2
 758 002a 1946     		mov	r1, r3
 759 002c FFF7FEFF 		bl	processtemp
 760 0030 0346     		mov	r3, r0
 761 0032 1846     		mov	r0, r3
 762 0034 FFF7FEFF 		bl	__aeabi_f2iz
 763 0038 0346     		mov	r3, r0
 764 003a BB81     		strh	r3, [r7, #12]	@ movhi
 170:.\RH.c        **** 	return Temp;
 765              		.loc 1 170 0
 766 003c BB89     		ldrh	r3, [r7, #12]
 767 003e 1BB2     		sxth	r3, r3
 171:.\RH.c        **** }
 768              		.loc 1 171 0
 769 0040 1846     		mov	r0, r3
 770 0042 07F11007 		add	r7, r7, #16
 771 0046 BD46     		mov	sp, r7
 772 0048 80BD     		pop	{r7, pc}
 773              		.cfi_endproc
 774              	.LFE64:
 775              		.size	getTemp, .-getTemp
 776 004a 00BF     		.text
 777              	.Letext0:
 778              		.file 2 "c:\\program files (x86)\\cypress\\psoc creator\\3.0\\psoc creator\\import\\gnu_cs\\arm\\4
 779              		.file 3 "./Generated_Source/PSoC5/cytypes.h"
 780              		.file 4 "./RH.h"
 781              		.file 5 "./Generated_Source/PSoC5/core_cm3.h"
 782              		.section	.debug_info,"",%progbits
 783              	.Ldebug_info0:
 784 0000 06040000 		.4byte	0x406
 785 0004 0200     		.2byte	0x2
 786 0006 00000000 		.4byte	.Ldebug_abbrev0
 787 000a 04       		.byte	0x4
 788 000b 01       		.uleb128 0x1
 789 000c 38020000 		.4byte	.LASF45
 790 0010 01       		.byte	0x1
 791 0011 D1010000 		.4byte	.LASF46
 792 0015 23000000 		.4byte	.LASF47
 793 0019 00000000 		.4byte	.Ldebug_ranges0+0
 794 001d 00000000 		.4byte	0
 795 0021 00000000 		.4byte	0
 796 0025 00000000 		.4byte	.Ldebug_line0
ARM GAS  C:\Users\Ryan\AppData\Local\Temp\cchKk67S.s 			page 18


 797 0029 02       		.uleb128 0x2
 798 002a 01       		.byte	0x1
 799 002b 06       		.byte	0x6
 800 002c 8A020000 		.4byte	.LASF0
 801 0030 02       		.uleb128 0x2
 802 0031 01       		.byte	0x1
 803 0032 08       		.byte	0x8
 804 0033 BE000000 		.4byte	.LASF1
 805 0037 02       		.uleb128 0x2
 806 0038 02       		.byte	0x2
 807 0039 05       		.byte	0x5
 808 003a 1E020000 		.4byte	.LASF2
 809 003e 02       		.uleb128 0x2
 810 003f 02       		.byte	0x2
 811 0040 07       		.byte	0x7
 812 0041 F4000000 		.4byte	.LASF3
 813 0045 03       		.uleb128 0x3
 814 0046 B0000000 		.4byte	.LASF9
 815 004a 02       		.byte	0x2
 816 004b 4F       		.byte	0x4f
 817 004c 50000000 		.4byte	0x50
 818 0050 02       		.uleb128 0x2
 819 0051 04       		.byte	0x4
 820 0052 05       		.byte	0x5
 821 0053 81020000 		.4byte	.LASF4
 822 0057 02       		.uleb128 0x2
 823 0058 04       		.byte	0x4
 824 0059 07       		.byte	0x7
 825 005a 71010000 		.4byte	.LASF5
 826 005e 02       		.uleb128 0x2
 827 005f 08       		.byte	0x8
 828 0060 05       		.byte	0x5
 829 0061 EF010000 		.4byte	.LASF6
 830 0065 02       		.uleb128 0x2
 831 0066 08       		.byte	0x8
 832 0067 07       		.byte	0x7
 833 0068 9C010000 		.4byte	.LASF7
 834 006c 04       		.uleb128 0x4
 835 006d 04       		.byte	0x4
 836 006e 05       		.byte	0x5
 837 006f 696E7400 		.ascii	"int\000"
 838 0073 02       		.uleb128 0x2
 839 0074 04       		.byte	0x4
 840 0075 07       		.byte	0x7
 841 0076 83010000 		.4byte	.LASF8
 842 007a 03       		.uleb128 0x3
 843 007b 32020000 		.4byte	.LASF10
 844 007f 03       		.byte	0x3
 845 0080 5B       		.byte	0x5b
 846 0081 30000000 		.4byte	0x30
 847 0085 03       		.uleb128 0x3
 848 0086 5D010000 		.4byte	.LASF11
 849 008a 03       		.byte	0x3
 850 008b 5C       		.byte	0x5c
 851 008c 3E000000 		.4byte	0x3e
 852 0090 03       		.uleb128 0x3
 853 0091 DD000000 		.4byte	.LASF12
ARM GAS  C:\Users\Ryan\AppData\Local\Temp\cchKk67S.s 			page 19


 854 0095 03       		.byte	0x3
 855 0096 5F       		.byte	0x5f
 856 0097 37000000 		.4byte	0x37
 857 009b 02       		.uleb128 0x2
 858 009c 04       		.byte	0x4
 859 009d 04       		.byte	0x4
 860 009e B8000000 		.4byte	.LASF13
 861 00a2 02       		.uleb128 0x2
 862 00a3 08       		.byte	0x8
 863 00a4 04       		.byte	0x4
 864 00a5 9C000000 		.4byte	.LASF14
 865 00a9 02       		.uleb128 0x2
 866 00aa 01       		.byte	0x1
 867 00ab 08       		.byte	0x8
 868 00ac 05020000 		.4byte	.LASF15
 869 00b0 03       		.uleb128 0x3
 870 00b1 D8000000 		.4byte	.LASF16
 871 00b5 03       		.byte	0x3
 872 00b6 F0       		.byte	0xf0
 873 00b7 BB000000 		.4byte	0xbb
 874 00bb 05       		.uleb128 0x5
 875 00bc 7A000000 		.4byte	0x7a
 876 00c0 02       		.uleb128 0x2
 877 00c1 04       		.byte	0x4
 878 00c2 07       		.byte	0x7
 879 00c3 E6010000 		.4byte	.LASF17
 880 00c7 06       		.uleb128 0x6
 881 00c8 0C       		.byte	0xc
 882 00c9 04       		.byte	0x4
 883 00ca 09       		.byte	0x9
 884 00cb F9000000 		.4byte	0xf9
 885 00cf 07       		.uleb128 0x7
 886 00d0 EF000000 		.4byte	.LASF18
 887 00d4 04       		.byte	0x4
 888 00d5 0B       		.byte	0xb
 889 00d6 9B000000 		.4byte	0x9b
 890 00da 02       		.byte	0x2
 891 00db 23       		.byte	0x23
 892 00dc 00       		.uleb128 0
 893 00dd 08       		.uleb128 0x8
 894 00de 726800   		.ascii	"rh\000"
 895 00e1 04       		.byte	0x4
 896 00e2 0C       		.byte	0xc
 897 00e3 9B000000 		.4byte	0x9b
 898 00e7 02       		.byte	0x2
 899 00e8 23       		.byte	0x23
 900 00e9 04       		.uleb128 0x4
 901 00ea 07       		.uleb128 0x7
 902 00eb 18020000 		.4byte	.LASF19
 903 00ef 04       		.byte	0x4
 904 00f0 0D       		.byte	0xd
 905 00f1 7A000000 		.4byte	0x7a
 906 00f5 02       		.byte	0x2
 907 00f6 23       		.byte	0x23
 908 00f7 08       		.uleb128 0x8
 909 00f8 00       		.byte	0
 910 00f9 03       		.uleb128 0x3
ARM GAS  C:\Users\Ryan\AppData\Local\Temp\cchKk67S.s 			page 20


 911 00fa 0E000000 		.4byte	.LASF20
 912 00fe 04       		.byte	0x4
 913 00ff 0E       		.byte	0xe
 914 0100 C7000000 		.4byte	0xc7
 915 0104 09       		.uleb128 0x9
 916 0105 38010000 		.4byte	.LASF48
 917 0109 02       		.byte	0x2
 918 010a 01       		.byte	0x1
 919 010b 42       		.byte	0x42
 920 010c 2D010000 		.4byte	0x12d
 921 0110 08       		.uleb128 0x8
 922 0111 4D534200 		.ascii	"MSB\000"
 923 0115 01       		.byte	0x1
 924 0116 44       		.byte	0x44
 925 0117 7A000000 		.4byte	0x7a
 926 011b 02       		.byte	0x2
 927 011c 23       		.byte	0x23
 928 011d 00       		.uleb128 0
 929 011e 08       		.uleb128 0x8
 930 011f 4C534200 		.ascii	"LSB\000"
 931 0123 01       		.byte	0x1
 932 0124 45       		.byte	0x45
 933 0125 7A000000 		.4byte	0x7a
 934 0129 02       		.byte	0x2
 935 012a 23       		.byte	0x23
 936 012b 01       		.uleb128 0x1
 937 012c 00       		.byte	0
 938 012d 0A       		.uleb128 0xa
 939 012e 01       		.byte	0x1
 940 012f B3010000 		.4byte	.LASF49
 941 0133 01       		.byte	0x1
 942 0134 0B       		.byte	0xb
 943 0135 01       		.byte	0x1
 944 0136 00000000 		.4byte	.LFB56
 945 013a 4A000000 		.4byte	.LFE56
 946 013e 00000000 		.4byte	.LLST0
 947 0142 01       		.byte	0x1
 948 0143 0B       		.uleb128 0xb
 949 0144 01       		.byte	0x1
 950 0145 26010000 		.4byte	.LASF29
 951 0149 01       		.byte	0x1
 952 014a 1D       		.byte	0x1d
 953 014b 01       		.byte	0x1
 954 014c 85000000 		.4byte	0x85
 955 0150 00000000 		.4byte	.LFB57
 956 0154 78000000 		.4byte	.LFE57
 957 0158 2C000000 		.4byte	.LLST1
 958 015c 01       		.byte	0x1
 959 015d 8C010000 		.4byte	0x18c
 960 0161 0C       		.uleb128 0xc
 961 0162 8E000000 		.4byte	.LASF25
 962 0166 01       		.byte	0x1
 963 0167 1D       		.byte	0x1d
 964 0168 7A000000 		.4byte	0x7a
 965 016c 02       		.byte	0x2
 966 016d 91       		.byte	0x91
 967 016e 6F       		.sleb128 -17
ARM GAS  C:\Users\Ryan\AppData\Local\Temp\cchKk67S.s 			page 21


 968 016f 0D       		.uleb128 0xd
 969 0170 3F010000 		.4byte	.LASF21
 970 0174 01       		.byte	0x1
 971 0175 24       		.byte	0x24
 972 0176 8C010000 		.4byte	0x18c
 973 017a 02       		.byte	0x2
 974 017b 91       		.byte	0x91
 975 017c 74       		.sleb128 -12
 976 017d 0D       		.uleb128 0xd
 977 017e CC000000 		.4byte	.LASF22
 978 0182 01       		.byte	0x1
 979 0183 2B       		.byte	0x2b
 980 0184 85000000 		.4byte	0x85
 981 0188 02       		.byte	0x2
 982 0189 91       		.byte	0x91
 983 018a 76       		.sleb128 -10
 984 018b 00       		.byte	0
 985 018c 0E       		.uleb128 0xe
 986 018d 7A000000 		.4byte	0x7a
 987 0191 9C010000 		.4byte	0x19c
 988 0195 0F       		.uleb128 0xf
 989 0196 C0000000 		.4byte	0xc0
 990 019a 01       		.byte	0x1
 991 019b 00       		.byte	0
 992 019c 10       		.uleb128 0x10
 993 019d 01       		.byte	0x1
 994 019e 7C000000 		.4byte	.LASF23
 995 01a2 01       		.byte	0x1
 996 01a3 2F       		.byte	0x2f
 997 01a4 F9000000 		.4byte	0xf9
 998 01a8 00000000 		.4byte	.LFB58
 999 01ac 00010000 		.4byte	.LFE58
 1000 01b0 64000000 		.4byte	.LLST2
 1001 01b4 01       		.byte	0x1
 1002 01b5 E3010000 		.4byte	0x1e3
 1003 01b9 0D       		.uleb128 0xd
 1004 01ba CC000000 		.4byte	.LASF22
 1005 01be 01       		.byte	0x1
 1006 01bf 31       		.byte	0x31
 1007 01c0 F9000000 		.4byte	0xf9
 1008 01c4 02       		.byte	0x2
 1009 01c5 91       		.byte	0x91
 1010 01c6 68       		.sleb128 -24
 1011 01c7 11       		.uleb128 0x11
 1012 01c8 524800   		.ascii	"RH\000"
 1013 01cb 01       		.byte	0x1
 1014 01cc 33       		.byte	0x33
 1015 01cd 85000000 		.4byte	0x85
 1016 01d1 02       		.byte	0x2
 1017 01d2 91       		.byte	0x91
 1018 01d3 76       		.sleb128 -10
 1019 01d4 0D       		.uleb128 0xd
 1020 01d5 EF000000 		.4byte	.LASF18
 1021 01d9 01       		.byte	0x1
 1022 01da 39       		.byte	0x39
 1023 01db 85000000 		.4byte	0x85
 1024 01df 02       		.byte	0x2
ARM GAS  C:\Users\Ryan\AppData\Local\Temp\cchKk67S.s 			page 22


 1025 01e0 91       		.byte	0x91
 1026 01e1 74       		.sleb128 -12
 1027 01e2 00       		.byte	0
 1028 01e3 12       		.uleb128 0x12
 1029 01e4 01       		.byte	0x1
 1030 01e5 11010000 		.4byte	.LASF24
 1031 01e9 01       		.byte	0x1
 1032 01ea 48       		.byte	0x48
 1033 01eb 01       		.byte	0x1
 1034 01ec 00000000 		.4byte	.LFB59
 1035 01f0 48000000 		.4byte	.LFE59
 1036 01f4 9C000000 		.4byte	.LLST3
 1037 01f8 01       		.byte	0x1
 1038 01f9 28020000 		.4byte	0x228
 1039 01fd 0C       		.uleb128 0xc
 1040 01fe C5010000 		.4byte	.LASF26
 1041 0202 01       		.byte	0x1
 1042 0203 48       		.byte	0x48
 1043 0204 7A000000 		.4byte	0x7a
 1044 0208 02       		.byte	0x2
 1045 0209 91       		.byte	0x91
 1046 020a 6F       		.sleb128 -17
 1047 020b 0C       		.uleb128 0xc
 1048 020c 20010000 		.4byte	.LASF27
 1049 0210 01       		.byte	0x1
 1050 0211 48       		.byte	0x48
 1051 0212 7A000000 		.4byte	0x7a
 1052 0216 02       		.byte	0x2
 1053 0217 91       		.byte	0x91
 1054 0218 6E       		.sleb128 -18
 1055 0219 0D       		.uleb128 0xd
 1056 021a E3000000 		.4byte	.LASF28
 1057 021e 01       		.byte	0x1
 1058 021f 4A       		.byte	0x4a
 1059 0220 7A000000 		.4byte	0x7a
 1060 0224 02       		.byte	0x2
 1061 0225 91       		.byte	0x91
 1062 0226 77       		.sleb128 -9
 1063 0227 00       		.byte	0
 1064 0228 0B       		.uleb128 0xb
 1065 0229 01       		.byte	0x1
 1066 022a 00000000 		.4byte	.LASF30
 1067 022e 01       		.byte	0x1
 1068 022f 53       		.byte	0x53
 1069 0230 01       		.byte	0x1
 1070 0231 04010000 		.4byte	0x104
 1071 0235 00000000 		.4byte	.LFB60
 1072 0239 E6000000 		.4byte	.LFE60
 1073 023d D4000000 		.4byte	.LLST4
 1074 0241 01       		.byte	0x1
 1075 0242 88020000 		.4byte	0x288
 1076 0246 0C       		.uleb128 0xc
 1077 0247 C5010000 		.4byte	.LASF26
 1078 024b 01       		.byte	0x1
 1079 024c 53       		.byte	0x53
 1080 024d 7A000000 		.4byte	0x7a
 1081 0251 02       		.byte	0x2
ARM GAS  C:\Users\Ryan\AppData\Local\Temp\cchKk67S.s 			page 23


 1082 0252 91       		.byte	0x91
 1083 0253 6F       		.sleb128 -17
 1084 0254 13       		.uleb128 0x13
 1085 0255 6900     		.ascii	"i\000"
 1086 0257 01       		.byte	0x1
 1087 0258 55       		.byte	0x55
 1088 0259 6C000000 		.4byte	0x6c
 1089 025d 0D       		.uleb128 0xd
 1090 025e 70000000 		.4byte	.LASF31
 1091 0262 01       		.byte	0x1
 1092 0263 56       		.byte	0x56
 1093 0264 04010000 		.4byte	0x104
 1094 0268 02       		.byte	0x2
 1095 0269 91       		.byte	0x91
 1096 026a 70       		.sleb128 -16
 1097 026b 0D       		.uleb128 0xd
 1098 026c E3000000 		.4byte	.LASF28
 1099 0270 01       		.byte	0x1
 1100 0271 59       		.byte	0x59
 1101 0272 7A000000 		.4byte	0x7a
 1102 0276 02       		.byte	0x2
 1103 0277 91       		.byte	0x91
 1104 0278 76       		.sleb128 -10
 1105 0279 0D       		.uleb128 0xd
 1106 027a 1C000000 		.4byte	.LASF32
 1107 027e 01       		.byte	0x1
 1108 027f 5F       		.byte	0x5f
 1109 0280 7A000000 		.4byte	0x7a
 1110 0284 02       		.byte	0x2
 1111 0285 91       		.byte	0x91
 1112 0286 77       		.sleb128 -9
 1113 0287 00       		.byte	0
 1114 0288 0B       		.uleb128 0xb
 1115 0289 01       		.byte	0x1
 1116 028a 4D010000 		.4byte	.LASF33
 1117 028e 01       		.byte	0x1
 1118 028f 7B       		.byte	0x7b
 1119 0290 01       		.byte	0x1
 1120 0291 9B000000 		.4byte	0x9b
 1121 0295 00000000 		.4byte	.LFB61
 1122 0299 90000000 		.4byte	.LFE61
 1123 029d 0C010000 		.4byte	.LLST5
 1124 02a1 01       		.byte	0x1
 1125 02a2 ED020000 		.4byte	0x2ed
 1126 02a6 14       		.uleb128 0x14
 1127 02a7 4D534200 		.ascii	"MSB\000"
 1128 02ab 01       		.byte	0x1
 1129 02ac 7B       		.byte	0x7b
 1130 02ad 7A000000 		.4byte	0x7a
 1131 02b1 02       		.byte	0x2
 1132 02b2 91       		.byte	0x91
 1133 02b3 6F       		.sleb128 -17
 1134 02b4 14       		.uleb128 0x14
 1135 02b5 4C534200 		.ascii	"LSB\000"
 1136 02b9 01       		.byte	0x1
 1137 02ba 7B       		.byte	0x7b
 1138 02bb 7A000000 		.4byte	0x7a
ARM GAS  C:\Users\Ryan\AppData\Local\Temp\cchKk67S.s 			page 24


 1139 02bf 02       		.byte	0x2
 1140 02c0 91       		.byte	0x91
 1141 02c1 6E       		.sleb128 -18
 1142 02c2 0D       		.uleb128 0xd
 1143 02c3 07010000 		.4byte	.LASF34
 1144 02c7 01       		.byte	0x1
 1145 02c8 7D       		.byte	0x7d
 1146 02c9 85000000 		.4byte	0x85
 1147 02cd 02       		.byte	0x2
 1148 02ce 91       		.byte	0x91
 1149 02cf 76       		.sleb128 -10
 1150 02d0 0D       		.uleb128 0xd
 1151 02d1 A3000000 		.4byte	.LASF35
 1152 02d5 01       		.byte	0x1
 1153 02d6 7E       		.byte	0x7e
 1154 02d7 9B000000 		.4byte	0x9b
 1155 02db 02       		.byte	0x2
 1156 02dc 91       		.byte	0x91
 1157 02dd 70       		.sleb128 -16
 1158 02de 0D       		.uleb128 0xd
 1159 02df AA000000 		.4byte	.LASF36
 1160 02e3 01       		.byte	0x1
 1161 02e4 81       		.byte	0x81
 1162 02e5 85000000 		.4byte	0x85
 1163 02e9 02       		.byte	0x2
 1164 02ea 91       		.byte	0x91
 1165 02eb 74       		.sleb128 -12
 1166 02ec 00       		.byte	0
 1167 02ed 0B       		.uleb128 0xb
 1168 02ee 01       		.byte	0x1
 1169 02ef 90010000 		.4byte	.LASF37
 1170 02f3 01       		.byte	0x1
 1171 02f4 8A       		.byte	0x8a
 1172 02f5 01       		.byte	0x1
 1173 02f6 9B000000 		.4byte	0x9b
 1174 02fa 00000000 		.4byte	.LFB62
 1175 02fe 7A000000 		.4byte	.LFE62
 1176 0302 44010000 		.4byte	.LLST6
 1177 0306 01       		.byte	0x1
 1178 0307 44030000 		.4byte	0x344
 1179 030b 14       		.uleb128 0x14
 1180 030c 4D534200 		.ascii	"MSB\000"
 1181 0310 01       		.byte	0x1
 1182 0311 8A       		.byte	0x8a
 1183 0312 7A000000 		.4byte	0x7a
 1184 0316 02       		.byte	0x2
 1185 0317 91       		.byte	0x91
 1186 0318 6F       		.sleb128 -17
 1187 0319 14       		.uleb128 0x14
 1188 031a 4C534200 		.ascii	"LSB\000"
 1189 031e 01       		.byte	0x1
 1190 031f 8A       		.byte	0x8a
 1191 0320 7A000000 		.4byte	0x7a
 1192 0324 02       		.byte	0x2
 1193 0325 91       		.byte	0x91
 1194 0326 6E       		.sleb128 -18
 1195 0327 0D       		.uleb128 0xd
ARM GAS  C:\Users\Ryan\AppData\Local\Temp\cchKk67S.s 			page 25


 1196 0328 07010000 		.4byte	.LASF34
 1197 032c 01       		.byte	0x1
 1198 032d 8C       		.byte	0x8c
 1199 032e 85000000 		.4byte	0x85
 1200 0332 02       		.byte	0x2
 1201 0333 91       		.byte	0x91
 1202 0334 76       		.sleb128 -10
 1203 0335 0D       		.uleb128 0xd
 1204 0336 A3000000 		.4byte	.LASF35
 1205 033a 01       		.byte	0x1
 1206 033b 8D       		.byte	0x8d
 1207 033c 9B000000 		.4byte	0x9b
 1208 0340 02       		.byte	0x2
 1209 0341 91       		.byte	0x91
 1210 0342 70       		.sleb128 -16
 1211 0343 00       		.byte	0
 1212 0344 10       		.uleb128 0x10
 1213 0345 01       		.byte	0x1
 1214 0346 57010000 		.4byte	.LASF38
 1215 034a 01       		.byte	0x1
 1216 034b 96       		.byte	0x96
 1217 034c 85000000 		.4byte	0x85
 1218 0350 00000000 		.4byte	.LFB63
 1219 0354 48000000 		.4byte	.LFE63
 1220 0358 7C010000 		.4byte	.LLST7
 1221 035c 01       		.byte	0x1
 1222 035d 8A030000 		.4byte	0x38a
 1223 0361 11       		.uleb128 0x11
 1224 0362 726800   		.ascii	"rh\000"
 1225 0365 01       		.byte	0x1
 1226 0366 98       		.byte	0x98
 1227 0367 04010000 		.4byte	0x104
 1228 036b 02       		.byte	0x2
 1229 036c 91       		.byte	0x91
 1230 036d 70       		.sleb128 -16
 1231 036e 0D       		.uleb128 0xd
 1232 036f D8010000 		.4byte	.LASF39
 1233 0373 01       		.byte	0x1
 1234 0374 99       		.byte	0x99
 1235 0375 7A000000 		.4byte	0x7a
 1236 0379 02       		.byte	0x2
 1237 037a 91       		.byte	0x91
 1238 037b 77       		.sleb128 -9
 1239 037c 11       		.uleb128 0x11
 1240 037d 524800   		.ascii	"RH\000"
 1241 0380 01       		.byte	0x1
 1242 0381 9A       		.byte	0x9a
 1243 0382 85000000 		.4byte	0x85
 1244 0386 02       		.byte	0x2
 1245 0387 91       		.byte	0x91
 1246 0388 74       		.sleb128 -12
 1247 0389 00       		.byte	0
 1248 038a 10       		.uleb128 0x10
 1249 038b 01       		.byte	0x1
 1250 038c FD010000 		.4byte	.LASF40
 1251 0390 01       		.byte	0x1
 1252 0391 A2       		.byte	0xa2
ARM GAS  C:\Users\Ryan\AppData\Local\Temp\cchKk67S.s 			page 26


 1253 0392 90000000 		.4byte	0x90
 1254 0396 00000000 		.4byte	.LFB64
 1255 039a 4A000000 		.4byte	.LFE64
 1256 039e B4010000 		.4byte	.LLST8
 1257 03a2 01       		.byte	0x1
 1258 03a3 D2030000 		.4byte	0x3d2
 1259 03a7 0D       		.uleb128 0xd
 1260 03a8 EF000000 		.4byte	.LASF18
 1261 03ac 01       		.byte	0x1
 1262 03ad A4       		.byte	0xa4
 1263 03ae 04010000 		.4byte	0x104
 1264 03b2 02       		.byte	0x2
 1265 03b3 91       		.byte	0x91
 1266 03b4 70       		.sleb128 -16
 1267 03b5 0D       		.uleb128 0xd
 1268 03b6 D8010000 		.4byte	.LASF39
 1269 03ba 01       		.byte	0x1
 1270 03bb A5       		.byte	0xa5
 1271 03bc 7A000000 		.4byte	0x7a
 1272 03c0 02       		.byte	0x2
 1273 03c1 91       		.byte	0x91
 1274 03c2 77       		.sleb128 -9
 1275 03c3 0D       		.uleb128 0xd
 1276 03c4 E1010000 		.4byte	.LASF41
 1277 03c8 01       		.byte	0x1
 1278 03c9 A6       		.byte	0xa6
 1279 03ca 90000000 		.4byte	0x90
 1280 03ce 02       		.byte	0x2
 1281 03cf 91       		.byte	0x91
 1282 03d0 74       		.sleb128 -12
 1283 03d1 00       		.byte	0
 1284 03d2 15       		.uleb128 0x15
 1285 03d3 64010000 		.4byte	.LASF42
 1286 03d7 05       		.byte	0x5
 1287 03d8 1606     		.2byte	0x616
 1288 03da E0030000 		.4byte	0x3e0
 1289 03de 01       		.byte	0x1
 1290 03df 01       		.byte	0x1
 1291 03e0 05       		.uleb128 0x5
 1292 03e1 45000000 		.4byte	0x45
 1293 03e5 16       		.uleb128 0x16
 1294 03e6 0A020000 		.4byte	.LASF43
 1295 03ea 01       		.byte	0x1
 1296 03eb 08       		.byte	0x8
 1297 03ec 7A000000 		.4byte	0x7a
 1298 03f0 01       		.byte	0x1
 1299 03f1 05       		.byte	0x5
 1300 03f2 03       		.byte	0x3
 1301 03f3 00000000 		.4byte	InterruptCnt2
 1302 03f7 16       		.uleb128 0x16
 1303 03f8 28020000 		.4byte	.LASF44
 1304 03fc 01       		.byte	0x1
 1305 03fd 09       		.byte	0x9
 1306 03fe 7A000000 		.4byte	0x7a
 1307 0402 01       		.byte	0x1
 1308 0403 05       		.byte	0x5
 1309 0404 03       		.byte	0x3
ARM GAS  C:\Users\Ryan\AppData\Local\Temp\cchKk67S.s 			page 27


 1310 0405 00000000 		.4byte	rhtimeout
 1311 0409 00       		.byte	0
 1312              		.section	.debug_abbrev,"",%progbits
 1313              	.Ldebug_abbrev0:
 1314 0000 01       		.uleb128 0x1
 1315 0001 11       		.uleb128 0x11
 1316 0002 01       		.byte	0x1
 1317 0003 25       		.uleb128 0x25
 1318 0004 0E       		.uleb128 0xe
 1319 0005 13       		.uleb128 0x13
 1320 0006 0B       		.uleb128 0xb
 1321 0007 03       		.uleb128 0x3
 1322 0008 0E       		.uleb128 0xe
 1323 0009 1B       		.uleb128 0x1b
 1324 000a 0E       		.uleb128 0xe
 1325 000b 55       		.uleb128 0x55
 1326 000c 06       		.uleb128 0x6
 1327 000d 11       		.uleb128 0x11
 1328 000e 01       		.uleb128 0x1
 1329 000f 52       		.uleb128 0x52
 1330 0010 01       		.uleb128 0x1
 1331 0011 10       		.uleb128 0x10
 1332 0012 06       		.uleb128 0x6
 1333 0013 00       		.byte	0
 1334 0014 00       		.byte	0
 1335 0015 02       		.uleb128 0x2
 1336 0016 24       		.uleb128 0x24
 1337 0017 00       		.byte	0
 1338 0018 0B       		.uleb128 0xb
 1339 0019 0B       		.uleb128 0xb
 1340 001a 3E       		.uleb128 0x3e
 1341 001b 0B       		.uleb128 0xb
 1342 001c 03       		.uleb128 0x3
 1343 001d 0E       		.uleb128 0xe
 1344 001e 00       		.byte	0
 1345 001f 00       		.byte	0
 1346 0020 03       		.uleb128 0x3
 1347 0021 16       		.uleb128 0x16
 1348 0022 00       		.byte	0
 1349 0023 03       		.uleb128 0x3
 1350 0024 0E       		.uleb128 0xe
 1351 0025 3A       		.uleb128 0x3a
 1352 0026 0B       		.uleb128 0xb
 1353 0027 3B       		.uleb128 0x3b
 1354 0028 0B       		.uleb128 0xb
 1355 0029 49       		.uleb128 0x49
 1356 002a 13       		.uleb128 0x13
 1357 002b 00       		.byte	0
 1358 002c 00       		.byte	0
 1359 002d 04       		.uleb128 0x4
 1360 002e 24       		.uleb128 0x24
 1361 002f 00       		.byte	0
 1362 0030 0B       		.uleb128 0xb
 1363 0031 0B       		.uleb128 0xb
 1364 0032 3E       		.uleb128 0x3e
 1365 0033 0B       		.uleb128 0xb
 1366 0034 03       		.uleb128 0x3
ARM GAS  C:\Users\Ryan\AppData\Local\Temp\cchKk67S.s 			page 28


 1367 0035 08       		.uleb128 0x8
 1368 0036 00       		.byte	0
 1369 0037 00       		.byte	0
 1370 0038 05       		.uleb128 0x5
 1371 0039 35       		.uleb128 0x35
 1372 003a 00       		.byte	0
 1373 003b 49       		.uleb128 0x49
 1374 003c 13       		.uleb128 0x13
 1375 003d 00       		.byte	0
 1376 003e 00       		.byte	0
 1377 003f 06       		.uleb128 0x6
 1378 0040 13       		.uleb128 0x13
 1379 0041 01       		.byte	0x1
 1380 0042 0B       		.uleb128 0xb
 1381 0043 0B       		.uleb128 0xb
 1382 0044 3A       		.uleb128 0x3a
 1383 0045 0B       		.uleb128 0xb
 1384 0046 3B       		.uleb128 0x3b
 1385 0047 0B       		.uleb128 0xb
 1386 0048 01       		.uleb128 0x1
 1387 0049 13       		.uleb128 0x13
 1388 004a 00       		.byte	0
 1389 004b 00       		.byte	0
 1390 004c 07       		.uleb128 0x7
 1391 004d 0D       		.uleb128 0xd
 1392 004e 00       		.byte	0
 1393 004f 03       		.uleb128 0x3
 1394 0050 0E       		.uleb128 0xe
 1395 0051 3A       		.uleb128 0x3a
 1396 0052 0B       		.uleb128 0xb
 1397 0053 3B       		.uleb128 0x3b
 1398 0054 0B       		.uleb128 0xb
 1399 0055 49       		.uleb128 0x49
 1400 0056 13       		.uleb128 0x13
 1401 0057 38       		.uleb128 0x38
 1402 0058 0A       		.uleb128 0xa
 1403 0059 00       		.byte	0
 1404 005a 00       		.byte	0
 1405 005b 08       		.uleb128 0x8
 1406 005c 0D       		.uleb128 0xd
 1407 005d 00       		.byte	0
 1408 005e 03       		.uleb128 0x3
 1409 005f 08       		.uleb128 0x8
 1410 0060 3A       		.uleb128 0x3a
 1411 0061 0B       		.uleb128 0xb
 1412 0062 3B       		.uleb128 0x3b
 1413 0063 0B       		.uleb128 0xb
 1414 0064 49       		.uleb128 0x49
 1415 0065 13       		.uleb128 0x13
 1416 0066 38       		.uleb128 0x38
 1417 0067 0A       		.uleb128 0xa
 1418 0068 00       		.byte	0
 1419 0069 00       		.byte	0
 1420 006a 09       		.uleb128 0x9
 1421 006b 13       		.uleb128 0x13
 1422 006c 01       		.byte	0x1
 1423 006d 03       		.uleb128 0x3
ARM GAS  C:\Users\Ryan\AppData\Local\Temp\cchKk67S.s 			page 29


 1424 006e 0E       		.uleb128 0xe
 1425 006f 0B       		.uleb128 0xb
 1426 0070 0B       		.uleb128 0xb
 1427 0071 3A       		.uleb128 0x3a
 1428 0072 0B       		.uleb128 0xb
 1429 0073 3B       		.uleb128 0x3b
 1430 0074 0B       		.uleb128 0xb
 1431 0075 01       		.uleb128 0x1
 1432 0076 13       		.uleb128 0x13
 1433 0077 00       		.byte	0
 1434 0078 00       		.byte	0
 1435 0079 0A       		.uleb128 0xa
 1436 007a 2E       		.uleb128 0x2e
 1437 007b 00       		.byte	0
 1438 007c 3F       		.uleb128 0x3f
 1439 007d 0C       		.uleb128 0xc
 1440 007e 03       		.uleb128 0x3
 1441 007f 0E       		.uleb128 0xe
 1442 0080 3A       		.uleb128 0x3a
 1443 0081 0B       		.uleb128 0xb
 1444 0082 3B       		.uleb128 0x3b
 1445 0083 0B       		.uleb128 0xb
 1446 0084 27       		.uleb128 0x27
 1447 0085 0C       		.uleb128 0xc
 1448 0086 11       		.uleb128 0x11
 1449 0087 01       		.uleb128 0x1
 1450 0088 12       		.uleb128 0x12
 1451 0089 01       		.uleb128 0x1
 1452 008a 40       		.uleb128 0x40
 1453 008b 06       		.uleb128 0x6
 1454 008c 9742     		.uleb128 0x2117
 1455 008e 0C       		.uleb128 0xc
 1456 008f 00       		.byte	0
 1457 0090 00       		.byte	0
 1458 0091 0B       		.uleb128 0xb
 1459 0092 2E       		.uleb128 0x2e
 1460 0093 01       		.byte	0x1
 1461 0094 3F       		.uleb128 0x3f
 1462 0095 0C       		.uleb128 0xc
 1463 0096 03       		.uleb128 0x3
 1464 0097 0E       		.uleb128 0xe
 1465 0098 3A       		.uleb128 0x3a
 1466 0099 0B       		.uleb128 0xb
 1467 009a 3B       		.uleb128 0x3b
 1468 009b 0B       		.uleb128 0xb
 1469 009c 27       		.uleb128 0x27
 1470 009d 0C       		.uleb128 0xc
 1471 009e 49       		.uleb128 0x49
 1472 009f 13       		.uleb128 0x13
 1473 00a0 11       		.uleb128 0x11
 1474 00a1 01       		.uleb128 0x1
 1475 00a2 12       		.uleb128 0x12
 1476 00a3 01       		.uleb128 0x1
 1477 00a4 40       		.uleb128 0x40
 1478 00a5 06       		.uleb128 0x6
 1479 00a6 9642     		.uleb128 0x2116
 1480 00a8 0C       		.uleb128 0xc
ARM GAS  C:\Users\Ryan\AppData\Local\Temp\cchKk67S.s 			page 30


 1481 00a9 01       		.uleb128 0x1
 1482 00aa 13       		.uleb128 0x13
 1483 00ab 00       		.byte	0
 1484 00ac 00       		.byte	0
 1485 00ad 0C       		.uleb128 0xc
 1486 00ae 05       		.uleb128 0x5
 1487 00af 00       		.byte	0
 1488 00b0 03       		.uleb128 0x3
 1489 00b1 0E       		.uleb128 0xe
 1490 00b2 3A       		.uleb128 0x3a
 1491 00b3 0B       		.uleb128 0xb
 1492 00b4 3B       		.uleb128 0x3b
 1493 00b5 0B       		.uleb128 0xb
 1494 00b6 49       		.uleb128 0x49
 1495 00b7 13       		.uleb128 0x13
 1496 00b8 02       		.uleb128 0x2
 1497 00b9 0A       		.uleb128 0xa
 1498 00ba 00       		.byte	0
 1499 00bb 00       		.byte	0
 1500 00bc 0D       		.uleb128 0xd
 1501 00bd 34       		.uleb128 0x34
 1502 00be 00       		.byte	0
 1503 00bf 03       		.uleb128 0x3
 1504 00c0 0E       		.uleb128 0xe
 1505 00c1 3A       		.uleb128 0x3a
 1506 00c2 0B       		.uleb128 0xb
 1507 00c3 3B       		.uleb128 0x3b
 1508 00c4 0B       		.uleb128 0xb
 1509 00c5 49       		.uleb128 0x49
 1510 00c6 13       		.uleb128 0x13
 1511 00c7 02       		.uleb128 0x2
 1512 00c8 0A       		.uleb128 0xa
 1513 00c9 00       		.byte	0
 1514 00ca 00       		.byte	0
 1515 00cb 0E       		.uleb128 0xe
 1516 00cc 01       		.uleb128 0x1
 1517 00cd 01       		.byte	0x1
 1518 00ce 49       		.uleb128 0x49
 1519 00cf 13       		.uleb128 0x13
 1520 00d0 01       		.uleb128 0x1
 1521 00d1 13       		.uleb128 0x13
 1522 00d2 00       		.byte	0
 1523 00d3 00       		.byte	0
 1524 00d4 0F       		.uleb128 0xf
 1525 00d5 21       		.uleb128 0x21
 1526 00d6 00       		.byte	0
 1527 00d7 49       		.uleb128 0x49
 1528 00d8 13       		.uleb128 0x13
 1529 00d9 2F       		.uleb128 0x2f
 1530 00da 0B       		.uleb128 0xb
 1531 00db 00       		.byte	0
 1532 00dc 00       		.byte	0
 1533 00dd 10       		.uleb128 0x10
 1534 00de 2E       		.uleb128 0x2e
 1535 00df 01       		.byte	0x1
 1536 00e0 3F       		.uleb128 0x3f
 1537 00e1 0C       		.uleb128 0xc
ARM GAS  C:\Users\Ryan\AppData\Local\Temp\cchKk67S.s 			page 31


 1538 00e2 03       		.uleb128 0x3
 1539 00e3 0E       		.uleb128 0xe
 1540 00e4 3A       		.uleb128 0x3a
 1541 00e5 0B       		.uleb128 0xb
 1542 00e6 3B       		.uleb128 0x3b
 1543 00e7 0B       		.uleb128 0xb
 1544 00e8 49       		.uleb128 0x49
 1545 00e9 13       		.uleb128 0x13
 1546 00ea 11       		.uleb128 0x11
 1547 00eb 01       		.uleb128 0x1
 1548 00ec 12       		.uleb128 0x12
 1549 00ed 01       		.uleb128 0x1
 1550 00ee 40       		.uleb128 0x40
 1551 00ef 06       		.uleb128 0x6
 1552 00f0 9642     		.uleb128 0x2116
 1553 00f2 0C       		.uleb128 0xc
 1554 00f3 01       		.uleb128 0x1
 1555 00f4 13       		.uleb128 0x13
 1556 00f5 00       		.byte	0
 1557 00f6 00       		.byte	0
 1558 00f7 11       		.uleb128 0x11
 1559 00f8 34       		.uleb128 0x34
 1560 00f9 00       		.byte	0
 1561 00fa 03       		.uleb128 0x3
 1562 00fb 08       		.uleb128 0x8
 1563 00fc 3A       		.uleb128 0x3a
 1564 00fd 0B       		.uleb128 0xb
 1565 00fe 3B       		.uleb128 0x3b
 1566 00ff 0B       		.uleb128 0xb
 1567 0100 49       		.uleb128 0x49
 1568 0101 13       		.uleb128 0x13
 1569 0102 02       		.uleb128 0x2
 1570 0103 0A       		.uleb128 0xa
 1571 0104 00       		.byte	0
 1572 0105 00       		.byte	0
 1573 0106 12       		.uleb128 0x12
 1574 0107 2E       		.uleb128 0x2e
 1575 0108 01       		.byte	0x1
 1576 0109 3F       		.uleb128 0x3f
 1577 010a 0C       		.uleb128 0xc
 1578 010b 03       		.uleb128 0x3
 1579 010c 0E       		.uleb128 0xe
 1580 010d 3A       		.uleb128 0x3a
 1581 010e 0B       		.uleb128 0xb
 1582 010f 3B       		.uleb128 0x3b
 1583 0110 0B       		.uleb128 0xb
 1584 0111 27       		.uleb128 0x27
 1585 0112 0C       		.uleb128 0xc
 1586 0113 11       		.uleb128 0x11
 1587 0114 01       		.uleb128 0x1
 1588 0115 12       		.uleb128 0x12
 1589 0116 01       		.uleb128 0x1
 1590 0117 40       		.uleb128 0x40
 1591 0118 06       		.uleb128 0x6
 1592 0119 9642     		.uleb128 0x2116
 1593 011b 0C       		.uleb128 0xc
 1594 011c 01       		.uleb128 0x1
ARM GAS  C:\Users\Ryan\AppData\Local\Temp\cchKk67S.s 			page 32


 1595 011d 13       		.uleb128 0x13
 1596 011e 00       		.byte	0
 1597 011f 00       		.byte	0
 1598 0120 13       		.uleb128 0x13
 1599 0121 34       		.uleb128 0x34
 1600 0122 00       		.byte	0
 1601 0123 03       		.uleb128 0x3
 1602 0124 08       		.uleb128 0x8
 1603 0125 3A       		.uleb128 0x3a
 1604 0126 0B       		.uleb128 0xb
 1605 0127 3B       		.uleb128 0x3b
 1606 0128 0B       		.uleb128 0xb
 1607 0129 49       		.uleb128 0x49
 1608 012a 13       		.uleb128 0x13
 1609 012b 00       		.byte	0
 1610 012c 00       		.byte	0
 1611 012d 14       		.uleb128 0x14
 1612 012e 05       		.uleb128 0x5
 1613 012f 00       		.byte	0
 1614 0130 03       		.uleb128 0x3
 1615 0131 08       		.uleb128 0x8
 1616 0132 3A       		.uleb128 0x3a
 1617 0133 0B       		.uleb128 0xb
 1618 0134 3B       		.uleb128 0x3b
 1619 0135 0B       		.uleb128 0xb
 1620 0136 49       		.uleb128 0x49
 1621 0137 13       		.uleb128 0x13
 1622 0138 02       		.uleb128 0x2
 1623 0139 0A       		.uleb128 0xa
 1624 013a 00       		.byte	0
 1625 013b 00       		.byte	0
 1626 013c 15       		.uleb128 0x15
 1627 013d 34       		.uleb128 0x34
 1628 013e 00       		.byte	0
 1629 013f 03       		.uleb128 0x3
 1630 0140 0E       		.uleb128 0xe
 1631 0141 3A       		.uleb128 0x3a
 1632 0142 0B       		.uleb128 0xb
 1633 0143 3B       		.uleb128 0x3b
 1634 0144 05       		.uleb128 0x5
 1635 0145 49       		.uleb128 0x49
 1636 0146 13       		.uleb128 0x13
 1637 0147 3F       		.uleb128 0x3f
 1638 0148 0C       		.uleb128 0xc
 1639 0149 3C       		.uleb128 0x3c
 1640 014a 0C       		.uleb128 0xc
 1641 014b 00       		.byte	0
 1642 014c 00       		.byte	0
 1643 014d 16       		.uleb128 0x16
 1644 014e 34       		.uleb128 0x34
 1645 014f 00       		.byte	0
 1646 0150 03       		.uleb128 0x3
 1647 0151 0E       		.uleb128 0xe
 1648 0152 3A       		.uleb128 0x3a
 1649 0153 0B       		.uleb128 0xb
 1650 0154 3B       		.uleb128 0x3b
 1651 0155 0B       		.uleb128 0xb
ARM GAS  C:\Users\Ryan\AppData\Local\Temp\cchKk67S.s 			page 33


 1652 0156 49       		.uleb128 0x49
 1653 0157 13       		.uleb128 0x13
 1654 0158 3F       		.uleb128 0x3f
 1655 0159 0C       		.uleb128 0xc
 1656 015a 02       		.uleb128 0x2
 1657 015b 0A       		.uleb128 0xa
 1658 015c 00       		.byte	0
 1659 015d 00       		.byte	0
 1660 015e 00       		.byte	0
 1661              		.section	.debug_loc,"",%progbits
 1662              	.Ldebug_loc0:
 1663              	.LLST0:
 1664 0000 00000000 		.4byte	.LFB56
 1665 0004 02000000 		.4byte	.LCFI0
 1666 0008 0200     		.2byte	0x2
 1667 000a 7D       		.byte	0x7d
 1668 000b 00       		.sleb128 0
 1669 000c 02000000 		.4byte	.LCFI0
 1670 0010 04000000 		.4byte	.LCFI1
 1671 0014 0200     		.2byte	0x2
 1672 0016 7D       		.byte	0x7d
 1673 0017 04       		.sleb128 4
 1674 0018 04000000 		.4byte	.LCFI1
 1675 001c 4A000000 		.4byte	.LFE56
 1676 0020 0200     		.2byte	0x2
 1677 0022 77       		.byte	0x77
 1678 0023 04       		.sleb128 4
 1679 0024 00000000 		.4byte	0
 1680 0028 00000000 		.4byte	0
 1681              	.LLST1:
 1682 002c 00000000 		.4byte	.LFB57
 1683 0030 02000000 		.4byte	.LCFI2
 1684 0034 0200     		.2byte	0x2
 1685 0036 7D       		.byte	0x7d
 1686 0037 00       		.sleb128 0
 1687 0038 02000000 		.4byte	.LCFI2
 1688 003c 04000000 		.4byte	.LCFI3
 1689 0040 0200     		.2byte	0x2
 1690 0042 7D       		.byte	0x7d
 1691 0043 08       		.sleb128 8
 1692 0044 04000000 		.4byte	.LCFI3
 1693 0048 06000000 		.4byte	.LCFI4
 1694 004c 0200     		.2byte	0x2
 1695 004e 7D       		.byte	0x7d
 1696 004f 18       		.sleb128 24
 1697 0050 06000000 		.4byte	.LCFI4
 1698 0054 78000000 		.4byte	.LFE57
 1699 0058 0200     		.2byte	0x2
 1700 005a 77       		.byte	0x77
 1701 005b 18       		.sleb128 24
 1702 005c 00000000 		.4byte	0
 1703 0060 00000000 		.4byte	0
 1704              	.LLST2:
 1705 0064 00000000 		.4byte	.LFB58
 1706 0068 02000000 		.4byte	.LCFI5
 1707 006c 0200     		.2byte	0x2
 1708 006e 7D       		.byte	0x7d
ARM GAS  C:\Users\Ryan\AppData\Local\Temp\cchKk67S.s 			page 34


 1709 006f 00       		.sleb128 0
 1710 0070 02000000 		.4byte	.LCFI5
 1711 0074 04000000 		.4byte	.LCFI6
 1712 0078 0200     		.2byte	0x2
 1713 007a 7D       		.byte	0x7d
 1714 007b 08       		.sleb128 8
 1715 007c 04000000 		.4byte	.LCFI6
 1716 0080 06000000 		.4byte	.LCFI7
 1717 0084 0200     		.2byte	0x2
 1718 0086 7D       		.byte	0x7d
 1719 0087 20       		.sleb128 32
 1720 0088 06000000 		.4byte	.LCFI7
 1721 008c 00010000 		.4byte	.LFE58
 1722 0090 0200     		.2byte	0x2
 1723 0092 77       		.byte	0x77
 1724 0093 20       		.sleb128 32
 1725 0094 00000000 		.4byte	0
 1726 0098 00000000 		.4byte	0
 1727              	.LLST3:
 1728 009c 00000000 		.4byte	.LFB59
 1729 00a0 02000000 		.4byte	.LCFI8
 1730 00a4 0200     		.2byte	0x2
 1731 00a6 7D       		.byte	0x7d
 1732 00a7 00       		.sleb128 0
 1733 00a8 02000000 		.4byte	.LCFI8
 1734 00ac 04000000 		.4byte	.LCFI9
 1735 00b0 0200     		.2byte	0x2
 1736 00b2 7D       		.byte	0x7d
 1737 00b3 08       		.sleb128 8
 1738 00b4 04000000 		.4byte	.LCFI9
 1739 00b8 06000000 		.4byte	.LCFI10
 1740 00bc 0200     		.2byte	0x2
 1741 00be 7D       		.byte	0x7d
 1742 00bf 18       		.sleb128 24
 1743 00c0 06000000 		.4byte	.LCFI10
 1744 00c4 48000000 		.4byte	.LFE59
 1745 00c8 0200     		.2byte	0x2
 1746 00ca 77       		.byte	0x77
 1747 00cb 18       		.sleb128 24
 1748 00cc 00000000 		.4byte	0
 1749 00d0 00000000 		.4byte	0
 1750              	.LLST4:
 1751 00d4 00000000 		.4byte	.LFB60
 1752 00d8 02000000 		.4byte	.LCFI11
 1753 00dc 0200     		.2byte	0x2
 1754 00de 7D       		.byte	0x7d
 1755 00df 00       		.sleb128 0
 1756 00e0 02000000 		.4byte	.LCFI11
 1757 00e4 04000000 		.4byte	.LCFI12
 1758 00e8 0200     		.2byte	0x2
 1759 00ea 7D       		.byte	0x7d
 1760 00eb 08       		.sleb128 8
 1761 00ec 04000000 		.4byte	.LCFI12
 1762 00f0 06000000 		.4byte	.LCFI13
 1763 00f4 0200     		.2byte	0x2
 1764 00f6 7D       		.byte	0x7d
 1765 00f7 18       		.sleb128 24
ARM GAS  C:\Users\Ryan\AppData\Local\Temp\cchKk67S.s 			page 35


 1766 00f8 06000000 		.4byte	.LCFI13
 1767 00fc E6000000 		.4byte	.LFE60
 1768 0100 0200     		.2byte	0x2
 1769 0102 77       		.byte	0x77
 1770 0103 18       		.sleb128 24
 1771 0104 00000000 		.4byte	0
 1772 0108 00000000 		.4byte	0
 1773              	.LLST5:
 1774 010c 00000000 		.4byte	.LFB61
 1775 0110 02000000 		.4byte	.LCFI14
 1776 0114 0200     		.2byte	0x2
 1777 0116 7D       		.byte	0x7d
 1778 0117 00       		.sleb128 0
 1779 0118 02000000 		.4byte	.LCFI14
 1780 011c 04000000 		.4byte	.LCFI15
 1781 0120 0200     		.2byte	0x2
 1782 0122 7D       		.byte	0x7d
 1783 0123 08       		.sleb128 8
 1784 0124 04000000 		.4byte	.LCFI15
 1785 0128 06000000 		.4byte	.LCFI16
 1786 012c 0200     		.2byte	0x2
 1787 012e 7D       		.byte	0x7d
 1788 012f 18       		.sleb128 24
 1789 0130 06000000 		.4byte	.LCFI16
 1790 0134 90000000 		.4byte	.LFE61
 1791 0138 0200     		.2byte	0x2
 1792 013a 77       		.byte	0x77
 1793 013b 18       		.sleb128 24
 1794 013c 00000000 		.4byte	0
 1795 0140 00000000 		.4byte	0
 1796              	.LLST6:
 1797 0144 00000000 		.4byte	.LFB62
 1798 0148 02000000 		.4byte	.LCFI17
 1799 014c 0200     		.2byte	0x2
 1800 014e 7D       		.byte	0x7d
 1801 014f 00       		.sleb128 0
 1802 0150 02000000 		.4byte	.LCFI17
 1803 0154 04000000 		.4byte	.LCFI18
 1804 0158 0200     		.2byte	0x2
 1805 015a 7D       		.byte	0x7d
 1806 015b 08       		.sleb128 8
 1807 015c 04000000 		.4byte	.LCFI18
 1808 0160 06000000 		.4byte	.LCFI19
 1809 0164 0200     		.2byte	0x2
 1810 0166 7D       		.byte	0x7d
 1811 0167 18       		.sleb128 24
 1812 0168 06000000 		.4byte	.LCFI19
 1813 016c 7A000000 		.4byte	.LFE62
 1814 0170 0200     		.2byte	0x2
 1815 0172 77       		.byte	0x77
 1816 0173 18       		.sleb128 24
 1817 0174 00000000 		.4byte	0
 1818 0178 00000000 		.4byte	0
 1819              	.LLST7:
 1820 017c 00000000 		.4byte	.LFB63
 1821 0180 02000000 		.4byte	.LCFI20
 1822 0184 0200     		.2byte	0x2
ARM GAS  C:\Users\Ryan\AppData\Local\Temp\cchKk67S.s 			page 36


 1823 0186 7D       		.byte	0x7d
 1824 0187 00       		.sleb128 0
 1825 0188 02000000 		.4byte	.LCFI20
 1826 018c 04000000 		.4byte	.LCFI21
 1827 0190 0200     		.2byte	0x2
 1828 0192 7D       		.byte	0x7d
 1829 0193 08       		.sleb128 8
 1830 0194 04000000 		.4byte	.LCFI21
 1831 0198 06000000 		.4byte	.LCFI22
 1832 019c 0200     		.2byte	0x2
 1833 019e 7D       		.byte	0x7d
 1834 019f 18       		.sleb128 24
 1835 01a0 06000000 		.4byte	.LCFI22
 1836 01a4 48000000 		.4byte	.LFE63
 1837 01a8 0200     		.2byte	0x2
 1838 01aa 77       		.byte	0x77
 1839 01ab 18       		.sleb128 24
 1840 01ac 00000000 		.4byte	0
 1841 01b0 00000000 		.4byte	0
 1842              	.LLST8:
 1843 01b4 00000000 		.4byte	.LFB64
 1844 01b8 02000000 		.4byte	.LCFI23
 1845 01bc 0200     		.2byte	0x2
 1846 01be 7D       		.byte	0x7d
 1847 01bf 00       		.sleb128 0
 1848 01c0 02000000 		.4byte	.LCFI23
 1849 01c4 04000000 		.4byte	.LCFI24
 1850 01c8 0200     		.2byte	0x2
 1851 01ca 7D       		.byte	0x7d
 1852 01cb 08       		.sleb128 8
 1853 01cc 04000000 		.4byte	.LCFI24
 1854 01d0 06000000 		.4byte	.LCFI25
 1855 01d4 0200     		.2byte	0x2
 1856 01d6 7D       		.byte	0x7d
 1857 01d7 18       		.sleb128 24
 1858 01d8 06000000 		.4byte	.LCFI25
 1859 01dc 4A000000 		.4byte	.LFE64
 1860 01e0 0200     		.2byte	0x2
 1861 01e2 77       		.byte	0x77
 1862 01e3 18       		.sleb128 24
 1863 01e4 00000000 		.4byte	0
 1864 01e8 00000000 		.4byte	0
 1865              		.section	.debug_aranges,"",%progbits
 1866 0000 5C000000 		.4byte	0x5c
 1867 0004 0200     		.2byte	0x2
 1868 0006 00000000 		.4byte	.Ldebug_info0
 1869 000a 04       		.byte	0x4
 1870 000b 00       		.byte	0
 1871 000c 0000     		.2byte	0
 1872 000e 0000     		.2byte	0
 1873 0010 00000000 		.4byte	.LFB56
 1874 0014 4A000000 		.4byte	.LFE56-.LFB56
 1875 0018 00000000 		.4byte	.LFB57
 1876 001c 78000000 		.4byte	.LFE57-.LFB57
 1877 0020 00000000 		.4byte	.LFB58
 1878 0024 00010000 		.4byte	.LFE58-.LFB58
 1879 0028 00000000 		.4byte	.LFB59
ARM GAS  C:\Users\Ryan\AppData\Local\Temp\cchKk67S.s 			page 37


 1880 002c 48000000 		.4byte	.LFE59-.LFB59
 1881 0030 00000000 		.4byte	.LFB60
 1882 0034 E6000000 		.4byte	.LFE60-.LFB60
 1883 0038 00000000 		.4byte	.LFB61
 1884 003c 90000000 		.4byte	.LFE61-.LFB61
 1885 0040 00000000 		.4byte	.LFB62
 1886 0044 7A000000 		.4byte	.LFE62-.LFB62
 1887 0048 00000000 		.4byte	.LFB63
 1888 004c 48000000 		.4byte	.LFE63-.LFB63
 1889 0050 00000000 		.4byte	.LFB64
 1890 0054 4A000000 		.4byte	.LFE64-.LFB64
 1891 0058 00000000 		.4byte	0
 1892 005c 00000000 		.4byte	0
 1893              		.section	.debug_ranges,"",%progbits
 1894              	.Ldebug_ranges0:
 1895 0000 00000000 		.4byte	.LFB56
 1896 0004 4A000000 		.4byte	.LFE56
 1897 0008 00000000 		.4byte	.LFB57
 1898 000c 78000000 		.4byte	.LFE57
 1899 0010 00000000 		.4byte	.LFB58
 1900 0014 00010000 		.4byte	.LFE58
 1901 0018 00000000 		.4byte	.LFB59
 1902 001c 48000000 		.4byte	.LFE59
 1903 0020 00000000 		.4byte	.LFB60
 1904 0024 E6000000 		.4byte	.LFE60
 1905 0028 00000000 		.4byte	.LFB61
 1906 002c 90000000 		.4byte	.LFE61
 1907 0030 00000000 		.4byte	.LFB62
 1908 0034 7A000000 		.4byte	.LFE62
 1909 0038 00000000 		.4byte	.LFB63
 1910 003c 48000000 		.4byte	.LFE63
 1911 0040 00000000 		.4byte	.LFB64
 1912 0044 4A000000 		.4byte	.LFE64
 1913 0048 00000000 		.4byte	0
 1914 004c 00000000 		.4byte	0
 1915              		.section	.debug_line,"",%progbits
 1916              	.Ldebug_line0:
 1917 0000 01020000 		.section	.debug_str,"MS",%progbits,1
 1917      02000101 
 1917      00000201 
 1917      FB0E0D00 
 1917      01010101 
 1918              	.LASF30:
 1919 0000 72656164 		.ascii	"readregister2\000"
 1919      72656769 
 1919      73746572 
 1919      3200
 1920              	.LASF20:
 1921 000e 53656E73 		.ascii	"SensirionData\000"
 1921      6972696F 
 1921      6E446174 
 1921      6100
 1922              	.LASF32:
 1923 001c 73746174 		.ascii	"status\000"
 1923      757300
 1924              	.LASF47:
 1925 0023 433A5C55 		.ascii	"C:\\Users\\Ryan\\Documents\\summer2014\\WindSensor\\"
ARM GAS  C:\Users\Ryan\AppData\Local\Temp\cchKk67S.s 			page 38


 1925      73657273 
 1925      5C527961 
 1925      6E5C446F 
 1925      63756D65 
 1926 0051 5472616E 		.ascii	"TransmitReadings_freeSoC.cydsn\000"
 1926      736D6974 
 1926      52656164 
 1926      696E6773 
 1926      5F667265 
 1927              	.LASF31:
 1928 0070 72657475 		.ascii	"returnvalue\000"
 1928      726E7661 
 1928      6C756500 
 1929              	.LASF23:
 1930 007c 54616B65 		.ascii	"TakeTempRHReading\000"
 1930      54656D70 
 1930      52485265 
 1930      6164696E 
 1930      6700
 1931              	.LASF25:
 1932 008e 73656E73 		.ascii	"sensorCommand\000"
 1932      6F72436F 
 1932      6D6D616E 
 1932      6400
 1933              	.LASF14:
 1934 009c 646F7562 		.ascii	"double\000"
 1934      6C6500
 1935              	.LASF35:
 1936 00a3 616E7365 		.ascii	"anserw\000"
 1936      727700
 1937              	.LASF36:
 1938 00aa 63686563 		.ascii	"check\000"
 1938      6B00
 1939              	.LASF9:
 1940 00b0 696E7433 		.ascii	"int32_t\000"
 1940      325F7400 
 1941              	.LASF13:
 1942 00b8 666C6F61 		.ascii	"float\000"
 1942      7400
 1943              	.LASF1:
 1944 00be 756E7369 		.ascii	"unsigned char\000"
 1944      676E6564 
 1944      20636861 
 1944      7200
 1945              	.LASF22:
 1946 00cc 72657475 		.ascii	"returnValue\000"
 1946      726E5661 
 1946      6C756500 
 1947              	.LASF16:
 1948 00d8 72656738 		.ascii	"reg8\000"
 1948      00
 1949              	.LASF12:
 1950 00dd 696E7431 		.ascii	"int16\000"
 1950      3600
 1951              	.LASF28:
 1952 00e3 77726974 		.ascii	"writestatus\000"
 1952      65737461 
ARM GAS  C:\Users\Ryan\AppData\Local\Temp\cchKk67S.s 			page 39


 1952      74757300 
 1953              	.LASF18:
 1954 00ef 74656D70 		.ascii	"temp\000"
 1954      00
 1955              	.LASF3:
 1956 00f4 73686F72 		.ascii	"short unsigned int\000"
 1956      7420756E 
 1956      7369676E 
 1956      65642069 
 1956      6E7400
 1957              	.LASF34:
 1958 0107 72657375 		.ascii	"resultant\000"
 1958      6C74616E 
 1958      7400
 1959              	.LASF24:
 1960 0111 77726974 		.ascii	"writeregister2\000"
 1960      65726567 
 1960      69737465 
 1960      723200
 1961              	.LASF27:
 1962 0120 77726974 		.ascii	"write\000"
 1962      6500
 1963              	.LASF29:
 1964 0126 47657453 		.ascii	"GetSensirionValue\000"
 1964      656E7369 
 1964      72696F6E 
 1964      56616C75 
 1964      6500
 1965              	.LASF48:
 1966 0138 52486461 		.ascii	"RHdata\000"
 1966      746100
 1967              	.LASF21:
 1968 013f 69326342 		.ascii	"i2cBufferRead\000"
 1968      75666665 
 1968      72526561 
 1968      6400
 1969              	.LASF33:
 1970 014d 70726F63 		.ascii	"processRH\000"
 1970      65737352 
 1970      4800
 1971              	.LASF38:
 1972 0157 67657452 		.ascii	"getRH\000"
 1972      4800
 1973              	.LASF11:
 1974 015d 75696E74 		.ascii	"uint16\000"
 1974      313600
 1975              	.LASF42:
 1976 0164 49544D5F 		.ascii	"ITM_RxBuffer\000"
 1976      52784275 
 1976      66666572 
 1976      00
 1977              	.LASF5:
 1978 0171 6C6F6E67 		.ascii	"long unsigned int\000"
 1978      20756E73 
 1978      69676E65 
 1978      6420696E 
 1978      7400
ARM GAS  C:\Users\Ryan\AppData\Local\Temp\cchKk67S.s 			page 40


 1979              	.LASF8:
 1980 0183 756E7369 		.ascii	"unsigned int\000"
 1980      676E6564 
 1980      20696E74 
 1980      00
 1981              	.LASF37:
 1982 0190 70726F63 		.ascii	"processtemp\000"
 1982      65737374 
 1982      656D7000 
 1983              	.LASF7:
 1984 019c 6C6F6E67 		.ascii	"long long unsigned int\000"
 1984      206C6F6E 
 1984      6720756E 
 1984      7369676E 
 1984      65642069 
 1985              	.LASF49:
 1986 01b3 496E7465 		.ascii	"InterruptHandler2\000"
 1986      72727570 
 1986      7448616E 
 1986      646C6572 
 1986      3200
 1987              	.LASF26:
 1988 01c5 74686572 		.ascii	"theregister\000"
 1988      65676973 
 1988      74657200 
 1989              	.LASF46:
 1990 01d1 2E5C5248 		.ascii	".\\RH.c\000"
 1990      2E6300
 1991              	.LASF39:
 1992 01d8 72656164 		.ascii	"readbyte\000"
 1992      62797465 
 1992      00
 1993              	.LASF41:
 1994 01e1 54656D70 		.ascii	"Temp\000"
 1994      00
 1995              	.LASF17:
 1996 01e6 73697A65 		.ascii	"sizetype\000"
 1996      74797065 
 1996      00
 1997              	.LASF6:
 1998 01ef 6C6F6E67 		.ascii	"long long int\000"
 1998      206C6F6E 
 1998      6720696E 
 1998      7400
 1999              	.LASF40:
 2000 01fd 67657454 		.ascii	"getTemp\000"
 2000      656D7000 
 2001              	.LASF15:
 2002 0205 63686172 		.ascii	"char\000"
 2002      00
 2003              	.LASF43:
 2004 020a 496E7465 		.ascii	"InterruptCnt2\000"
 2004      72727570 
 2004      74436E74 
 2004      3200
 2005              	.LASF19:
 2006 0218 76616C69 		.ascii	"valid\000"
ARM GAS  C:\Users\Ryan\AppData\Local\Temp\cchKk67S.s 			page 41


 2006      6400
 2007              	.LASF2:
 2008 021e 73686F72 		.ascii	"short int\000"
 2008      7420696E 
 2008      7400
 2009              	.LASF44:
 2010 0228 72687469 		.ascii	"rhtimeout\000"
 2010      6D656F75 
 2010      7400
 2011              	.LASF10:
 2012 0232 75696E74 		.ascii	"uint8\000"
 2012      3800
 2013              	.LASF45:
 2014 0238 474E5520 		.ascii	"GNU C 4.7.3 20130312 (release) [ARM/embedded-4_7-br"
 2014      4320342E 
 2014      372E3320 
 2014      32303133 
 2014      30333132 
 2015 026b 616E6368 		.ascii	"anch revision 196615]\000"
 2015      20726576 
 2015      6973696F 
 2015      6E203139 
 2015      36363135 
 2016              	.LASF4:
 2017 0281 6C6F6E67 		.ascii	"long int\000"
 2017      20696E74 
 2017      00
 2018              	.LASF0:
 2019 028a 7369676E 		.ascii	"signed char\000"
 2019      65642063 
 2019      68617200 
 2020              		.ident	"GCC: (GNU Tools for ARM Embedded Processors) 4.7.3 20130312 (release) [ARM/embedded-4_7-br
