ARM GAS  C:\Users\Ryan\AppData\Local\Temp\cc4qXKt2.s 			page 1


   1              		.syntax unified
   2              		.cpu cortex-m3
   3              		.fpu softvfp
   4              		.eabi_attribute 20, 1
   5              		.eabi_attribute 21, 1
   6              		.eabi_attribute 23, 3
   7              		.eabi_attribute 24, 1
   8              		.eabi_attribute 25, 1
   9              		.eabi_attribute 26, 1
  10              		.eabi_attribute 30, 6
  11              		.eabi_attribute 34, 1
  12              		.eabi_attribute 18, 4
  13              		.thumb
  14              		.file	"thermocouple.c"
  15              		.text
  16              	.Ltext0:
  17              		.cfi_sections	.debug_frame
  18              		.global	__aeabi_f2d
  19              		.global	__aeabi_i2d
  20              		.global	__aeabi_dmul
  21              		.global	__aeabi_dadd
  22              		.global	__aeabi_d2f
  23              		.global	__aeabi_fmul
  24              		.global	__aeabi_f2iz
  25              		.section	.text.gettemperature,"ax",%progbits
  26              		.align	2
  27              		.global	gettemperature
  28              		.thumb
  29              		.thumb_func
  30              		.type	gettemperature, %function
  31              	gettemperature:
  32              	.LFB56:
  33              		.file 1 ".\\thermocouple.c"
   1:.\thermocouple.c **** #include <thermocouple.h>
   2:.\thermocouple.c **** 
   3:.\thermocouple.c **** int16 gettemperature()
   4:.\thermocouple.c **** {
  34              		.loc 1 4 0
  35              		.cfi_startproc
  36              		@ args = 0, pretend = 0, frame = 72
  37              		@ frame_needed = 1, uses_anonymous_args = 0
  38 0000 2DE9B043 		push	{r4, r5, r7, r8, r9, lr}
  39              	.LCFI0:
  40              		.cfi_def_cfa_offset 24
  41              		.cfi_offset 4, -24
  42              		.cfi_offset 5, -20
  43              		.cfi_offset 7, -16
  44              		.cfi_offset 8, -12
  45              		.cfi_offset 9, -8
  46              		.cfi_offset 14, -4
  47 0004 92B0     		sub	sp, sp, #72
  48              	.LCFI1:
  49              		.cfi_def_cfa_offset 96
  50 0006 00AF     		add	r7, sp, #0
  51              	.LCFI2:
  52              		.cfi_def_cfa_register 7
   5:.\thermocouple.c **** 	int16 temperature = 0;
ARM GAS  C:\Users\Ryan\AppData\Local\Temp\cc4qXKt2.s 			page 2


  53              		.loc 1 5 0
  54 0008 4FF00003 		mov	r3, #0
  55 000c 7B87     		strh	r3, [r7, #58]	@ movhi
   6:.\thermocouple.c **** 	int temp[14];
   7:.\thermocouple.c **** 	int i;
   8:.\thermocouple.c **** 	uint16 compare= 8192;
  56              		.loc 1 8 0
  57 000e 4FF40053 		mov	r3, #8192
  58 0012 A7F84230 		strh	r3, [r7, #66]	@ movhi
   9:.\thermocouple.c **** 	float accuratetemp = 0;
  59              		.loc 1 9 0
  60 0016 4FF00003 		mov	r3, #0
  61 001a FB63     		str	r3, [r7, #60]	@ float
  10:.\thermocouple.c **** 	master_WriteTxData(5);
  62              		.loc 1 10 0
  63 001c 4FF00500 		mov	r0, #5
  64 0020 FFF7FEFF 		bl	master_WriteTxData
  11:.\thermocouple.c **** 	while(!master_GetRxBufferSize())
  65              		.loc 1 11 0
  66 0024 00BF     		nop
  67              	.L2:
  68              		.loc 1 11 0 is_stmt 0 discriminator 1
  69 0026 FFF7FEFF 		bl	master_GetRxBufferSize
  70 002a 0346     		mov	r3, r0
  71 002c 002B     		cmp	r3, #0
  72 002e FAD0     		beq	.L2
  12:.\thermocouple.c **** 	{
  13:.\thermocouple.c **** 	}
  14:.\thermocouple.c ****     temperature = master_ReadRxData();
  73              		.loc 1 14 0 is_stmt 1
  74 0030 FFF7FEFF 		bl	master_ReadRxData
  75 0034 0346     		mov	r3, r0
  76 0036 7B87     		strh	r3, [r7, #58]	@ movhi
  15:.\thermocouple.c **** 	//CyDelay(100u);
  16:.\thermocouple.c **** 	//master_WriteTxData(5);
  17:.\thermocouple.c ****     //temperature = master_ReadRxData();
  18:.\thermocouple.c **** 	for(i = 0; i < 14; i++)
  77              		.loc 1 18 0
  78 0038 4FF00003 		mov	r3, #0
  79 003c 7B64     		str	r3, [r7, #68]
  80 003e 29E0     		b	.L3
  81              	.L6:
  19:.\thermocouple.c **** 	{
  20:.\thermocouple.c **** 		if ((uint16)(compare & temperature) == compare)
  82              		.loc 1 20 0
  83 0040 B7F84230 		ldrh	r3, [r7, #66]
  84 0044 1A46     		mov	r2, r3	@ movhi
  85 0046 7B8F     		ldrh	r3, [r7, #58]	@ movhi
  86 0048 1340     		ands	r3, r3, r2
  87 004a 9BB2     		uxth	r3, r3
  88 004c 9BB2     		uxth	r3, r3
  89 004e B7F84220 		ldrh	r2, [r7, #66]
  90 0052 9A42     		cmp	r2, r3
  91 0054 0AD1     		bne	.L4
  21:.\thermocouple.c **** 		{
  22:.\thermocouple.c **** 			temp[i] = 1;
  92              		.loc 1 22 0
ARM GAS  C:\Users\Ryan\AppData\Local\Temp\cc4qXKt2.s 			page 3


  93 0056 7B6C     		ldr	r3, [r7, #68]
  94 0058 4FEA8303 		lsl	r3, r3, #2
  95 005c 07F14802 		add	r2, r7, #72
  96 0060 D318     		adds	r3, r2, r3
  97 0062 4FF00102 		mov	r2, #1
  98 0066 43F8482C 		str	r2, [r3, #-72]
  99 006a 09E0     		b	.L5
 100              	.L4:
  23:.\thermocouple.c **** 		}
  24:.\thermocouple.c **** 		else
  25:.\thermocouple.c **** 		{
  26:.\thermocouple.c **** 			temp[i] = 0;
 101              		.loc 1 26 0
 102 006c 7B6C     		ldr	r3, [r7, #68]
 103 006e 4FEA8303 		lsl	r3, r3, #2
 104 0072 07F14802 		add	r2, r7, #72
 105 0076 D318     		adds	r3, r2, r3
 106 0078 4FF00002 		mov	r2, #0
 107 007c 43F8482C 		str	r2, [r3, #-72]
 108              	.L5:
  27:.\thermocouple.c **** 		}	
  28:.\thermocouple.c **** 		compare = compare / 2;
 109              		.loc 1 28 0
 110 0080 B7F84230 		ldrh	r3, [r7, #66]
 111 0084 4FEA5303 		lsr	r3, r3, #1
 112 0088 A7F84230 		strh	r3, [r7, #66]	@ movhi
  18:.\thermocouple.c **** 	for(i = 0; i < 14; i++)
 113              		.loc 1 18 0
 114 008c 7B6C     		ldr	r3, [r7, #68]
 115 008e 03F10103 		add	r3, r3, #1
 116 0092 7B64     		str	r3, [r7, #68]
 117              	.L3:
  18:.\thermocouple.c **** 	for(i = 0; i < 14; i++)
 118              		.loc 1 18 0 is_stmt 0 discriminator 1
 119 0094 7B6C     		ldr	r3, [r7, #68]
 120 0096 0D2B     		cmp	r3, #13
 121 0098 D2DD     		ble	.L6
  29:.\thermocouple.c **** 	}
  30:.\thermocouple.c **** 		
  31:.\thermocouple.c **** 	for(i = 1; i < 14; i++)
 122              		.loc 1 31 0 is_stmt 1
 123 009a 4FF00103 		mov	r3, #1
 124 009e 7B64     		str	r3, [r7, #68]
 125 00a0 37E0     		b	.L7
 126              	.L8:
  32:.\thermocouple.c **** 	{
  33:.\thermocouple.c **** 		accuratetemp = accuratetemp + temp[i] * pow(2,(11-i));
 127              		.loc 1 33 0 discriminator 2
 128 00a2 F86B     		ldr	r0, [r7, #60]	@ float
 129 00a4 FFF7FEFF 		bl	__aeabi_f2d
 130 00a8 0446     		mov	r4, r0
 131 00aa 0D46     		mov	r5, r1
 132 00ac 7B6C     		ldr	r3, [r7, #68]
 133 00ae 4FEA8303 		lsl	r3, r3, #2
 134 00b2 07F14802 		add	r2, r7, #72
 135 00b6 D318     		adds	r3, r2, r3
 136 00b8 53F8483C 		ldr	r3, [r3, #-72]
ARM GAS  C:\Users\Ryan\AppData\Local\Temp\cc4qXKt2.s 			page 4


 137 00bc 1846     		mov	r0, r3
 138 00be FFF7FEFF 		bl	__aeabi_i2d
 139 00c2 8046     		mov	r8, r0
 140 00c4 8946     		mov	r9, r1
 141 00c6 7B6C     		ldr	r3, [r7, #68]
 142 00c8 C3F10B03 		rsb	r3, r3, #11
 143 00cc 1846     		mov	r0, r3
 144 00ce FFF7FEFF 		bl	__aeabi_i2d
 145 00d2 0246     		mov	r2, r0
 146 00d4 0B46     		mov	r3, r1
 147 00d6 4FF00000 		mov	r0, #0
 148 00da 4FF08041 		mov	r1, #1073741824
 149 00de FFF7FEFF 		bl	pow
 150 00e2 0246     		mov	r2, r0
 151 00e4 0B46     		mov	r3, r1
 152 00e6 4046     		mov	r0, r8
 153 00e8 4946     		mov	r1, r9
 154 00ea FFF7FEFF 		bl	__aeabi_dmul
 155 00ee 0246     		mov	r2, r0
 156 00f0 0B46     		mov	r3, r1
 157 00f2 2046     		mov	r0, r4
 158 00f4 2946     		mov	r1, r5
 159 00f6 FFF7FEFF 		bl	__aeabi_dadd
 160 00fa 0246     		mov	r2, r0
 161 00fc 0B46     		mov	r3, r1
 162 00fe 1046     		mov	r0, r2
 163 0100 1946     		mov	r1, r3
 164 0102 FFF7FEFF 		bl	__aeabi_d2f
 165 0106 0346     		mov	r3, r0
 166 0108 FB63     		str	r3, [r7, #60]	@ float
  31:.\thermocouple.c **** 	for(i = 1; i < 14; i++)
 167              		.loc 1 31 0 discriminator 2
 168 010a 7B6C     		ldr	r3, [r7, #68]
 169 010c 03F10103 		add	r3, r3, #1
 170 0110 7B64     		str	r3, [r7, #68]
 171              	.L7:
  31:.\thermocouple.c **** 	for(i = 1; i < 14; i++)
 172              		.loc 1 31 0 is_stmt 0 discriminator 1
 173 0112 7B6C     		ldr	r3, [r7, #68]
 174 0114 0D2B     		cmp	r3, #13
 175 0116 C4DD     		ble	.L8
  34:.\thermocouple.c **** 	}
  35:.\thermocouple.c **** 	if(temp[0] == 1)
 176              		.loc 1 35 0 is_stmt 1
 177 0118 3B68     		ldr	r3, [r7, #0]
 178 011a 012B     		cmp	r3, #1
 179 011c 03D1     		bne	.L9
  36:.\thermocouple.c **** 	{
  37:.\thermocouple.c **** 		accuratetemp = accuratetemp * -1;
 180              		.loc 1 37 0
 181 011e FB6B     		ldr	r3, [r7, #60]
 182 0120 83F00043 		eor	r3, r3, #-2147483648
 183 0124 FB63     		str	r3, [r7, #60]	@ float
 184              	.L9:
  38:.\thermocouple.c **** 	}
  39:.\thermocouple.c **** 		
  40:.\thermocouple.c **** 	temperature = (accuratetemp * 100);
ARM GAS  C:\Users\Ryan\AppData\Local\Temp\cc4qXKt2.s 			page 5


 185              		.loc 1 40 0
 186 0126 F86B     		ldr	r0, [r7, #60]	@ float
 187 0128 4FF00001 		mov	r1, #0
 188 012c C4F2C821 		movt	r1, 17096
 189 0130 FFF7FEFF 		bl	__aeabi_fmul
 190 0134 0346     		mov	r3, r0
 191 0136 1846     		mov	r0, r3
 192 0138 FFF7FEFF 		bl	__aeabi_f2iz
 193 013c 0346     		mov	r3, r0
 194 013e 7B87     		strh	r3, [r7, #58]	@ movhi
  41:.\thermocouple.c **** 	return temperature;
 195              		.loc 1 41 0
 196 0140 7B8F     		ldrh	r3, [r7, #58]
 197 0142 1BB2     		sxth	r3, r3
  42:.\thermocouple.c **** 	
  43:.\thermocouple.c **** }...
 198              		.loc 1 43 0
 199 0144 1846     		mov	r0, r3
 200 0146 07F14807 		add	r7, r7, #72
 201 014a BD46     		mov	sp, r7
 202 014c BDE8B083 		pop	{r4, r5, r7, r8, r9, pc}
 203              		.cfi_endproc
 204              	.LFE56:
 205              		.size	gettemperature, .-gettemperature
 206              		.text
 207              	.Letext0:
 208              		.file 2 "c:\\program files (x86)\\cypress\\psoc creator\\3.0\\psoc creator\\import\\gnu_cs\\arm\\4
 209              		.file 3 "./Generated_Source/PSoC5/cytypes.h"
 210              		.file 4 "./Generated_Source/PSoC5/core_cm3.h"
 211              		.section	.debug_info,"",%progbits
 212              	.Ldebug_info0:
 213 0000 36010000 		.4byte	0x136
 214 0004 0200     		.2byte	0x2
 215 0006 00000000 		.4byte	.Ldebug_abbrev0
 216 000a 04       		.byte	0x4
 217 000b 01       		.uleb128 0x1
 218 000c 41000000 		.4byte	.LASF21
 219 0010 01       		.byte	0x1
 220 0011 29010000 		.4byte	.LASF22
 221 0015 B5000000 		.4byte	.LASF23
 222 0019 00000000 		.4byte	.Ldebug_ranges0+0
 223 001d 00000000 		.4byte	0
 224 0021 00000000 		.4byte	0
 225 0025 00000000 		.4byte	.Ldebug_line0
 226 0029 02       		.uleb128 0x2
 227 002a 01       		.byte	0x1
 228 002b 06       		.byte	0x6
 229 002c 47010000 		.4byte	.LASF0
 230 0030 02       		.uleb128 0x2
 231 0031 01       		.byte	0x1
 232 0032 08       		.byte	0x8
 233 0033 2E000000 		.4byte	.LASF1
 234 0037 02       		.uleb128 0x2
 235 0038 02       		.byte	0x2
 236 0039 05       		.byte	0x5
 237 003a 87010000 		.4byte	.LASF2
 238 003e 02       		.uleb128 0x2
ARM GAS  C:\Users\Ryan\AppData\Local\Temp\cc4qXKt2.s 			page 6


 239 003f 02       		.byte	0x2
 240 0040 07       		.byte	0x7
 241 0041 0E000000 		.4byte	.LASF3
 242 0045 03       		.uleb128 0x3
 243 0046 98010000 		.4byte	.LASF9
 244 004a 02       		.byte	0x2
 245 004b 4F       		.byte	0x4f
 246 004c 50000000 		.4byte	0x50
 247 0050 02       		.uleb128 0x2
 248 0051 04       		.byte	0x4
 249 0052 05       		.byte	0x5
 250 0053 07010000 		.4byte	.LASF4
 251 0057 02       		.uleb128 0x2
 252 0058 04       		.byte	0x4
 253 0059 07       		.byte	0x7
 254 005a 10010000 		.4byte	.LASF5
 255 005e 02       		.uleb128 0x2
 256 005f 08       		.byte	0x8
 257 0060 05       		.byte	0x5
 258 0061 00000000 		.4byte	.LASF6
 259 0065 02       		.uleb128 0x2
 260 0066 08       		.byte	0x8
 261 0067 07       		.byte	0x7
 262 0068 92000000 		.4byte	.LASF7
 263 006c 04       		.uleb128 0x4
 264 006d 04       		.byte	0x4
 265 006e 05       		.byte	0x5
 266 006f 696E7400 		.ascii	"int\000"
 267 0073 02       		.uleb128 0x2
 268 0074 04       		.byte	0x4
 269 0075 07       		.byte	0x7
 270 0076 21000000 		.4byte	.LASF8
 271 007a 03       		.uleb128 0x3
 272 007b 91010000 		.4byte	.LASF10
 273 007f 03       		.byte	0x3
 274 0080 5C       		.byte	0x5c
 275 0081 3E000000 		.4byte	0x3e
 276 0085 03       		.uleb128 0x3
 277 0086 81010000 		.4byte	.LASF11
 278 008a 03       		.byte	0x3
 279 008b 5F       		.byte	0x5f
 280 008c 37000000 		.4byte	0x37
 281 0090 02       		.uleb128 0x2
 282 0091 04       		.byte	0x4
 283 0092 04       		.byte	0x4
 284 0093 7B010000 		.4byte	.LASF12
 285 0097 02       		.uleb128 0x2
 286 0098 08       		.byte	0x8
 287 0099 04       		.byte	0x4
 288 009a 22010000 		.4byte	.LASF13
 289 009e 02       		.uleb128 0x2
 290 009f 01       		.byte	0x1
 291 00a0 08       		.byte	0x8
 292 00a1 02010000 		.4byte	.LASF14
 293 00a5 02       		.uleb128 0x2
 294 00a6 04       		.byte	0x4
 295 00a7 07       		.byte	0x7
ARM GAS  C:\Users\Ryan\AppData\Local\Temp\cc4qXKt2.s 			page 7


 296 00a8 A0010000 		.4byte	.LASF15
 297 00ac 02       		.uleb128 0x2
 298 00ad 08       		.byte	0x8
 299 00ae 04       		.byte	0x4
 300 00af 53010000 		.4byte	.LASF16
 301 00b3 05       		.uleb128 0x5
 302 00b4 01       		.byte	0x1
 303 00b5 6C010000 		.4byte	.LASF24
 304 00b9 01       		.byte	0x1
 305 00ba 03       		.byte	0x3
 306 00bb 85000000 		.4byte	0x85
 307 00bf 00000000 		.4byte	.LFB56
 308 00c3 50010000 		.4byte	.LFE56
 309 00c7 00000000 		.4byte	.LLST0
 310 00cb 01       		.byte	0x1
 311 00cc 16010000 		.4byte	0x116
 312 00d0 06       		.uleb128 0x6
 313 00d1 A9000000 		.4byte	.LASF17
 314 00d5 01       		.byte	0x1
 315 00d6 05       		.byte	0x5
 316 00d7 85000000 		.4byte	0x85
 317 00db 02       		.byte	0x2
 318 00dc 91       		.byte	0x91
 319 00dd 5A       		.sleb128 -38
 320 00de 06       		.uleb128 0x6
 321 00df 3C000000 		.4byte	.LASF18
 322 00e3 01       		.byte	0x1
 323 00e4 06       		.byte	0x6
 324 00e5 16010000 		.4byte	0x116
 325 00e9 03       		.byte	0x3
 326 00ea 91       		.byte	0x91
 327 00eb A07F     		.sleb128 -96
 328 00ed 07       		.uleb128 0x7
 329 00ee 6900     		.ascii	"i\000"
 330 00f0 01       		.byte	0x1
 331 00f1 07       		.byte	0x7
 332 00f2 6C000000 		.4byte	0x6c
 333 00f6 02       		.byte	0x2
 334 00f7 91       		.byte	0x91
 335 00f8 64       		.sleb128 -28
 336 00f9 06       		.uleb128 0x6
 337 00fa 8A000000 		.4byte	.LASF19
 338 00fe 01       		.byte	0x1
 339 00ff 08       		.byte	0x8
 340 0100 7A000000 		.4byte	0x7a
 341 0104 02       		.byte	0x2
 342 0105 91       		.byte	0x91
 343 0106 62       		.sleb128 -30
 344 0107 06       		.uleb128 0x6
 345 0108 5F010000 		.4byte	.LASF20
 346 010c 01       		.byte	0x1
 347 010d 09       		.byte	0x9
 348 010e 90000000 		.4byte	0x90
 349 0112 02       		.byte	0x2
 350 0113 91       		.byte	0x91
 351 0114 5C       		.sleb128 -36
 352 0115 00       		.byte	0
ARM GAS  C:\Users\Ryan\AppData\Local\Temp\cc4qXKt2.s 			page 8


 353 0116 08       		.uleb128 0x8
 354 0117 6C000000 		.4byte	0x6c
 355 011b 26010000 		.4byte	0x126
 356 011f 09       		.uleb128 0x9
 357 0120 A5000000 		.4byte	0xa5
 358 0124 0D       		.byte	0xd
 359 0125 00       		.byte	0
 360 0126 0A       		.uleb128 0xa
 361 0127 3A010000 		.4byte	.LASF25
 362 012b 04       		.byte	0x4
 363 012c 1606     		.2byte	0x616
 364 012e 34010000 		.4byte	0x134
 365 0132 01       		.byte	0x1
 366 0133 01       		.byte	0x1
 367 0134 0B       		.uleb128 0xb
 368 0135 45000000 		.4byte	0x45
 369 0139 00       		.byte	0
 370              		.section	.debug_abbrev,"",%progbits
 371              	.Ldebug_abbrev0:
 372 0000 01       		.uleb128 0x1
 373 0001 11       		.uleb128 0x11
 374 0002 01       		.byte	0x1
 375 0003 25       		.uleb128 0x25
 376 0004 0E       		.uleb128 0xe
 377 0005 13       		.uleb128 0x13
 378 0006 0B       		.uleb128 0xb
 379 0007 03       		.uleb128 0x3
 380 0008 0E       		.uleb128 0xe
 381 0009 1B       		.uleb128 0x1b
 382 000a 0E       		.uleb128 0xe
 383 000b 55       		.uleb128 0x55
 384 000c 06       		.uleb128 0x6
 385 000d 11       		.uleb128 0x11
 386 000e 01       		.uleb128 0x1
 387 000f 52       		.uleb128 0x52
 388 0010 01       		.uleb128 0x1
 389 0011 10       		.uleb128 0x10
 390 0012 06       		.uleb128 0x6
 391 0013 00       		.byte	0
 392 0014 00       		.byte	0
 393 0015 02       		.uleb128 0x2
 394 0016 24       		.uleb128 0x24
 395 0017 00       		.byte	0
 396 0018 0B       		.uleb128 0xb
 397 0019 0B       		.uleb128 0xb
 398 001a 3E       		.uleb128 0x3e
 399 001b 0B       		.uleb128 0xb
 400 001c 03       		.uleb128 0x3
 401 001d 0E       		.uleb128 0xe
 402 001e 00       		.byte	0
 403 001f 00       		.byte	0
 404 0020 03       		.uleb128 0x3
 405 0021 16       		.uleb128 0x16
 406 0022 00       		.byte	0
 407 0023 03       		.uleb128 0x3
 408 0024 0E       		.uleb128 0xe
 409 0025 3A       		.uleb128 0x3a
ARM GAS  C:\Users\Ryan\AppData\Local\Temp\cc4qXKt2.s 			page 9


 410 0026 0B       		.uleb128 0xb
 411 0027 3B       		.uleb128 0x3b
 412 0028 0B       		.uleb128 0xb
 413 0029 49       		.uleb128 0x49
 414 002a 13       		.uleb128 0x13
 415 002b 00       		.byte	0
 416 002c 00       		.byte	0
 417 002d 04       		.uleb128 0x4
 418 002e 24       		.uleb128 0x24
 419 002f 00       		.byte	0
 420 0030 0B       		.uleb128 0xb
 421 0031 0B       		.uleb128 0xb
 422 0032 3E       		.uleb128 0x3e
 423 0033 0B       		.uleb128 0xb
 424 0034 03       		.uleb128 0x3
 425 0035 08       		.uleb128 0x8
 426 0036 00       		.byte	0
 427 0037 00       		.byte	0
 428 0038 05       		.uleb128 0x5
 429 0039 2E       		.uleb128 0x2e
 430 003a 01       		.byte	0x1
 431 003b 3F       		.uleb128 0x3f
 432 003c 0C       		.uleb128 0xc
 433 003d 03       		.uleb128 0x3
 434 003e 0E       		.uleb128 0xe
 435 003f 3A       		.uleb128 0x3a
 436 0040 0B       		.uleb128 0xb
 437 0041 3B       		.uleb128 0x3b
 438 0042 0B       		.uleb128 0xb
 439 0043 49       		.uleb128 0x49
 440 0044 13       		.uleb128 0x13
 441 0045 11       		.uleb128 0x11
 442 0046 01       		.uleb128 0x1
 443 0047 12       		.uleb128 0x12
 444 0048 01       		.uleb128 0x1
 445 0049 40       		.uleb128 0x40
 446 004a 06       		.uleb128 0x6
 447 004b 9642     		.uleb128 0x2116
 448 004d 0C       		.uleb128 0xc
 449 004e 01       		.uleb128 0x1
 450 004f 13       		.uleb128 0x13
 451 0050 00       		.byte	0
 452 0051 00       		.byte	0
 453 0052 06       		.uleb128 0x6
 454 0053 34       		.uleb128 0x34
 455 0054 00       		.byte	0
 456 0055 03       		.uleb128 0x3
 457 0056 0E       		.uleb128 0xe
 458 0057 3A       		.uleb128 0x3a
 459 0058 0B       		.uleb128 0xb
 460 0059 3B       		.uleb128 0x3b
 461 005a 0B       		.uleb128 0xb
 462 005b 49       		.uleb128 0x49
 463 005c 13       		.uleb128 0x13
 464 005d 02       		.uleb128 0x2
 465 005e 0A       		.uleb128 0xa
 466 005f 00       		.byte	0
ARM GAS  C:\Users\Ryan\AppData\Local\Temp\cc4qXKt2.s 			page 10


 467 0060 00       		.byte	0
 468 0061 07       		.uleb128 0x7
 469 0062 34       		.uleb128 0x34
 470 0063 00       		.byte	0
 471 0064 03       		.uleb128 0x3
 472 0065 08       		.uleb128 0x8
 473 0066 3A       		.uleb128 0x3a
 474 0067 0B       		.uleb128 0xb
 475 0068 3B       		.uleb128 0x3b
 476 0069 0B       		.uleb128 0xb
 477 006a 49       		.uleb128 0x49
 478 006b 13       		.uleb128 0x13
 479 006c 02       		.uleb128 0x2
 480 006d 0A       		.uleb128 0xa
 481 006e 00       		.byte	0
 482 006f 00       		.byte	0
 483 0070 08       		.uleb128 0x8
 484 0071 01       		.uleb128 0x1
 485 0072 01       		.byte	0x1
 486 0073 49       		.uleb128 0x49
 487 0074 13       		.uleb128 0x13
 488 0075 01       		.uleb128 0x1
 489 0076 13       		.uleb128 0x13
 490 0077 00       		.byte	0
 491 0078 00       		.byte	0
 492 0079 09       		.uleb128 0x9
 493 007a 21       		.uleb128 0x21
 494 007b 00       		.byte	0
 495 007c 49       		.uleb128 0x49
 496 007d 13       		.uleb128 0x13
 497 007e 2F       		.uleb128 0x2f
 498 007f 0B       		.uleb128 0xb
 499 0080 00       		.byte	0
 500 0081 00       		.byte	0
 501 0082 0A       		.uleb128 0xa
 502 0083 34       		.uleb128 0x34
 503 0084 00       		.byte	0
 504 0085 03       		.uleb128 0x3
 505 0086 0E       		.uleb128 0xe
 506 0087 3A       		.uleb128 0x3a
 507 0088 0B       		.uleb128 0xb
 508 0089 3B       		.uleb128 0x3b
 509 008a 05       		.uleb128 0x5
 510 008b 49       		.uleb128 0x49
 511 008c 13       		.uleb128 0x13
 512 008d 3F       		.uleb128 0x3f
 513 008e 0C       		.uleb128 0xc
 514 008f 3C       		.uleb128 0x3c
 515 0090 0C       		.uleb128 0xc
 516 0091 00       		.byte	0
 517 0092 00       		.byte	0
 518 0093 0B       		.uleb128 0xb
 519 0094 35       		.uleb128 0x35
 520 0095 00       		.byte	0
 521 0096 49       		.uleb128 0x49
 522 0097 13       		.uleb128 0x13
 523 0098 00       		.byte	0
ARM GAS  C:\Users\Ryan\AppData\Local\Temp\cc4qXKt2.s 			page 11


 524 0099 00       		.byte	0
 525 009a 00       		.byte	0
 526              		.section	.debug_loc,"",%progbits
 527              	.Ldebug_loc0:
 528              	.LLST0:
 529 0000 00000000 		.4byte	.LFB56
 530 0004 04000000 		.4byte	.LCFI0
 531 0008 0200     		.2byte	0x2
 532 000a 7D       		.byte	0x7d
 533 000b 00       		.sleb128 0
 534 000c 04000000 		.4byte	.LCFI0
 535 0010 06000000 		.4byte	.LCFI1
 536 0014 0200     		.2byte	0x2
 537 0016 7D       		.byte	0x7d
 538 0017 18       		.sleb128 24
 539 0018 06000000 		.4byte	.LCFI1
 540 001c 08000000 		.4byte	.LCFI2
 541 0020 0300     		.2byte	0x3
 542 0022 7D       		.byte	0x7d
 543 0023 E000     		.sleb128 96
 544 0025 08000000 		.4byte	.LCFI2
 545 0029 50010000 		.4byte	.LFE56
 546 002d 0300     		.2byte	0x3
 547 002f 77       		.byte	0x77
 548 0030 E000     		.sleb128 96
 549 0032 00000000 		.4byte	0
 550 0036 00000000 		.4byte	0
 551              		.section	.debug_aranges,"",%progbits
 552 0000 1C000000 		.4byte	0x1c
 553 0004 0200     		.2byte	0x2
 554 0006 00000000 		.4byte	.Ldebug_info0
 555 000a 04       		.byte	0x4
 556 000b 00       		.byte	0
 557 000c 0000     		.2byte	0
 558 000e 0000     		.2byte	0
 559 0010 00000000 		.4byte	.LFB56
 560 0014 50010000 		.4byte	.LFE56-.LFB56
 561 0018 00000000 		.4byte	0
 562 001c 00000000 		.4byte	0
 563              		.section	.debug_ranges,"",%progbits
 564              	.Ldebug_ranges0:
 565 0000 00000000 		.4byte	.LFB56
 566 0004 50010000 		.4byte	.LFE56
 567 0008 00000000 		.4byte	0
 568 000c 00000000 		.4byte	0
 569              		.section	.debug_line,"",%progbits
 570              	.Ldebug_line0:
 571 0000 4B010000 		.section	.debug_str,"MS",%progbits,1
 571      02000101 
 571      00000201 
 571      FB0E0D00 
 571      01010101 
 572              	.LASF6:
 573 0000 6C6F6E67 		.ascii	"long long int\000"
 573      206C6F6E 
 573      6720696E 
 573      7400
ARM GAS  C:\Users\Ryan\AppData\Local\Temp\cc4qXKt2.s 			page 12


 574              	.LASF3:
 575 000e 73686F72 		.ascii	"short unsigned int\000"
 575      7420756E 
 575      7369676E 
 575      65642069 
 575      6E7400
 576              	.LASF8:
 577 0021 756E7369 		.ascii	"unsigned int\000"
 577      676E6564 
 577      20696E74 
 577      00
 578              	.LASF1:
 579 002e 756E7369 		.ascii	"unsigned char\000"
 579      676E6564 
 579      20636861 
 579      7200
 580              	.LASF18:
 581 003c 74656D70 		.ascii	"temp\000"
 581      00
 582              	.LASF21:
 583 0041 474E5520 		.ascii	"GNU C 4.7.3 20130312 (release) [ARM/embedded-4_7-br"
 583      4320342E 
 583      372E3320 
 583      32303133 
 583      30333132 
 584 0074 616E6368 		.ascii	"anch revision 196615]\000"
 584      20726576 
 584      6973696F 
 584      6E203139 
 584      36363135 
 585              	.LASF19:
 586 008a 636F6D70 		.ascii	"compare\000"
 586      61726500 
 587              	.LASF7:
 588 0092 6C6F6E67 		.ascii	"long long unsigned int\000"
 588      206C6F6E 
 588      6720756E 
 588      7369676E 
 588      65642069 
 589              	.LASF17:
 590 00a9 74656D70 		.ascii	"temperature\000"
 590      65726174 
 590      75726500 
 591              	.LASF23:
 592 00b5 433A5C55 		.ascii	"C:\\Users\\Ryan\\Documents\\summer2014\\WindSensor\\"
 592      73657273 
 592      5C527961 
 592      6E5C446F 
 592      63756D65 
 593 00e3 5472616E 		.ascii	"TransmitReadings_freeSoC.cydsn\000"
 593      736D6974 
 593      52656164 
 593      696E6773 
 593      5F667265 
 594              	.LASF14:
 595 0102 63686172 		.ascii	"char\000"
 595      00
ARM GAS  C:\Users\Ryan\AppData\Local\Temp\cc4qXKt2.s 			page 13


 596              	.LASF4:
 597 0107 6C6F6E67 		.ascii	"long int\000"
 597      20696E74 
 597      00
 598              	.LASF5:
 599 0110 6C6F6E67 		.ascii	"long unsigned int\000"
 599      20756E73 
 599      69676E65 
 599      6420696E 
 599      7400
 600              	.LASF13:
 601 0122 646F7562 		.ascii	"double\000"
 601      6C6500
 602              	.LASF22:
 603 0129 2E5C7468 		.ascii	".\\thermocouple.c\000"
 603      65726D6F 
 603      636F7570 
 603      6C652E63 
 603      00
 604              	.LASF25:
 605 013a 49544D5F 		.ascii	"ITM_RxBuffer\000"
 605      52784275 
 605      66666572 
 605      00
 606              	.LASF0:
 607 0147 7369676E 		.ascii	"signed char\000"
 607      65642063 
 607      68617200 
 608              	.LASF16:
 609 0153 6C6F6E67 		.ascii	"long double\000"
 609      20646F75 
 609      626C6500 
 610              	.LASF20:
 611 015f 61636375 		.ascii	"accuratetemp\000"
 611      72617465 
 611      74656D70 
 611      00
 612              	.LASF24:
 613 016c 67657474 		.ascii	"gettemperature\000"
 613      656D7065 
 613      72617475 
 613      726500
 614              	.LASF12:
 615 017b 666C6F61 		.ascii	"float\000"
 615      7400
 616              	.LASF11:
 617 0181 696E7431 		.ascii	"int16\000"
 617      3600
 618              	.LASF2:
 619 0187 73686F72 		.ascii	"short int\000"
 619      7420696E 
 619      7400
 620              	.LASF10:
 621 0191 75696E74 		.ascii	"uint16\000"
 621      313600
 622              	.LASF9:
 623 0198 696E7433 		.ascii	"int32_t\000"
ARM GAS  C:\Users\Ryan\AppData\Local\Temp\cc4qXKt2.s 			page 14


 623      325F7400 
 624              	.LASF15:
 625 01a0 73697A65 		.ascii	"sizetype\000"
 625      74797065 
 625      00
 626              		.ident	"GCC: (GNU Tools for ARM Embedded Processors) 4.7.3 20130312 (release) [ARM/embedded-4_7-br
