--------------- Build Started: 08/21/2014 10:54:37 Project: TransmitReadings_freeSoC, Configuration: ARM GCC 4.7.3 Debug ---------------
The code generation step is up to date.
arm-none-eabi-gcc.exe -I. -I./Generated_Source/PSoC5 -Wno-main -mcpu=cortex-m3 -mthumb -Wall -g -D DEBUG -Wa,-alh=.\CortexM3\ARM_GCC_473\Debug\main.lst -ffunction-sections -c .\main.c -o .\CortexM3\ARM_GCC_473\Debug\main.o
.\main.c: In function 'windprocessPacket':
.\main.c:131:2: warning: pointer targets in passing argument 1 of 'sscanf' differ in signedness [-Wpointer-sign]
In file included from .\main.c:4:0:
c:\program files (x86)\cypress\psoc creator\3.0\psoc creator\import\gnu_cs\arm\4.7.3\bin\../lib/gcc/arm-none-eabi/4.7.3/../../../../arm-none-eabi/include/stdio.h:186:5: note: expected 'const char *' but argument is of type 'uint8 *'
.\main.c:131:2: warning: format '%d' expects argument of type 'int *', but argument 7 has type 'uint32 *' [-Wformat]
.\main.c:131:2: warning: format '%d' expects argument of type 'int *', but argument 7 has type 'uint32 *' [-Wformat]
.\main.c:213:3: warning: passing argument 1 of 'UART_SBD_PutArray' from incompatible pointer type [enabled by default]
In file included from ./Generated_Source/PSoC5/project.h:30:0,
                 from .\main.c:1:
./Generated_Source/PSoC5/UART_SBD.h:161:10: note: expected 'const uint8 *' but argument is of type 'float32 *'
.\main.c:214:3: warning: passing argument 1 of 'UART_SBD_PutArray' from incompatible pointer type [enabled by default]
In file included from ./Generated_Source/PSoC5/project.h:30:0,
                 from .\main.c:1:
./Generated_Source/PSoC5/UART_SBD.h:161:10: note: expected 'const uint8 *' but argument is of type 'float32 *'
.\main.c:215:3: warning: passing argument 1 of 'UART_SBD_PutArray' from incompatible pointer type [enabled by default]
In file included from ./Generated_Source/PSoC5/project.h:30:0,
                 from .\main.c:1:
./Generated_Source/PSoC5/UART_SBD.h:161:10: note: expected 'const uint8 *' but argument is of type 'float32 *'
.\main.c:216:3: warning: passing argument 1 of 'UART_SBD_PutArray' from incompatible pointer type [enabled by default]
In file included from ./Generated_Source/PSoC5/project.h:30:0,
                 from .\main.c:1:
./Generated_Source/PSoC5/UART_SBD.h:161:10: note: expected 'const uint8 *' but argument is of type 'uint32 *'
.\main.c:217:3: warning: passing argument 1 of 'UART_SBD_PutArray' from incompatible pointer type [enabled by default]
In file included from ./Generated_Source/PSoC5/project.h:30:0,
                 from .\main.c:1:
./Generated_Source/PSoC5/UART_SBD.h:161:10: note: expected 'const uint8 *' but argument is of type 'uint16 *'
.\main.c:219:3: warning: passing argument 1 of 'UART_SBD_PutArray' from incompatible pointer type [enabled by default]
In file included from ./Generated_Source/PSoC5/project.h:30:0,
                 from .\main.c:1:
./Generated_Source/PSoC5/UART_SBD.h:161:10: note: expected 'const uint8 *' but argument is of type 'int16 *'
.\main.c:220:3: warning: passing argument 1 of 'UART_SBD_PutArray' from incompatible pointer type [enabled by default]
In file included from ./Generated_Source/PSoC5/project.h:30:0,
                 from .\main.c:1:
./Generated_Source/PSoC5/UART_SBD.h:161:10: note: expected 'const uint8 *' but argument is of type 'uint16 *'
.\main.c:221:3: warning: passing argument 1 of 'UART_SBD_PutArray' from incompatible pointer type [enabled by default]
In file included from ./Generated_Source/PSoC5/project.h:30:0,
                 from .\main.c:1:
./Generated_Source/PSoC5/UART_SBD.h:161:10: note: expected 'const uint8 *' but argument is of type 'uint16 *'
.\main.c:222:3: warning: passing argument 1 of 'UART_SBD_PutArray' from incompatible pointer type [enabled by default]
In file included from ./Generated_Source/PSoC5/project.h:30:0,
                 from .\main.c:1:
./Generated_Source/PSoC5/UART_SBD.h:161:10: note: expected 'const uint8 *' but argument is of type 'uint16 *'
.\main.c:223:3: warning: passing argument 1 of 'UART_SBD_PutArray' from incompatible pointer type [enabled by default]
In file included from ./Generated_Source/PSoC5/project.h:30:0,
                 from .\main.c:1:
./Generated_Source/PSoC5/UART_SBD.h:161:10: note: expected 'const uint8 *' but argument is of type 'uint16 *'
.\main.c:224:3: warning: passing argument 1 of 'UART_SBD_PutArray' from incompatible pointer type [enabled by default]
In file included from ./Generated_Source/PSoC5/project.h:30:0,
                 from .\main.c:1:
./Generated_Source/PSoC5/UART_SBD.h:161:10: note: expected 'const uint8 *' but argument is of type 'int16 *'
.\main.c:226:3: warning: passing argument 1 of 'UART_SBD_PutArray' from incompatible pointer type [enabled by default]
In file included from ./Generated_Source/PSoC5/project.h:30:0,
                 from .\main.c:1:
./Generated_Source/PSoC5/UART_SBD.h:161:10: note: expected 'const uint8 *' but argument is of type 'uint16 *'
.\main.c:95:8: warning: unused variable 'text' [-Wunused-variable]
.\main.c:94:7: warning: unused variable 'gpsdata' [-Wunused-variable]
arm-none-eabi-ar.exe -rs .\CortexM3\ARM_GCC_473\Debug\TransmitReadings_freeSoC.a .\CortexM3\ARM_GCC_473\Debug\cyfitter_cfg.o .\CortexM3\ARM_GCC_473\Debug\CyBootAsmGnu.o .\CortexM3\ARM_GCC_473\Debug\CyDmac.o .\CortexM3\ARM_GCC_473\Debug\CyFlash.o .\CortexM3\ARM_GCC_473\Debug\CyLib.o .\CortexM3\ARM_GCC_473\Debug\cyPm.o .\CortexM3\ARM_GCC_473\Debug\CySpc.o .\CortexM3\ARM_GCC_473\Debug\cyutils.o .\CortexM3\ARM_GCC_473\Debug\SDA_1.o .\CortexM3\ARM_GCC_473\Debug\SCL_1.o .\CortexM3\ARM_GCC_473\Debug\psoc.o .\CortexM3\ARM_GCC_473\Debug\psoc_BOOT.o .\CortexM3\ARM_GCC_473\Debug\psoc_INT.o .\CortexM3\ARM_GCC_473\Debug\psoc_PM.o .\CortexM3\ARM_GCC_473\Debug\psoc_SLAVE.o .\CortexM3\ARM_GCC_473\Debug\psoc_MASTER.o .\CortexM3\ARM_GCC_473\Debug\UART_Wind.o .\CortexM3\ARM_GCC_473\Debug\UART_Wind_PM.o .\CortexM3\ARM_GCC_473\Debug\UART_Wind_INT.o .\CortexM3\ARM_GCC_473\Debug\UART_Wind_BOOT.o .\CortexM3\ARM_GCC_473\Debug\isr_Wind.o .\CortexM3\ARM_GCC_473\Debug\UART_SBD.o .\CortexM3\ARM_GCC_473\Debug\UART_SBD_PM.o .\CortexM3\ARM_GCC_473\Debug\UART_SBD_INT.o .\CortexM3\ARM_GCC_473\Debug\UART_SBD_BOOT.o .\CortexM3\ARM_GCC_473\Debug\SBD_reply.o .\CortexM3\ARM_GCC_473\Debug\UART_Wind_IntClock.o .\CortexM3\ARM_GCC_473\Debug\UART_SBD_IntClock.o .\CortexM3\ARM_GCC_473\Debug\master.o .\CortexM3\ARM_GCC_473\Debug\master_PM.o .\CortexM3\ARM_GCC_473\Debug\master_INT.o .\CortexM3\ARM_GCC_473\Debug\clock.o .\CortexM3\ARM_GCC_473\Debug\dataPin.o .\CortexM3\ARM_GCC_473\Debug\selectPin.o .\CortexM3\ARM_GCC_473\Debug\clockPin.o .\CortexM3\ARM_GCC_473\Debug\ADC.o .\CortexM3\ARM_GCC_473\Debug\ADC_PM.o .\CortexM3\ARM_GCC_473\Debug\ADC_INT.o .\CortexM3\ARM_GCC_473\Debug\Battery_in.o .\CortexM3\ARM_GCC_473\Debug\ADC_IRQ.o .\CortexM3\ARM_GCC_473\Debug\ADC_theACLK.o .\CortexM3\ARM_GCC_473\Debug\Timer.o .\CortexM3\ARM_GCC_473\Debug\Timer_PM.o .\CortexM3\ARM_GCC_473\Debug\timer_clock.o .\CortexM3\ARM_GCC_473\Debug\timeout_isr.o
arm-none-eabi-ar.exe: creating .\CortexM3\ARM_GCC_473\Debug\TransmitReadings_freeSoC.a
arm-none-eabi-gcc.exe -mthumb -march=armv7-m -mfix-cortex-m3-ldrd -T .\Generated_Source\PSoC5\cm3gcc.ld -g -Wl,-Map,.\CortexM3\ARM_GCC_473\Debug\TransmitReadings_freeSoC.map -specs=nano.specs -Wl,--gc-sections -u _scanf_float -Wl,--start-group -o .\CortexM3\ARM_GCC_473\Debug\TransmitReadings_freeSoC.elf .\CortexM3\ARM_GCC_473\Debug\main.o .\CortexM3\ARM_GCC_473\Debug\magnetometer.o .\CortexM3\ARM_GCC_473\Debug\thermocouple.o .\CortexM3\ARM_GCC_473\Debug\Batteryvoltage.o .\CortexM3\ARM_GCC_473\Debug\RH.o .\CortexM3\ARM_GCC_473\Debug\cymetadata.o .\CortexM3\ARM_GCC_473\Debug\Cm3Start.o .\CortexM3\ARM_GCC_473\Debug\TransmitReadings_freeSoC.a "C:\Program Files (x86)\Cypress\PSoC Creator\3.0\PSoC Creator\psoc\content\cycomponentlibrary\CyComponentLibrary.cylib\CortexM3\ARM_GCC_473\Debug\CyComponentLibrary.a" -l m -Wl,--end-group
cyelftool.exe -C C:\Users\Ryan\Documents\summer2014\WindSensor\TransmitReadings_freeSoC.cydsn\CortexM3\ARM_GCC_473\Debug\TransmitReadings_freeSoC.elf --flash_size 262144 --flash_row_size 256
cyelftool.exe -S C:\Users\Ryan\Documents\summer2014\WindSensor\TransmitReadings_freeSoC.cydsn\CortexM3\ARM_GCC_473\Debug\TransmitReadings_freeSoC.elf
Flash used: 35760 of 262144 bytes (13.6 %).
SRAM used: 21861 of 65536 bytes (33.4 %).
--------------- Build Succeeded: 08/21/2014 10:54:43 ---------------
