Loading plugins phase: Elapsed time ==> 0s.742ms
Initializing data phase: Elapsed time ==> 4s.442ms
<CYPRESSTAG name="CyDsfit arguments...">
cydsfit arguments: -.fdsnotice -.fdswarpdepfile=warp_dependencies.txt -.fdselabdepfile=elab_dependencies.txt -.fdsbldfile=generated_files.txt -p C:\Users\Ryan\Documents\summer2014\WindSensor\Magnetometer.cydsn\Magnetometer.cyprj -d CY8C5868AXI-LP035 -s C:\Users\Ryan\Documents\summer2014\WindSensor\Magnetometer.cydsn\Generated_Source\PSoC5 -- -yv2 -v3 -ygs -q10 -o2 -.fftcfgtype=LE</CYPRESSTAG>
<CYPRESSTAG name="Design elaboration results...">
</CYPRESSTAG>
Elaboration phase: Elapsed time ==> 5s.574ms
<CYPRESSTAG name="HDL generation results...">
</CYPRESSTAG>
HDL generation phase: Elapsed time ==> 0s.106ms
<CYPRESSTAG name="Synthesis results...">

     | | | | | | |
   _________________
  -|               |-
  -|               |-
  -|               |-
  -|    CYPRESS    |-
  -|               |-
  -|               |-   Warp Verilog Synthesis Compiler: Version 6.3 IR 41
  -|               |-   Copyright (C) 1991-2001 Cypress Semiconductor
   |_______________|
     | | | | | | |

======================================================================
Compiling:  Magnetometer.v
Program  :   C:\Program Files (x86)\Cypress\PSoC Creator\3.0\PSoC Creator\warp\bin/warp.exe
Options  :    -yv2 -v3 -ygs -q10 -o2 -.fftcfgtype=LE -ya -.fftprj=C:\Users\Ryan\Documents\summer2014\WindSensor\Magnetometer.cydsn\Magnetometer.cyprj -dcpsoc3 Magnetometer.v -verilog
======================================================================

======================================================================
Compiling:  Magnetometer.v
Program  :   C:\Program Files (x86)\Cypress\PSoC Creator\3.0\PSoC Creator\warp\bin/warp.exe
Options  :    -yv2 -v3 -ygs -q10 -o2 -.fftcfgtype=LE -ya -.fftprj=C:\Users\Ryan\Documents\summer2014\WindSensor\Magnetometer.cydsn\Magnetometer.cyprj -dcpsoc3 Magnetometer.v -verilog
======================================================================

======================================================================
Compiling:  Magnetometer.v
Program  :   vlogfe
Options  :    -yv2 -v3 -ygs -q10 -o2 -.fftcfgtype=LE -ya -.fftprj=C:\Users\Ryan\Documents\summer2014\WindSensor\Magnetometer.cydsn\Magnetometer.cyprj -dcpsoc3 -verilog Magnetometer.v
======================================================================

vlogfe V6.3 IR 41:  Verilog parser
Fri May 16 13:46:26 2014


======================================================================
Compiling:  Magnetometer.v
Program  :   vpp
Options  :    -yv2 -q10 Magnetometer.v
======================================================================

vpp V6.3 IR 41:  Verilog Pre-Processor
Fri May 16 13:46:26 2014

Flattening file 'C:\Program Files (x86)\Cypress\PSoC Creator\3.0\PSoC Creator\warp\..\psoc\content\cyprimitives\CyPrimitives.cylib\cy_virtualmux_v1_0\cy_virtualmux_v1_0.v'
Flattening file 'C:\Program Files (x86)\Cypress\PSoC Creator\3.0\PSoC Creator\warp\..\psoc\content\cyprimitives\CyPrimitives.cylib\OneTerminal\OneTerminal.v'
Flattening file 'C:\Program Files (x86)\Cypress\PSoC Creator\3.0\PSoC Creator\warp\..\psoc\content\cyprimitives\CyPrimitives.cylib\or_v1_0\or_v1_0.v'
Flattening file 'C:\Program Files (x86)\Cypress\PSoC Creator\3.0\PSoC Creator\warp\..\psoc\content\cyprimitives\CyPrimitives.cylib\ZeroTerminal\ZeroTerminal.v'

vpp:  No errors.

Library 'work' => directory 'lcpsoc3'
General_symbol_table
General_symbol_table
Linking 'C:\Program Files (x86)\Cypress\PSoC Creator\3.0\PSoC Creator\warp\lib\common\std.vhd'.
Linking 'C:\Program Files (x86)\Cypress\PSoC Creator\3.0\PSoC Creator\warp\lib\common\cypress.vhd'.
Linking 'C:\Program Files (x86)\Cypress\PSoC Creator\3.0\PSoC Creator\warp\lib\common\work\cypress.vif'.
Linking 'C:\Program Files (x86)\Cypress\PSoC Creator\3.0\PSoC Creator\warp\lib\ieee\work\stdlogic.vif'.
Linking 'C:\Program Files (x86)\Cypress\PSoC Creator\3.0\PSoC Creator\warp\lib\common\stdlogic\lpmpkg.vif'.
Linking 'C:\Program Files (x86)\Cypress\PSoC Creator\3.0\PSoC Creator\warp\lib\common\stdlogic\rtlpkg.vif'.
Linking 'C:\Program Files (x86)\Cypress\PSoC Creator\3.0\PSoC Creator\warp\lib\common\stdlogic\mod_cnst.vif'.
Linking 'C:\Program Files (x86)\Cypress\PSoC Creator\3.0\PSoC Creator\warp\lib\common\stdlogic\mod_mthv.vif'.
Linking 'C:\Program Files (x86)\Cypress\PSoC Creator\3.0\PSoC Creator\warp\lib\common\stdlogic\mod_genv.vif'.
Using control file 'Magnetometer.ctl'.

vlogfe:  No errors.


======================================================================
Compiling:  Magnetometer.v
Program  :   tovif
Options  :    -yv2 -v3 -ygs -q10 -o2 -.fftcfgtype=LE -ya -.fftprj=C:\Users\Ryan\Documents\summer2014\WindSensor\Magnetometer.cydsn\Magnetometer.cyprj -dcpsoc3 -verilog Magnetometer.v
======================================================================

tovif V6.3 IR 41:  High-level synthesis
Fri May 16 13:46:26 2014

Linking 'C:\Program Files (x86)\Cypress\PSoC Creator\3.0\PSoC Creator\warp\lib\common\std.vhd'.
Linking 'C:\Program Files (x86)\Cypress\PSoC Creator\3.0\PSoC Creator\warp\lib\common\cypress.vhd'.
Linking 'C:\Program Files (x86)\Cypress\PSoC Creator\3.0\PSoC Creator\warp\lib\common\work\cypress.vif'.
Linking 'C:\Program Files (x86)\Cypress\PSoC Creator\3.0\PSoC Creator\warp\lib\ieee\work\stdlogic.vif'.
Linking 'C:\Program Files (x86)\Cypress\PSoC Creator\3.0\PSoC Creator\warp\lib\common\stdlogic\lpmpkg.vif'.
Linking 'C:\Program Files (x86)\Cypress\PSoC Creator\3.0\PSoC Creator\warp\lib\common\stdlogic\rtlpkg.vif'.
Linking 'C:\Program Files (x86)\Cypress\PSoC Creator\3.0\PSoC Creator\warp\lib\common\stdlogic\mod_cnst.vif'.
Linking 'C:\Program Files (x86)\Cypress\PSoC Creator\3.0\PSoC Creator\warp\lib\common\stdlogic\mod_mthv.vif'.
Linking 'C:\Program Files (x86)\Cypress\PSoC Creator\3.0\PSoC Creator\warp\lib\common\stdlogic\mod_genv.vif'.
Linking 'C:\Users\Ryan\Documents\summer2014\WindSensor\Magnetometer.cydsn\codegentemp\Magnetometer.ctl'.
Linking 'C:\Program Files (x86)\Cypress\PSoC Creator\3.0\PSoC Creator\psoc\content\cyprimitives\CyPrimitives.cylib\cy_virtualmux_v1_0\cy_virtualmux_v1_0.v'.
Linking 'C:\Users\Ryan\Documents\summer2014\WindSensor\Magnetometer.cydsn\codegentemp\Magnetometer.v'.
Linking 'C:\Program Files (x86)\Cypress\PSoC Creator\3.0\PSoC Creator\psoc\content\cyprimitives\CyPrimitives.cylib\OneTerminal\OneTerminal.v'.
Linking 'C:\Program Files (x86)\Cypress\PSoC Creator\3.0\PSoC Creator\psoc\content\cyprimitives\CyPrimitives.cylib\or_v1_0\or_v1_0.v'.
Linking 'C:\Program Files (x86)\Cypress\PSoC Creator\3.0\PSoC Creator\psoc\content\cyprimitives\CyPrimitives.cylib\ZeroTerminal\ZeroTerminal.v'.

tovif:  No errors.


======================================================================
Compiling:  Magnetometer.v
Program  :   topld
Options  :    -yv2 -v3 -ygs -q10 -o2 -.fftcfgtype=LE -ya -.fftprj=C:\Users\Ryan\Documents\summer2014\WindSensor\Magnetometer.cydsn\Magnetometer.cyprj -dcpsoc3 -verilog Magnetometer.v
======================================================================

topld V6.3 IR 41:  Synthesis and optimization
Fri May 16 13:46:27 2014

Linking 'C:\Program Files (x86)\Cypress\PSoC Creator\3.0\PSoC Creator\warp\lib\common\std.vhd'.
Linking 'C:\Program Files (x86)\Cypress\PSoC Creator\3.0\PSoC Creator\warp\lib\common\cypress.vhd'.
Linking 'C:\Program Files (x86)\Cypress\PSoC Creator\3.0\PSoC Creator\warp\lib\common\work\cypress.vif'.
Linking 'C:\Program Files (x86)\Cypress\PSoC Creator\3.0\PSoC Creator\warp\lib\ieee\work\stdlogic.vif'.
Linking 'C:\Program Files (x86)\Cypress\PSoC Creator\3.0\PSoC Creator\warp\lib\common\stdlogic\lpmpkg.vif'.
Linking 'C:\Program Files (x86)\Cypress\PSoC Creator\3.0\PSoC Creator\warp\lib\common\stdlogic\rtlpkg.vif'.
Linking 'C:\Program Files (x86)\Cypress\PSoC Creator\3.0\PSoC Creator\warp\lib\common\stdlogic\mod_cnst.vif'.
Linking 'C:\Program Files (x86)\Cypress\PSoC Creator\3.0\PSoC Creator\warp\lib\common\stdlogic\mod_mthv.vif'.
Linking 'C:\Program Files (x86)\Cypress\PSoC Creator\3.0\PSoC Creator\warp\lib\common\stdlogic\mod_genv.vif'.
Linking 'C:\Users\Ryan\Documents\summer2014\WindSensor\Magnetometer.cydsn\codegentemp\Magnetometer.ctl'.
Linking 'C:\Program Files (x86)\Cypress\PSoC Creator\3.0\PSoC Creator\psoc\content\cyprimitives\CyPrimitives.cylib\cy_virtualmux_v1_0\cy_virtualmux_v1_0.v'.
Linking 'C:\Users\Ryan\Documents\summer2014\WindSensor\Magnetometer.cydsn\codegentemp\Magnetometer.v'.
Linking 'C:\Program Files (x86)\Cypress\PSoC Creator\3.0\PSoC Creator\psoc\content\cyprimitives\CyPrimitives.cylib\OneTerminal\OneTerminal.v'.
Linking 'C:\Program Files (x86)\Cypress\PSoC Creator\3.0\PSoC Creator\psoc\content\cyprimitives\CyPrimitives.cylib\or_v1_0\or_v1_0.v'.
Linking 'C:\Program Files (x86)\Cypress\PSoC Creator\3.0\PSoC Creator\psoc\content\cyprimitives\CyPrimitives.cylib\ZeroTerminal\ZeroTerminal.v'.
Linking 'C:\Program Files (x86)\Cypress\PSoC Creator\3.0\PSoC Creator\warp\lib\lcpsoc3\stdlogic\cpsoc3.vif'.

----------------------------------------------------------
Detecting unused logic.
----------------------------------------------------------
    User names
	\psoc:udb_clk\
	Net_159
	\psoc:Net_973\
	Net_160
	\psoc:Net_974\
	\psoc:timeout_clk\
	Net_165
	\psoc:Net_975\
	Net_163
	Net_164


Deleted 10 User equations/components.
Deleted 0 Synthesized equations/components.

------------------------------------------------------
Alias Detection
------------------------------------------------------
Aliasing one to tmpOE__SDA_1_net_0
Aliasing tmpOE__SCL_1_net_0 to tmpOE__SDA_1_net_0
Aliasing \psoc:Net_969\ to tmpOE__SDA_1_net_0
Aliasing \psoc:Net_968\ to tmpOE__SDA_1_net_0
Removing Lhs of wire one[6] = tmpOE__SDA_1_net_0[1]
Removing Lhs of wire tmpOE__SCL_1_net_0[9] = tmpOE__SDA_1_net_0[1]
Removing Rhs of wire \psoc:sda_x_wire\[14] = \psoc:Net_643_1\[15]
Removing Rhs of wire \psoc:Net_697\[17] = \psoc:Net_643_2\[23]
Removing Rhs of wire \psoc:Net_1109_0\[20] = \psoc:scl_yfb\[34]
Removing Rhs of wire \psoc:Net_1109_1\[21] = \psoc:sda_yfb\[35]
Removing Lhs of wire \psoc:scl_x_wire\[24] = \psoc:Net_643_0\[22]
Removing Lhs of wire \psoc:Net_969\[25] = tmpOE__SDA_1_net_0[1]
Removing Lhs of wire \psoc:Net_968\[26] = tmpOE__SDA_1_net_0[1]
Removing Lhs of wire \psoc:tmpOE__Bufoe_scl_net_0\[37] = tmpOE__SDA_1_net_0[1]
Removing Lhs of wire \psoc:tmpOE__Bufoe_sda_net_0\[39] = tmpOE__SDA_1_net_0[1]

------------------------------------------------------
Aliased 0 equations, 11 wires.
------------------------------------------------------

----------------------------------------------------------
Circuit simplification
----------------------------------------------------------

Substituting virtuals - pass 1:


----------------------------------------------------------
Circuit simplification results:

	Expanded 0 signals.
	Turned 0 signals into soft nodes.
	Maximum default expansion cost was set at 3.
----------------------------------------------------------

topld:  No errors.

CYPRESS_DIR    : C:\Program Files (x86)\Cypress\PSoC Creator\3.0\PSoC Creator\warp
Warp Program   : C:\Program Files (x86)\Cypress\PSoC Creator\3.0\PSoC Creator\warp\bin/warp.exe
Warp Arguments : -yv2 -v3 -ygs -q10 -o2 -.fftcfgtype=LE -ya -.fftprj=C:\Users\Ryan\Documents\summer2014\WindSensor\Magnetometer.cydsn\Magnetometer.cyprj -dcpsoc3 Magnetometer.v -verilog
</CYPRESSTAG>
Warp synthesis phase: Elapsed time ==> 1s.384ms
<CYPRESSTAG name="Fitter results...">
<CYPRESSTAG name="Fitter startup details...">
cyp3fit: V3.0.0.1539, Family: PSoC3, Started at: Friday, 16 May 2014 13:46:27
Options: -yv2 -v3 -ygs -q10 -o2 -.fftcfgtype=LE -ya -.fftprj=C:\Users\Ryan\Documents\summer2014\WindSensor\Magnetometer.cydsn\Magnetometer.cyprj -d CY8C5868AXI-LP035 Magnetometer.v -verilog
</CYPRESSTAG>
<CYPRESSTAG name="Design parsing">
Design parsing phase: Elapsed time ==> 0s.030ms
</CYPRESSTAG>
<CYPRESSTAG name="Tech mapping">
<CYPRESSTAG name="Initial Mapping" icon="FILE_RPT_TECHM">
Assigning clock psoc_BusClock to clock BUS_CLK because it is a pass-through
<CYPRESSTAG name="Global Clock Selection" icon="FILE_RPT_TECHM">
</CYPRESSTAG>
<CYPRESSTAG name="UDB Clock/Enable Remapping Results">
</CYPRESSTAG>
<CYPRESSTAG name="Duplicate Macrocell detection">
</CYPRESSTAG>
</CYPRESSTAG>
<CYPRESSTAG name="Duplicate Macrocell detection">
</CYPRESSTAG>
<CYPRESSTAG name="Design Equations" icon="FILE_RPT_EQUATION">

------------------------------------------------------------
Design Equations
------------------------------------------------------------
    <CYPRESSTAG name="Pin listing">

    ------------------------------------------------------------
    Pin listing
    ------------------------------------------------------------

    Pin : Name = SCL_1(0)
        Attributes:
            In Group/Port: True
            In Sync Option: SYNC
            Out Sync Option: NOSYNC
            Interrupt generated: False
            Interrupt mode: NONE
            Drive mode: OPEN_DRAIN_LO
            VTrip: CMOS
            Slew: FAST
            Input Sync needed: True
            Output Sync needed: False
            SC shield enabled: False
            POR State: ANY
            LCD Mode: COMMON
            Register Mode: RegComb
            CaSense Mode: NEITHER
            Treat as pin: True
            Is OE Registered: False
            Uses Analog: False
            Can contain Digital: True
            Is SIO: False
            SIO Output Buf: NONREGULATED
            SIO Input Buf: SINGLE_ENDED
            SIO HiFreq: LOW
            SIO Hyst: DISABLED
            SIO Vtrip: MULTIPLIER_0_5
            SIO RefSel: VCC_IO
            Required Capabilitites: DIGITAL, ROUTABLE
            Initial Value: 1
            IO Voltage: 0
        PORT MAP (
            pa_out => SCL_1(0)__PA ,
            fb => \psoc:Net_1109_0\ ,
            input => \psoc:Net_643_0\ ,
            pad => SCL_1(0)_PAD );
        Properties:
        {
        }

    Pin : Name = SDA_1(0)
        Attributes:
            In Group/Port: True
            In Sync Option: SYNC
            Out Sync Option: NOSYNC
            Interrupt generated: False
            Interrupt mode: NONE
            Drive mode: OPEN_DRAIN_LO
            VTrip: CMOS
            Slew: FAST
            Input Sync needed: True
            Output Sync needed: False
            SC shield enabled: False
            POR State: ANY
            LCD Mode: COMMON
            Register Mode: RegComb
            CaSense Mode: NEITHER
            Treat as pin: True
            Is OE Registered: False
            Uses Analog: False
            Can contain Digital: True
            Is SIO: False
            SIO Output Buf: NONREGULATED
            SIO Input Buf: SINGLE_ENDED
            SIO HiFreq: LOW
            SIO Hyst: DISABLED
            SIO Vtrip: MULTIPLIER_0_5
            SIO RefSel: VCC_IO
            Required Capabilitites: DIGITAL, ROUTABLE
            Initial Value: 1
            IO Voltage: 0
        PORT MAP (
            pa_out => SDA_1(0)__PA ,
            fb => \psoc:Net_1109_1\ ,
            input => \psoc:sda_x_wire\ ,
            pad => SDA_1(0)_PAD );
        Properties:
        {
        }
    </CYPRESSTAG>
    <CYPRESSTAG name="Macrocell listing" icon="FILE_RPT_EQUATION">
    </CYPRESSTAG>
    <CYPRESSTAG name="Datapath listing">
    </CYPRESSTAG>
    <CYPRESSTAG name="Status register listing">
    </CYPRESSTAG>
    <CYPRESSTAG name="StatusI register listing">
    </CYPRESSTAG>
    <CYPRESSTAG name="Sync listing">
    </CYPRESSTAG>
    <CYPRESSTAG name="Control register listing">
    </CYPRESSTAG>
    <CYPRESSTAG name="Count7 listing">
    </CYPRESSTAG>
    <CYPRESSTAG name="DRQ listing">
    </CYPRESSTAG>
    <CYPRESSTAG name="Interrupt listing">

    ------------------------------------------------------------
    Interrupt listing
    ------------------------------------------------------------

    interrupt: Name =\psoc:I2C_IRQ\
        PORT MAP (
            interrupt => \psoc:Net_697\ );
        Properties:
        {
            int_type = "00"
        }
    </CYPRESSTAG>
</CYPRESSTAG>
<CYPRESSTAG name="Technology mapping summary" expanded>

------------------------------------------------------------
Technology mapping summary
------------------------------------------------------------

Resource Type                 : Used : Free :  Max :  % Used
============================================================
Digital clock dividers        :    0 :    8 :    8 :   0.00%
Analog clock dividers         :    0 :    4 :    4 :   0.00%
Pins                          :    5 :   67 :   72 :   6.94%
UDB Macrocells                :    0 :  192 :  192 :   0.00%
UDB Unique Pterms             :    0 :  384 :  384 :   0.00%
UDB Datapath Cells            :    0 :   24 :   24 :   0.00%
UDB Status Cells              :    0 :   24 :   24 :   0.00%
UDB Control Cells             :    0 :   24 :   24 :   0.00%
DMA Channels                  :    0 :   24 :   24 :   0.00%
Interrupts                    :    1 :   31 :   32 :   3.13%
DSM Fixed Blocks              :    0 :    1 :    1 :   0.00%
VIDAC Fixed Blocks            :    0 :    4 :    4 :   0.00%
SC Fixed Blocks               :    0 :    4 :    4 :   0.00%
Comparator Fixed Blocks       :    0 :    4 :    4 :   0.00%
Opamp Fixed Blocks            :    0 :    4 :    4 :   0.00%
CapSense Buffers              :    0 :    2 :    2 :   0.00%
CAN Fixed Blocks              :    0 :    1 :    1 :   0.00%
Decimator Fixed Blocks        :    0 :    1 :    1 :   0.00%
I2C Fixed Blocks              :    1 :    0 :    1 : 100.00%
Timer Fixed Blocks            :    0 :    4 :    4 :   0.00%
DFB Fixed Blocks              :    0 :    1 :    1 :   0.00%
USB Fixed Blocks              :    0 :    1 :    1 :   0.00%
LCD Fixed Blocks              :    0 :    1 :    1 :   0.00%
EMIF Fixed Blocks             :    0 :    1 :    1 :   0.00%
LPF Fixed Blocks              :    0 :    2 :    2 :   0.00%
SAR Fixed Blocks              :    0 :    2 :    2 :   0.00%
</CYPRESSTAG>
Technology Mapping: Elapsed time ==> 0s.056ms
Tech mapping phase: Elapsed time ==> 0s.318ms
</CYPRESSTAG>
<CYPRESSTAG name="Analog Placement">
Initial Analog Placement Results:
IO_4@[IOP=(12)][IoId=(4)] : SCL_1(0) (fixed)
IO_5@[IOP=(12)][IoId=(5)] : SDA_1(0) (fixed)
Analog Placement phase: Elapsed time ==> 0s.074ms
</CYPRESSTAG>
<CYPRESSTAG name="Analog Routing">
Analog Routing phase: Elapsed time ==> 0s.000ms
</CYPRESSTAG>
<CYPRESSTAG name="Analog Code Generation">
============ Analog Final Answer Routes ============
Dump of CyAnalogRoutingResultsDB
Map of net to items {
}
Map of item to net {
}
Mux Info {
}
Dump of CyP35AnalogRoutingResultsDB
IsVddaHalfUsedForComp = False
IsVddaHalfUsedForSar0 = False
IsVddaHalfUsedForSar1 = False
Analog Code Generation phase: Elapsed time ==> 1s.195ms
</CYPRESSTAG>
<CYPRESSTAG name="Digital Placement">
<CYPRESSTAG name="Detailed placement messages">
I2659: No Constrained paths were found. The placer will run in non-timing driven mode.
I2076: Total run-time: 1.4 sec.

</CYPRESSTAG>
<CYPRESSTAG name="PLD Packing">
<CYPRESSTAG name="PLD Packing Summary">
No PLDs were packed.
</CYPRESSTAG>
PLD Packing: Elapsed time ==> 0s.001ms
</CYPRESSTAG>
<CYPRESSTAG name="Partitioning">
<CYPRESSTAG name="Initial Partitioning Summary">
Initial Partitioning Summary not displayed at this verbose level.</CYPRESSTAG>
<CYPRESSTAG name="Final Partitioning Summary">
Final Partitioning Summary not displayed at this verbose level.</CYPRESSTAG>
Partitioning: Elapsed time ==> 0s.032ms
</CYPRESSTAG>
<CYPRESSTAG name="Simulated Annealing">
Annealing: Elapsed time ==> 0s.004ms
<CYPRESSTAG name="Simulated Annealing Results">
The seed used for moves was 114161200.
Inital cost was 44, final cost is 44 (0.00% improvement).</CYPRESSTAG>
</CYPRESSTAG>
<CYPRESSTAG name="Final Placement Summary">

------------------------------------------------------------
Final Placement Summary
------------------------------------------------------------

       Resource Type :      Count : Avg Inputs : Avg Outputs
    ========================================================
                 UDB :          0 :       0.00 :       0.00
<CYPRESSTAG name="Final Placement Details">
<CYPRESSTAG name="Component Details">

------------------------------------------------------------
Component Placement Details
------------------------------------------------------------
UDB [UDB=(0,0)] is empty.
UDB [UDB=(0,1)] is empty.
UDB [UDB=(0,2)] is empty.
UDB [UDB=(0,3)] is empty.
UDB [UDB=(0,4)] is empty.
UDB [UDB=(0,5)] is empty.
UDB [UDB=(1,0)] is empty.
UDB [UDB=(1,1)] is empty.
UDB [UDB=(1,2)] is empty.
UDB [UDB=(1,3)] is empty.
UDB [UDB=(1,4)] is empty.
UDB [UDB=(1,5)] is empty.
UDB [UDB=(2,0)] is empty.
UDB [UDB=(2,1)] is empty.
UDB [UDB=(2,2)] is empty.
UDB [UDB=(2,3)] is empty.
UDB [UDB=(2,4)] is empty.
UDB [UDB=(2,5)] is empty.
UDB [UDB=(3,0)] is empty.
UDB [UDB=(3,1)] is empty.
UDB [UDB=(3,2)] is empty.
UDB [UDB=(3,3)] is empty.
UDB [UDB=(3,4)] is empty.
UDB [UDB=(3,5)] is empty.
Intr hod @ [IntrHod=(0)]: 
  Intr@ [IntrHod=(0)][IntrId=(15)] 
    interrupt: Name =\psoc:I2C_IRQ\
        PORT MAP (
            interrupt => \psoc:Net_697\ );
        Properties:
        {
            int_type = "00"
        }
Drq hod @ [DrqHod=(0)]: empty
Port 0 is empty
Port 1 is empty
Port 2 is empty
Port 3 is empty
Port 4 is empty
Port 5 is empty
Port 6 is empty
Port 12 contains the following IO cells:
[IoId=4]: 
Pin : Name = SCL_1(0)
    Attributes:
        In Group/Port: True
        In Sync Option: SYNC
        Out Sync Option: NOSYNC
        Interrupt generated: False
        Interrupt mode: NONE
        Drive mode: OPEN_DRAIN_LO
        VTrip: CMOS
        Slew: FAST
        Input Sync needed: True
        Output Sync needed: False
        SC shield enabled: False
        POR State: ANY
        LCD Mode: COMMON
        Register Mode: RegComb
        CaSense Mode: NEITHER
        Treat as pin: True
        Is OE Registered: False
        Uses Analog: False
        Can contain Digital: True
        Is SIO: False
        SIO Output Buf: NONREGULATED
        SIO Input Buf: SINGLE_ENDED
        SIO HiFreq: LOW
        SIO Hyst: DISABLED
        SIO Vtrip: MULTIPLIER_0_5
        SIO RefSel: VCC_IO
        Required Capabilitites: DIGITAL, ROUTABLE
        Initial Value: 1
        IO Voltage: 0
    PORT MAP (
        pa_out => SCL_1(0)__PA ,
        fb => \psoc:Net_1109_0\ ,
        input => \psoc:Net_643_0\ ,
        pad => SCL_1(0)_PAD );
    Properties:
    {
    }

[IoId=5]: 
Pin : Name = SDA_1(0)
    Attributes:
        In Group/Port: True
        In Sync Option: SYNC
        Out Sync Option: NOSYNC
        Interrupt generated: False
        Interrupt mode: NONE
        Drive mode: OPEN_DRAIN_LO
        VTrip: CMOS
        Slew: FAST
        Input Sync needed: True
        Output Sync needed: False
        SC shield enabled: False
        POR State: ANY
        LCD Mode: COMMON
        Register Mode: RegComb
        CaSense Mode: NEITHER
        Treat as pin: True
        Is OE Registered: False
        Uses Analog: False
        Can contain Digital: True
        Is SIO: False
        SIO Output Buf: NONREGULATED
        SIO Input Buf: SINGLE_ENDED
        SIO HiFreq: LOW
        SIO Hyst: DISABLED
        SIO Vtrip: MULTIPLIER_0_5
        SIO RefSel: VCC_IO
        Required Capabilitites: DIGITAL, ROUTABLE
        Initial Value: 1
        IO Voltage: 0
    PORT MAP (
        pa_out => SDA_1(0)__PA ,
        fb => \psoc:Net_1109_1\ ,
        input => \psoc:sda_x_wire\ ,
        pad => SDA_1(0)_PAD );
    Properties:
    {
    }

Port 15 is empty
Fixed Function block hod @ [FFB(CAN,0)]: empty
Fixed Function block hod @ [FFB(Cache,0)]: empty
Fixed Function block hod @ [FFB(CapSense,0)]: empty
Fixed Function block hod @ [FFB(Clock,0)]: 
    Clock Block @ [FFB(Clock,0)]: 
    clockblockcell: Name =ClockBlock
        PORT MAP (
            clk_bus_glb => ClockBlock_BUS_CLK ,
            clk_bus => ClockBlock_BUS_CLK_local ,
            clk_sync => ClockBlock_MASTER_CLK ,
            clk_32k_xtal => ClockBlock_XTAL_32KHZ ,
            xtal => ClockBlock_XTAL ,
            ilo => ClockBlock_ILO ,
            clk_100k => ClockBlock_100k ,
            clk_1k => ClockBlock_1k ,
            clk_32k => ClockBlock_32k ,
            pllout => ClockBlock_PLL_OUT ,
            imo => ClockBlock_IMO );
        Properties:
        {
        }
Fixed Function block hod @ [FFB(Comparator,0)]: empty
Fixed Function block hod @ [FFB(DFB,0)]: empty
Fixed Function block hod @ [FFB(DSM,0)]: empty
Fixed Function block hod @ [FFB(Decimator,0)]: empty
Fixed Function block hod @ [FFB(EMIF,0)]: empty
Fixed Function block hod @ [FFB(I2C,0)]: 
    I2C Block @ [FFB(I2C,0)]: 
    i2ccell: Name =\psoc:I2C_FF\
        PORT MAP (
            clock => ClockBlock_BUS_CLK ,
            scl_in => \psoc:Net_1109_0\ ,
            sda_in => \psoc:Net_1109_1\ ,
            scl_out => \psoc:Net_643_0\ ,
            sda_out => \psoc:sda_x_wire\ ,
            interrupt => \psoc:Net_697\ );
        Properties:
        {
            cy_registers = ""
            use_wakeup = 0
        }
Fixed Function block hod @ [FFB(LCD,0)]: empty
Fixed Function block hod @ [FFB(LVD,0)]: empty
Fixed Function block hod @ [FFB(PM,0)]: empty
Fixed Function block hod @ [FFB(SC,0)]: empty
Fixed Function block hod @ [FFB(SPC,0)]: empty
Fixed Function block hod @ [FFB(Timer,0)]: empty
Fixed Function block hod @ [FFB(USB,0)]: empty
Fixed Function block hod @ [FFB(VIDAC,0)]: empty
Fixed Function block hod @ [FFB(Abuf,0)]: empty
Fixed Function block hod @ [FFB(CsAbuf,0)]: empty
Fixed Function block hod @ [FFB(Vref,0)]: empty
Fixed Function block hod @ [FFB(LPF,0)]: empty
Fixed Function block hod @ [FFB(SAR,0)]: empty
</CYPRESSTAG>
<CYPRESSTAG name="Port Configuration Details">

------------------------------------------------------------
Port Configuration report
------------------------------------------------------------
     |     |       | Interrupt |                  |          | 
Port | Pin | Fixed |      Type |       Drive Mode |     Name | Connections
-----+-----+-------+-----------+------------------+----------+---------------------------------------------
  12 |   4 |     * |      NONE |    OPEN_DRAIN_LO | SCL_1(0) | FB(\psoc:Net_1109_0\), In(\psoc:Net_643_0\)
     |   5 |     * |      NONE |    OPEN_DRAIN_LO | SDA_1(0) | FB(\psoc:Net_1109_1\), In(\psoc:sda_x_wire\)
-----------------------------------------------------------------------------------------------------------
</CYPRESSTAG>
</CYPRESSTAG>
</CYPRESSTAG>
Digital component placer commit/Report: Elapsed time ==> 0s.010ms
Digital Placement phase: Elapsed time ==> 2s.362ms
</CYPRESSTAG>
<CYPRESSTAG name="Digital Routing">
Routing successful.
Digital Routing phase: Elapsed time ==> 3s.425ms
</CYPRESSTAG>
<CYPRESSTAG name="Bitstream and API generation">
Bitstream and API generation phase: Elapsed time ==> 0s.649ms
</CYPRESSTAG>
<CYPRESSTAG name="Bitstream verification">
Bitstream verification phase: Elapsed time ==> 0s.131ms
</CYPRESSTAG>
<CYPRESSTAG name="Static timing analysis">
Timing report is in Magnetometer_timing.html.
Static timing analysis phase: Elapsed time ==> 0s.639ms
</CYPRESSTAG>
<CYPRESSTAG name="Data reporting">
Data reporting phase: Elapsed time ==> 0s.001ms
</CYPRESSTAG>
<CYPRESSTAG name="Database update...">
Design database save phase: Elapsed time ==> 0s.360ms
</CYPRESSTAG>
cydsfit: Elapsed time ==> 9s.225ms
</CYPRESSTAG>
Fitter phase: Elapsed time ==> 9s.309ms
API generation phase: Elapsed time ==> 1s.702ms
Dependency generation phase: Elapsed time ==> 0s.006ms
Cleanup phase: Elapsed time ==> 0s.001ms
