ARM GAS  C:\Users\Ryan\AppData\Local\Temp\cc2cZaUN.s 			page 1


   1              		.syntax unified
   2              		.cpu cortex-m3
   3              		.fpu softvfp
   4              		.eabi_attribute 20, 1
   5              		.eabi_attribute 21, 1
   6              		.eabi_attribute 23, 3
   7              		.eabi_attribute 24, 1
   8              		.eabi_attribute 25, 1
   9              		.eabi_attribute 26, 1
  10              		.eabi_attribute 30, 6
  11              		.eabi_attribute 34, 1
  12              		.eabi_attribute 18, 4
  13              		.thumb
  14              		.file	"psoc_PM.c"
  15              		.text
  16              	.Ltext0:
  17              		.cfi_sections	.debug_frame
  18              		.global	psoc_backup
  19              		.data
  20              		.align	2
  21              		.type	psoc_backup, %object
  22              		.size	psoc_backup, 5
  23              	psoc_backup:
  24 0000 00       		.byte	0
  25 0001 81       		.byte	-127
  26 0002 02       		.byte	2
  27 0003 0F       		.byte	15
  28 0004 00       		.byte	0
  29 0005 000000   		.section	.text.psoc_SaveConfig,"ax",%progbits
  30              		.align	2
  31              		.global	psoc_SaveConfig
  32              		.thumb
  33              		.thumb_func
  34              		.type	psoc_SaveConfig, %function
  35              	psoc_SaveConfig:
  36              	.LFB0:
  37              		.file 1 ".\\Generated_Source\\PSoC5\\psoc_PM.c"
   1:.\Generated_Source\PSoC5/psoc_PM.c **** /*******************************************************************************
   2:.\Generated_Source\PSoC5/psoc_PM.c **** * File Name: psoc_PM.c
   3:.\Generated_Source\PSoC5/psoc_PM.c **** * Version 3.30
   4:.\Generated_Source\PSoC5/psoc_PM.c **** *
   5:.\Generated_Source\PSoC5/psoc_PM.c **** * Description:
   6:.\Generated_Source\PSoC5/psoc_PM.c **** *  This file provides Low power mode APIs for I2C component.
   7:.\Generated_Source\PSoC5/psoc_PM.c **** *
   8:.\Generated_Source\PSoC5/psoc_PM.c **** * Note:
   9:.\Generated_Source\PSoC5/psoc_PM.c **** *  None
  10:.\Generated_Source\PSoC5/psoc_PM.c **** *
  11:.\Generated_Source\PSoC5/psoc_PM.c **** ********************************************************************************
  12:.\Generated_Source\PSoC5/psoc_PM.c **** * Copyright 2008-2012, Cypress Semiconductor Corporation.  All rights reserved.
  13:.\Generated_Source\PSoC5/psoc_PM.c **** * You may use this file only in accordance with the license, terms, conditions,
  14:.\Generated_Source\PSoC5/psoc_PM.c **** * disclaimers, and limitations in the end user license agreement accompanying
  15:.\Generated_Source\PSoC5/psoc_PM.c **** * the software package with which this file was provided.
  16:.\Generated_Source\PSoC5/psoc_PM.c **** *******************************************************************************/
  17:.\Generated_Source\PSoC5/psoc_PM.c **** 
  18:.\Generated_Source\PSoC5/psoc_PM.c **** #include "psoc_PVT.h"
  19:.\Generated_Source\PSoC5/psoc_PM.c **** 
  20:.\Generated_Source\PSoC5/psoc_PM.c **** psoc_BACKUP_STRUCT psoc_backup =
ARM GAS  C:\Users\Ryan\AppData\Local\Temp\cc2cZaUN.s 			page 2


  21:.\Generated_Source\PSoC5/psoc_PM.c **** {
  22:.\Generated_Source\PSoC5/psoc_PM.c ****     psoc_DISABLE, /* enableState */
  23:.\Generated_Source\PSoC5/psoc_PM.c **** 
  24:.\Generated_Source\PSoC5/psoc_PM.c ****     #if(psoc_FF_IMPLEMENTED)
  25:.\Generated_Source\PSoC5/psoc_PM.c ****         psoc_DEFAULT_XCFG,  /* xcfg */
  26:.\Generated_Source\PSoC5/psoc_PM.c ****         psoc_DEFAULT_CFG,   /* cfg  */
  27:.\Generated_Source\PSoC5/psoc_PM.c **** 
  28:.\Generated_Source\PSoC5/psoc_PM.c ****         #if(psoc_MODE_SLAVE_ENABLED)
  29:.\Generated_Source\PSoC5/psoc_PM.c ****             psoc_DEFAULT_ADDR, /* addr */
  30:.\Generated_Source\PSoC5/psoc_PM.c ****         #endif /* (psoc_MODE_SLAVE_ENABLED) */
  31:.\Generated_Source\PSoC5/psoc_PM.c **** 
  32:.\Generated_Source\PSoC5/psoc_PM.c ****         #if(CY_PSOC5A)
  33:.\Generated_Source\PSoC5/psoc_PM.c ****             LO8(psoc_DEFAULT_DIVIDE_FACTOR),  /* div */
  34:.\Generated_Source\PSoC5/psoc_PM.c ****         #else
  35:.\Generated_Source\PSoC5/psoc_PM.c ****             LO8(psoc_DEFAULT_DIVIDE_FACTOR), /* div1 */
  36:.\Generated_Source\PSoC5/psoc_PM.c ****             HI8(psoc_DEFAULT_DIVIDE_FACTOR), /* div2 */
  37:.\Generated_Source\PSoC5/psoc_PM.c ****         #endif /* (CY_PSOC5A) */
  38:.\Generated_Source\PSoC5/psoc_PM.c **** 
  39:.\Generated_Source\PSoC5/psoc_PM.c ****     #else  /* (psoc_UDB_IMPLEMENTED) */
  40:.\Generated_Source\PSoC5/psoc_PM.c ****         psoc_DEFAULT_CFG,    /* control */
  41:.\Generated_Source\PSoC5/psoc_PM.c **** 
  42:.\Generated_Source\PSoC5/psoc_PM.c ****         #if(CY_UDB_V0)
  43:.\Generated_Source\PSoC5/psoc_PM.c ****             psoc_INT_ENABLE_MASK, /* aux_ctl */
  44:.\Generated_Source\PSoC5/psoc_PM.c **** 
  45:.\Generated_Source\PSoC5/psoc_PM.c ****             #if(psoc_MODE_SLAVE_ENABLED)
  46:.\Generated_Source\PSoC5/psoc_PM.c ****                 psoc_DEFAULT_ADDR, /* addr_d0 */
  47:.\Generated_Source\PSoC5/psoc_PM.c ****             #endif /* (psoc_MODE_SLAVE_ENABLED) */
  48:.\Generated_Source\PSoC5/psoc_PM.c ****         #endif /* (CY_UDB_V0) */
  49:.\Generated_Source\PSoC5/psoc_PM.c ****     #endif /* (psoc_FF_IMPLEMENTED) */
  50:.\Generated_Source\PSoC5/psoc_PM.c **** 
  51:.\Generated_Source\PSoC5/psoc_PM.c ****     #if(psoc_TIMEOUT_ENABLED)
  52:.\Generated_Source\PSoC5/psoc_PM.c ****         psoc_DEFAULT_TMOUT_PERIOD,
  53:.\Generated_Source\PSoC5/psoc_PM.c ****         psoc_DEFAULT_TMOUT_INTR_MASK,
  54:.\Generated_Source\PSoC5/psoc_PM.c **** 
  55:.\Generated_Source\PSoC5/psoc_PM.c ****         #if(psoc_TIMEOUT_PRESCALER_ENABLED && CY_UDB_V0)
  56:.\Generated_Source\PSoC5/psoc_PM.c ****             psoc_DEFAULT_TMOUT_PRESCALER_PRD,
  57:.\Generated_Source\PSoC5/psoc_PM.c ****         #endif /* (psoc_TIMEOUT_PRESCALER_ENABLED) */
  58:.\Generated_Source\PSoC5/psoc_PM.c **** 
  59:.\Generated_Source\PSoC5/psoc_PM.c ****     #endif /* (psoc_TIMEOUT_ENABLED) */
  60:.\Generated_Source\PSoC5/psoc_PM.c **** };
  61:.\Generated_Source\PSoC5/psoc_PM.c **** 
  62:.\Generated_Source\PSoC5/psoc_PM.c **** #if((psoc_FF_IMPLEMENTED) && (psoc_WAKEUP_ENABLED))
  63:.\Generated_Source\PSoC5/psoc_PM.c ****     volatile uint8 psoc_wakeupSource;
  64:.\Generated_Source\PSoC5/psoc_PM.c **** #endif /* ((psoc_FF_IMPLEMENTED) && (psoc_WAKEUP_ENABLED)) */
  65:.\Generated_Source\PSoC5/psoc_PM.c **** 
  66:.\Generated_Source\PSoC5/psoc_PM.c **** 
  67:.\Generated_Source\PSoC5/psoc_PM.c **** /*******************************************************************************
  68:.\Generated_Source\PSoC5/psoc_PM.c **** * Function Name: psoc_SaveConfig
  69:.\Generated_Source\PSoC5/psoc_PM.c **** ********************************************************************************
  70:.\Generated_Source\PSoC5/psoc_PM.c **** *
  71:.\Generated_Source\PSoC5/psoc_PM.c **** * Summary:
  72:.\Generated_Source\PSoC5/psoc_PM.c **** *  Wakeup on address match enabled: disables I2C Master(if was enabled before go
  73:.\Generated_Source\PSoC5/psoc_PM.c **** *  to sleep), enables I2C backup regulator. Waits while on-going transaction be
  74:.\Generated_Source\PSoC5/psoc_PM.c **** *  will completed and I2C will be ready go to sleep. All incoming transaction
  75:.\Generated_Source\PSoC5/psoc_PM.c **** *  will be NACKed till power down will be asserted. The address match event
  76:.\Generated_Source\PSoC5/psoc_PM.c **** *  wakes up the chip.
  77:.\Generated_Source\PSoC5/psoc_PM.c **** *  Wakeup on address match disabled: saves I2C configuration and non-retention
ARM GAS  C:\Users\Ryan\AppData\Local\Temp\cc2cZaUN.s 			page 3


  78:.\Generated_Source\PSoC5/psoc_PM.c **** *  register values.
  79:.\Generated_Source\PSoC5/psoc_PM.c **** *
  80:.\Generated_Source\PSoC5/psoc_PM.c **** * Parameters:
  81:.\Generated_Source\PSoC5/psoc_PM.c **** *  None
  82:.\Generated_Source\PSoC5/psoc_PM.c **** *
  83:.\Generated_Source\PSoC5/psoc_PM.c **** * Return:
  84:.\Generated_Source\PSoC5/psoc_PM.c **** *  None
  85:.\Generated_Source\PSoC5/psoc_PM.c **** *
  86:.\Generated_Source\PSoC5/psoc_PM.c **** * Global Variables:
  87:.\Generated_Source\PSoC5/psoc_PM.c **** *  psoc_backup - used to save component configuration and
  88:.\Generated_Source\PSoC5/psoc_PM.c **** *       none-retention registers before enter sleep mode.
  89:.\Generated_Source\PSoC5/psoc_PM.c **** *
  90:.\Generated_Source\PSoC5/psoc_PM.c **** * Reentrant:
  91:.\Generated_Source\PSoC5/psoc_PM.c **** *  No
  92:.\Generated_Source\PSoC5/psoc_PM.c **** *
  93:.\Generated_Source\PSoC5/psoc_PM.c **** *******************************************************************************/
  94:.\Generated_Source\PSoC5/psoc_PM.c **** void psoc_SaveConfig(void) 
  95:.\Generated_Source\PSoC5/psoc_PM.c **** {
  38              		.loc 1 95 0
  39              		.cfi_startproc
  40              		@ args = 0, pretend = 0, frame = 0
  41              		@ frame_needed = 1, uses_anonymous_args = 0
  42              		@ link register save eliminated.
  43 0000 80B4     		push	{r7}
  44              	.LCFI0:
  45              		.cfi_def_cfa_offset 4
  46              		.cfi_offset 7, -4
  47 0002 00AF     		add	r7, sp, #0
  48              	.LCFI1:
  49              		.cfi_def_cfa_register 7
  96:.\Generated_Source\PSoC5/psoc_PM.c ****     #if(psoc_FF_IMPLEMENTED)
  97:.\Generated_Source\PSoC5/psoc_PM.c ****         #if(psoc_WAKEUP_ENABLED)
  98:.\Generated_Source\PSoC5/psoc_PM.c ****             uint8 enableInterrupts;
  99:.\Generated_Source\PSoC5/psoc_PM.c ****         #endif /* (psoc_WAKEUP_ENABLED) */
 100:.\Generated_Source\PSoC5/psoc_PM.c **** 
 101:.\Generated_Source\PSoC5/psoc_PM.c ****         /* Store regiters in either Sleep mode */
 102:.\Generated_Source\PSoC5/psoc_PM.c ****         psoc_backup.cfg  = psoc_CFG_REG;
  50              		.loc 1 102 0
  51 0004 44F6D613 		movw	r3, #18902
  52 0008 C4F20003 		movt	r3, 16384
  53 000c 1B78     		ldrb	r3, [r3, #0]
  54 000e DAB2     		uxtb	r2, r3
  55 0010 40F20003 		movw	r3, #:lower16:psoc_backup
  56 0014 C0F20003 		movt	r3, #:upper16:psoc_backup
  57 0018 9A70     		strb	r2, [r3, #2]
 103:.\Generated_Source\PSoC5/psoc_PM.c ****         psoc_backup.xcfg = psoc_XCFG_REG;
  58              		.loc 1 103 0
  59 001a 44F6C813 		movw	r3, #18888
  60 001e C4F20003 		movt	r3, 16384
  61 0022 1B78     		ldrb	r3, [r3, #0]
  62 0024 DAB2     		uxtb	r2, r3
  63 0026 40F20003 		movw	r3, #:lower16:psoc_backup
  64 002a C0F20003 		movt	r3, #:upper16:psoc_backup
  65 002e 5A70     		strb	r2, [r3, #1]
 104:.\Generated_Source\PSoC5/psoc_PM.c **** 
 105:.\Generated_Source\PSoC5/psoc_PM.c ****         #if(psoc_MODE_SLAVE_ENABLED)
 106:.\Generated_Source\PSoC5/psoc_PM.c ****             psoc_backup.addr = psoc_ADDR_REG;
ARM GAS  C:\Users\Ryan\AppData\Local\Temp\cc2cZaUN.s 			page 4


 107:.\Generated_Source\PSoC5/psoc_PM.c ****         #endif /* (psoc_MODE_SLAVE_ENABLED) */
 108:.\Generated_Source\PSoC5/psoc_PM.c **** 
 109:.\Generated_Source\PSoC5/psoc_PM.c ****         #if(CY_PSOC5A)
 110:.\Generated_Source\PSoC5/psoc_PM.c ****             psoc_backup.clkDiv   = psoc_CLKDIV_REG;
 111:.\Generated_Source\PSoC5/psoc_PM.c ****         #else
 112:.\Generated_Source\PSoC5/psoc_PM.c ****             psoc_backup.clkDiv1  = psoc_CLKDIV1_REG;
  66              		.loc 1 112 0
  67 0030 44F6DB13 		movw	r3, #18907
  68 0034 C4F20003 		movt	r3, 16384
  69 0038 1B78     		ldrb	r3, [r3, #0]
  70 003a DAB2     		uxtb	r2, r3
  71 003c 40F20003 		movw	r3, #:lower16:psoc_backup
  72 0040 C0F20003 		movt	r3, #:upper16:psoc_backup
  73 0044 DA70     		strb	r2, [r3, #3]
 113:.\Generated_Source\PSoC5/psoc_PM.c ****             psoc_backup.clkDiv2  = psoc_CLKDIV2_REG;
  74              		.loc 1 113 0
  75 0046 44F6DC13 		movw	r3, #18908
  76 004a C4F20003 		movt	r3, 16384
  77 004e 1B78     		ldrb	r3, [r3, #0]
  78 0050 DAB2     		uxtb	r2, r3
  79 0052 40F20003 		movw	r3, #:lower16:psoc_backup
  80 0056 C0F20003 		movt	r3, #:upper16:psoc_backup
  81 005a 1A71     		strb	r2, [r3, #4]
 114:.\Generated_Source\PSoC5/psoc_PM.c ****         #endif /* (CY_PSOC5A) */
 115:.\Generated_Source\PSoC5/psoc_PM.c **** 
 116:.\Generated_Source\PSoC5/psoc_PM.c ****         #if(psoc_WAKEUP_ENABLED)
 117:.\Generated_Source\PSoC5/psoc_PM.c ****             /* Need to disable Master */
 118:.\Generated_Source\PSoC5/psoc_PM.c ****             psoc_CFG_REG &= ((uint8) ~psoc_ENABLE_MASTER);
 119:.\Generated_Source\PSoC5/psoc_PM.c **** 
 120:.\Generated_Source\PSoC5/psoc_PM.c ****             /* Enable the I2C regulator backup */
 121:.\Generated_Source\PSoC5/psoc_PM.c ****             enableInterrupts = CyEnterCriticalSection();
 122:.\Generated_Source\PSoC5/psoc_PM.c ****             psoc_PWRSYS_CR1_REG |= psoc_PWRSYS_CR1_I2C_REG_BACKUP;
 123:.\Generated_Source\PSoC5/psoc_PM.c ****             CyExitCriticalSection(enableInterrupts);
 124:.\Generated_Source\PSoC5/psoc_PM.c **** 
 125:.\Generated_Source\PSoC5/psoc_PM.c ****             /* 1) Set force NACK to ignore I2C transactions
 126:.\Generated_Source\PSoC5/psoc_PM.c ****                2) Wait while I2C will be ready go to Sleep
 127:.\Generated_Source\PSoC5/psoc_PM.c ****                3) These bits are cleared on wake up */
 128:.\Generated_Source\PSoC5/psoc_PM.c ****             psoc_XCFG_REG |= psoc_XCFG_FORCE_NACK;
 129:.\Generated_Source\PSoC5/psoc_PM.c ****             while(0u == (psoc_XCFG_REG & psoc_XCFG_RDY_TO_SLEEP))
 130:.\Generated_Source\PSoC5/psoc_PM.c ****             {
 131:.\Generated_Source\PSoC5/psoc_PM.c ****                 ; /* Wait when block is ready to Sleep */
 132:.\Generated_Source\PSoC5/psoc_PM.c ****             }
 133:.\Generated_Source\PSoC5/psoc_PM.c **** 
 134:.\Generated_Source\PSoC5/psoc_PM.c ****             /* Setup wakeup interrupt */
 135:.\Generated_Source\PSoC5/psoc_PM.c ****             psoc_DisableInt();
 136:.\Generated_Source\PSoC5/psoc_PM.c ****             (void) CyIntSetVector(psoc_ISR_NUMBER, &psoc_WAKEUP_ISR);
 137:.\Generated_Source\PSoC5/psoc_PM.c ****             psoc_wakeupSource = 0u;
 138:.\Generated_Source\PSoC5/psoc_PM.c ****             psoc_EnableInt();
 139:.\Generated_Source\PSoC5/psoc_PM.c **** 
 140:.\Generated_Source\PSoC5/psoc_PM.c ****         #endif /* (psoc_WAKEUP_ENABLED) */
 141:.\Generated_Source\PSoC5/psoc_PM.c **** 
 142:.\Generated_Source\PSoC5/psoc_PM.c ****     #else
 143:.\Generated_Source\PSoC5/psoc_PM.c ****         /* Store only address match bit */
 144:.\Generated_Source\PSoC5/psoc_PM.c ****         psoc_backup.control = (psoc_CFG_REG & psoc_CTRL_ANY_ADDRESS_MASK);
 145:.\Generated_Source\PSoC5/psoc_PM.c **** 
 146:.\Generated_Source\PSoC5/psoc_PM.c ****         #if(CY_UDB_V0)
 147:.\Generated_Source\PSoC5/psoc_PM.c ****             /* Store interrupt mask bits */
ARM GAS  C:\Users\Ryan\AppData\Local\Temp\cc2cZaUN.s 			page 5


 148:.\Generated_Source\PSoC5/psoc_PM.c ****             psoc_backup.intMask = psoc_INT_MASK_REG;
 149:.\Generated_Source\PSoC5/psoc_PM.c **** 
 150:.\Generated_Source\PSoC5/psoc_PM.c ****             #if(psoc_MODE & psoc_MODE_SLAVE)
 151:.\Generated_Source\PSoC5/psoc_PM.c ****                 psoc_backup.addr = psoc_ADDR_REG;
 152:.\Generated_Source\PSoC5/psoc_PM.c ****             #endif /* (psoc_MODE & psoc_MODE_SLAVE) */
 153:.\Generated_Source\PSoC5/psoc_PM.c **** 
 154:.\Generated_Source\PSoC5/psoc_PM.c ****         #endif /* (CY_UDB_V0) */
 155:.\Generated_Source\PSoC5/psoc_PM.c **** 
 156:.\Generated_Source\PSoC5/psoc_PM.c ****     #endif /* (psoc_FF_IMPLEMENTED) */
 157:.\Generated_Source\PSoC5/psoc_PM.c **** 
 158:.\Generated_Source\PSoC5/psoc_PM.c ****     #if(psoc_TIMEOUT_ENABLED)
 159:.\Generated_Source\PSoC5/psoc_PM.c ****         psoc_TimeoutSaveConfig();   /* Save Timeout config */
 160:.\Generated_Source\PSoC5/psoc_PM.c ****     #endif /* (psoc_TIMEOUT_ENABLED) */
 161:.\Generated_Source\PSoC5/psoc_PM.c **** }
  82              		.loc 1 161 0
  83 005c BD46     		mov	sp, r7
  84 005e 80BC     		pop	{r7}
  85 0060 7047     		bx	lr
  86              		.cfi_endproc
  87              	.LFE0:
  88              		.size	psoc_SaveConfig, .-psoc_SaveConfig
  89 0062 00BF     		.section	.text.psoc_Sleep,"ax",%progbits
  90              		.align	2
  91              		.global	psoc_Sleep
  92              		.thumb
  93              		.thumb_func
  94              		.type	psoc_Sleep, %function
  95              	psoc_Sleep:
  96              	.LFB1:
 162:.\Generated_Source\PSoC5/psoc_PM.c **** 
 163:.\Generated_Source\PSoC5/psoc_PM.c **** 
 164:.\Generated_Source\PSoC5/psoc_PM.c **** /*******************************************************************************
 165:.\Generated_Source\PSoC5/psoc_PM.c **** * Function Name: psoc_Sleep
 166:.\Generated_Source\PSoC5/psoc_PM.c **** ********************************************************************************
 167:.\Generated_Source\PSoC5/psoc_PM.c **** *
 168:.\Generated_Source\PSoC5/psoc_PM.c **** * Summary:
 169:.\Generated_Source\PSoC5/psoc_PM.c **** *  Wakeup on address match enabled: All incoming transaction will be NACKed till
 170:.\Generated_Source\PSoC5/psoc_PM.c **** *  power down will be asserted. The address match event wakes up the chip.
 171:.\Generated_Source\PSoC5/psoc_PM.c **** *  Wakeup on address match disabled: Disables active mode power template bits or
 172:.\Generated_Source\PSoC5/psoc_PM.c **** *  clock gating as appropriate. Saves I2C configuration and non-retention
 173:.\Generated_Source\PSoC5/psoc_PM.c **** *  register values.
 174:.\Generated_Source\PSoC5/psoc_PM.c **** *  Disables I2C interrupt.
 175:.\Generated_Source\PSoC5/psoc_PM.c **** *
 176:.\Generated_Source\PSoC5/psoc_PM.c **** * Parameters:
 177:.\Generated_Source\PSoC5/psoc_PM.c **** *  None
 178:.\Generated_Source\PSoC5/psoc_PM.c **** *
 179:.\Generated_Source\PSoC5/psoc_PM.c **** * Return:
 180:.\Generated_Source\PSoC5/psoc_PM.c **** *  None
 181:.\Generated_Source\PSoC5/psoc_PM.c **** *
 182:.\Generated_Source\PSoC5/psoc_PM.c **** * Reentrant:
 183:.\Generated_Source\PSoC5/psoc_PM.c **** *  No
 184:.\Generated_Source\PSoC5/psoc_PM.c **** *
 185:.\Generated_Source\PSoC5/psoc_PM.c **** *******************************************************************************/
 186:.\Generated_Source\PSoC5/psoc_PM.c **** void psoc_Sleep(void) 
 187:.\Generated_Source\PSoC5/psoc_PM.c **** {
  97              		.loc 1 187 0
  98              		.cfi_startproc
ARM GAS  C:\Users\Ryan\AppData\Local\Temp\cc2cZaUN.s 			page 6


  99              		@ args = 0, pretend = 0, frame = 0
 100              		@ frame_needed = 1, uses_anonymous_args = 0
 101 0000 80B5     		push	{r7, lr}
 102              	.LCFI2:
 103              		.cfi_def_cfa_offset 8
 104              		.cfi_offset 7, -8
 105              		.cfi_offset 14, -4
 106 0002 00AF     		add	r7, sp, #0
 107              	.LCFI3:
 108              		.cfi_def_cfa_register 7
 188:.\Generated_Source\PSoC5/psoc_PM.c ****     #if(psoc_WAKEUP_ENABLED)
 189:.\Generated_Source\PSoC5/psoc_PM.c ****         /* The I2C block should be always enabled if used as wakeup source */
 190:.\Generated_Source\PSoC5/psoc_PM.c ****         psoc_backup.enableState = psoc_DISABLE;
 191:.\Generated_Source\PSoC5/psoc_PM.c **** 
 192:.\Generated_Source\PSoC5/psoc_PM.c ****         #if(psoc_TIMEOUT_ENABLED)
 193:.\Generated_Source\PSoC5/psoc_PM.c ****             psoc_TimeoutStop();
 194:.\Generated_Source\PSoC5/psoc_PM.c ****         #endif /* (psoc_TIMEOUT_ENABLED) */
 195:.\Generated_Source\PSoC5/psoc_PM.c **** 
 196:.\Generated_Source\PSoC5/psoc_PM.c ****     #else
 197:.\Generated_Source\PSoC5/psoc_PM.c **** 
 198:.\Generated_Source\PSoC5/psoc_PM.c ****         psoc_backup.enableState = ((uint8) psoc_IS_ENABLED);
 109              		.loc 1 198 0
 110 0004 44F2A533 		movw	r3, #17317
 111 0008 C4F20003 		movt	r3, 16384
 112 000c 1B78     		ldrb	r3, [r3, #0]
 113 000e DBB2     		uxtb	r3, r3
 114 0010 03F00403 		and	r3, r3, #4
 115 0014 002B     		cmp	r3, #0
 116 0016 0CBF     		ite	eq
 117 0018 0023     		moveq	r3, #0
 118 001a 0123     		movne	r3, #1
 119 001c DBB2     		uxtb	r3, r3
 120 001e 1A46     		mov	r2, r3
 121 0020 40F20003 		movw	r3, #:lower16:psoc_backup
 122 0024 C0F20003 		movt	r3, #:upper16:psoc_backup
 123 0028 1A70     		strb	r2, [r3, #0]
 199:.\Generated_Source\PSoC5/psoc_PM.c **** 
 200:.\Generated_Source\PSoC5/psoc_PM.c ****         if(psoc_IS_ENABLED)
 124              		.loc 1 200 0
 125 002a 44F2A533 		movw	r3, #17317
 126 002e C4F20003 		movt	r3, 16384
 127 0032 1B78     		ldrb	r3, [r3, #0]
 128 0034 DBB2     		uxtb	r3, r3
 129 0036 03F00403 		and	r3, r3, #4
 130 003a 002B     		cmp	r3, #0
 131 003c 01D0     		beq	.L3
 201:.\Generated_Source\PSoC5/psoc_PM.c ****         {
 202:.\Generated_Source\PSoC5/psoc_PM.c ****             psoc_Stop();
 132              		.loc 1 202 0
 133 003e FFF7FEFF 		bl	psoc_Stop
 134              	.L3:
 203:.\Generated_Source\PSoC5/psoc_PM.c ****         }
 204:.\Generated_Source\PSoC5/psoc_PM.c ****     #endif /* (psoc_WAKEUP_ENABLED) */
 205:.\Generated_Source\PSoC5/psoc_PM.c **** 
 206:.\Generated_Source\PSoC5/psoc_PM.c ****     psoc_SaveConfig();
 135              		.loc 1 206 0
 136 0042 FFF7FEFF 		bl	psoc_SaveConfig
ARM GAS  C:\Users\Ryan\AppData\Local\Temp\cc2cZaUN.s 			page 7


 207:.\Generated_Source\PSoC5/psoc_PM.c **** }
 137              		.loc 1 207 0
 138 0046 80BD     		pop	{r7, pc}
 139              		.cfi_endproc
 140              	.LFE1:
 141              		.size	psoc_Sleep, .-psoc_Sleep
 142              		.section	.text.psoc_RestoreConfig,"ax",%progbits
 143              		.align	2
 144              		.global	psoc_RestoreConfig
 145              		.thumb
 146              		.thumb_func
 147              		.type	psoc_RestoreConfig, %function
 148              	psoc_RestoreConfig:
 149              	.LFB2:
 208:.\Generated_Source\PSoC5/psoc_PM.c **** 
 209:.\Generated_Source\PSoC5/psoc_PM.c **** 
 210:.\Generated_Source\PSoC5/psoc_PM.c **** /*******************************************************************************
 211:.\Generated_Source\PSoC5/psoc_PM.c **** * Function Name: psoc_RestoreConfig
 212:.\Generated_Source\PSoC5/psoc_PM.c **** ********************************************************************************
 213:.\Generated_Source\PSoC5/psoc_PM.c **** *
 214:.\Generated_Source\PSoC5/psoc_PM.c **** * Summary:
 215:.\Generated_Source\PSoC5/psoc_PM.c **** *  Wakeup on address match enabled: enables I2C Master (if was enabled before go
 216:.\Generated_Source\PSoC5/psoc_PM.c **** *  to sleep), disables I2C backup regulator.
 217:.\Generated_Source\PSoC5/psoc_PM.c **** *  Wakeup on address match disabled: Restores I2C configuration and
 218:.\Generated_Source\PSoC5/psoc_PM.c **** *  non-retention register values.
 219:.\Generated_Source\PSoC5/psoc_PM.c **** *
 220:.\Generated_Source\PSoC5/psoc_PM.c **** * Parameters:
 221:.\Generated_Source\PSoC5/psoc_PM.c **** *  None
 222:.\Generated_Source\PSoC5/psoc_PM.c **** *
 223:.\Generated_Source\PSoC5/psoc_PM.c **** * Return:
 224:.\Generated_Source\PSoC5/psoc_PM.c **** *  None
 225:.\Generated_Source\PSoC5/psoc_PM.c **** *
 226:.\Generated_Source\PSoC5/psoc_PM.c **** * Global Variables:
 227:.\Generated_Source\PSoC5/psoc_PM.c **** *  psoc_backup - used to save component configuration and
 228:.\Generated_Source\PSoC5/psoc_PM.c **** *  none-retention registers before exit sleep mode.
 229:.\Generated_Source\PSoC5/psoc_PM.c **** *
 230:.\Generated_Source\PSoC5/psoc_PM.c **** *******************************************************************************/
 231:.\Generated_Source\PSoC5/psoc_PM.c **** void psoc_RestoreConfig(void) 
 232:.\Generated_Source\PSoC5/psoc_PM.c **** {
 150              		.loc 1 232 0
 151              		.cfi_startproc
 152              		@ args = 0, pretend = 0, frame = 8
 153              		@ frame_needed = 1, uses_anonymous_args = 0
 154 0000 80B5     		push	{r7, lr}
 155              	.LCFI4:
 156              		.cfi_def_cfa_offset 8
 157              		.cfi_offset 7, -8
 158              		.cfi_offset 14, -4
 159 0002 82B0     		sub	sp, sp, #8
 160              	.LCFI5:
 161              		.cfi_def_cfa_offset 16
 162 0004 00AF     		add	r7, sp, #0
 163              	.LCFI6:
 164              		.cfi_def_cfa_register 7
 233:.\Generated_Source\PSoC5/psoc_PM.c ****     #if(psoc_FF_IMPLEMENTED)
 234:.\Generated_Source\PSoC5/psoc_PM.c ****         uint8 enableInterrupts;
 235:.\Generated_Source\PSoC5/psoc_PM.c **** 
ARM GAS  C:\Users\Ryan\AppData\Local\Temp\cc2cZaUN.s 			page 8


 236:.\Generated_Source\PSoC5/psoc_PM.c ****         if(psoc_CHECK_PWRSYS_I2C_BACKUP)    /* Enabled if was in Sleep */
 165              		.loc 1 236 0
 166 0006 44F23133 		movw	r3, #17201
 167 000a C4F20003 		movt	r3, 16384
 168 000e 1B78     		ldrb	r3, [r3, #0]
 169 0010 DBB2     		uxtb	r3, r3
 170 0012 03F00403 		and	r3, r3, #4
 171 0016 DBB2     		uxtb	r3, r3
 172 0018 002B     		cmp	r3, #0
 173 001a 20D0     		beq	.L5
 237:.\Generated_Source\PSoC5/psoc_PM.c ****         {
 238:.\Generated_Source\PSoC5/psoc_PM.c ****             /* Disable back-up regulator */
 239:.\Generated_Source\PSoC5/psoc_PM.c ****             enableInterrupts = CyEnterCriticalSection();
 174              		.loc 1 239 0
 175 001c FFF7FEFF 		bl	CyEnterCriticalSection
 176 0020 0346     		mov	r3, r0
 177 0022 FB71     		strb	r3, [r7, #7]
 240:.\Generated_Source\PSoC5/psoc_PM.c ****             psoc_PWRSYS_CR1_REG &= ((uint8) ~psoc_PWRSYS_CR1_I2C_REG_BACKUP);
 178              		.loc 1 240 0
 179 0024 44F23133 		movw	r3, #17201
 180 0028 C4F20003 		movt	r3, 16384
 181 002c 44F23132 		movw	r2, #17201
 182 0030 C4F20002 		movt	r2, 16384
 183 0034 1278     		ldrb	r2, [r2, #0]
 184 0036 D2B2     		uxtb	r2, r2
 185 0038 22F00402 		bic	r2, r2, #4
 186 003c D2B2     		uxtb	r2, r2
 187 003e 1A70     		strb	r2, [r3, #0]
 241:.\Generated_Source\PSoC5/psoc_PM.c ****             CyExitCriticalSection(enableInterrupts);
 188              		.loc 1 241 0
 189 0040 FB79     		ldrb	r3, [r7, #7]	@ zero_extendqisi2
 190 0042 1846     		mov	r0, r3
 191 0044 FFF7FEFF 		bl	CyExitCriticalSection
 242:.\Generated_Source\PSoC5/psoc_PM.c **** 
 243:.\Generated_Source\PSoC5/psoc_PM.c ****             /* Re-enable Master */
 244:.\Generated_Source\PSoC5/psoc_PM.c ****             psoc_CFG_REG = psoc_backup.cfg;
 192              		.loc 1 244 0
 193 0048 44F6D613 		movw	r3, #18902
 194 004c C4F20003 		movt	r3, 16384
 195 0050 40F20002 		movw	r2, #:lower16:psoc_backup
 196 0054 C0F20002 		movt	r2, #:upper16:psoc_backup
 197 0058 9278     		ldrb	r2, [r2, #2]	@ zero_extendqisi2
 198 005a 1A70     		strb	r2, [r3, #0]
 199 005c 27E0     		b	.L4
 200              	.L5:
 245:.\Generated_Source\PSoC5/psoc_PM.c ****         }
 246:.\Generated_Source\PSoC5/psoc_PM.c ****         else /* The I2C_REG_BACKUP was cleaned by PM API: it means Hibernate or wake-up not set */
 247:.\Generated_Source\PSoC5/psoc_PM.c ****         {
 248:.\Generated_Source\PSoC5/psoc_PM.c ****             #if(psoc_WAKEUP_ENABLED)
 249:.\Generated_Source\PSoC5/psoc_PM.c ****                 /* Disable power to I2C block before register restore */
 250:.\Generated_Source\PSoC5/psoc_PM.c ****                 enableInterrupts = CyEnterCriticalSection();
 251:.\Generated_Source\PSoC5/psoc_PM.c ****                 psoc_ACT_PWRMGR_REG  &= ((uint8) ~psoc_ACT_PWR_EN);
 252:.\Generated_Source\PSoC5/psoc_PM.c ****                 psoc_STBY_PWRMGR_REG &= ((uint8) ~psoc_STBY_PWR_EN);
 253:.\Generated_Source\PSoC5/psoc_PM.c ****                 CyExitCriticalSection(enableInterrupts);
 254:.\Generated_Source\PSoC5/psoc_PM.c **** 
 255:.\Generated_Source\PSoC5/psoc_PM.c ****                 /* Enable component after restore complete */
 256:.\Generated_Source\PSoC5/psoc_PM.c ****                 psoc_backup.enableState = psoc_ENABLE;
ARM GAS  C:\Users\Ryan\AppData\Local\Temp\cc2cZaUN.s 			page 9


 257:.\Generated_Source\PSoC5/psoc_PM.c ****             #endif /* (psoc_WAKEUP_ENABLED) */
 258:.\Generated_Source\PSoC5/psoc_PM.c **** 
 259:.\Generated_Source\PSoC5/psoc_PM.c ****             /* Restore component registers: Hibernate disable power */
 260:.\Generated_Source\PSoC5/psoc_PM.c ****             psoc_XCFG_REG = psoc_backup.xcfg;
 201              		.loc 1 260 0
 202 005e 44F6C813 		movw	r3, #18888
 203 0062 C4F20003 		movt	r3, 16384
 204 0066 40F20002 		movw	r2, #:lower16:psoc_backup
 205 006a C0F20002 		movt	r2, #:upper16:psoc_backup
 206 006e 5278     		ldrb	r2, [r2, #1]	@ zero_extendqisi2
 207 0070 1A70     		strb	r2, [r3, #0]
 261:.\Generated_Source\PSoC5/psoc_PM.c ****             psoc_CFG_REG  = psoc_backup.cfg;
 208              		.loc 1 261 0
 209 0072 44F6D613 		movw	r3, #18902
 210 0076 C4F20003 		movt	r3, 16384
 211 007a 40F20002 		movw	r2, #:lower16:psoc_backup
 212 007e C0F20002 		movt	r2, #:upper16:psoc_backup
 213 0082 9278     		ldrb	r2, [r2, #2]	@ zero_extendqisi2
 214 0084 1A70     		strb	r2, [r3, #0]
 262:.\Generated_Source\PSoC5/psoc_PM.c **** 
 263:.\Generated_Source\PSoC5/psoc_PM.c ****             #if(psoc_MODE_SLAVE_ENABLED)
 264:.\Generated_Source\PSoC5/psoc_PM.c ****                 psoc_ADDR_REG = psoc_backup.addr;
 265:.\Generated_Source\PSoC5/psoc_PM.c ****             #endif /* (psoc_MODE_SLAVE_ENABLED) */
 266:.\Generated_Source\PSoC5/psoc_PM.c **** 
 267:.\Generated_Source\PSoC5/psoc_PM.c ****             #if(CY_PSOC5A)
 268:.\Generated_Source\PSoC5/psoc_PM.c ****                 psoc_CLKDIV_REG  = psoc_backup.clkDiv;
 269:.\Generated_Source\PSoC5/psoc_PM.c ****             #else
 270:.\Generated_Source\PSoC5/psoc_PM.c ****                 psoc_CLKDIV1_REG = psoc_backup.clkDiv1;
 215              		.loc 1 270 0
 216 0086 44F6DB13 		movw	r3, #18907
 217 008a C4F20003 		movt	r3, 16384
 218 008e 40F20002 		movw	r2, #:lower16:psoc_backup
 219 0092 C0F20002 		movt	r2, #:upper16:psoc_backup
 220 0096 D278     		ldrb	r2, [r2, #3]	@ zero_extendqisi2
 221 0098 1A70     		strb	r2, [r3, #0]
 271:.\Generated_Source\PSoC5/psoc_PM.c ****                 psoc_CLKDIV2_REG = psoc_backup.clkDiv2;
 222              		.loc 1 271 0
 223 009a 44F6DC13 		movw	r3, #18908
 224 009e C4F20003 		movt	r3, 16384
 225 00a2 40F20002 		movw	r2, #:lower16:psoc_backup
 226 00a6 C0F20002 		movt	r2, #:upper16:psoc_backup
 227 00aa 1279     		ldrb	r2, [r2, #4]	@ zero_extendqisi2
 228 00ac 1A70     		strb	r2, [r3, #0]
 229              	.L4:
 272:.\Generated_Source\PSoC5/psoc_PM.c ****             #endif /* (CY_PSOC5A) */
 273:.\Generated_Source\PSoC5/psoc_PM.c ****         }
 274:.\Generated_Source\PSoC5/psoc_PM.c **** 
 275:.\Generated_Source\PSoC5/psoc_PM.c ****         #if(psoc_WAKEUP_ENABLED)
 276:.\Generated_Source\PSoC5/psoc_PM.c ****             psoc_DisableInt();
 277:.\Generated_Source\PSoC5/psoc_PM.c ****             (void) CyIntSetVector(psoc_ISR_NUMBER, &psoc_ISR);
 278:.\Generated_Source\PSoC5/psoc_PM.c ****             if(0u != psoc_wakeupSource)
 279:.\Generated_Source\PSoC5/psoc_PM.c ****             {
 280:.\Generated_Source\PSoC5/psoc_PM.c ****                 psoc_SetPendingInt();   /* Generate interrupt to process incomming transcation */
 281:.\Generated_Source\PSoC5/psoc_PM.c ****             }
 282:.\Generated_Source\PSoC5/psoc_PM.c ****             psoc_EnableInt();
 283:.\Generated_Source\PSoC5/psoc_PM.c ****         #endif /* (psoc_WAKEUP_ENABLED) */
 284:.\Generated_Source\PSoC5/psoc_PM.c **** 
ARM GAS  C:\Users\Ryan\AppData\Local\Temp\cc2cZaUN.s 			page 10


 285:.\Generated_Source\PSoC5/psoc_PM.c ****     #else
 286:.\Generated_Source\PSoC5/psoc_PM.c **** 
 287:.\Generated_Source\PSoC5/psoc_PM.c ****         #if(CY_UDB_V0)
 288:.\Generated_Source\PSoC5/psoc_PM.c ****             uint8 enableInterrupts;
 289:.\Generated_Source\PSoC5/psoc_PM.c **** 
 290:.\Generated_Source\PSoC5/psoc_PM.c ****             psoc_INT_MASK_REG |= psoc_backup.intMask;
 291:.\Generated_Source\PSoC5/psoc_PM.c **** 
 292:.\Generated_Source\PSoC5/psoc_PM.c ****             enableInterrupts = CyEnterCriticalSection();
 293:.\Generated_Source\PSoC5/psoc_PM.c ****             psoc_INT_ENABLE_REG |= psoc_INT_ENABLE_MASK;
 294:.\Generated_Source\PSoC5/psoc_PM.c ****             CyExitCriticalSection(enableInterrupts);
 295:.\Generated_Source\PSoC5/psoc_PM.c **** 
 296:.\Generated_Source\PSoC5/psoc_PM.c ****             #if(psoc_MODE_MASTER_ENABLED)
 297:.\Generated_Source\PSoC5/psoc_PM.c ****                 /* Restore Master Clock generator */
 298:.\Generated_Source\PSoC5/psoc_PM.c ****                 psoc_MCLK_PRD_REG = psoc_DEFAULT_MCLK_PRD;
 299:.\Generated_Source\PSoC5/psoc_PM.c ****                 psoc_MCLK_CMP_REG = psoc_DEFAULT_MCLK_CMP;
 300:.\Generated_Source\PSoC5/psoc_PM.c ****             #endif /* (psoc_MODE_MASTER_ENABLED) */
 301:.\Generated_Source\PSoC5/psoc_PM.c **** 
 302:.\Generated_Source\PSoC5/psoc_PM.c ****             #if(psoc_MODE_SLAVE_ENABLED)
 303:.\Generated_Source\PSoC5/psoc_PM.c ****                 psoc_ADDR_REG = psoc_backup.addr;
 304:.\Generated_Source\PSoC5/psoc_PM.c **** 
 305:.\Generated_Source\PSoC5/psoc_PM.c ****                 /* Restore slave bit counter period */
 306:.\Generated_Source\PSoC5/psoc_PM.c ****                 psoc_PERIOD_REG = psoc_DEFAULT_PERIOD;
 307:.\Generated_Source\PSoC5/psoc_PM.c ****             #endif /* (psoc_MODE_SLAVE_ENABLED) */
 308:.\Generated_Source\PSoC5/psoc_PM.c **** 
 309:.\Generated_Source\PSoC5/psoc_PM.c ****         #endif /* (CY_UDB_V0) */
 310:.\Generated_Source\PSoC5/psoc_PM.c **** 
 311:.\Generated_Source\PSoC5/psoc_PM.c ****         psoc_CFG_REG = psoc_backup.control;
 312:.\Generated_Source\PSoC5/psoc_PM.c **** 
 313:.\Generated_Source\PSoC5/psoc_PM.c ****     #endif /* (psoc_FF_IMPLEMENTED) */
 314:.\Generated_Source\PSoC5/psoc_PM.c **** 
 315:.\Generated_Source\PSoC5/psoc_PM.c ****     #if(psoc_TIMEOUT_ENABLED)
 316:.\Generated_Source\PSoC5/psoc_PM.c ****         psoc_TimeoutRestoreConfig();
 317:.\Generated_Source\PSoC5/psoc_PM.c ****     #endif /* (psoc_TIMEOUT_ENABLED) */
 318:.\Generated_Source\PSoC5/psoc_PM.c **** }
 230              		.loc 1 318 0
 231 00ae 07F10807 		add	r7, r7, #8
 232 00b2 BD46     		mov	sp, r7
 233 00b4 80BD     		pop	{r7, pc}
 234              		.cfi_endproc
 235              	.LFE2:
 236              		.size	psoc_RestoreConfig, .-psoc_RestoreConfig
 237 00b6 00BF     		.section	.text.psoc_Wakeup,"ax",%progbits
 238              		.align	2
 239              		.global	psoc_Wakeup
 240              		.thumb
 241              		.thumb_func
 242              		.type	psoc_Wakeup, %function
 243              	psoc_Wakeup:
 244              	.LFB3:
 319:.\Generated_Source\PSoC5/psoc_PM.c **** 
 320:.\Generated_Source\PSoC5/psoc_PM.c **** 
 321:.\Generated_Source\PSoC5/psoc_PM.c **** /*******************************************************************************
 322:.\Generated_Source\PSoC5/psoc_PM.c **** * Function Name: psoc_Wakeup
 323:.\Generated_Source\PSoC5/psoc_PM.c **** ********************************************************************************
 324:.\Generated_Source\PSoC5/psoc_PM.c **** *
 325:.\Generated_Source\PSoC5/psoc_PM.c **** * Summary:
 326:.\Generated_Source\PSoC5/psoc_PM.c **** *  Wakeup on address match enabled: enables I2C Master (if was enabled before go
ARM GAS  C:\Users\Ryan\AppData\Local\Temp\cc2cZaUN.s 			page 11


 327:.\Generated_Source\PSoC5/psoc_PM.c **** *  to sleep) and disables I2C backup regulator.
 328:.\Generated_Source\PSoC5/psoc_PM.c **** *  Wakeup on address match disabled: Restores I2C configuration and
 329:.\Generated_Source\PSoC5/psoc_PM.c **** *  non-retention register values. Restores Active mode power template bits or
 330:.\Generated_Source\PSoC5/psoc_PM.c **** *  clock gating as appropriate.
 331:.\Generated_Source\PSoC5/psoc_PM.c **** *  The I2C interrupt remains disabled after function call.
 332:.\Generated_Source\PSoC5/psoc_PM.c **** *
 333:.\Generated_Source\PSoC5/psoc_PM.c **** * Parameters:
 334:.\Generated_Source\PSoC5/psoc_PM.c **** *  None
 335:.\Generated_Source\PSoC5/psoc_PM.c **** *
 336:.\Generated_Source\PSoC5/psoc_PM.c **** * Return:
 337:.\Generated_Source\PSoC5/psoc_PM.c **** *  None
 338:.\Generated_Source\PSoC5/psoc_PM.c **** *
 339:.\Generated_Source\PSoC5/psoc_PM.c **** * Reentrant:
 340:.\Generated_Source\PSoC5/psoc_PM.c **** *  No
 341:.\Generated_Source\PSoC5/psoc_PM.c **** *
 342:.\Generated_Source\PSoC5/psoc_PM.c **** *******************************************************************************/
 343:.\Generated_Source\PSoC5/psoc_PM.c **** void psoc_Wakeup(void) 
 344:.\Generated_Source\PSoC5/psoc_PM.c **** {
 245              		.loc 1 344 0
 246              		.cfi_startproc
 247              		@ args = 0, pretend = 0, frame = 0
 248              		@ frame_needed = 1, uses_anonymous_args = 0
 249 0000 80B5     		push	{r7, lr}
 250              	.LCFI7:
 251              		.cfi_def_cfa_offset 8
 252              		.cfi_offset 7, -8
 253              		.cfi_offset 14, -4
 254 0002 00AF     		add	r7, sp, #0
 255              	.LCFI8:
 256              		.cfi_def_cfa_register 7
 345:.\Generated_Source\PSoC5/psoc_PM.c ****     psoc_RestoreConfig();   /* Restore I2C register settings */
 257              		.loc 1 345 0
 258 0004 FFF7FEFF 		bl	psoc_RestoreConfig
 346:.\Generated_Source\PSoC5/psoc_PM.c **** 
 347:.\Generated_Source\PSoC5/psoc_PM.c ****     /* Restore component enable state */
 348:.\Generated_Source\PSoC5/psoc_PM.c ****     if(0u != psoc_backup.enableState)
 259              		.loc 1 348 0
 260 0008 40F20003 		movw	r3, #:lower16:psoc_backup
 261 000c C0F20003 		movt	r3, #:upper16:psoc_backup
 262 0010 1B78     		ldrb	r3, [r3, #0]	@ zero_extendqisi2
 263 0012 002B     		cmp	r3, #0
 264 0014 08D0     		beq	.L7
 349:.\Generated_Source\PSoC5/psoc_PM.c ****     {
 350:.\Generated_Source\PSoC5/psoc_PM.c ****         psoc_Enable();
 265              		.loc 1 350 0
 266 0016 FFF7FEFF 		bl	psoc_Enable
 351:.\Generated_Source\PSoC5/psoc_PM.c ****         psoc_EnableInt();
 267              		.loc 1 351 0
 268 001a 4FF46143 		mov	r3, #57600
 269 001e CEF20003 		movt	r3, 57344
 270 0022 4FF40042 		mov	r2, #32768
 271 0026 1A60     		str	r2, [r3, #0]
 272              	.L7:
 352:.\Generated_Source\PSoC5/psoc_PM.c ****     }
 353:.\Generated_Source\PSoC5/psoc_PM.c ****     else
 354:.\Generated_Source\PSoC5/psoc_PM.c ****     {
 355:.\Generated_Source\PSoC5/psoc_PM.c ****         #if(psoc_TIMEOUT_ENABLED)
ARM GAS  C:\Users\Ryan\AppData\Local\Temp\cc2cZaUN.s 			page 12


 356:.\Generated_Source\PSoC5/psoc_PM.c ****             psoc_TimeoutEnable();
 357:.\Generated_Source\PSoC5/psoc_PM.c ****         #endif /* (psoc_TIMEOUT_ENABLED) */
 358:.\Generated_Source\PSoC5/psoc_PM.c ****     }
 359:.\Generated_Source\PSoC5/psoc_PM.c **** }
 273              		.loc 1 359 0
 274 0028 80BD     		pop	{r7, pc}
 275              		.cfi_endproc
 276              	.LFE3:
 277              		.size	psoc_Wakeup, .-psoc_Wakeup
 278 002a 00BF     		.text
 279              	.Letext0:
 280              		.file 2 ".\\Generated_Source\\PSoC5\\cytypes.h"
 281              		.file 3 ".\\Generated_Source\\PSoC5\\psoc.h"
 282              		.section	.debug_info,"",%progbits
 283              	.Ldebug_info0:
 284 0000 A1010000 		.4byte	0x1a1
 285 0004 0200     		.2byte	0x2
 286 0006 00000000 		.4byte	.Ldebug_abbrev0
 287 000a 04       		.byte	0x4
 288 000b 01       		.uleb128 0x1
 289 000c 3F010000 		.4byte	.LASF26
 290 0010 01       		.byte	0x1
 291 0011 12010000 		.4byte	.LASF27
 292 0015 88010000 		.4byte	.LASF28
 293 0019 00000000 		.4byte	.Ldebug_ranges0+0
 294 001d 00000000 		.4byte	0
 295 0021 00000000 		.4byte	0
 296 0025 00000000 		.4byte	.Ldebug_line0
 297 0029 02       		.uleb128 0x2
 298 002a 01       		.byte	0x1
 299 002b 06       		.byte	0x6
 300 002c E2010000 		.4byte	.LASF0
 301 0030 02       		.uleb128 0x2
 302 0031 01       		.byte	0x1
 303 0032 08       		.byte	0x8
 304 0033 1F000000 		.4byte	.LASF1
 305 0037 02       		.uleb128 0x2
 306 0038 02       		.byte	0x2
 307 0039 05       		.byte	0x5
 308 003a 35010000 		.4byte	.LASF2
 309 003e 02       		.uleb128 0x2
 310 003f 02       		.byte	0x2
 311 0040 07       		.byte	0x7
 312 0041 06000000 		.4byte	.LASF3
 313 0045 02       		.uleb128 0x2
 314 0046 04       		.byte	0x4
 315 0047 05       		.byte	0x5
 316 0048 CD010000 		.4byte	.LASF4
 317 004c 02       		.uleb128 0x2
 318 004d 04       		.byte	0x4
 319 004e 07       		.byte	0x7
 320 004f 3D000000 		.4byte	.LASF5
 321 0053 02       		.uleb128 0x2
 322 0054 08       		.byte	0x8
 323 0055 05       		.byte	0x5
 324 0056 FA000000 		.4byte	.LASF6
 325 005a 02       		.uleb128 0x2
ARM GAS  C:\Users\Ryan\AppData\Local\Temp\cc2cZaUN.s 			page 13


 326 005b 08       		.byte	0x8
 327 005c 07       		.byte	0x7
 328 005d A6000000 		.4byte	.LASF7
 329 0061 03       		.uleb128 0x3
 330 0062 04       		.byte	0x4
 331 0063 05       		.byte	0x5
 332 0064 696E7400 		.ascii	"int\000"
 333 0068 02       		.uleb128 0x2
 334 0069 04       		.byte	0x4
 335 006a 07       		.byte	0x7
 336 006b 99000000 		.4byte	.LASF8
 337 006f 04       		.uleb128 0x4
 338 0070 4F000000 		.4byte	.LASF9
 339 0074 02       		.byte	0x2
 340 0075 5B       		.byte	0x5b
 341 0076 30000000 		.4byte	0x30
 342 007a 04       		.uleb128 0x4
 343 007b 7F000000 		.4byte	.LASF10
 344 007f 02       		.byte	0x2
 345 0080 5C       		.byte	0x5c
 346 0081 3E000000 		.4byte	0x3e
 347 0085 04       		.uleb128 0x4
 348 0086 86000000 		.4byte	.LASF11
 349 008a 02       		.byte	0x2
 350 008b 5D       		.byte	0x5d
 351 008c 4C000000 		.4byte	0x4c
 352 0090 02       		.uleb128 0x2
 353 0091 04       		.byte	0x4
 354 0092 04       		.byte	0x4
 355 0093 19000000 		.4byte	.LASF12
 356 0097 02       		.uleb128 0x2
 357 0098 08       		.byte	0x8
 358 0099 04       		.byte	0x4
 359 009a 78000000 		.4byte	.LASF13
 360 009e 02       		.uleb128 0x2
 361 009f 01       		.byte	0x1
 362 00a0 08       		.byte	0x8
 363 00a1 08010000 		.4byte	.LASF14
 364 00a5 04       		.uleb128 0x4
 365 00a6 2D000000 		.4byte	.LASF15
 366 00aa 02       		.byte	0x2
 367 00ab F0       		.byte	0xf0
 368 00ac B0000000 		.4byte	0xb0
 369 00b0 05       		.uleb128 0x5
 370 00b1 6F000000 		.4byte	0x6f
 371 00b5 04       		.uleb128 0x4
 372 00b6 00000000 		.4byte	.LASF16
 373 00ba 02       		.byte	0x2
 374 00bb F2       		.byte	0xf2
 375 00bc C0000000 		.4byte	0xc0
 376 00c0 05       		.uleb128 0x5
 377 00c1 85000000 		.4byte	0x85
 378 00c5 02       		.uleb128 0x2
 379 00c6 04       		.byte	0x4
 380 00c7 07       		.byte	0x7
 381 00c8 CD000000 		.4byte	.LASF17
 382 00cc 06       		.uleb128 0x6
ARM GAS  C:\Users\Ryan\AppData\Local\Temp\cc2cZaUN.s 			page 14


 383 00cd 05       		.byte	0x5
 384 00ce 03       		.byte	0x3
 385 00cf 78       		.byte	0x78
 386 00d0 1B010000 		.4byte	0x11b
 387 00d4 07       		.uleb128 0x7
 388 00d5 8D000000 		.4byte	.LASF18
 389 00d9 03       		.byte	0x3
 390 00da 7A       		.byte	0x7a
 391 00db 6F000000 		.4byte	0x6f
 392 00df 02       		.byte	0x2
 393 00e0 23       		.byte	0x23
 394 00e1 00       		.uleb128 0
 395 00e2 07       		.uleb128 0x7
 396 00e3 0D010000 		.4byte	.LASF19
 397 00e7 03       		.byte	0x3
 398 00e8 7D       		.byte	0x7d
 399 00e9 6F000000 		.4byte	0x6f
 400 00ed 02       		.byte	0x2
 401 00ee 23       		.byte	0x23
 402 00ef 01       		.uleb128 0x1
 403 00f0 08       		.uleb128 0x8
 404 00f1 63666700 		.ascii	"cfg\000"
 405 00f5 03       		.byte	0x3
 406 00f6 7E       		.byte	0x7e
 407 00f7 6F000000 		.4byte	0x6f
 408 00fb 02       		.byte	0x2
 409 00fc 23       		.byte	0x23
 410 00fd 02       		.uleb128 0x2
 411 00fe 07       		.uleb128 0x7
 412 00ff BD000000 		.4byte	.LASF20
 413 0103 03       		.byte	0x3
 414 0104 87       		.byte	0x87
 415 0105 6F000000 		.4byte	0x6f
 416 0109 02       		.byte	0x2
 417 010a 23       		.byte	0x23
 418 010b 03       		.uleb128 0x3
 419 010c 07       		.uleb128 0x7
 420 010d C5000000 		.4byte	.LASF21
 421 0111 03       		.byte	0x3
 422 0112 88       		.byte	0x88
 423 0113 6F000000 		.4byte	0x6f
 424 0117 02       		.byte	0x2
 425 0118 23       		.byte	0x23
 426 0119 04       		.uleb128 0x4
 427 011a 00       		.byte	0
 428 011b 04       		.uleb128 0x4
 429 011c 55000000 		.4byte	.LASF22
 430 0120 03       		.byte	0x3
 431 0121 A2       		.byte	0xa2
 432 0122 CC000000 		.4byte	0xcc
 433 0126 09       		.uleb128 0x9
 434 0127 01       		.byte	0x1
 435 0128 68000000 		.4byte	.LASF23
 436 012c 01       		.byte	0x1
 437 012d 5E       		.byte	0x5e
 438 012e 01       		.byte	0x1
 439 012f 00000000 		.4byte	.LFB0
ARM GAS  C:\Users\Ryan\AppData\Local\Temp\cc2cZaUN.s 			page 15


 440 0133 62000000 		.4byte	.LFE0
 441 0137 00000000 		.4byte	.LLST0
 442 013b 01       		.byte	0x1
 443 013c 0A       		.uleb128 0xa
 444 013d 01       		.byte	0x1
 445 013e 32000000 		.4byte	.LASF24
 446 0142 01       		.byte	0x1
 447 0143 BA       		.byte	0xba
 448 0144 01       		.byte	0x1
 449 0145 00000000 		.4byte	.LFB1
 450 0149 48000000 		.4byte	.LFE1
 451 014d 2C000000 		.4byte	.LLST1
 452 0151 01       		.byte	0x1
 453 0152 0B       		.uleb128 0xb
 454 0153 01       		.byte	0x1
 455 0154 D6000000 		.4byte	.LASF29
 456 0158 01       		.byte	0x1
 457 0159 E7       		.byte	0xe7
 458 015a 01       		.byte	0x1
 459 015b 00000000 		.4byte	.LFB2
 460 015f B6000000 		.4byte	.LFE2
 461 0163 58000000 		.4byte	.LLST2
 462 0167 01       		.byte	0x1
 463 0168 7B010000 		.4byte	0x17b
 464 016c 0C       		.uleb128 0xc
 465 016d E9000000 		.4byte	.LASF30
 466 0171 01       		.byte	0x1
 467 0172 EA       		.byte	0xea
 468 0173 6F000000 		.4byte	0x6f
 469 0177 02       		.byte	0x2
 470 0178 91       		.byte	0x91
 471 0179 77       		.sleb128 -9
 472 017a 00       		.byte	0
 473 017b 0D       		.uleb128 0xd
 474 017c 01       		.byte	0x1
 475 017d EE010000 		.4byte	.LASF25
 476 0181 01       		.byte	0x1
 477 0182 5701     		.2byte	0x157
 478 0184 01       		.byte	0x1
 479 0185 00000000 		.4byte	.LFB3
 480 0189 2A000000 		.4byte	.LFE3
 481 018d 90000000 		.4byte	.LLST3
 482 0191 01       		.byte	0x1
 483 0192 0E       		.uleb128 0xe
 484 0193 D6010000 		.4byte	.LASF31
 485 0197 01       		.byte	0x1
 486 0198 14       		.byte	0x14
 487 0199 1B010000 		.4byte	0x11b
 488 019d 01       		.byte	0x1
 489 019e 05       		.byte	0x5
 490 019f 03       		.byte	0x3
 491 01a0 00000000 		.4byte	psoc_backup
 492 01a4 00       		.byte	0
 493              		.section	.debug_abbrev,"",%progbits
 494              	.Ldebug_abbrev0:
 495 0000 01       		.uleb128 0x1
 496 0001 11       		.uleb128 0x11
ARM GAS  C:\Users\Ryan\AppData\Local\Temp\cc2cZaUN.s 			page 16


 497 0002 01       		.byte	0x1
 498 0003 25       		.uleb128 0x25
 499 0004 0E       		.uleb128 0xe
 500 0005 13       		.uleb128 0x13
 501 0006 0B       		.uleb128 0xb
 502 0007 03       		.uleb128 0x3
 503 0008 0E       		.uleb128 0xe
 504 0009 1B       		.uleb128 0x1b
 505 000a 0E       		.uleb128 0xe
 506 000b 55       		.uleb128 0x55
 507 000c 06       		.uleb128 0x6
 508 000d 11       		.uleb128 0x11
 509 000e 01       		.uleb128 0x1
 510 000f 52       		.uleb128 0x52
 511 0010 01       		.uleb128 0x1
 512 0011 10       		.uleb128 0x10
 513 0012 06       		.uleb128 0x6
 514 0013 00       		.byte	0
 515 0014 00       		.byte	0
 516 0015 02       		.uleb128 0x2
 517 0016 24       		.uleb128 0x24
 518 0017 00       		.byte	0
 519 0018 0B       		.uleb128 0xb
 520 0019 0B       		.uleb128 0xb
 521 001a 3E       		.uleb128 0x3e
 522 001b 0B       		.uleb128 0xb
 523 001c 03       		.uleb128 0x3
 524 001d 0E       		.uleb128 0xe
 525 001e 00       		.byte	0
 526 001f 00       		.byte	0
 527 0020 03       		.uleb128 0x3
 528 0021 24       		.uleb128 0x24
 529 0022 00       		.byte	0
 530 0023 0B       		.uleb128 0xb
 531 0024 0B       		.uleb128 0xb
 532 0025 3E       		.uleb128 0x3e
 533 0026 0B       		.uleb128 0xb
 534 0027 03       		.uleb128 0x3
 535 0028 08       		.uleb128 0x8
 536 0029 00       		.byte	0
 537 002a 00       		.byte	0
 538 002b 04       		.uleb128 0x4
 539 002c 16       		.uleb128 0x16
 540 002d 00       		.byte	0
 541 002e 03       		.uleb128 0x3
 542 002f 0E       		.uleb128 0xe
 543 0030 3A       		.uleb128 0x3a
 544 0031 0B       		.uleb128 0xb
 545 0032 3B       		.uleb128 0x3b
 546 0033 0B       		.uleb128 0xb
 547 0034 49       		.uleb128 0x49
 548 0035 13       		.uleb128 0x13
 549 0036 00       		.byte	0
 550 0037 00       		.byte	0
 551 0038 05       		.uleb128 0x5
 552 0039 35       		.uleb128 0x35
 553 003a 00       		.byte	0
ARM GAS  C:\Users\Ryan\AppData\Local\Temp\cc2cZaUN.s 			page 17


 554 003b 49       		.uleb128 0x49
 555 003c 13       		.uleb128 0x13
 556 003d 00       		.byte	0
 557 003e 00       		.byte	0
 558 003f 06       		.uleb128 0x6
 559 0040 13       		.uleb128 0x13
 560 0041 01       		.byte	0x1
 561 0042 0B       		.uleb128 0xb
 562 0043 0B       		.uleb128 0xb
 563 0044 3A       		.uleb128 0x3a
 564 0045 0B       		.uleb128 0xb
 565 0046 3B       		.uleb128 0x3b
 566 0047 0B       		.uleb128 0xb
 567 0048 01       		.uleb128 0x1
 568 0049 13       		.uleb128 0x13
 569 004a 00       		.byte	0
 570 004b 00       		.byte	0
 571 004c 07       		.uleb128 0x7
 572 004d 0D       		.uleb128 0xd
 573 004e 00       		.byte	0
 574 004f 03       		.uleb128 0x3
 575 0050 0E       		.uleb128 0xe
 576 0051 3A       		.uleb128 0x3a
 577 0052 0B       		.uleb128 0xb
 578 0053 3B       		.uleb128 0x3b
 579 0054 0B       		.uleb128 0xb
 580 0055 49       		.uleb128 0x49
 581 0056 13       		.uleb128 0x13
 582 0057 38       		.uleb128 0x38
 583 0058 0A       		.uleb128 0xa
 584 0059 00       		.byte	0
 585 005a 00       		.byte	0
 586 005b 08       		.uleb128 0x8
 587 005c 0D       		.uleb128 0xd
 588 005d 00       		.byte	0
 589 005e 03       		.uleb128 0x3
 590 005f 08       		.uleb128 0x8
 591 0060 3A       		.uleb128 0x3a
 592 0061 0B       		.uleb128 0xb
 593 0062 3B       		.uleb128 0x3b
 594 0063 0B       		.uleb128 0xb
 595 0064 49       		.uleb128 0x49
 596 0065 13       		.uleb128 0x13
 597 0066 38       		.uleb128 0x38
 598 0067 0A       		.uleb128 0xa
 599 0068 00       		.byte	0
 600 0069 00       		.byte	0
 601 006a 09       		.uleb128 0x9
 602 006b 2E       		.uleb128 0x2e
 603 006c 00       		.byte	0
 604 006d 3F       		.uleb128 0x3f
 605 006e 0C       		.uleb128 0xc
 606 006f 03       		.uleb128 0x3
 607 0070 0E       		.uleb128 0xe
 608 0071 3A       		.uleb128 0x3a
 609 0072 0B       		.uleb128 0xb
 610 0073 3B       		.uleb128 0x3b
ARM GAS  C:\Users\Ryan\AppData\Local\Temp\cc2cZaUN.s 			page 18


 611 0074 0B       		.uleb128 0xb
 612 0075 27       		.uleb128 0x27
 613 0076 0C       		.uleb128 0xc
 614 0077 11       		.uleb128 0x11
 615 0078 01       		.uleb128 0x1
 616 0079 12       		.uleb128 0x12
 617 007a 01       		.uleb128 0x1
 618 007b 40       		.uleb128 0x40
 619 007c 06       		.uleb128 0x6
 620 007d 9742     		.uleb128 0x2117
 621 007f 0C       		.uleb128 0xc
 622 0080 00       		.byte	0
 623 0081 00       		.byte	0
 624 0082 0A       		.uleb128 0xa
 625 0083 2E       		.uleb128 0x2e
 626 0084 00       		.byte	0
 627 0085 3F       		.uleb128 0x3f
 628 0086 0C       		.uleb128 0xc
 629 0087 03       		.uleb128 0x3
 630 0088 0E       		.uleb128 0xe
 631 0089 3A       		.uleb128 0x3a
 632 008a 0B       		.uleb128 0xb
 633 008b 3B       		.uleb128 0x3b
 634 008c 0B       		.uleb128 0xb
 635 008d 27       		.uleb128 0x27
 636 008e 0C       		.uleb128 0xc
 637 008f 11       		.uleb128 0x11
 638 0090 01       		.uleb128 0x1
 639 0091 12       		.uleb128 0x12
 640 0092 01       		.uleb128 0x1
 641 0093 40       		.uleb128 0x40
 642 0094 06       		.uleb128 0x6
 643 0095 9642     		.uleb128 0x2116
 644 0097 0C       		.uleb128 0xc
 645 0098 00       		.byte	0
 646 0099 00       		.byte	0
 647 009a 0B       		.uleb128 0xb
 648 009b 2E       		.uleb128 0x2e
 649 009c 01       		.byte	0x1
 650 009d 3F       		.uleb128 0x3f
 651 009e 0C       		.uleb128 0xc
 652 009f 03       		.uleb128 0x3
 653 00a0 0E       		.uleb128 0xe
 654 00a1 3A       		.uleb128 0x3a
 655 00a2 0B       		.uleb128 0xb
 656 00a3 3B       		.uleb128 0x3b
 657 00a4 0B       		.uleb128 0xb
 658 00a5 27       		.uleb128 0x27
 659 00a6 0C       		.uleb128 0xc
 660 00a7 11       		.uleb128 0x11
 661 00a8 01       		.uleb128 0x1
 662 00a9 12       		.uleb128 0x12
 663 00aa 01       		.uleb128 0x1
 664 00ab 40       		.uleb128 0x40
 665 00ac 06       		.uleb128 0x6
 666 00ad 9642     		.uleb128 0x2116
 667 00af 0C       		.uleb128 0xc
ARM GAS  C:\Users\Ryan\AppData\Local\Temp\cc2cZaUN.s 			page 19


 668 00b0 01       		.uleb128 0x1
 669 00b1 13       		.uleb128 0x13
 670 00b2 00       		.byte	0
 671 00b3 00       		.byte	0
 672 00b4 0C       		.uleb128 0xc
 673 00b5 34       		.uleb128 0x34
 674 00b6 00       		.byte	0
 675 00b7 03       		.uleb128 0x3
 676 00b8 0E       		.uleb128 0xe
 677 00b9 3A       		.uleb128 0x3a
 678 00ba 0B       		.uleb128 0xb
 679 00bb 3B       		.uleb128 0x3b
 680 00bc 0B       		.uleb128 0xb
 681 00bd 49       		.uleb128 0x49
 682 00be 13       		.uleb128 0x13
 683 00bf 02       		.uleb128 0x2
 684 00c0 0A       		.uleb128 0xa
 685 00c1 00       		.byte	0
 686 00c2 00       		.byte	0
 687 00c3 0D       		.uleb128 0xd
 688 00c4 2E       		.uleb128 0x2e
 689 00c5 00       		.byte	0
 690 00c6 3F       		.uleb128 0x3f
 691 00c7 0C       		.uleb128 0xc
 692 00c8 03       		.uleb128 0x3
 693 00c9 0E       		.uleb128 0xe
 694 00ca 3A       		.uleb128 0x3a
 695 00cb 0B       		.uleb128 0xb
 696 00cc 3B       		.uleb128 0x3b
 697 00cd 05       		.uleb128 0x5
 698 00ce 27       		.uleb128 0x27
 699 00cf 0C       		.uleb128 0xc
 700 00d0 11       		.uleb128 0x11
 701 00d1 01       		.uleb128 0x1
 702 00d2 12       		.uleb128 0x12
 703 00d3 01       		.uleb128 0x1
 704 00d4 40       		.uleb128 0x40
 705 00d5 06       		.uleb128 0x6
 706 00d6 9642     		.uleb128 0x2116
 707 00d8 0C       		.uleb128 0xc
 708 00d9 00       		.byte	0
 709 00da 00       		.byte	0
 710 00db 0E       		.uleb128 0xe
 711 00dc 34       		.uleb128 0x34
 712 00dd 00       		.byte	0
 713 00de 03       		.uleb128 0x3
 714 00df 0E       		.uleb128 0xe
 715 00e0 3A       		.uleb128 0x3a
 716 00e1 0B       		.uleb128 0xb
 717 00e2 3B       		.uleb128 0x3b
 718 00e3 0B       		.uleb128 0xb
 719 00e4 49       		.uleb128 0x49
 720 00e5 13       		.uleb128 0x13
 721 00e6 3F       		.uleb128 0x3f
 722 00e7 0C       		.uleb128 0xc
 723 00e8 02       		.uleb128 0x2
 724 00e9 0A       		.uleb128 0xa
ARM GAS  C:\Users\Ryan\AppData\Local\Temp\cc2cZaUN.s 			page 20


 725 00ea 00       		.byte	0
 726 00eb 00       		.byte	0
 727 00ec 00       		.byte	0
 728              		.section	.debug_loc,"",%progbits
 729              	.Ldebug_loc0:
 730              	.LLST0:
 731 0000 00000000 		.4byte	.LFB0
 732 0004 02000000 		.4byte	.LCFI0
 733 0008 0200     		.2byte	0x2
 734 000a 7D       		.byte	0x7d
 735 000b 00       		.sleb128 0
 736 000c 02000000 		.4byte	.LCFI0
 737 0010 04000000 		.4byte	.LCFI1
 738 0014 0200     		.2byte	0x2
 739 0016 7D       		.byte	0x7d
 740 0017 04       		.sleb128 4
 741 0018 04000000 		.4byte	.LCFI1
 742 001c 62000000 		.4byte	.LFE0
 743 0020 0200     		.2byte	0x2
 744 0022 77       		.byte	0x77
 745 0023 04       		.sleb128 4
 746 0024 00000000 		.4byte	0
 747 0028 00000000 		.4byte	0
 748              	.LLST1:
 749 002c 00000000 		.4byte	.LFB1
 750 0030 02000000 		.4byte	.LCFI2
 751 0034 0200     		.2byte	0x2
 752 0036 7D       		.byte	0x7d
 753 0037 00       		.sleb128 0
 754 0038 02000000 		.4byte	.LCFI2
 755 003c 04000000 		.4byte	.LCFI3
 756 0040 0200     		.2byte	0x2
 757 0042 7D       		.byte	0x7d
 758 0043 08       		.sleb128 8
 759 0044 04000000 		.4byte	.LCFI3
 760 0048 48000000 		.4byte	.LFE1
 761 004c 0200     		.2byte	0x2
 762 004e 77       		.byte	0x77
 763 004f 08       		.sleb128 8
 764 0050 00000000 		.4byte	0
 765 0054 00000000 		.4byte	0
 766              	.LLST2:
 767 0058 00000000 		.4byte	.LFB2
 768 005c 02000000 		.4byte	.LCFI4
 769 0060 0200     		.2byte	0x2
 770 0062 7D       		.byte	0x7d
 771 0063 00       		.sleb128 0
 772 0064 02000000 		.4byte	.LCFI4
 773 0068 04000000 		.4byte	.LCFI5
 774 006c 0200     		.2byte	0x2
 775 006e 7D       		.byte	0x7d
 776 006f 08       		.sleb128 8
 777 0070 04000000 		.4byte	.LCFI5
 778 0074 06000000 		.4byte	.LCFI6
 779 0078 0200     		.2byte	0x2
 780 007a 7D       		.byte	0x7d
 781 007b 10       		.sleb128 16
ARM GAS  C:\Users\Ryan\AppData\Local\Temp\cc2cZaUN.s 			page 21


 782 007c 06000000 		.4byte	.LCFI6
 783 0080 B6000000 		.4byte	.LFE2
 784 0084 0200     		.2byte	0x2
 785 0086 77       		.byte	0x77
 786 0087 10       		.sleb128 16
 787 0088 00000000 		.4byte	0
 788 008c 00000000 		.4byte	0
 789              	.LLST3:
 790 0090 00000000 		.4byte	.LFB3
 791 0094 02000000 		.4byte	.LCFI7
 792 0098 0200     		.2byte	0x2
 793 009a 7D       		.byte	0x7d
 794 009b 00       		.sleb128 0
 795 009c 02000000 		.4byte	.LCFI7
 796 00a0 04000000 		.4byte	.LCFI8
 797 00a4 0200     		.2byte	0x2
 798 00a6 7D       		.byte	0x7d
 799 00a7 08       		.sleb128 8
 800 00a8 04000000 		.4byte	.LCFI8
 801 00ac 2A000000 		.4byte	.LFE3
 802 00b0 0200     		.2byte	0x2
 803 00b2 77       		.byte	0x77
 804 00b3 08       		.sleb128 8
 805 00b4 00000000 		.4byte	0
 806 00b8 00000000 		.4byte	0
 807              		.section	.debug_aranges,"",%progbits
 808 0000 34000000 		.4byte	0x34
 809 0004 0200     		.2byte	0x2
 810 0006 00000000 		.4byte	.Ldebug_info0
 811 000a 04       		.byte	0x4
 812 000b 00       		.byte	0
 813 000c 0000     		.2byte	0
 814 000e 0000     		.2byte	0
 815 0010 00000000 		.4byte	.LFB0
 816 0014 62000000 		.4byte	.LFE0-.LFB0
 817 0018 00000000 		.4byte	.LFB1
 818 001c 48000000 		.4byte	.LFE1-.LFB1
 819 0020 00000000 		.4byte	.LFB2
 820 0024 B6000000 		.4byte	.LFE2-.LFB2
 821 0028 00000000 		.4byte	.LFB3
 822 002c 2A000000 		.4byte	.LFE3-.LFB3
 823 0030 00000000 		.4byte	0
 824 0034 00000000 		.4byte	0
 825              		.section	.debug_ranges,"",%progbits
 826              	.Ldebug_ranges0:
 827 0000 00000000 		.4byte	.LFB0
 828 0004 62000000 		.4byte	.LFE0
 829 0008 00000000 		.4byte	.LFB1
 830 000c 48000000 		.4byte	.LFE1
 831 0010 00000000 		.4byte	.LFB2
 832 0014 B6000000 		.4byte	.LFE2
 833 0018 00000000 		.4byte	.LFB3
 834 001c 2A000000 		.4byte	.LFE3
 835 0020 00000000 		.4byte	0
 836 0024 00000000 		.4byte	0
 837              		.section	.debug_line,"",%progbits
 838              	.Ldebug_line0:
ARM GAS  C:\Users\Ryan\AppData\Local\Temp\cc2cZaUN.s 			page 22


 839 0000 BC000000 		.section	.debug_str,"MS",%progbits,1
 839      02005000 
 839      00000201 
 839      FB0E0D00 
 839      01010101 
 840              	.LASF16:
 841 0000 72656733 		.ascii	"reg32\000"
 841      3200
 842              	.LASF3:
 843 0006 73686F72 		.ascii	"short unsigned int\000"
 843      7420756E 
 843      7369676E 
 843      65642069 
 843      6E7400
 844              	.LASF12:
 845 0019 666C6F61 		.ascii	"float\000"
 845      7400
 846              	.LASF1:
 847 001f 756E7369 		.ascii	"unsigned char\000"
 847      676E6564 
 847      20636861 
 847      7200
 848              	.LASF15:
 849 002d 72656738 		.ascii	"reg8\000"
 849      00
 850              	.LASF24:
 851 0032 70736F63 		.ascii	"psoc_Sleep\000"
 851      5F536C65 
 851      657000
 852              	.LASF5:
 853 003d 6C6F6E67 		.ascii	"long unsigned int\000"
 853      20756E73 
 853      69676E65 
 853      6420696E 
 853      7400
 854              	.LASF9:
 855 004f 75696E74 		.ascii	"uint8\000"
 855      3800
 856              	.LASF22:
 857 0055 70736F63 		.ascii	"psoc_BACKUP_STRUCT\000"
 857      5F424143 
 857      4B55505F 
 857      53545255 
 857      435400
 858              	.LASF23:
 859 0068 70736F63 		.ascii	"psoc_SaveConfig\000"
 859      5F536176 
 859      65436F6E 
 859      66696700 
 860              	.LASF13:
 861 0078 646F7562 		.ascii	"double\000"
 861      6C6500
 862              	.LASF10:
 863 007f 75696E74 		.ascii	"uint16\000"
 863      313600
 864              	.LASF11:
 865 0086 75696E74 		.ascii	"uint32\000"
ARM GAS  C:\Users\Ryan\AppData\Local\Temp\cc2cZaUN.s 			page 23


 865      333200
 866              	.LASF18:
 867 008d 656E6162 		.ascii	"enableState\000"
 867      6C655374 
 867      61746500 
 868              	.LASF8:
 869 0099 756E7369 		.ascii	"unsigned int\000"
 869      676E6564 
 869      20696E74 
 869      00
 870              	.LASF7:
 871 00a6 6C6F6E67 		.ascii	"long long unsigned int\000"
 871      206C6F6E 
 871      6720756E 
 871      7369676E 
 871      65642069 
 872              	.LASF20:
 873 00bd 636C6B44 		.ascii	"clkDiv1\000"
 873      69763100 
 874              	.LASF21:
 875 00c5 636C6B44 		.ascii	"clkDiv2\000"
 875      69763200 
 876              	.LASF17:
 877 00cd 73697A65 		.ascii	"sizetype\000"
 877      74797065 
 877      00
 878              	.LASF29:
 879 00d6 70736F63 		.ascii	"psoc_RestoreConfig\000"
 879      5F526573 
 879      746F7265 
 879      436F6E66 
 879      696700
 880              	.LASF30:
 881 00e9 656E6162 		.ascii	"enableInterrupts\000"
 881      6C65496E 
 881      74657272 
 881      75707473 
 881      00
 882              	.LASF6:
 883 00fa 6C6F6E67 		.ascii	"long long int\000"
 883      206C6F6E 
 883      6720696E 
 883      7400
 884              	.LASF14:
 885 0108 63686172 		.ascii	"char\000"
 885      00
 886              	.LASF19:
 887 010d 78636667 		.ascii	"xcfg\000"
 887      00
 888              	.LASF27:
 889 0112 2E5C4765 		.ascii	".\\Generated_Source\\PSoC5\\psoc_PM.c\000"
 889      6E657261 
 889      7465645F 
 889      536F7572 
 889      63655C50 
 890              	.LASF2:
 891 0135 73686F72 		.ascii	"short int\000"
ARM GAS  C:\Users\Ryan\AppData\Local\Temp\cc2cZaUN.s 			page 24


 891      7420696E 
 891      7400
 892              	.LASF26:
 893 013f 474E5520 		.ascii	"GNU C 4.7.3 20130312 (release) [ARM/embedded-4_7-br"
 893      4320342E 
 893      372E3320 
 893      32303133 
 893      30333132 
 894 0172 616E6368 		.ascii	"anch revision 196615]\000"
 894      20726576 
 894      6973696F 
 894      6E203139 
 894      36363135 
 895              	.LASF28:
 896 0188 433A5C55 		.ascii	"C:\\Users\\Ryan\\Documents\\summer2014\\WindSensor\\"
 896      73657273 
 896      5C527961 
 896      6E5C446F 
 896      63756D65 
 897 01b6 5472616E 		.ascii	"TransmitReadings.cydsn\000"
 897      736D6974 
 897      52656164 
 897      696E6773 
 897      2E637964 
 898              	.LASF4:
 899 01cd 6C6F6E67 		.ascii	"long int\000"
 899      20696E74 
 899      00
 900              	.LASF31:
 901 01d6 70736F63 		.ascii	"psoc_backup\000"
 901      5F626163 
 901      6B757000 
 902              	.LASF0:
 903 01e2 7369676E 		.ascii	"signed char\000"
 903      65642063 
 903      68617200 
 904              	.LASF25:
 905 01ee 70736F63 		.ascii	"psoc_Wakeup\000"
 905      5F57616B 
 905      65757000 
 906              		.ident	"GCC: (GNU Tools for ARM Embedded Processors) 4.7.3 20130312 (release) [ARM/embedded-4_7-br
