--------------- Build Started: 06/20/2014 12:03:47 Project: Alternative Power Scheme, Configuration: ARM GCC 4.7.3 Debug ---------------
cydsfit.exe "-.appdatapath" "C:\Users\Ryan\AppData\Local\Cypress Semiconductor\PSoC Creator\3.0" "-.fdsnotice" "-.fdswarpdepfile=warp_dependencies.txt" "-.fdselabdepfile=elab_dependencies.txt" "-.fdsbldfile=generated_files.txt" "-p" "C:\Users\Ryan\Documents\summer2014\WindSensor\Alternative Power Scheme.cydsn\Alternative Power Scheme.cyprj" "-d" "CY8C5868LTI-LP039" "-s" "C:\Users\Ryan\Documents\summer2014\WindSensor\Alternative Power Scheme.cydsn\Generated_Source\PSoC5" "--" "-yv2" "-v3" "-ygs" "-q10" "-o2" "-.fftcfgtype=LE"
Elaborating Design...
HDL Generation ...
Synthesis ...
Place and Route ...
Tech mapping ...
Info: mpr.M0037: Unused pieces of the design have been optimized out. See the Tech mapping section of the report file for details. (App=cydsfit)
Analog Placement ...
Analog Routing ...
Analog Code Generation ...
Digital Placement ...
Digital Routing ...
Bitstream Generation ...
Static timing analysis ...
API Generation ...
Dependency Generation ...
Clean Temporary Files ...
arm-none-eabi-gcc.exe -I. -I./Generated_Source/PSoC5 -Wno-main -mcpu=cortex-m3 -mthumb -Wall -g -D DEBUG -Wa,-alh=.\CortexM3\ARM_GCC_473\Debug\main.lst -ffunction-sections -c .\main.c -o .\CortexM3\ARM_GCC_473\Debug\main.o
.\main.c: In function 'windprocessPacket':
.\main.c:72:6: warning: variable 'gpsvalid' set but not used [-Wunused-but-set-variable]
arm-none-eabi-gcc.exe -I. -I./Generated_Source/PSoC5 -Wno-main -mcpu=cortex-m3 -mthumb -Wall -g -D DEBUG -Wa,-alh=.\CortexM3\ARM_GCC_473\Debug\magnetometer.lst -ffunction-sections -c .\magnetometer.c -o .\CortexM3\ARM_GCC_473\Debug\magnetometer.o
arm-none-eabi-gcc.exe -I. -I./Generated_Source/PSoC5 -Wno-main -mcpu=cortex-m3 -mthumb -Wall -g -D DEBUG -Wa,-alh=.\CortexM3\ARM_GCC_473\Debug\thermocouple.lst -ffunction-sections -c .\thermocouple.c -o .\CortexM3\ARM_GCC_473\Debug\thermocouple.o
arm-none-eabi-gcc.exe -I. -I./Generated_Source/PSoC5 -Wno-main -mcpu=cortex-m3 -mthumb -Wall -g -D DEBUG -Wa,-alh=.\CortexM3\ARM_GCC_473\Debug\cyfitter_cfg.lst -ffunction-sections -c .\Generated_Source\PSoC5\cyfitter_cfg.c -o .\CortexM3\ARM_GCC_473\Debug\cyfitter_cfg.o
arm-none-eabi-gcc.exe -I. -I./Generated_Source/PSoC5 -Wno-main -mcpu=cortex-m3 -mthumb -Wall -g -D DEBUG -Wa,-alh=.\CortexM3\ARM_GCC_473\Debug\cymetadata.lst -ffunction-sections -c .\Generated_Source\PSoC5\cymetadata.c -o .\CortexM3\ARM_GCC_473\Debug\cymetadata.o
arm-none-eabi-gcc.exe -I. -I./Generated_Source/PSoC5 -Wno-main -mcpu=cortex-m3 -mthumb -Wall -g -D DEBUG -Wa,-alh=.\CortexM3\ARM_GCC_473\Debug\Cm3Start.lst -ffunction-sections -c .\Generated_Source\PSoC5\Cm3Start.c -o .\CortexM3\ARM_GCC_473\Debug\Cm3Start.o
arm-none-eabi-as.exe -I. -I./Generated_Source/PSoC5 -mcpu=cortex-m3 -mthumb -g -alh=.\CortexM3\ARM_GCC_473\Debug/CyBootAsmGnu.lst -o .\CortexM3\ARM_GCC_473\Debug\CyBootAsmGnu.o .\Generated_Source\PSoC5\CyBootAsmGnu.s
arm-none-eabi-gcc.exe -I. -I./Generated_Source/PSoC5 -Wno-main -mcpu=cortex-m3 -mthumb -Wall -g -D DEBUG -Wa,-alh=.\CortexM3\ARM_GCC_473\Debug\CyDmac.lst -ffunction-sections -c .\Generated_Source\PSoC5\CyDmac.c -o .\CortexM3\ARM_GCC_473\Debug\CyDmac.o
arm-none-eabi-gcc.exe -I. -I./Generated_Source/PSoC5 -Wno-main -mcpu=cortex-m3 -mthumb -Wall -g -D DEBUG -Wa,-alh=.\CortexM3\ARM_GCC_473\Debug\CyFlash.lst -ffunction-sections -c .\Generated_Source\PSoC5\CyFlash.c -o .\CortexM3\ARM_GCC_473\Debug\CyFlash.o
arm-none-eabi-gcc.exe -I. -I./Generated_Source/PSoC5 -Wno-main -mcpu=cortex-m3 -mthumb -Wall -g -D DEBUG -Wa,-alh=.\CortexM3\ARM_GCC_473\Debug\CyLib.lst -ffunction-sections -c .\Generated_Source\PSoC5\CyLib.c -o .\CortexM3\ARM_GCC_473\Debug\CyLib.o
arm-none-eabi-gcc.exe -I. -I./Generated_Source/PSoC5 -Wno-main -mcpu=cortex-m3 -mthumb -Wall -g -D DEBUG -Wa,-alh=.\CortexM3\ARM_GCC_473\Debug\cyPm.lst -ffunction-sections -c .\Generated_Source\PSoC5\cyPm.c -o .\CortexM3\ARM_GCC_473\Debug\cyPm.o
arm-none-eabi-gcc.exe -I. -I./Generated_Source/PSoC5 -Wno-main -mcpu=cortex-m3 -mthumb -Wall -g -D DEBUG -Wa,-alh=.\CortexM3\ARM_GCC_473\Debug\CySpc.lst -ffunction-sections -c .\Generated_Source\PSoC5\CySpc.c -o .\CortexM3\ARM_GCC_473\Debug\CySpc.o
arm-none-eabi-gcc.exe -I. -I./Generated_Source/PSoC5 -Wno-main -mcpu=cortex-m3 -mthumb -Wall -g -D DEBUG -Wa,-alh=.\CortexM3\ARM_GCC_473\Debug\cyutils.lst -ffunction-sections -c .\Generated_Source\PSoC5\cyutils.c -o .\CortexM3\ARM_GCC_473\Debug\cyutils.o
arm-none-eabi-gcc.exe -I. -I./Generated_Source/PSoC5 -Wno-main -mcpu=cortex-m3 -mthumb -Wall -g -D DEBUG -Wa,-alh=.\CortexM3\ARM_GCC_473\Debug\SDA_1.lst -ffunction-sections -c .\Generated_Source\PSoC5\SDA_1.c -o .\CortexM3\ARM_GCC_473\Debug\SDA_1.o
arm-none-eabi-gcc.exe -I. -I./Generated_Source/PSoC5 -Wno-main -mcpu=cortex-m3 -mthumb -Wall -g -D DEBUG -Wa,-alh=.\CortexM3\ARM_GCC_473\Debug\SCL_1.lst -ffunction-sections -c .\Generated_Source\PSoC5\SCL_1.c -o .\CortexM3\ARM_GCC_473\Debug\SCL_1.o
arm-none-eabi-gcc.exe -I. -I./Generated_Source/PSoC5 -Wno-main -mcpu=cortex-m3 -mthumb -Wall -g -D DEBUG -Wa,-alh=.\CortexM3\ARM_GCC_473\Debug\psoc.lst -ffunction-sections -c .\Generated_Source\PSoC5\psoc.c -o .\CortexM3\ARM_GCC_473\Debug\psoc.o
arm-none-eabi-gcc.exe -I. -I./Generated_Source/PSoC5 -Wno-main -mcpu=cortex-m3 -mthumb -Wall -g -D DEBUG -Wa,-alh=.\CortexM3\ARM_GCC_473\Debug\psoc_BOOT.lst -ffunction-sections -c .\Generated_Source\PSoC5\psoc_BOOT.c -o .\CortexM3\ARM_GCC_473\Debug\psoc_BOOT.o
arm-none-eabi-gcc.exe -I. -I./Generated_Source/PSoC5 -Wno-main -mcpu=cortex-m3 -mthumb -Wall -g -D DEBUG -Wa,-alh=.\CortexM3\ARM_GCC_473\Debug\psoc_INT.lst -ffunction-sections -c .\Generated_Source\PSoC5\psoc_INT.c -o .\CortexM3\ARM_GCC_473\Debug\psoc_INT.o
arm-none-eabi-gcc.exe -I. -I./Generated_Source/PSoC5 -Wno-main -mcpu=cortex-m3 -mthumb -Wall -g -D DEBUG -Wa,-alh=.\CortexM3\ARM_GCC_473\Debug\psoc_PM.lst -ffunction-sections -c .\Generated_Source\PSoC5\psoc_PM.c -o .\CortexM3\ARM_GCC_473\Debug\psoc_PM.o
arm-none-eabi-gcc.exe -I. -I./Generated_Source/PSoC5 -Wno-main -mcpu=cortex-m3 -mthumb -Wall -g -D DEBUG -Wa,-alh=.\CortexM3\ARM_GCC_473\Debug\psoc_SLAVE.lst -ffunction-sections -c .\Generated_Source\PSoC5\psoc_SLAVE.c -o .\CortexM3\ARM_GCC_473\Debug\psoc_SLAVE.o
arm-none-eabi-gcc.exe -I. -I./Generated_Source/PSoC5 -Wno-main -mcpu=cortex-m3 -mthumb -Wall -g -D DEBUG -Wa,-alh=.\CortexM3\ARM_GCC_473\Debug\psoc_MASTER.lst -ffunction-sections -c .\Generated_Source\PSoC5\psoc_MASTER.c -o .\CortexM3\ARM_GCC_473\Debug\psoc_MASTER.o
arm-none-eabi-gcc.exe -I. -I./Generated_Source/PSoC5 -Wno-main -mcpu=cortex-m3 -mthumb -Wall -g -D DEBUG -Wa,-alh=.\CortexM3\ARM_GCC_473\Debug\UART_Wind.lst -ffunction-sections -c .\Generated_Source\PSoC5\UART_Wind.c -o .\CortexM3\ARM_GCC_473\Debug\UART_Wind.o
arm-none-eabi-gcc.exe -I. -I./Generated_Source/PSoC5 -Wno-main -mcpu=cortex-m3 -mthumb -Wall -g -D DEBUG -Wa,-alh=.\CortexM3\ARM_GCC_473\Debug\UART_Wind_PM.lst -ffunction-sections -c .\Generated_Source\PSoC5\UART_Wind_PM.c -o .\CortexM3\ARM_GCC_473\Debug\UART_Wind_PM.o
arm-none-eabi-gcc.exe -I. -I./Generated_Source/PSoC5 -Wno-main -mcpu=cortex-m3 -mthumb -Wall -g -D DEBUG -Wa,-alh=.\CortexM3\ARM_GCC_473\Debug\UART_Wind_INT.lst -ffunction-sections -c .\Generated_Source\PSoC5\UART_Wind_INT.c -o .\CortexM3\ARM_GCC_473\Debug\UART_Wind_INT.o
arm-none-eabi-gcc.exe -I. -I./Generated_Source/PSoC5 -Wno-main -mcpu=cortex-m3 -mthumb -Wall -g -D DEBUG -Wa,-alh=.\CortexM3\ARM_GCC_473\Debug\UART_Wind_BOOT.lst -ffunction-sections -c .\Generated_Source\PSoC5\UART_Wind_BOOT.c -o .\CortexM3\ARM_GCC_473\Debug\UART_Wind_BOOT.o
arm-none-eabi-gcc.exe -I. -I./Generated_Source/PSoC5 -Wno-main -mcpu=cortex-m3 -mthumb -Wall -g -D DEBUG -Wa,-alh=.\CortexM3\ARM_GCC_473\Debug\isr_Wind.lst -ffunction-sections -c .\Generated_Source\PSoC5\isr_Wind.c -o .\CortexM3\ARM_GCC_473\Debug\isr_Wind.o
arm-none-eabi-gcc.exe -I. -I./Generated_Source/PSoC5 -Wno-main -mcpu=cortex-m3 -mthumb -Wall -g -D DEBUG -Wa,-alh=.\CortexM3\ARM_GCC_473\Debug\UART_SBD.lst -ffunction-sections -c .\Generated_Source\PSoC5\UART_SBD.c -o .\CortexM3\ARM_GCC_473\Debug\UART_SBD.o
arm-none-eabi-gcc.exe -I. -I./Generated_Source/PSoC5 -Wno-main -mcpu=cortex-m3 -mthumb -Wall -g -D DEBUG -Wa,-alh=.\CortexM3\ARM_GCC_473\Debug\UART_SBD_PM.lst -ffunction-sections -c .\Generated_Source\PSoC5\UART_SBD_PM.c -o .\CortexM3\ARM_GCC_473\Debug\UART_SBD_PM.o
arm-none-eabi-gcc.exe -I. -I./Generated_Source/PSoC5 -Wno-main -mcpu=cortex-m3 -mthumb -Wall -g -D DEBUG -Wa,-alh=.\CortexM3\ARM_GCC_473\Debug\UART_SBD_INT.lst -ffunction-sections -c .\Generated_Source\PSoC5\UART_SBD_INT.c -o .\CortexM3\ARM_GCC_473\Debug\UART_SBD_INT.o
arm-none-eabi-gcc.exe -I. -I./Generated_Source/PSoC5 -Wno-main -mcpu=cortex-m3 -mthumb -Wall -g -D DEBUG -Wa,-alh=.\CortexM3\ARM_GCC_473\Debug\UART_SBD_BOOT.lst -ffunction-sections -c .\Generated_Source\PSoC5\UART_SBD_BOOT.c -o .\CortexM3\ARM_GCC_473\Debug\UART_SBD_BOOT.o
arm-none-eabi-gcc.exe -I. -I./Generated_Source/PSoC5 -Wno-main -mcpu=cortex-m3 -mthumb -Wall -g -D DEBUG -Wa,-alh=.\CortexM3\ARM_GCC_473\Debug\SBD_reply.lst -ffunction-sections -c .\Generated_Source\PSoC5\SBD_reply.c -o .\CortexM3\ARM_GCC_473\Debug\SBD_reply.o
arm-none-eabi-gcc.exe -I. -I./Generated_Source/PSoC5 -Wno-main -mcpu=cortex-m3 -mthumb -Wall -g -D DEBUG -Wa,-alh=.\CortexM3\ARM_GCC_473\Debug\UART_Wind_IntClock.lst -ffunction-sections -c .\Generated_Source\PSoC5\UART_Wind_IntClock.c -o .\CortexM3\ARM_GCC_473\Debug\UART_Wind_IntClock.o
arm-none-eabi-gcc.exe -I. -I./Generated_Source/PSoC5 -Wno-main -mcpu=cortex-m3 -mthumb -Wall -g -D DEBUG -Wa,-alh=.\CortexM3\ARM_GCC_473\Debug\UART_SBD_IntClock.lst -ffunction-sections -c .\Generated_Source\PSoC5\UART_SBD_IntClock.c -o .\CortexM3\ARM_GCC_473\Debug\UART_SBD_IntClock.o
arm-none-eabi-gcc.exe -I. -I./Generated_Source/PSoC5 -Wno-main -mcpu=cortex-m3 -mthumb -Wall -g -D DEBUG -Wa,-alh=.\CortexM3\ARM_GCC_473\Debug\master.lst -ffunction-sections -c .\Generated_Source\PSoC5\master.c -o .\CortexM3\ARM_GCC_473\Debug\master.o
arm-none-eabi-gcc.exe -I. -I./Generated_Source/PSoC5 -Wno-main -mcpu=cortex-m3 -mthumb -Wall -g -D DEBUG -Wa,-alh=.\CortexM3\ARM_GCC_473\Debug\master_PM.lst -ffunction-sections -c .\Generated_Source\PSoC5\master_PM.c -o .\CortexM3\ARM_GCC_473\Debug\master_PM.o
arm-none-eabi-gcc.exe -I. -I./Generated_Source/PSoC5 -Wno-main -mcpu=cortex-m3 -mthumb -Wall -g -D DEBUG -Wa,-alh=.\CortexM3\ARM_GCC_473\Debug\master_INT.lst -ffunction-sections -c .\Generated_Source\PSoC5\master_INT.c -o .\CortexM3\ARM_GCC_473\Debug\master_INT.o
arm-none-eabi-gcc.exe -I. -I./Generated_Source/PSoC5 -Wno-main -mcpu=cortex-m3 -mthumb -Wall -g -D DEBUG -Wa,-alh=.\CortexM3\ARM_GCC_473\Debug\clock.lst -ffunction-sections -c .\Generated_Source\PSoC5\clock.c -o .\CortexM3\ARM_GCC_473\Debug\clock.o
arm-none-eabi-gcc.exe -I. -I./Generated_Source/PSoC5 -Wno-main -mcpu=cortex-m3 -mthumb -Wall -g -D DEBUG -Wa,-alh=.\CortexM3\ARM_GCC_473\Debug\dataPin.lst -ffunction-sections -c .\Generated_Source\PSoC5\dataPin.c -o .\CortexM3\ARM_GCC_473\Debug\dataPin.o
arm-none-eabi-gcc.exe -I. -I./Generated_Source/PSoC5 -Wno-main -mcpu=cortex-m3 -mthumb -Wall -g -D DEBUG -Wa,-alh=.\CortexM3\ARM_GCC_473\Debug\selectPin.lst -ffunction-sections -c .\Generated_Source\PSoC5\selectPin.c -o .\CortexM3\ARM_GCC_473\Debug\selectPin.o
arm-none-eabi-gcc.exe -I. -I./Generated_Source/PSoC5 -Wno-main -mcpu=cortex-m3 -mthumb -Wall -g -D DEBUG -Wa,-alh=.\CortexM3\ARM_GCC_473\Debug\clockPin.lst -ffunction-sections -c .\Generated_Source\PSoC5\clockPin.c -o .\CortexM3\ARM_GCC_473\Debug\clockPin.o
arm-none-eabi-gcc.exe -I. -I./Generated_Source/PSoC5 -Wno-main -mcpu=cortex-m3 -mthumb -Wall -g -D DEBUG -Wa,-alh=.\CortexM3\ARM_GCC_473\Debug\EEPROM.lst -ffunction-sections -c .\Generated_Source\PSoC5\EEPROM.c -o .\CortexM3\ARM_GCC_473\Debug\EEPROM.o
arm-none-eabi-ar.exe -rs ".\CortexM3\ARM_GCC_473\Debug\Alternative Power Scheme.a" .\CortexM3\ARM_GCC_473\Debug\cyfitter_cfg.o .\CortexM3\ARM_GCC_473\Debug\CyBootAsmGnu.o .\CortexM3\ARM_GCC_473\Debug\CyDmac.o .\CortexM3\ARM_GCC_473\Debug\CyFlash.o .\CortexM3\ARM_GCC_473\Debug\CyLib.o .\CortexM3\ARM_GCC_473\Debug\cyPm.o .\CortexM3\ARM_GCC_473\Debug\CySpc.o .\CortexM3\ARM_GCC_473\Debug\cyutils.o .\CortexM3\ARM_GCC_473\Debug\SDA_1.o .\CortexM3\ARM_GCC_473\Debug\SCL_1.o .\CortexM3\ARM_GCC_473\Debug\psoc.o .\CortexM3\ARM_GCC_473\Debug\psoc_BOOT.o .\CortexM3\ARM_GCC_473\Debug\psoc_INT.o .\CortexM3\ARM_GCC_473\Debug\psoc_PM.o .\CortexM3\ARM_GCC_473\Debug\psoc_SLAVE.o .\CortexM3\ARM_GCC_473\Debug\psoc_MASTER.o .\CortexM3\ARM_GCC_473\Debug\UART_Wind.o .\CortexM3\ARM_GCC_473\Debug\UART_Wind_PM.o .\CortexM3\ARM_GCC_473\Debug\UART_Wind_INT.o .\CortexM3\ARM_GCC_473\Debug\UART_Wind_BOOT.o .\CortexM3\ARM_GCC_473\Debug\isr_Wind.o .\CortexM3\ARM_GCC_473\Debug\UART_SBD.o .\CortexM3\ARM_GCC_473\Debug\UART_SBD_PM.o .\CortexM3\ARM_GCC_473\Debug\UART_SBD_INT.o .\CortexM3\ARM_GCC_473\Debug\UART_SBD_BOOT.o .\CortexM3\ARM_GCC_473\Debug\SBD_reply.o .\CortexM3\ARM_GCC_473\Debug\UART_Wind_IntClock.o .\CortexM3\ARM_GCC_473\Debug\UART_SBD_IntClock.o .\CortexM3\ARM_GCC_473\Debug\master.o .\CortexM3\ARM_GCC_473\Debug\master_PM.o .\CortexM3\ARM_GCC_473\Debug\master_INT.o .\CortexM3\ARM_GCC_473\Debug\clock.o .\CortexM3\ARM_GCC_473\Debug\dataPin.o .\CortexM3\ARM_GCC_473\Debug\selectPin.o .\CortexM3\ARM_GCC_473\Debug\clockPin.o .\CortexM3\ARM_GCC_473\Debug\EEPROM.o
arm-none-eabi-ar.exe: creating .\CortexM3\ARM_GCC_473\Debug\Alternative Power Scheme.a
arm-none-eabi-gcc.exe -mthumb -march=armv7-m -mfix-cortex-m3-ldrd -T .\Generated_Source\PSoC5\cm3gcc.ld -g "-Wl,-Map,.\CortexM3\ARM_GCC_473\Debug\Alternative Power Scheme.map" -specs=nano.specs -Wl,--gc-sections -Wl,--start-group -o ".\CortexM3\ARM_GCC_473\Debug\Alternative Power Scheme.elf" .\CortexM3\ARM_GCC_473\Debug\main.o .\CortexM3\ARM_GCC_473\Debug\magnetometer.o .\CortexM3\ARM_GCC_473\Debug\thermocouple.o .\CortexM3\ARM_GCC_473\Debug\cymetadata.o .\CortexM3\ARM_GCC_473\Debug\Cm3Start.o ".\CortexM3\ARM_GCC_473\Debug\Alternative Power Scheme.a" "C:\Program Files (x86)\Cypress\PSoC Creator\3.0\PSoC Creator\psoc\content\cycomponentlibrary\CyComponentLibrary.cylib\CortexM3\ARM_GCC_473\Debug\CyComponentLibrary.a" -l m -Wl,--end-group
cyelftool.exe -C "C:\Users\Ryan\Documents\summer2014\WindSensor\Alternative Power Scheme.cydsn\CortexM3\ARM_GCC_473\Debug\Alternative Power Scheme.elf" --flash_size 262144 --flash_row_size 256
cyelftool.exe -S "C:\Users\Ryan\Documents\summer2014\WindSensor\Alternative Power Scheme.cydsn\CortexM3\ARM_GCC_473\Debug\Alternative Power Scheme.elf"
Flash used: 20536 of 262144 bytes (7.8 %).
SRAM used: 21469 of 65536 bytes (32.8 %).
--------------- Build Succeeded: 06/20/2014 12:05:36 ---------------
