ARM GAS  C:\Users\Ryan\AppData\Local\Temp\ccImhDNl.s 			page 1


   1              		.syntax unified
   2              		.cpu cortex-m3
   3              		.fpu softvfp
   4              		.eabi_attribute 20, 1
   5              		.eabi_attribute 21, 1
   6              		.eabi_attribute 23, 3
   7              		.eabi_attribute 24, 1
   8              		.eabi_attribute 25, 1
   9              		.eabi_attribute 26, 1
  10              		.eabi_attribute 30, 6
  11              		.eabi_attribute 34, 1
  12              		.eabi_attribute 18, 4
  13              		.thumb
  14              		.file	"cymetadata.c"
  15              		.text
  16              	.Ltext0:
  17              		.cfi_sections	.debug_frame
  18              		.global	cy_meta_configecc
  19              		.section	.cyconfigecc,"a",%progbits
  20              		.align	2
  21              		.type	cy_meta_configecc, %object
  22              		.size	cy_meta_configecc, 976
  23              	cy_meta_configecc:
  24 0000 02       		.byte	2
  25 0001 52       		.byte	82
  26 0002 00       		.byte	0
  27 0003 40       		.byte	64
  28 0004 01       		.byte	1
  29 0005 64       		.byte	100
  30 0006 00       		.byte	0
  31 0007 40       		.byte	64
  32 0008 02       		.byte	2
  33 0009 65       		.byte	101
  34 000a 00       		.byte	0
  35 000b 40       		.byte	64
  36 000c 4D       		.byte	77
  37 000d 06       		.byte	6
  38 000e 01       		.byte	1
  39 000f 40       		.byte	64
  40 0010 2B       		.byte	43
  41 0011 07       		.byte	7
  42 0012 01       		.byte	1
  43 0013 40       		.byte	64
  44 0014 4C       		.byte	76
  45 0015 14       		.byte	20
  46 0016 01       		.byte	1
  47 0017 40       		.byte	64
  48 0018 46       		.byte	70
  49 0019 15       		.byte	21
  50 001a 01       		.byte	1
  51 001b 40       		.byte	64
  52 001c 57       		.byte	87
  53 001d 16       		.byte	22
  54 001e 01       		.byte	1
  55 001f 40       		.byte	64
  56 0020 44       		.byte	68
  57 0021 17       		.byte	23
ARM GAS  C:\Users\Ryan\AppData\Local\Temp\ccImhDNl.s 			page 2


  58 0022 01       		.byte	1
  59 0023 40       		.byte	64
  60 0024 02       		.byte	2
  61 0025 40       		.byte	64
  62 0026 01       		.byte	1
  63 0027 40       		.byte	64
  64 0028 01       		.byte	1
  65 0029 41       		.byte	65
  66 002a 01       		.byte	1
  67 002b 40       		.byte	64
  68 002c 01       		.byte	1
  69 002d 42       		.byte	66
  70 002e 01       		.byte	1
  71 002f 40       		.byte	64
  72 0030 01       		.byte	1
  73 0031 43       		.byte	67
  74 0032 01       		.byte	1
  75 0033 40       		.byte	64
  76 0034 04       		.byte	4
  77 0035 48       		.byte	72
  78 0036 01       		.byte	1
  79 0037 40       		.byte	64
  80 0038 07       		.byte	7
  81 0039 49       		.byte	73
  82 003a 01       		.byte	1
  83 003b 40       		.byte	64
  84 003c 04       		.byte	4
  85 003d 50       		.byte	80
  86 003e 01       		.byte	1
  87 003f 40       		.byte	64
  88 0040 01       		.byte	1
  89 0041 51       		.byte	81
  90 0042 01       		.byte	1
  91 0043 40       		.byte	64
  92 0044 19       		.byte	25
  93 0045 40       		.byte	64
  94 0046 1C       		.byte	28
  95 0047 80       		.byte	-128
  96 0048 86       		.byte	-122
  97 0049 72       		.byte	114
  98 004a 84       		.byte	-124
  99 004b 0F       		.byte	15
 100 004c 86       		.byte	-122
 101 004d 38       		.byte	56
 102 004e 03       		.byte	3
 103 004f 03       		.byte	3
 104 0050 04       		.byte	4
 105 0051 0D       		.byte	13
 106 0052 05       		.byte	5
 107 0053 3C       		.byte	60
 108 0054 06       		.byte	6
 109 0055 02       		.byte	2
 110 0056 08       		.byte	8
 111 0057 04       		.byte	4
 112 0058 09       		.byte	9
 113 0059 3C       		.byte	60
 114 005a 0D       		.byte	13
ARM GAS  C:\Users\Ryan\AppData\Local\Temp\ccImhDNl.s 			page 3


 115 005b 20       		.byte	32
 116 005c 11       		.byte	17
 117 005d 03       		.byte	3
 118 005e 14       		.byte	20
 119 005f 03       		.byte	3
 120 0060 15       		.byte	21
 121 0061 12       		.byte	18
 122 0062 16       		.byte	22
 123 0063 0C       		.byte	12
 124 0064 17       		.byte	23
 125 0065 04       		.byte	4
 126 0066 19       		.byte	25
 127 0067 07       		.byte	7
 128 0068 1A       		.byte	26
 129 0069 02       		.byte	2
 130 006a 1B       		.byte	27
 131 006b 18       		.byte	24
 132 006c 1C       		.byte	28
 133 006d 0D       		.byte	13
 134 006e 1E       		.byte	30
 135 006f 02       		.byte	2
 136 0070 20       		.byte	32
 137 0071 0F       		.byte	15
 138 0072 21       		.byte	33
 139 0073 03       		.byte	3
 140 0074 24       		.byte	36
 141 0075 0C       		.byte	12
 142 0076 27       		.byte	39
 143 0077 03       		.byte	3
 144 0078 2B       		.byte	43
 145 0079 03       		.byte	3
 146 007a 2C       		.byte	44
 147 007b 08       		.byte	8
 148 007c 2D       		.byte	45
 149 007d 09       		.byte	9
 150 007e 2F       		.byte	47
 151 007f 04       		.byte	4
 152 0080 31       		.byte	49
 153 0081 03       		.byte	3
 154 0082 33       		.byte	51
 155 0083 1C       		.byte	28
 156 0084 34       		.byte	52
 157 0085 01       		.byte	1
 158 0086 35       		.byte	53
 159 0087 20       		.byte	32
 160 0088 36       		.byte	54
 161 0089 0E       		.byte	14
 162 008a 3A       		.byte	58
 163 008b 80       		.byte	-128
 164 008c 3E       		.byte	62
 165 008d 10       		.byte	16
 166 008e 56       		.byte	86
 167 008f 02       		.byte	2
 168 0090 57       		.byte	87
 169 0091 12       		.byte	18
 170 0092 58       		.byte	88
 171 0093 04       		.byte	4
ARM GAS  C:\Users\Ryan\AppData\Local\Temp\ccImhDNl.s 			page 4


 172 0094 59       		.byte	89
 173 0095 04       		.byte	4
 174 0096 5B       		.byte	91
 175 0097 04       		.byte	4
 176 0098 5F       		.byte	95
 177 0099 01       		.byte	1
 178 009a 84       		.byte	-124
 179 009b 06       		.byte	6
 180 009c 85       		.byte	-123
 181 009d 08       		.byte	8
 182 009e 89       		.byte	-119
 183 009f 01       		.byte	1
 184 00a0 8A       		.byte	-118
 185 00a1 03       		.byte	3
 186 00a2 8B       		.byte	-117
 187 00a3 06       		.byte	6
 188 00a4 8D       		.byte	-115
 189 00a5 01       		.byte	1
 190 00a6 8E       		.byte	-114
 191 00a7 05       		.byte	5
 192 00a8 8F       		.byte	-113
 193 00a9 02       		.byte	2
 194 00aa 97       		.byte	-105
 195 00ab 07       		.byte	7
 196 00ac 99       		.byte	-103
 197 00ad 04       		.byte	4
 198 00ae 9B       		.byte	-101
 199 00af 01       		.byte	1
 200 00b0 9D       		.byte	-99
 201 00b1 04       		.byte	4
 202 00b2 A0       		.byte	-96
 203 00b3 02       		.byte	2
 204 00b4 AA       		.byte	-86
 205 00b5 07       		.byte	7
 206 00b6 B2       		.byte	-78
 207 00b7 07       		.byte	7
 208 00b8 B3       		.byte	-77
 209 00b9 08       		.byte	8
 210 00ba B5       		.byte	-75
 211 00bb 07       		.byte	7
 212 00bc BA       		.byte	-70
 213 00bd 08       		.byte	8
 214 00be BB       		.byte	-69
 215 00bf 20       		.byte	32
 216 00c0 C0       		.byte	-64
 217 00c1 02       		.byte	2
 218 00c2 C5       		.byte	-59
 219 00c3 50       		.byte	80
 220 00c4 C7       		.byte	-57
 221 00c5 01       		.byte	1
 222 00c6 C8       		.byte	-56
 223 00c7 12       		.byte	18
 224 00c8 C9       		.byte	-55
 225 00c9 FF       		.byte	-1
 226 00ca CA       		.byte	-54
 227 00cb 07       		.byte	7
 228 00cc CB       		.byte	-53
ARM GAS  C:\Users\Ryan\AppData\Local\Temp\ccImhDNl.s 			page 5


 229 00cd FF       		.byte	-1
 230 00ce CC       		.byte	-52
 231 00cf 40       		.byte	64
 232 00d0 CD       		.byte	-51
 233 00d1 20       		.byte	32
 234 00d2 CE       		.byte	-50
 235 00d3 F0       		.byte	-16
 236 00d4 CF       		.byte	-49
 237 00d5 05       		.byte	5
 238 00d6 D0       		.byte	-48
 239 00d7 08       		.byte	8
 240 00d8 D8       		.byte	-40
 241 00d9 04       		.byte	4
 242 00da D9       		.byte	-39
 243 00db 04       		.byte	4
 244 00dc DA       		.byte	-38
 245 00dd 04       		.byte	4
 246 00de DF       		.byte	-33
 247 00df 01       		.byte	1
 248 00e0 E0       		.byte	-32
 249 00e1 40       		.byte	64
 250 00e2 E1       		.byte	-31
 251 00e3 A8       		.byte	-88
 252 00e4 E2       		.byte	-30
 253 00e5 40       		.byte	64
 254 00e6 E3       		.byte	-29
 255 00e7 20       		.byte	32
 256 00e8 00       		.byte	0
 257 00e9 58       		.byte	88
 258 00ea 05       		.byte	5
 259 00eb 14       		.byte	20
 260 00ec 06       		.byte	6
 261 00ed 20       		.byte	32
 262 00ee 0C       		.byte	12
 263 00ef 10       		.byte	16
 264 00f0 0E       		.byte	14
 265 00f1 21       		.byte	33
 266 00f2 10       		.byte	16
 267 00f3 D0       		.byte	-48
 268 00f4 12       		.byte	18
 269 00f5 28       		.byte	40
 270 00f6 16       		.byte	22
 271 00f7 11       		.byte	17
 272 00f8 17       		.byte	23
 273 00f9 01       		.byte	1
 274 00fa 18       		.byte	24
 275 00fb 10       		.byte	16
 276 00fc 1E       		.byte	30
 277 00fd 09       		.byte	9
 278 00fe 20       		.byte	32
 279 00ff 08       		.byte	8
 280 0100 22       		.byte	34
 281 0101 18       		.byte	24
 282 0102 26       		.byte	38
 283 0103 21       		.byte	33
 284 0104 27       		.byte	39
 285 0105 10       		.byte	16
ARM GAS  C:\Users\Ryan\AppData\Local\Temp\ccImhDNl.s 			page 6


 286 0106 2C       		.byte	44
 287 0107 10       		.byte	16
 288 0108 2D       		.byte	45
 289 0109 80       		.byte	-128
 290 010a 2E       		.byte	46
 291 010b 22       		.byte	34
 292 010c 30       		.byte	48
 293 010d 80       		.byte	-128
 294 010e 32       		.byte	50
 295 010f 18       		.byte	24
 296 0110 37       		.byte	55
 297 0111 15       		.byte	21
 298 0112 38       		.byte	56
 299 0113 50       		.byte	80
 300 0114 39       		.byte	57
 301 0115 08       		.byte	8
 302 0116 3D       		.byte	61
 303 0117 68       		.byte	104
 304 0118 3E       		.byte	62
 305 0119 01       		.byte	1
 306 011a 40       		.byte	64
 307 011b 04       		.byte	4
 308 011c 48       		.byte	72
 309 011d 80       		.byte	-128
 310 011e 51       		.byte	81
 311 011f 04       		.byte	4
 312 0120 5E       		.byte	94
 313 0121 08       		.byte	8
 314 0122 6D       		.byte	109
 315 0123 68       		.byte	104
 316 0124 6E       		.byte	110
 317 0125 10       		.byte	16
 318 0126 74       		.byte	116
 319 0127 18       		.byte	24
 320 0128 75       		.byte	117
 321 0129 10       		.byte	16
 322 012a 76       		.byte	118
 323 012b 11       		.byte	17
 324 012c 86       		.byte	-122
 325 012d 12       		.byte	18
 326 012e C0       		.byte	-64
 327 012f 67       		.byte	103
 328 0130 C2       		.byte	-62
 329 0131 E0       		.byte	-32
 330 0132 C4       		.byte	-60
 331 0133 BA       		.byte	-70
 332 0134 CA       		.byte	-54
 333 0135 F0       		.byte	-16
 334 0136 CC       		.byte	-52
 335 0137 EE       		.byte	-18
 336 0138 CE       		.byte	-50
 337 0139 FE       		.byte	-2
 338 013a D0       		.byte	-48
 339 013b 04       		.byte	4
 340 013c D6       		.byte	-42
 341 013d 40       		.byte	64
 342 013e 04       		.byte	4
ARM GAS  C:\Users\Ryan\AppData\Local\Temp\ccImhDNl.s 			page 7


 343 013f 09       		.byte	9
 344 0140 05       		.byte	5
 345 0141 04       		.byte	4
 346 0142 0C       		.byte	12
 347 0143 03       		.byte	3
 348 0144 0D       		.byte	13
 349 0145 02       		.byte	2
 350 0146 0E       		.byte	14
 351 0147 0C       		.byte	12
 352 0148 14       		.byte	20
 353 0149 03       		.byte	3
 354 014a 16       		.byte	22
 355 014b 04       		.byte	4
 356 014c 17       		.byte	23
 357 014d 02       		.byte	2
 358 014e 1B       		.byte	27
 359 014f 02       		.byte	2
 360 0150 21       		.byte	33
 361 0151 01       		.byte	1
 362 0152 24       		.byte	36
 363 0153 03       		.byte	3
 364 0154 26       		.byte	38
 365 0155 04       		.byte	4
 366 0156 27       		.byte	39
 367 0157 02       		.byte	2
 368 0158 29       		.byte	41
 369 0159 02       		.byte	2
 370 015a 2A       		.byte	42
 371 015b 0E       		.byte	14
 372 015c 30       		.byte	48
 373 015d 0F       		.byte	15
 374 015e 33       		.byte	51
 375 015f 01       		.byte	1
 376 0160 35       		.byte	53
 377 0161 04       		.byte	4
 378 0162 37       		.byte	55
 379 0163 02       		.byte	2
 380 0164 3A       		.byte	58
 381 0165 02       		.byte	2
 382 0166 3F       		.byte	63
 383 0167 54       		.byte	84
 384 0168 40       		.byte	64
 385 0169 42       		.byte	66
 386 016a 41       		.byte	65
 387 016b 06       		.byte	6
 388 016c 45       		.byte	69
 389 016d EC       		.byte	-20
 390 016e 46       		.byte	70
 391 016f 0B       		.byte	11
 392 0170 48       		.byte	72
 393 0171 07       		.byte	7
 394 0172 49       		.byte	73
 395 0173 FF       		.byte	-1
 396 0174 4A       		.byte	74
 397 0175 FF       		.byte	-1
 398 0176 4B       		.byte	75
 399 0177 FF       		.byte	-1
ARM GAS  C:\Users\Ryan\AppData\Local\Temp\ccImhDNl.s 			page 8


 400 0178 4E       		.byte	78
 401 0179 F0       		.byte	-16
 402 017a 4F       		.byte	79
 403 017b 44       		.byte	68
 404 017c 50       		.byte	80
 405 017d 0C       		.byte	12
 406 017e 54       		.byte	84
 407 017f 01       		.byte	1
 408 0180 58       		.byte	88
 409 0181 04       		.byte	4
 410 0182 59       		.byte	89
 411 0183 04       		.byte	4
 412 0184 5A       		.byte	90
 413 0185 04       		.byte	4
 414 0186 5B       		.byte	91
 415 0187 04       		.byte	4
 416 0188 5F       		.byte	95
 417 0189 01       		.byte	1
 418 018a 66       		.byte	102
 419 018b C0       		.byte	-64
 420 018c 6A       		.byte	106
 421 018d 40       		.byte	64
 422 018e 6B       		.byte	107
 423 018f 02       		.byte	2
 424 0190 81       		.byte	-127
 425 0191 0C       		.byte	12
 426 0192 83       		.byte	-125
 427 0193 30       		.byte	48
 428 0194 84       		.byte	-124
 429 0195 07       		.byte	7
 430 0196 87       		.byte	-121
 431 0197 0C       		.byte	12
 432 0198 89       		.byte	-119
 433 0199 10       		.byte	16
 434 019a 8A       		.byte	-118
 435 019b 01       		.byte	1
 436 019c 8C       		.byte	-116
 437 019d 07       		.byte	7
 438 019e 8D       		.byte	-115
 439 019f 04       		.byte	4
 440 01a0 8F       		.byte	-113
 441 01a1 42       		.byte	66
 442 01a2 94       		.byte	-108
 443 01a3 01       		.byte	1
 444 01a4 95       		.byte	-107
 445 01a5 08       		.byte	8
 446 01a6 96       		.byte	-106
 447 01a7 06       		.byte	6
 448 01a8 97       		.byte	-105
 449 01a9 02       		.byte	2
 450 01aa 99       		.byte	-103
 451 01ab 0C       		.byte	12
 452 01ac 9B       		.byte	-101
 453 01ad 01       		.byte	1
 454 01ae 9C       		.byte	-100
 455 01af 06       		.byte	6
 456 01b0 9D       		.byte	-99
ARM GAS  C:\Users\Ryan\AppData\Local\Temp\ccImhDNl.s 			page 9


 457 01b1 3C       		.byte	60
 458 01b2 9E       		.byte	-98
 459 01b3 01       		.byte	1
 460 01b4 A1       		.byte	-95
 461 01b5 3C       		.byte	60
 462 01b6 A4       		.byte	-92
 463 01b7 02       		.byte	2
 464 01b8 A5       		.byte	-91
 465 01b9 30       		.byte	48
 466 01ba A7       		.byte	-89
 467 01bb 0C       		.byte	12
 468 01bc A8       		.byte	-88
 469 01bd 06       		.byte	6
 470 01be A9       		.byte	-87
 471 01bf 30       		.byte	48
 472 01c0 AC       		.byte	-84
 473 01c1 04       		.byte	4
 474 01c2 AD       		.byte	-83
 475 01c3 20       		.byte	32
 476 01c4 B0       		.byte	-80
 477 01c5 07       		.byte	7
 478 01c6 B1       		.byte	-79
 479 01c7 03       		.byte	3
 480 01c8 B3       		.byte	-77
 481 01c9 40       		.byte	64
 482 01ca B5       		.byte	-75
 483 01cb 3C       		.byte	60
 484 01cc BB       		.byte	-69
 485 01cd 20       		.byte	32
 486 01ce BF       		.byte	-65
 487 01cf 01       		.byte	1
 488 01d0 D8       		.byte	-40
 489 01d1 04       		.byte	4
 490 01d2 D9       		.byte	-39
 491 01d3 04       		.byte	4
 492 01d4 DF       		.byte	-33
 493 01d5 01       		.byte	1
 494 01d6 00       		.byte	0
 495 01d7 40       		.byte	64
 496 01d8 03       		.byte	3
 497 01d9 20       		.byte	32
 498 01da 05       		.byte	5
 499 01db 48       		.byte	72
 500 01dc 06       		.byte	6
 501 01dd 08       		.byte	8
 502 01de 07       		.byte	7
 503 01df 09       		.byte	9
 504 01e0 08       		.byte	8
 505 01e1 08       		.byte	8
 506 01e2 0E       		.byte	14
 507 01e3 21       		.byte	33
 508 01e4 10       		.byte	16
 509 01e5 20       		.byte	32
 510 01e6 12       		.byte	18
 511 01e7 08       		.byte	8
 512 01e8 15       		.byte	21
 513 01e9 50       		.byte	80
ARM GAS  C:\Users\Ryan\AppData\Local\Temp\ccImhDNl.s 			page 10


 514 01ea 16       		.byte	22
 515 01eb 21       		.byte	33
 516 01ec 18       		.byte	24
 517 01ed 40       		.byte	64
 518 01ee 1D       		.byte	29
 519 01ef 01       		.byte	1
 520 01f0 21       		.byte	33
 521 01f1 10       		.byte	16
 522 01f2 22       		.byte	34
 523 01f3 44       		.byte	68
 524 01f4 25       		.byte	37
 525 01f5 10       		.byte	16
 526 01f6 26       		.byte	38
 527 01f7 14       		.byte	20
 528 01f8 27       		.byte	39
 529 01f9 40       		.byte	64
 530 01fa 28       		.byte	40
 531 01fb 08       		.byte	8
 532 01fc 29       		.byte	41
 533 01fd 22       		.byte	34
 534 01fe 2B       		.byte	43
 535 01ff 20       		.byte	32
 536 0200 2C       		.byte	44
 537 0201 08       		.byte	8
 538 0202 2D       		.byte	45
 539 0203 58       		.byte	88
 540 0204 2E       		.byte	46
 541 0205 01       		.byte	1
 542 0206 30       		.byte	48
 543 0207 30       		.byte	48
 544 0208 32       		.byte	50
 545 0209 08       		.byte	8
 546 020a 35       		.byte	53
 547 020b 40       		.byte	64
 548 020c 37       		.byte	55
 549 020d 14       		.byte	20
 550 020e 38       		.byte	56
 551 020f 40       		.byte	64
 552 0210 39       		.byte	57
 553 0211 08       		.byte	8
 554 0212 3C       		.byte	60
 555 0213 20       		.byte	32
 556 0214 3E       		.byte	62
 557 0215 2A       		.byte	42
 558 0216 3F       		.byte	63
 559 0217 80       		.byte	-128
 560 0218 40       		.byte	64
 561 0219 40       		.byte	64
 562 021a 41       		.byte	65
 563 021b 10       		.byte	16
 564 021c 48       		.byte	72
 565 021d 20       		.byte	32
 566 021e 49       		.byte	73
 567 021f 22       		.byte	34
 568 0220 50       		.byte	80
 569 0221 80       		.byte	-128
 570 0222 58       		.byte	88
ARM GAS  C:\Users\Ryan\AppData\Local\Temp\ccImhDNl.s 			page 11


 571 0223 10       		.byte	16
 572 0224 59       		.byte	89
 573 0225 02       		.byte	2
 574 0226 5A       		.byte	90
 575 0227 88       		.byte	-120
 576 0228 81       		.byte	-127
 577 0229 80       		.byte	-128
 578 022a 83       		.byte	-125
 579 022b 40       		.byte	64
 580 022c 86       		.byte	-122
 581 022d 12       		.byte	18
 582 022e 91       		.byte	-111
 583 022f 08       		.byte	8
 584 0230 92       		.byte	-110
 585 0231 01       		.byte	1
 586 0232 94       		.byte	-108
 587 0233 40       		.byte	64
 588 0234 95       		.byte	-107
 589 0235 10       		.byte	16
 590 0236 99       		.byte	-103
 591 0237 28       		.byte	40
 592 0238 9A       		.byte	-102
 593 0239 01       		.byte	1
 594 023a 9B       		.byte	-101
 595 023b 1D       		.byte	29
 596 023c 9D       		.byte	-99
 597 023d 81       		.byte	-127
 598 023e 9F       		.byte	-97
 599 023f 40       		.byte	64
 600 0240 A0       		.byte	-96
 601 0241 18       		.byte	24
 602 0242 A2       		.byte	-94
 603 0243 08       		.byte	8
 604 0244 A3       		.byte	-93
 605 0245 20       		.byte	32
 606 0246 A4       		.byte	-92
 607 0247 80       		.byte	-128
 608 0248 A5       		.byte	-91
 609 0249 10       		.byte	16
 610 024a A6       		.byte	-90
 611 024b 14       		.byte	20
 612 024c AC       		.byte	-84
 613 024d 12       		.byte	18
 614 024e AE       		.byte	-82
 615 024f 84       		.byte	-124
 616 0250 C0       		.byte	-64
 617 0251 E5       		.byte	-27
 618 0252 C2       		.byte	-62
 619 0253 A4       		.byte	-92
 620 0254 C4       		.byte	-60
 621 0255 E6       		.byte	-26
 622 0256 CA       		.byte	-54
 623 0257 F7       		.byte	-9
 624 0258 CC       		.byte	-52
 625 0259 76       		.byte	118
 626 025a CE       		.byte	-50
 627 025b FA       		.byte	-6
ARM GAS  C:\Users\Ryan\AppData\Local\Temp\ccImhDNl.s 			page 12


 628 025c D0       		.byte	-48
 629 025d 05       		.byte	5
 630 025e D2       		.byte	-46
 631 025f 04       		.byte	4
 632 0260 D6       		.byte	-42
 633 0261 0F       		.byte	15
 634 0262 02       		.byte	2
 635 0263 20       		.byte	32
 636 0264 03       		.byte	3
 637 0265 04       		.byte	4
 638 0266 05       		.byte	5
 639 0267 03       		.byte	3
 640 0268 06       		.byte	6
 641 0269 03       		.byte	3
 642 026a 08       		.byte	8
 643 026b 1C       		.byte	28
 644 026c 09       		.byte	9
 645 026d 03       		.byte	3
 646 026e 0A       		.byte	10
 647 026f 42       		.byte	66
 648 0270 0C       		.byte	12
 649 0271 04       		.byte	4
 650 0272 0F       		.byte	15
 651 0273 04       		.byte	4
 652 0274 10       		.byte	16
 653 0275 08       		.byte	8
 654 0276 14       		.byte	20
 655 0277 47       		.byte	71
 656 0278 15       		.byte	21
 657 0279 02       		.byte	2
 658 027a 16       		.byte	22
 659 027b 18       		.byte	24
 660 027c 17       		.byte	23
 661 027d 01       		.byte	1
 662 027e 1A       		.byte	26
 663 027f 04       		.byte	4
 664 0280 1C       		.byte	28
 665 0281 1C       		.byte	28
 666 0282 1D       		.byte	29
 667 0283 01       		.byte	1
 668 0284 1E       		.byte	30
 669 0285 41       		.byte	65
 670 0286 1F       		.byte	31
 671 0287 02       		.byte	2
 672 0288 20       		.byte	32
 673 0289 5F       		.byte	95
 674 028a 26       		.byte	38
 675 028b 20       		.byte	32
 676 028c 28       		.byte	40
 677 028d 18       		.byte	24
 678 028e 2C       		.byte	44
 679 028f 10       		.byte	16
 680 0290 32       		.byte	50
 681 0291 1F       		.byte	31
 682 0292 33       		.byte	51
 683 0293 04       		.byte	4
 684 0294 34       		.byte	52
ARM GAS  C:\Users\Ryan\AppData\Local\Temp\ccImhDNl.s 			page 13


 685 0295 20       		.byte	32
 686 0296 35       		.byte	53
 687 0297 03       		.byte	3
 688 0298 36       		.byte	54
 689 0299 40       		.byte	64
 690 029a 38       		.byte	56
 691 029b 80       		.byte	-128
 692 029c 3A       		.byte	58
 693 029d 08       		.byte	8
 694 029e 3B       		.byte	59
 695 029f 80       		.byte	-128
 696 02a0 3E       		.byte	62
 697 02a1 10       		.byte	16
 698 02a2 3F       		.byte	63
 699 02a3 04       		.byte	4
 700 02a4 40       		.byte	64
 701 02a5 23       		.byte	35
 702 02a6 41       		.byte	65
 703 02a7 04       		.byte	4
 704 02a8 42       		.byte	66
 705 02a9 05       		.byte	5
 706 02aa 44       		.byte	68
 707 02ab 01       		.byte	1
 708 02ac 46       		.byte	70
 709 02ad CE       		.byte	-50
 710 02ae 48       		.byte	72
 711 02af 0C       		.byte	12
 712 02b0 49       		.byte	73
 713 02b1 FF       		.byte	-1
 714 02b2 4A       		.byte	74
 715 02b3 FF       		.byte	-1
 716 02b4 4B       		.byte	75
 717 02b5 FF       		.byte	-1
 718 02b6 4C       		.byte	76
 719 02b7 62       		.byte	98
 720 02b8 4D       		.byte	77
 721 02b9 A0       		.byte	-96
 722 02ba 4E       		.byte	78
 723 02bb F0       		.byte	-16
 724 02bc 4F       		.byte	79
 725 02bd 41       		.byte	65
 726 02be 50       		.byte	80
 727 02bf 0C       		.byte	12
 728 02c0 54       		.byte	84
 729 02c1 18       		.byte	24
 730 02c2 56       		.byte	86
 731 02c3 04       		.byte	4
 732 02c4 58       		.byte	88
 733 02c5 04       		.byte	4
 734 02c6 59       		.byte	89
 735 02c7 04       		.byte	4
 736 02c8 5A       		.byte	90
 737 02c9 04       		.byte	4
 738 02ca 5B       		.byte	91
 739 02cb 04       		.byte	4
 740 02cc 5F       		.byte	95
 741 02cd 01       		.byte	1
ARM GAS  C:\Users\Ryan\AppData\Local\Temp\ccImhDNl.s 			page 14


 742 02ce 66       		.byte	102
 743 02cf 40       		.byte	64
 744 02d0 67       		.byte	103
 745 02d1 02       		.byte	2
 746 02d2 69       		.byte	105
 747 02d3 10       		.byte	16
 748 02d4 6A       		.byte	106
 749 02d5 30       		.byte	48
 750 02d6 6B       		.byte	107
 751 02d7 10       		.byte	16
 752 02d8 6D       		.byte	109
 753 02d9 10       		.byte	16
 754 02da 6E       		.byte	110
 755 02db 10       		.byte	16
 756 02dc 6F       		.byte	111
 757 02dd 12       		.byte	18
 758 02de 84       		.byte	-124
 759 02df 01       		.byte	1
 760 02e0 88       		.byte	-120
 761 02e1 03       		.byte	3
 762 02e2 89       		.byte	-119
 763 02e3 0C       		.byte	12
 764 02e4 8B       		.byte	-117
 765 02e5 11       		.byte	17
 766 02e6 8C       		.byte	-116
 767 02e7 03       		.byte	3
 768 02e8 8D       		.byte	-115
 769 02e9 10       		.byte	16
 770 02ea 8F       		.byte	-113
 771 02eb 0C       		.byte	12
 772 02ec 95       		.byte	-107
 773 02ed 09       		.byte	9
 774 02ee 97       		.byte	-105
 775 02ef 10       		.byte	16
 776 02f0 99       		.byte	-103
 777 02f1 20       		.byte	32
 778 02f2 9B       		.byte	-101
 779 02f3 03       		.byte	3
 780 02f4 9D       		.byte	-99
 781 02f5 14       		.byte	20
 782 02f6 A3       		.byte	-93
 783 02f7 10       		.byte	16
 784 02f8 A5       		.byte	-91
 785 02f9 1C       		.byte	28
 786 02fa A7       		.byte	-89
 787 02fb 02       		.byte	2
 788 02fc AA       		.byte	-86
 789 02fd 02       		.byte	2
 790 02fe B4       		.byte	-76
 791 02ff 03       		.byte	3
 792 0300 B5       		.byte	-75
 793 0301 1F       		.byte	31
 794 0302 B7       		.byte	-73
 795 0303 20       		.byte	32
 796 0304 B8       		.byte	-72
 797 0305 20       		.byte	32
 798 0306 BE       		.byte	-66
ARM GAS  C:\Users\Ryan\AppData\Local\Temp\ccImhDNl.s 			page 15


 799 0307 10       		.byte	16
 800 0308 BF       		.byte	-65
 801 0309 40       		.byte	64
 802 030a D8       		.byte	-40
 803 030b 04       		.byte	4
 804 030c D9       		.byte	-39
 805 030d 04       		.byte	4
 806 030e DF       		.byte	-33
 807 030f 01       		.byte	1
 808 0310 00       		.byte	0
 809 0311 58       		.byte	88
 810 0312 01       		.byte	1
 811 0313 20       		.byte	32
 812 0314 03       		.byte	3
 813 0315 20       		.byte	32
 814 0316 05       		.byte	5
 815 0317 81       		.byte	-127
 816 0318 06       		.byte	6
 817 0319 24       		.byte	36
 818 031a 08       		.byte	8
 819 031b 08       		.byte	8
 820 031c 09       		.byte	9
 821 031d 08       		.byte	8
 822 031e 0C       		.byte	12
 823 031f 02       		.byte	2
 824 0320 0E       		.byte	14
 825 0321 29       		.byte	41
 826 0322 12       		.byte	18
 827 0323 08       		.byte	8
 828 0324 15       		.byte	21
 829 0325 10       		.byte	16
 830 0326 16       		.byte	22
 831 0327 11       		.byte	17
 832 0328 17       		.byte	23
 833 0329 01       		.byte	1
 834 032a 18       		.byte	24
 835 032b 04       		.byte	4
 836 032c 1C       		.byte	28
 837 032d 02       		.byte	2
 838 032e 1D       		.byte	29
 839 032f 04       		.byte	4
 840 0330 1E       		.byte	30
 841 0331 04       		.byte	4
 842 0332 22       		.byte	34
 843 0333 90       		.byte	-112
 844 0334 25       		.byte	37
 845 0335 08       		.byte	8
 846 0336 27       		.byte	39
 847 0337 05       		.byte	5
 848 0338 28       		.byte	40
 849 0339 40       		.byte	64
 850 033a 2B       		.byte	43
 851 033b 20       		.byte	32
 852 033c 30       		.byte	48
 853 033d 80       		.byte	-128
 854 033e 32       		.byte	50
 855 033f 18       		.byte	24
ARM GAS  C:\Users\Ryan\AppData\Local\Temp\ccImhDNl.s 			page 16


 856 0340 35       		.byte	53
 857 0341 80       		.byte	-128
 858 0342 37       		.byte	55
 859 0343 04       		.byte	4
 860 0344 38       		.byte	56
 861 0345 50       		.byte	80
 862 0346 3C       		.byte	60
 863 0347 82       		.byte	-126
 864 0348 3D       		.byte	61
 865 0349 08       		.byte	8
 866 034a 3E       		.byte	62
 867 034b 10       		.byte	16
 868 034c 44       		.byte	68
 869 034d 10       		.byte	16
 870 034e 45       		.byte	69
 871 034f 10       		.byte	16
 872 0350 46       		.byte	70
 873 0351 20       		.byte	32
 874 0352 47       		.byte	71
 875 0353 49       		.byte	73
 876 0354 4E       		.byte	78
 877 0355 01       		.byte	1
 878 0356 54       		.byte	84
 879 0357 40       		.byte	64
 880 0358 56       		.byte	86
 881 0359 10       		.byte	16
 882 035a 59       		.byte	89
 883 035b 0D       		.byte	13
 884 035c 5A       		.byte	90
 885 035d 02       		.byte	2
 886 035e 5E       		.byte	94
 887 035f 02       		.byte	2
 888 0360 64       		.byte	100
 889 0361 08       		.byte	8
 890 0362 65       		.byte	101
 891 0363 06       		.byte	6
 892 0364 66       		.byte	102
 893 0365 84       		.byte	-124
 894 0366 82       		.byte	-126
 895 0367 80       		.byte	-128
 896 0368 85       		.byte	-123
 897 0369 02       		.byte	2
 898 036a 90       		.byte	-112
 899 036b 10       		.byte	16
 900 036c 91       		.byte	-111
 901 036d 08       		.byte	8
 902 036e 92       		.byte	-110
 903 036f 11       		.byte	17
 904 0370 94       		.byte	-108
 905 0371 44       		.byte	68
 906 0372 98       		.byte	-104
 907 0373 50       		.byte	80
 908 0374 9A       		.byte	-102
 909 0375 01       		.byte	1
 910 0376 9B       		.byte	-101
 911 0377 10       		.byte	16
 912 0378 9D       		.byte	-99
ARM GAS  C:\Users\Ryan\AppData\Local\Temp\ccImhDNl.s 			page 17


 913 0379 84       		.byte	-124
 914 037a 9F       		.byte	-97
 915 037b 05       		.byte	5
 916 037c A0       		.byte	-96
 917 037d 1C       		.byte	28
 918 037e A1       		.byte	-95
 919 037f 04       		.byte	4
 920 0380 A2       		.byte	-94
 921 0381 09       		.byte	9
 922 0382 A6       		.byte	-90
 923 0383 10       		.byte	16
 924 0384 C0       		.byte	-64
 925 0385 F7       		.byte	-9
 926 0386 C2       		.byte	-62
 927 0387 F0       		.byte	-16
 928 0388 C4       		.byte	-60
 929 0389 F2       		.byte	-14
 930 038a CA       		.byte	-54
 931 038b 03       		.byte	3
 932 038c CC       		.byte	-52
 933 038d 5E       		.byte	94
 934 038e CE       		.byte	-50
 935 038f FC       		.byte	-4
 936 0390 D0       		.byte	-48
 937 0391 F0       		.byte	-16
 938 0392 D2       		.byte	-46
 939 0393 10       		.byte	16
 940 0394 D6       		.byte	-42
 941 0395 80       		.byte	-128
 942 0396 D8       		.byte	-40
 943 0397 B0       		.byte	-80
 944 0398 33       		.byte	51
 945 0399 80       		.byte	-128
 946 039a CC       		.byte	-52
 947 039b 10       		.byte	16
 948 039c A7       		.byte	-89
 949 039d 80       		.byte	-128
 950 039e A7       		.byte	-89
 951 039f 80       		.byte	-128
 952 03a0 A7       		.byte	-89
 953 03a1 80       		.byte	-128
 954 03a2 83       		.byte	-125
 955 03a3 04       		.byte	4
 956 03a4 87       		.byte	-121
 957 03a5 80       		.byte	-128
 958 03a6 A7       		.byte	-89
 959 03a7 80       		.byte	-128
 960 03a8 E6       		.byte	-26
 961 03a9 30       		.byte	48
 962 03aa 0D       		.byte	13
 963 03ab 20       		.byte	32
 964 03ac 63       		.byte	99
 965 03ad 08       		.byte	8
 966 03ae 81       		.byte	-127
 967 03af 20       		.byte	32
 968 03b0 A3       		.byte	-93
 969 03b1 04       		.byte	4
ARM GAS  C:\Users\Ryan\AppData\Local\Temp\ccImhDNl.s 			page 18


 970 03b2 C2       		.byte	-62
 971 03b3 80       		.byte	-128
 972 03b4 D8       		.byte	-40
 973 03b5 40       		.byte	64
 974 03b6 E0       		.byte	-32
 975 03b7 20       		.byte	32
 976 03b8 00       		.byte	0
 977 03b9 01       		.byte	1
 978 03ba 0A       		.byte	10
 979 03bb 01       		.byte	1
 980 03bc 10       		.byte	16
 981 03bd 01       		.byte	1
 982 03be 1A       		.byte	26
 983 03bf 01       		.byte	1
 984 03c0 00       		.byte	0
 985 03c1 03       		.byte	3
 986 03c2 00       		.byte	0
 987 03c3 00       		.byte	0
 988 03c4 40       		.byte	64
 989 03c5 00       		.byte	0
 990 03c6 80       		.byte	-128
 991 03c7 40       		.byte	64
 992 03c8 40       		.byte	64
 993 03c9 00       		.byte	0
 994 03ca 40       		.byte	64
 995 03cb 00       		.byte	0
 996 03cc 00       		.byte	0
 997 03cd 00       		.byte	0
 998 03ce 00       		.byte	0
 999 03cf 00       		.byte	0
 1000              		.global	cy_meta_custnvl
 1001              		.section	.cycustnvl,"a",%progbits
 1002              		.align	2
 1003              		.type	cy_meta_custnvl, %object
 1004              		.size	cy_meta_custnvl, 4
 1005              	cy_meta_custnvl:
 1006 0000 00       		.byte	0
 1007 0001 00       		.byte	0
 1008 0002 40       		.byte	64
 1009 0003 05       		.byte	5
 1010              		.global	cy_meta_wonvl
 1011              		.section	.cywolatch,"a",%progbits
 1012              		.align	2
 1013              		.type	cy_meta_wonvl, %object
 1014              		.size	cy_meta_wonvl, 4
 1015              	cy_meta_wonvl:
 1016 0000 BC       		.byte	-68
 1017 0001 90       		.byte	-112
 1018 0002 AC       		.byte	-84
 1019 0003 AF       		.byte	-81
 1020              		.global	cy_meta_flashprotect
 1021              		.section	.cyflashprotect,"a",%progbits
 1022              		.align	2
 1023              		.type	cy_meta_flashprotect, %object
 1024              		.size	cy_meta_flashprotect, 256
 1025              	cy_meta_flashprotect:
 1026 0000 00000000 		.space	256
ARM GAS  C:\Users\Ryan\AppData\Local\Temp\ccImhDNl.s 			page 19


 1026      00000000 
 1026      00000000 
 1026      00000000 
 1026      00000000 
 1027              		.global	cy_metadata
 1028              		.section	.cymeta,"a",%progbits
 1029              		.align	2
 1030              		.type	cy_metadata, %object
 1031              		.size	cy_metadata, 12
 1032              	cy_metadata:
 1033 0000 00       		.byte	0
 1034 0001 01       		.byte	1
 1035 0002 2E       		.byte	46
 1036 0003 12       		.byte	18
 1037 0004 30       		.byte	48
 1038 0005 69       		.byte	105
 1039 0006 00       		.byte	0
 1040 0007 01       		.byte	1
 1041 0008 00       		.byte	0
 1042 0009 00       		.byte	0
 1043 000a 00       		.byte	0
 1044 000b 00       		.byte	0
 1045              		.text
 1046              	.Letext0:
 1047              		.file 1 ".\\Generated_Source\\PSoC5\\cymetadata.c"
 1048              		.file 2 ".\\Generated_Source\\PSoC5\\cytypes.h"
 1049              		.section	.debug_info,"",%progbits
 1050              	.Ldebug_info0:
 1051 0000 3B010000 		.4byte	0x13b
 1052 0004 0200     		.2byte	0x2
 1053 0006 00000000 		.4byte	.Ldebug_abbrev0
 1054 000a 04       		.byte	0x4
 1055 000b 01       		.uleb128 0x1
 1056 000c 50010000 		.4byte	.LASF18
 1057 0010 01       		.byte	0x1
 1058 0011 00000000 		.4byte	.LASF19
 1059 0015 F2000000 		.4byte	.LASF20
 1060 0019 00000000 		.4byte	.Ldebug_line0
 1061 001d 02       		.uleb128 0x2
 1062 001e 01       		.byte	0x1
 1063 001f 06       		.byte	0x6
 1064 0020 A2010000 		.4byte	.LASF0
 1065 0024 02       		.uleb128 0x2
 1066 0025 01       		.byte	0x1
 1067 0026 08       		.byte	0x8
 1068 0027 38000000 		.4byte	.LASF1
 1069 002b 02       		.uleb128 0x2
 1070 002c 02       		.byte	0x2
 1071 002d 05       		.byte	0x5
 1072 002e 40010000 		.4byte	.LASF2
 1073 0032 02       		.uleb128 0x2
 1074 0033 02       		.byte	0x2
 1075 0034 07       		.byte	0x7
 1076 0035 58000000 		.4byte	.LASF3
 1077 0039 02       		.uleb128 0x2
 1078 003a 04       		.byte	0x4
 1079 003b 05       		.byte	0x5
ARM GAS  C:\Users\Ryan\AppData\Local\Temp\ccImhDNl.s 			page 20


 1080 003c 99010000 		.4byte	.LASF4
 1081 0040 02       		.uleb128 0x2
 1082 0041 04       		.byte	0x4
 1083 0042 07       		.byte	0x7
 1084 0043 46000000 		.4byte	.LASF5
 1085 0047 02       		.uleb128 0x2
 1086 0048 08       		.byte	0x8
 1087 0049 05       		.byte	0x5
 1088 004a E4000000 		.4byte	.LASF6
 1089 004e 02       		.uleb128 0x2
 1090 004f 08       		.byte	0x8
 1091 0050 07       		.byte	0x7
 1092 0051 A1000000 		.4byte	.LASF7
 1093 0055 03       		.uleb128 0x3
 1094 0056 04       		.byte	0x4
 1095 0057 05       		.byte	0x5
 1096 0058 696E7400 		.ascii	"int\000"
 1097 005c 02       		.uleb128 0x2
 1098 005d 04       		.byte	0x4
 1099 005e 07       		.byte	0x7
 1100 005f 94000000 		.4byte	.LASF8
 1101 0063 04       		.uleb128 0x4
 1102 0064 4A010000 		.4byte	.LASF21
 1103 0068 02       		.byte	0x2
 1104 0069 5B       		.byte	0x5b
 1105 006a 24000000 		.4byte	0x24
 1106 006e 02       		.uleb128 0x2
 1107 006f 04       		.byte	0x4
 1108 0070 04       		.byte	0x4
 1109 0071 32000000 		.4byte	.LASF9
 1110 0075 02       		.uleb128 0x2
 1111 0076 08       		.byte	0x8
 1112 0077 04       		.byte	0x4
 1113 0078 6B000000 		.4byte	.LASF10
 1114 007c 02       		.uleb128 0x2
 1115 007d 01       		.byte	0x1
 1116 007e 08       		.byte	0x8
 1117 007f 3B010000 		.4byte	.LASF11
 1118 0083 05       		.uleb128 0x5
 1119 0084 63000000 		.4byte	0x63
 1120 0088 94000000 		.4byte	0x94
 1121 008c 06       		.uleb128 0x6
 1122 008d 94000000 		.4byte	0x94
 1123 0091 CF03     		.2byte	0x3cf
 1124 0093 00       		.byte	0
 1125 0094 02       		.uleb128 0x2
 1126 0095 04       		.byte	0x4
 1127 0096 07       		.byte	0x7
 1128 0097 DB000000 		.4byte	.LASF12
 1129 009b 07       		.uleb128 0x7
 1130 009c 82000000 		.4byte	.LASF13
 1131 00a0 01       		.byte	0x1
 1132 00a1 1C       		.byte	0x1c
 1133 00a2 AD000000 		.4byte	0xad
 1134 00a6 01       		.byte	0x1
 1135 00a7 05       		.byte	0x5
 1136 00a8 03       		.byte	0x3
ARM GAS  C:\Users\Ryan\AppData\Local\Temp\ccImhDNl.s 			page 21


 1137 00a9 00000000 		.4byte	cy_meta_configecc
 1138 00ad 08       		.uleb128 0x8
 1139 00ae 83000000 		.4byte	0x83
 1140 00b2 05       		.uleb128 0x5
 1141 00b3 63000000 		.4byte	0x63
 1142 00b7 C2000000 		.4byte	0xc2
 1143 00bb 09       		.uleb128 0x9
 1144 00bc 94000000 		.4byte	0x94
 1145 00c0 03       		.byte	0x3
 1146 00c1 00       		.byte	0
 1147 00c2 07       		.uleb128 0x7
 1148 00c3 72000000 		.4byte	.LASF14
 1149 00c7 01       		.byte	0x1
 1150 00c8 A0       		.byte	0xa0
 1151 00c9 D4000000 		.4byte	0xd4
 1152 00cd 01       		.byte	0x1
 1153 00ce 05       		.byte	0x5
 1154 00cf 03       		.byte	0x3
 1155 00d0 00000000 		.4byte	cy_meta_custnvl
 1156 00d4 08       		.uleb128 0x8
 1157 00d5 B2000000 		.4byte	0xb2
 1158 00d9 07       		.uleb128 0x7
 1159 00da CD000000 		.4byte	.LASF15
 1160 00de 01       		.byte	0x1
 1161 00df AB       		.byte	0xab
 1162 00e0 EB000000 		.4byte	0xeb
 1163 00e4 01       		.byte	0x1
 1164 00e5 05       		.byte	0x5
 1165 00e6 03       		.byte	0x3
 1166 00e7 00000000 		.4byte	cy_meta_wonvl
 1167 00eb 08       		.uleb128 0x8
 1168 00ec B2000000 		.4byte	0xb2
 1169 00f0 05       		.uleb128 0x5
 1170 00f1 63000000 		.4byte	0x63
 1171 00f5 00010000 		.4byte	0x100
 1172 00f9 09       		.uleb128 0x9
 1173 00fa 94000000 		.4byte	0x94
 1174 00fe FF       		.byte	0xff
 1175 00ff 00       		.byte	0
 1176 0100 07       		.uleb128 0x7
 1177 0101 B8000000 		.4byte	.LASF16
 1178 0105 01       		.byte	0x1
 1179 0106 B6       		.byte	0xb6
 1180 0107 12010000 		.4byte	0x112
 1181 010b 01       		.byte	0x1
 1182 010c 05       		.byte	0x5
 1183 010d 03       		.byte	0x3
 1184 010e 00000000 		.4byte	cy_meta_flashprotect
 1185 0112 08       		.uleb128 0x8
 1186 0113 F0000000 		.4byte	0xf0
 1187 0117 05       		.uleb128 0x5
 1188 0118 63000000 		.4byte	0x63
 1189 011c 27010000 		.4byte	0x127
 1190 0120 09       		.uleb128 0x9
 1191 0121 94000000 		.4byte	0x94
 1192 0125 0B       		.byte	0xb
 1193 0126 00       		.byte	0
ARM GAS  C:\Users\Ryan\AppData\Local\Temp\ccImhDNl.s 			page 22


 1194 0127 07       		.uleb128 0x7
 1195 0128 26000000 		.4byte	.LASF17
 1196 012c 01       		.byte	0x1
 1197 012d E0       		.byte	0xe0
 1198 012e 39010000 		.4byte	0x139
 1199 0132 01       		.byte	0x1
 1200 0133 05       		.byte	0x5
 1201 0134 03       		.byte	0x3
 1202 0135 00000000 		.4byte	cy_metadata
 1203 0139 08       		.uleb128 0x8
 1204 013a 17010000 		.4byte	0x117
 1205 013e 00       		.byte	0
 1206              		.section	.debug_abbrev,"",%progbits
 1207              	.Ldebug_abbrev0:
 1208 0000 01       		.uleb128 0x1
 1209 0001 11       		.uleb128 0x11
 1210 0002 01       		.byte	0x1
 1211 0003 25       		.uleb128 0x25
 1212 0004 0E       		.uleb128 0xe
 1213 0005 13       		.uleb128 0x13
 1214 0006 0B       		.uleb128 0xb
 1215 0007 03       		.uleb128 0x3
 1216 0008 0E       		.uleb128 0xe
 1217 0009 1B       		.uleb128 0x1b
 1218 000a 0E       		.uleb128 0xe
 1219 000b 10       		.uleb128 0x10
 1220 000c 06       		.uleb128 0x6
 1221 000d 00       		.byte	0
 1222 000e 00       		.byte	0
 1223 000f 02       		.uleb128 0x2
 1224 0010 24       		.uleb128 0x24
 1225 0011 00       		.byte	0
 1226 0012 0B       		.uleb128 0xb
 1227 0013 0B       		.uleb128 0xb
 1228 0014 3E       		.uleb128 0x3e
 1229 0015 0B       		.uleb128 0xb
 1230 0016 03       		.uleb128 0x3
 1231 0017 0E       		.uleb128 0xe
 1232 0018 00       		.byte	0
 1233 0019 00       		.byte	0
 1234 001a 03       		.uleb128 0x3
 1235 001b 24       		.uleb128 0x24
 1236 001c 00       		.byte	0
 1237 001d 0B       		.uleb128 0xb
 1238 001e 0B       		.uleb128 0xb
 1239 001f 3E       		.uleb128 0x3e
 1240 0020 0B       		.uleb128 0xb
 1241 0021 03       		.uleb128 0x3
 1242 0022 08       		.uleb128 0x8
 1243 0023 00       		.byte	0
 1244 0024 00       		.byte	0
 1245 0025 04       		.uleb128 0x4
 1246 0026 16       		.uleb128 0x16
 1247 0027 00       		.byte	0
 1248 0028 03       		.uleb128 0x3
 1249 0029 0E       		.uleb128 0xe
 1250 002a 3A       		.uleb128 0x3a
ARM GAS  C:\Users\Ryan\AppData\Local\Temp\ccImhDNl.s 			page 23


 1251 002b 0B       		.uleb128 0xb
 1252 002c 3B       		.uleb128 0x3b
 1253 002d 0B       		.uleb128 0xb
 1254 002e 49       		.uleb128 0x49
 1255 002f 13       		.uleb128 0x13
 1256 0030 00       		.byte	0
 1257 0031 00       		.byte	0
 1258 0032 05       		.uleb128 0x5
 1259 0033 01       		.uleb128 0x1
 1260 0034 01       		.byte	0x1
 1261 0035 49       		.uleb128 0x49
 1262 0036 13       		.uleb128 0x13
 1263 0037 01       		.uleb128 0x1
 1264 0038 13       		.uleb128 0x13
 1265 0039 00       		.byte	0
 1266 003a 00       		.byte	0
 1267 003b 06       		.uleb128 0x6
 1268 003c 21       		.uleb128 0x21
 1269 003d 00       		.byte	0
 1270 003e 49       		.uleb128 0x49
 1271 003f 13       		.uleb128 0x13
 1272 0040 2F       		.uleb128 0x2f
 1273 0041 05       		.uleb128 0x5
 1274 0042 00       		.byte	0
 1275 0043 00       		.byte	0
 1276 0044 07       		.uleb128 0x7
 1277 0045 34       		.uleb128 0x34
 1278 0046 00       		.byte	0
 1279 0047 03       		.uleb128 0x3
 1280 0048 0E       		.uleb128 0xe
 1281 0049 3A       		.uleb128 0x3a
 1282 004a 0B       		.uleb128 0xb
 1283 004b 3B       		.uleb128 0x3b
 1284 004c 0B       		.uleb128 0xb
 1285 004d 49       		.uleb128 0x49
 1286 004e 13       		.uleb128 0x13
 1287 004f 3F       		.uleb128 0x3f
 1288 0050 0C       		.uleb128 0xc
 1289 0051 02       		.uleb128 0x2
 1290 0052 0A       		.uleb128 0xa
 1291 0053 00       		.byte	0
 1292 0054 00       		.byte	0
 1293 0055 08       		.uleb128 0x8
 1294 0056 26       		.uleb128 0x26
 1295 0057 00       		.byte	0
 1296 0058 49       		.uleb128 0x49
 1297 0059 13       		.uleb128 0x13
 1298 005a 00       		.byte	0
 1299 005b 00       		.byte	0
 1300 005c 09       		.uleb128 0x9
 1301 005d 21       		.uleb128 0x21
 1302 005e 00       		.byte	0
 1303 005f 49       		.uleb128 0x49
 1304 0060 13       		.uleb128 0x13
 1305 0061 2F       		.uleb128 0x2f
 1306 0062 0B       		.uleb128 0xb
 1307 0063 00       		.byte	0
ARM GAS  C:\Users\Ryan\AppData\Local\Temp\ccImhDNl.s 			page 24


 1308 0064 00       		.byte	0
 1309 0065 00       		.byte	0
 1310              		.section	.debug_aranges,"",%progbits
 1311 0000 14000000 		.4byte	0x14
 1312 0004 0200     		.2byte	0x2
 1313 0006 00000000 		.4byte	.Ldebug_info0
 1314 000a 04       		.byte	0x4
 1315 000b 00       		.byte	0
 1316 000c 0000     		.2byte	0
 1317 000e 0000     		.2byte	0
 1318 0010 00000000 		.4byte	0
 1319 0014 00000000 		.4byte	0
 1320              		.section	.debug_line,"",%progbits
 1321              	.Ldebug_line0:
 1322 0000 4F000000 		.section	.debug_str,"MS",%progbits,1
 1322      02004900 
 1322      00000201 
 1322      FB0E0D00 
 1322      01010101 
 1323              	.LASF19:
 1324 0000 2E5C4765 		.ascii	".\\Generated_Source\\PSoC5\\cymetadata.c\000"
 1324      6E657261 
 1324      7465645F 
 1324      536F7572 
 1324      63655C50 
 1325              	.LASF17:
 1326 0026 63795F6D 		.ascii	"cy_metadata\000"
 1326      65746164 
 1326      61746100 
 1327              	.LASF9:
 1328 0032 666C6F61 		.ascii	"float\000"
 1328      7400
 1329              	.LASF1:
 1330 0038 756E7369 		.ascii	"unsigned char\000"
 1330      676E6564 
 1330      20636861 
 1330      7200
 1331              	.LASF5:
 1332 0046 6C6F6E67 		.ascii	"long unsigned int\000"
 1332      20756E73 
 1332      69676E65 
 1332      6420696E 
 1332      7400
 1333              	.LASF3:
 1334 0058 73686F72 		.ascii	"short unsigned int\000"
 1334      7420756E 
 1334      7369676E 
 1334      65642069 
 1334      6E7400
 1335              	.LASF10:
 1336 006b 646F7562 		.ascii	"double\000"
 1336      6C6500
 1337              	.LASF14:
 1338 0072 63795F6D 		.ascii	"cy_meta_custnvl\000"
 1338      6574615F 
 1338      63757374 
 1338      6E766C00 
ARM GAS  C:\Users\Ryan\AppData\Local\Temp\ccImhDNl.s 			page 25


 1339              	.LASF13:
 1340 0082 63795F6D 		.ascii	"cy_meta_configecc\000"
 1340      6574615F 
 1340      636F6E66 
 1340      69676563 
 1340      6300
 1341              	.LASF8:
 1342 0094 756E7369 		.ascii	"unsigned int\000"
 1342      676E6564 
 1342      20696E74 
 1342      00
 1343              	.LASF7:
 1344 00a1 6C6F6E67 		.ascii	"long long unsigned int\000"
 1344      206C6F6E 
 1344      6720756E 
 1344      7369676E 
 1344      65642069 
 1345              	.LASF16:
 1346 00b8 63795F6D 		.ascii	"cy_meta_flashprotect\000"
 1346      6574615F 
 1346      666C6173 
 1346      6870726F 
 1346      74656374 
 1347              	.LASF15:
 1348 00cd 63795F6D 		.ascii	"cy_meta_wonvl\000"
 1348      6574615F 
 1348      776F6E76 
 1348      6C00
 1349              	.LASF12:
 1350 00db 73697A65 		.ascii	"sizetype\000"
 1350      74797065 
 1350      00
 1351              	.LASF6:
 1352 00e4 6C6F6E67 		.ascii	"long long int\000"
 1352      206C6F6E 
 1352      6720696E 
 1352      7400
 1353              	.LASF20:
 1354 00f2 433A5C55 		.ascii	"C:\\Users\\Ryan\\Documents\\summer2014\\WindSensor\\"
 1354      73657273 
 1354      5C527961 
 1354      6E5C446F 
 1354      63756D65 
 1355 0120 436F6D6D 		.ascii	"Communicating_to_SBD.cydsn\000"
 1355      756E6963 
 1355      6174696E 
 1355      675F746F 
 1355      5F534244 
 1356              	.LASF11:
 1357 013b 63686172 		.ascii	"char\000"
 1357      00
 1358              	.LASF2:
 1359 0140 73686F72 		.ascii	"short int\000"
 1359      7420696E 
 1359      7400
 1360              	.LASF21:
 1361 014a 75696E74 		.ascii	"uint8\000"
ARM GAS  C:\Users\Ryan\AppData\Local\Temp\ccImhDNl.s 			page 26


 1361      3800
 1362              	.LASF18:
 1363 0150 474E5520 		.ascii	"GNU C 4.7.3 20130312 (release) [ARM/embedded-4_7-br"
 1363      4320342E 
 1363      372E3320 
 1363      32303133 
 1363      30333132 
 1364 0183 616E6368 		.ascii	"anch revision 196615]\000"
 1364      20726576 
 1364      6973696F 
 1364      6E203139 
 1364      36363135 
 1365              	.LASF4:
 1366 0199 6C6F6E67 		.ascii	"long int\000"
 1366      20696E74 
 1366      00
 1367              	.LASF0:
 1368 01a2 7369676E 		.ascii	"signed char\000"
 1368      65642063 
 1368      68617200 
 1369              		.ident	"GCC: (GNU Tools for ARM Embedded Processors) 4.7.3 20130312 (release) [ARM/embedded-4_7-br
