ARM GAS  C:\Users\Ryan\AppData\Local\Temp\cc3mFmXY.s 			page 1


   1              		.syntax unified
   2              		.cpu cortex-m3
   3              		.fpu softvfp
   4              		.eabi_attribute 20, 1
   5              		.eabi_attribute 21, 1
   6              		.eabi_attribute 23, 3
   7              		.eabi_attribute 24, 1
   8              		.eabi_attribute 25, 1
   9              		.eabi_attribute 26, 1
  10              		.eabi_attribute 30, 6
  11              		.eabi_attribute 34, 1
  12              		.eabi_attribute 18, 4
  13              		.thumb
  14              		.file	"cymetadata.c"
  15              		.text
  16              	.Ltext0:
  17              		.cfi_sections	.debug_frame
  18              		.global	cy_meta_configecc
  19              		.section	.cyconfigecc,"a",%progbits
  20              		.align	2
  21              		.type	cy_meta_configecc, %object
  22              		.size	cy_meta_configecc, 132
  23              	cy_meta_configecc:
  24 0000 01       		.byte	1
  25 0001 15       		.byte	21
  26 0002 01       		.byte	1
  27 0003 40       		.byte	64
  28 0004 01       		.byte	1
  29 0005 1B       		.byte	27
  30 0006 01       		.byte	1
  31 0007 40       		.byte	64
  32 0008 02       		.byte	2
  33 0009 42       		.byte	66
  34 000a 01       		.byte	1
  35 000b 40       		.byte	64
  36 000c 01       		.byte	1
  37 000d 43       		.byte	67
  38 000e 01       		.byte	1
  39 000f 40       		.byte	64
  40 0010 03       		.byte	3
  41 0011 44       		.byte	68
  42 0012 01       		.byte	1
  43 0013 40       		.byte	64
  44 0014 01       		.byte	1
  45 0015 45       		.byte	69
  46 0016 01       		.byte	1
  47 0017 40       		.byte	64
  48 0018 01       		.byte	1
  49 0019 46       		.byte	70
  50 001a 01       		.byte	1
  51 001b 40       		.byte	64
  52 001c 01       		.byte	1
  53 001d 47       		.byte	71
  54 001e 01       		.byte	1
  55 001f 40       		.byte	64
  56 0020 01       		.byte	1
  57 0021 48       		.byte	72
ARM GAS  C:\Users\Ryan\AppData\Local\Temp\cc3mFmXY.s 			page 2


  58 0022 01       		.byte	1
  59 0023 40       		.byte	64
  60 0024 02       		.byte	2
  61 0025 49       		.byte	73
  62 0026 01       		.byte	1
  63 0027 40       		.byte	64
  64 0028 08       		.byte	8
  65 0029 4C       		.byte	76
  66 002a 01       		.byte	1
  67 002b 40       		.byte	64
  68 002c 06       		.byte	6
  69 002d 4D       		.byte	77
  70 002e 01       		.byte	1
  71 002f 40       		.byte	64
  72 0030 01       		.byte	1
  73 0031 51       		.byte	81
  74 0032 01       		.byte	1
  75 0033 40       		.byte	64
  76 0034 EA       		.byte	-22
  77 0035 01       		.byte	1
  78 0036 EA       		.byte	-22
  79 0037 01       		.byte	1
  80 0038 3E       		.byte	62
  81 0039 10       		.byte	16
  82 003a CE       		.byte	-50
  83 003b 20       		.byte	32
  84 003c 96       		.byte	-106
  85 003d 10       		.byte	16
  86 003e 10       		.byte	16
  87 003f 10       		.byte	16
  88 0040 14       		.byte	20
  89 0041 20       		.byte	32
  90 0042 C4       		.byte	-60
  91 0043 0C       		.byte	12
  92 0044 98       		.byte	-104
  93 0045 30       		.byte	48
  94 0046 98       		.byte	-104
  95 0047 30       		.byte	48
  96 0048 98       		.byte	-104
  97 0049 30       		.byte	48
  98 004a 96       		.byte	-106
  99 004b 10       		.byte	16
 100 004c AA       		.byte	-86
 101 004d 10       		.byte	16
 102 004e EA       		.byte	-22
 103 004f 80       		.byte	-128
 104 0050 10       		.byte	16
 105 0051 40       		.byte	64
 106 0052 13       		.byte	19
 107 0053 20       		.byte	32
 108 0054 14       		.byte	20
 109 0055 80       		.byte	-128
 110 0056 78       		.byte	120
 111 0057 10       		.byte	16
 112 0058 7C       		.byte	124
 113 0059 20       		.byte	32
 114 005a 98       		.byte	-104
ARM GAS  C:\Users\Ryan\AppData\Local\Temp\cc3mFmXY.s 			page 3


 115 005b 30       		.byte	48
 116 005c C4       		.byte	-60
 117 005d 0E       		.byte	14
 118 005e DE       		.byte	-34
 119 005f 03       		.byte	3
 120 0060 78       		.byte	120
 121 0061 40       		.byte	64
 122 0062 7C       		.byte	124
 123 0063 80       		.byte	-128
 124 0064 98       		.byte	-104
 125 0065 C0       		.byte	-64
 126 0066 AB       		.byte	-85
 127 0067 20       		.byte	32
 128 0068 DC       		.byte	-36
 129 0069 01       		.byte	1
 130 006a DE       		.byte	-34
 131 006b 04       		.byte	4
 132 006c 03       		.byte	3
 133 006d C0       		.byte	-64
 134 006e 00       		.byte	0
 135 006f 00       		.byte	0
 136 0070 20       		.byte	32
 137 0071 30       		.byte	48
 138 0072 00       		.byte	0
 139 0073 00       		.byte	0
 140 0074 30       		.byte	48
 141 0075 00       		.byte	0
 142 0076 00       		.byte	0
 143 0077 00       		.byte	0
 144 0078 30       		.byte	48
 145 0079 00       		.byte	0
 146 007a 00       		.byte	0
 147 007b 00       		.byte	0
 148 007c 30       		.byte	48
 149 007d 00       		.byte	0
 150 007e 30       		.byte	48
 151 007f 00       		.byte	0
 152 0080 00       		.byte	0
 153 0081 00       		.byte	0
 154 0082 00       		.byte	0
 155 0083 00       		.byte	0
 156              		.global	cy_meta_custnvl
 157              		.section	.cycustnvl,"a",%progbits
 158              		.align	2
 159              		.type	cy_meta_custnvl, %object
 160              		.size	cy_meta_custnvl, 4
 161              	cy_meta_custnvl:
 162 0000 00       		.byte	0
 163 0001 00       		.byte	0
 164 0002 40       		.byte	64
 165 0003 05       		.byte	5
 166              		.global	cy_meta_wonvl
 167              		.section	.cywolatch,"a",%progbits
 168              		.align	2
 169              		.type	cy_meta_wonvl, %object
 170              		.size	cy_meta_wonvl, 4
 171              	cy_meta_wonvl:
ARM GAS  C:\Users\Ryan\AppData\Local\Temp\cc3mFmXY.s 			page 4


 172 0000 BC       		.byte	-68
 173 0001 90       		.byte	-112
 174 0002 AC       		.byte	-84
 175 0003 AF       		.byte	-81
 176              		.global	cy_meta_flashprotect
 177              		.section	.cyflashprotect,"a",%progbits
 178              		.align	2
 179              		.type	cy_meta_flashprotect, %object
 180              		.size	cy_meta_flashprotect, 256
 181              	cy_meta_flashprotect:
 182 0000 00000000 		.space	256
 182      00000000 
 182      00000000 
 182      00000000 
 182      00000000 
 183              		.global	cy_metadata
 184              		.section	.cymeta,"a",%progbits
 185              		.align	2
 186              		.type	cy_metadata, %object
 187              		.size	cy_metadata, 12
 188              	cy_metadata:
 189 0000 00       		.byte	0
 190 0001 01       		.byte	1
 191 0002 2E       		.byte	46
 192 0003 12       		.byte	18
 193 0004 30       		.byte	48
 194 0005 69       		.byte	105
 195 0006 00       		.byte	0
 196 0007 01       		.byte	1
 197 0008 00       		.byte	0
 198 0009 00       		.byte	0
 199 000a 00       		.byte	0
 200 000b 00       		.byte	0
 201              		.text
 202              	.Letext0:
 203              		.file 1 ".\\Generated_Source\\PSoC5\\cymetadata.c"
 204              		.file 2 ".\\Generated_Source\\PSoC5\\cytypes.h"
 205              		.section	.debug_info,"",%progbits
 206              	.Ldebug_info0:
 207 0000 3A010000 		.4byte	0x13a
 208 0004 0200     		.2byte	0x2
 209 0006 00000000 		.4byte	.Ldebug_abbrev0
 210 000a 04       		.byte	0x4
 211 000b 01       		.uleb128 0x1
 212 000c 48010000 		.4byte	.LASF18
 213 0010 01       		.byte	0x1
 214 0011 00000000 		.4byte	.LASF19
 215 0015 B8000000 		.4byte	.LASF20
 216 0019 00000000 		.4byte	.Ldebug_line0
 217 001d 02       		.uleb128 0x2
 218 001e 01       		.byte	0x1
 219 001f 06       		.byte	0x6
 220 0020 9A010000 		.4byte	.LASF0
 221 0024 02       		.uleb128 0x2
 222 0025 01       		.byte	0x1
 223 0026 08       		.byte	0x8
 224 0027 38000000 		.4byte	.LASF1
ARM GAS  C:\Users\Ryan\AppData\Local\Temp\cc3mFmXY.s 			page 5


 225 002b 02       		.uleb128 0x2
 226 002c 02       		.byte	0x2
 227 002d 05       		.byte	0x5
 228 002e 38010000 		.4byte	.LASF2
 229 0032 02       		.uleb128 0x2
 230 0033 02       		.byte	0x2
 231 0034 07       		.byte	0x7
 232 0035 58000000 		.4byte	.LASF3
 233 0039 02       		.uleb128 0x2
 234 003a 04       		.byte	0x4
 235 003b 05       		.byte	0x5
 236 003c 91010000 		.4byte	.LASF4
 237 0040 02       		.uleb128 0x2
 238 0041 04       		.byte	0x4
 239 0042 07       		.byte	0x7
 240 0043 46000000 		.4byte	.LASF5
 241 0047 02       		.uleb128 0x2
 242 0048 08       		.byte	0x8
 243 0049 05       		.byte	0x5
 244 004a 25010000 		.4byte	.LASF6
 245 004e 02       		.uleb128 0x2
 246 004f 08       		.byte	0x8
 247 0050 07       		.byte	0x7
 248 0051 A1000000 		.4byte	.LASF7
 249 0055 03       		.uleb128 0x3
 250 0056 04       		.byte	0x4
 251 0057 05       		.byte	0x5
 252 0058 696E7400 		.ascii	"int\000"
 253 005c 02       		.uleb128 0x2
 254 005d 04       		.byte	0x4
 255 005e 07       		.byte	0x7
 256 005f 94000000 		.4byte	.LASF8
 257 0063 04       		.uleb128 0x4
 258 0064 42010000 		.4byte	.LASF21
 259 0068 02       		.byte	0x2
 260 0069 5B       		.byte	0x5b
 261 006a 24000000 		.4byte	0x24
 262 006e 02       		.uleb128 0x2
 263 006f 04       		.byte	0x4
 264 0070 04       		.byte	0x4
 265 0071 32000000 		.4byte	.LASF9
 266 0075 02       		.uleb128 0x2
 267 0076 08       		.byte	0x8
 268 0077 04       		.byte	0x4
 269 0078 6B000000 		.4byte	.LASF10
 270 007c 02       		.uleb128 0x2
 271 007d 01       		.byte	0x1
 272 007e 08       		.byte	0x8
 273 007f 33010000 		.4byte	.LASF11
 274 0083 05       		.uleb128 0x5
 275 0084 63000000 		.4byte	0x63
 276 0088 93000000 		.4byte	0x93
 277 008c 06       		.uleb128 0x6
 278 008d 93000000 		.4byte	0x93
 279 0091 83       		.byte	0x83
 280 0092 00       		.byte	0
 281 0093 02       		.uleb128 0x2
ARM GAS  C:\Users\Ryan\AppData\Local\Temp\cc3mFmXY.s 			page 6


 282 0094 04       		.byte	0x4
 283 0095 07       		.byte	0x7
 284 0096 1C010000 		.4byte	.LASF12
 285 009a 07       		.uleb128 0x7
 286 009b 82000000 		.4byte	.LASF13
 287 009f 01       		.byte	0x1
 288 00a0 1C       		.byte	0x1c
 289 00a1 AC000000 		.4byte	0xac
 290 00a5 01       		.byte	0x1
 291 00a6 05       		.byte	0x5
 292 00a7 03       		.byte	0x3
 293 00a8 00000000 		.4byte	cy_meta_configecc
 294 00ac 08       		.uleb128 0x8
 295 00ad 83000000 		.4byte	0x83
 296 00b1 05       		.uleb128 0x5
 297 00b2 63000000 		.4byte	0x63
 298 00b6 C1000000 		.4byte	0xc1
 299 00ba 06       		.uleb128 0x6
 300 00bb 93000000 		.4byte	0x93
 301 00bf 03       		.byte	0x3
 302 00c0 00       		.byte	0
 303 00c1 07       		.uleb128 0x7
 304 00c2 72000000 		.4byte	.LASF14
 305 00c6 01       		.byte	0x1
 306 00c7 37       		.byte	0x37
 307 00c8 D3000000 		.4byte	0xd3
 308 00cc 01       		.byte	0x1
 309 00cd 05       		.byte	0x5
 310 00ce 03       		.byte	0x3
 311 00cf 00000000 		.4byte	cy_meta_custnvl
 312 00d3 08       		.uleb128 0x8
 313 00d4 B1000000 		.4byte	0xb1
 314 00d8 07       		.uleb128 0x7
 315 00d9 0E010000 		.4byte	.LASF15
 316 00dd 01       		.byte	0x1
 317 00de 42       		.byte	0x42
 318 00df EA000000 		.4byte	0xea
 319 00e3 01       		.byte	0x1
 320 00e4 05       		.byte	0x5
 321 00e5 03       		.byte	0x3
 322 00e6 00000000 		.4byte	cy_meta_wonvl
 323 00ea 08       		.uleb128 0x8
 324 00eb B1000000 		.4byte	0xb1
 325 00ef 05       		.uleb128 0x5
 326 00f0 63000000 		.4byte	0x63
 327 00f4 FF000000 		.4byte	0xff
 328 00f8 06       		.uleb128 0x6
 329 00f9 93000000 		.4byte	0x93
 330 00fd FF       		.byte	0xff
 331 00fe 00       		.byte	0
 332 00ff 07       		.uleb128 0x7
 333 0100 F9000000 		.4byte	.LASF16
 334 0104 01       		.byte	0x1
 335 0105 4D       		.byte	0x4d
 336 0106 11010000 		.4byte	0x111
 337 010a 01       		.byte	0x1
 338 010b 05       		.byte	0x5
ARM GAS  C:\Users\Ryan\AppData\Local\Temp\cc3mFmXY.s 			page 7


 339 010c 03       		.byte	0x3
 340 010d 00000000 		.4byte	cy_meta_flashprotect
 341 0111 08       		.uleb128 0x8
 342 0112 EF000000 		.4byte	0xef
 343 0116 05       		.uleb128 0x5
 344 0117 63000000 		.4byte	0x63
 345 011b 26010000 		.4byte	0x126
 346 011f 06       		.uleb128 0x6
 347 0120 93000000 		.4byte	0x93
 348 0124 0B       		.byte	0xb
 349 0125 00       		.byte	0
 350 0126 07       		.uleb128 0x7
 351 0127 26000000 		.4byte	.LASF17
 352 012b 01       		.byte	0x1
 353 012c 77       		.byte	0x77
 354 012d 38010000 		.4byte	0x138
 355 0131 01       		.byte	0x1
 356 0132 05       		.byte	0x5
 357 0133 03       		.byte	0x3
 358 0134 00000000 		.4byte	cy_metadata
 359 0138 08       		.uleb128 0x8
 360 0139 16010000 		.4byte	0x116
 361 013d 00       		.byte	0
 362              		.section	.debug_abbrev,"",%progbits
 363              	.Ldebug_abbrev0:
 364 0000 01       		.uleb128 0x1
 365 0001 11       		.uleb128 0x11
 366 0002 01       		.byte	0x1
 367 0003 25       		.uleb128 0x25
 368 0004 0E       		.uleb128 0xe
 369 0005 13       		.uleb128 0x13
 370 0006 0B       		.uleb128 0xb
 371 0007 03       		.uleb128 0x3
 372 0008 0E       		.uleb128 0xe
 373 0009 1B       		.uleb128 0x1b
 374 000a 0E       		.uleb128 0xe
 375 000b 10       		.uleb128 0x10
 376 000c 06       		.uleb128 0x6
 377 000d 00       		.byte	0
 378 000e 00       		.byte	0
 379 000f 02       		.uleb128 0x2
 380 0010 24       		.uleb128 0x24
 381 0011 00       		.byte	0
 382 0012 0B       		.uleb128 0xb
 383 0013 0B       		.uleb128 0xb
 384 0014 3E       		.uleb128 0x3e
 385 0015 0B       		.uleb128 0xb
 386 0016 03       		.uleb128 0x3
 387 0017 0E       		.uleb128 0xe
 388 0018 00       		.byte	0
 389 0019 00       		.byte	0
 390 001a 03       		.uleb128 0x3
 391 001b 24       		.uleb128 0x24
 392 001c 00       		.byte	0
 393 001d 0B       		.uleb128 0xb
 394 001e 0B       		.uleb128 0xb
 395 001f 3E       		.uleb128 0x3e
ARM GAS  C:\Users\Ryan\AppData\Local\Temp\cc3mFmXY.s 			page 8


 396 0020 0B       		.uleb128 0xb
 397 0021 03       		.uleb128 0x3
 398 0022 08       		.uleb128 0x8
 399 0023 00       		.byte	0
 400 0024 00       		.byte	0
 401 0025 04       		.uleb128 0x4
 402 0026 16       		.uleb128 0x16
 403 0027 00       		.byte	0
 404 0028 03       		.uleb128 0x3
 405 0029 0E       		.uleb128 0xe
 406 002a 3A       		.uleb128 0x3a
 407 002b 0B       		.uleb128 0xb
 408 002c 3B       		.uleb128 0x3b
 409 002d 0B       		.uleb128 0xb
 410 002e 49       		.uleb128 0x49
 411 002f 13       		.uleb128 0x13
 412 0030 00       		.byte	0
 413 0031 00       		.byte	0
 414 0032 05       		.uleb128 0x5
 415 0033 01       		.uleb128 0x1
 416 0034 01       		.byte	0x1
 417 0035 49       		.uleb128 0x49
 418 0036 13       		.uleb128 0x13
 419 0037 01       		.uleb128 0x1
 420 0038 13       		.uleb128 0x13
 421 0039 00       		.byte	0
 422 003a 00       		.byte	0
 423 003b 06       		.uleb128 0x6
 424 003c 21       		.uleb128 0x21
 425 003d 00       		.byte	0
 426 003e 49       		.uleb128 0x49
 427 003f 13       		.uleb128 0x13
 428 0040 2F       		.uleb128 0x2f
 429 0041 0B       		.uleb128 0xb
 430 0042 00       		.byte	0
 431 0043 00       		.byte	0
 432 0044 07       		.uleb128 0x7
 433 0045 34       		.uleb128 0x34
 434 0046 00       		.byte	0
 435 0047 03       		.uleb128 0x3
 436 0048 0E       		.uleb128 0xe
 437 0049 3A       		.uleb128 0x3a
 438 004a 0B       		.uleb128 0xb
 439 004b 3B       		.uleb128 0x3b
 440 004c 0B       		.uleb128 0xb
 441 004d 49       		.uleb128 0x49
 442 004e 13       		.uleb128 0x13
 443 004f 3F       		.uleb128 0x3f
 444 0050 0C       		.uleb128 0xc
 445 0051 02       		.uleb128 0x2
 446 0052 0A       		.uleb128 0xa
 447 0053 00       		.byte	0
 448 0054 00       		.byte	0
 449 0055 08       		.uleb128 0x8
 450 0056 26       		.uleb128 0x26
 451 0057 00       		.byte	0
 452 0058 49       		.uleb128 0x49
ARM GAS  C:\Users\Ryan\AppData\Local\Temp\cc3mFmXY.s 			page 9


 453 0059 13       		.uleb128 0x13
 454 005a 00       		.byte	0
 455 005b 00       		.byte	0
 456 005c 00       		.byte	0
 457              		.section	.debug_aranges,"",%progbits
 458 0000 14000000 		.4byte	0x14
 459 0004 0200     		.2byte	0x2
 460 0006 00000000 		.4byte	.Ldebug_info0
 461 000a 04       		.byte	0x4
 462 000b 00       		.byte	0
 463 000c 0000     		.2byte	0
 464 000e 0000     		.2byte	0
 465 0010 00000000 		.4byte	0
 466 0014 00000000 		.4byte	0
 467              		.section	.debug_line,"",%progbits
 468              	.Ldebug_line0:
 469 0000 4F000000 		.section	.debug_str,"MS",%progbits,1
 469      02004900 
 469      00000201 
 469      FB0E0D00 
 469      01010101 
 470              	.LASF19:
 471 0000 2E5C4765 		.ascii	".\\Generated_Source\\PSoC5\\cymetadata.c\000"
 471      6E657261 
 471      7465645F 
 471      536F7572 
 471      63655C50 
 472              	.LASF17:
 473 0026 63795F6D 		.ascii	"cy_metadata\000"
 473      65746164 
 473      61746100 
 474              	.LASF9:
 475 0032 666C6F61 		.ascii	"float\000"
 475      7400
 476              	.LASF1:
 477 0038 756E7369 		.ascii	"unsigned char\000"
 477      676E6564 
 477      20636861 
 477      7200
 478              	.LASF5:
 479 0046 6C6F6E67 		.ascii	"long unsigned int\000"
 479      20756E73 
 479      69676E65 
 479      6420696E 
 479      7400
 480              	.LASF3:
 481 0058 73686F72 		.ascii	"short unsigned int\000"
 481      7420756E 
 481      7369676E 
 481      65642069 
 481      6E7400
 482              	.LASF10:
 483 006b 646F7562 		.ascii	"double\000"
 483      6C6500
 484              	.LASF14:
 485 0072 63795F6D 		.ascii	"cy_meta_custnvl\000"
 485      6574615F 
ARM GAS  C:\Users\Ryan\AppData\Local\Temp\cc3mFmXY.s 			page 10


 485      63757374 
 485      6E766C00 
 486              	.LASF13:
 487 0082 63795F6D 		.ascii	"cy_meta_configecc\000"
 487      6574615F 
 487      636F6E66 
 487      69676563 
 487      6300
 488              	.LASF8:
 489 0094 756E7369 		.ascii	"unsigned int\000"
 489      676E6564 
 489      20696E74 
 489      00
 490              	.LASF7:
 491 00a1 6C6F6E67 		.ascii	"long long unsigned int\000"
 491      206C6F6E 
 491      6720756E 
 491      7369676E 
 491      65642069 
 492              	.LASF20:
 493 00b8 433A5C55 		.ascii	"C:\\Users\\Ryan\\Documents\\summer2014\\WindSensor\\"
 493      73657273 
 493      5C527961 
 493      6E5C446F 
 493      63756D65 
 494 00e6 4D61676E 		.ascii	"Magnetometer.cydsn\000"
 494      65746F6D 
 494      65746572 
 494      2E637964 
 494      736E00
 495              	.LASF16:
 496 00f9 63795F6D 		.ascii	"cy_meta_flashprotect\000"
 496      6574615F 
 496      666C6173 
 496      6870726F 
 496      74656374 
 497              	.LASF15:
 498 010e 63795F6D 		.ascii	"cy_meta_wonvl\000"
 498      6574615F 
 498      776F6E76 
 498      6C00
 499              	.LASF12:
 500 011c 73697A65 		.ascii	"sizetype\000"
 500      74797065 
 500      00
 501              	.LASF6:
 502 0125 6C6F6E67 		.ascii	"long long int\000"
 502      206C6F6E 
 502      6720696E 
 502      7400
 503              	.LASF11:
 504 0133 63686172 		.ascii	"char\000"
 504      00
 505              	.LASF2:
 506 0138 73686F72 		.ascii	"short int\000"
 506      7420696E 
 506      7400
ARM GAS  C:\Users\Ryan\AppData\Local\Temp\cc3mFmXY.s 			page 11


 507              	.LASF21:
 508 0142 75696E74 		.ascii	"uint8\000"
 508      3800
 509              	.LASF18:
 510 0148 474E5520 		.ascii	"GNU C 4.7.3 20130312 (release) [ARM/embedded-4_7-br"
 510      4320342E 
 510      372E3320 
 510      32303133 
 510      30333132 
 511 017b 616E6368 		.ascii	"anch revision 196615]\000"
 511      20726576 
 511      6973696F 
 511      6E203139 
 511      36363135 
 512              	.LASF4:
 513 0191 6C6F6E67 		.ascii	"long int\000"
 513      20696E74 
 513      00
 514              	.LASF0:
 515 019a 7369676E 		.ascii	"signed char\000"
 515      65642063 
 515      68617200 
 516              		.ident	"GCC: (GNU Tools for ARM Embedded Processors) 4.7.3 20130312 (release) [ARM/embedded-4_7-br
