ARM GAS  C:\Users\Ryan\AppData\Local\Temp\ccc5eNiw.s 			page 1


   1              		.syntax unified
   2              		.cpu cortex-m3
   3              		.fpu softvfp
   4              		.eabi_attribute 20, 1
   5              		.eabi_attribute 21, 1
   6              		.eabi_attribute 23, 3
   7              		.eabi_attribute 24, 1
   8              		.eabi_attribute 25, 1
   9              		.eabi_attribute 26, 1
  10              		.eabi_attribute 30, 6
  11              		.eabi_attribute 34, 1
  12              		.eabi_attribute 18, 4
  13              		.thumb
  14              		.file	"main.c"
  15              		.text
  16              	.Ltext0:
  17              		.cfi_sections	.debug_frame
  18              		.section	.text.writeregister,"ax",%progbits
  19              		.align	2
  20              		.global	writeregister
  21              		.thumb
  22              		.thumb_func
  23              		.type	writeregister, %function
  24              	writeregister:
  25              	.LFB56:
  26              		.file 1 ".\\main.c"
   1:.\main.c      **** /* ========================================
   2:.\main.c      ****  *
   3:.\main.c      ****  * Copyright YOUR COMPANY, THE YEAR
   4:.\main.c      ****  * All Rights Reserved
   5:.\main.c      ****  * UNPUBLISHED, LICENSED SOFTWARE.
   6:.\main.c      ****  *
   7:.\main.c      ****  * CONFIDENTIAL AND PROPRIETARY INFORMATION
   8:.\main.c      ****  * WHICH IS THE PROPERTY OF your company.
   9:.\main.c      ****  *
  10:.\main.c      ****  * ========================================
  11:.\main.c      **** */
  12:.\main.c      **** #include <project.h>
  13:.\main.c      **** #include <math.h>
  14:.\main.c      **** void writeregister(uint8 theregister, uint8 write)
  15:.\main.c      **** {
  27              		.loc 1 15 0
  28              		.cfi_startproc
  29              		@ args = 0, pretend = 0, frame = 16
  30              		@ frame_needed = 1, uses_anonymous_args = 0
  31 0000 80B5     		push	{r7, lr}
  32              	.LCFI0:
  33              		.cfi_def_cfa_offset 8
  34              		.cfi_offset 7, -8
  35              		.cfi_offset 14, -4
  36 0002 84B0     		sub	sp, sp, #16
  37              	.LCFI1:
  38              		.cfi_def_cfa_offset 24
  39 0004 00AF     		add	r7, sp, #0
  40              	.LCFI2:
  41              		.cfi_def_cfa_register 7
  42 0006 0246     		mov	r2, r0
ARM GAS  C:\Users\Ryan\AppData\Local\Temp\ccc5eNiw.s 			page 2


  43 0008 0B46     		mov	r3, r1
  44 000a FA71     		strb	r2, [r7, #7]
  45 000c BB71     		strb	r3, [r7, #6]
  16:.\main.c      **** 	uint8 writestatus = psoc_MasterSendStart(30, psoc_WRITE_XFER_MODE);
  46              		.loc 1 16 0
  47 000e 4FF01E00 		mov	r0, #30
  48 0012 4FF00001 		mov	r1, #0
  49 0016 FFF7FEFF 		bl	psoc_MasterSendStart
  50 001a 0346     		mov	r3, r0
  51 001c FB73     		strb	r3, [r7, #15]
  17:.\main.c      **** 	if(psoc_MSTR_NO_ERROR == writestatus)
  52              		.loc 1 17 0
  53 001e FB7B     		ldrb	r3, [r7, #15]	@ zero_extendqisi2
  54 0020 002B     		cmp	r3, #0
  55 0022 0BD1     		bne	.L2
  18:.\main.c      **** 	{
  19:.\main.c      **** 		writestatus = psoc_MasterWriteByte(theregister);
  56              		.loc 1 19 0
  57 0024 FB79     		ldrb	r3, [r7, #7]	@ zero_extendqisi2
  58 0026 1846     		mov	r0, r3
  59 0028 FFF7FEFF 		bl	psoc_MasterWriteByte
  60 002c 0346     		mov	r3, r0
  61 002e FB73     		strb	r3, [r7, #15]
  20:.\main.c      **** 		writestatus = psoc_MasterWriteByte(write);
  62              		.loc 1 20 0
  63 0030 BB79     		ldrb	r3, [r7, #6]	@ zero_extendqisi2
  64 0032 1846     		mov	r0, r3
  65 0034 FFF7FEFF 		bl	psoc_MasterWriteByte
  66 0038 0346     		mov	r3, r0
  67 003a FB73     		strb	r3, [r7, #15]
  68              	.L2:
  21:.\main.c      **** 	}
  22:.\main.c      **** 	psoc_MasterSendStop();
  69              		.loc 1 22 0
  70 003c FFF7FEFF 		bl	psoc_MasterSendStop
  23:.\main.c      **** 	
  24:.\main.c      **** }
  71              		.loc 1 24 0
  72 0040 07F11007 		add	r7, r7, #16
  73 0044 BD46     		mov	sp, r7
  74 0046 80BD     		pop	{r7, pc}
  75              		.cfi_endproc
  76              	.LFE56:
  77              		.size	writeregister, .-writeregister
  78              		.section	.text.readregister,"ax",%progbits
  79              		.align	2
  80              		.global	readregister
  81              		.thumb
  82              		.thumb_func
  83              		.type	readregister, %function
  84              	readregister:
  85              	.LFB57:
  25:.\main.c      **** uint8 readregister(uint8 theregister)
  26:.\main.c      **** {
  86              		.loc 1 26 0
  87              		.cfi_startproc
  88              		@ args = 0, pretend = 0, frame = 16
ARM GAS  C:\Users\Ryan\AppData\Local\Temp\ccc5eNiw.s 			page 3


  89              		@ frame_needed = 1, uses_anonymous_args = 0
  90 0000 80B5     		push	{r7, lr}
  91              	.LCFI3:
  92              		.cfi_def_cfa_offset 8
  93              		.cfi_offset 7, -8
  94              		.cfi_offset 14, -4
  95 0002 84B0     		sub	sp, sp, #16
  96              	.LCFI4:
  97              		.cfi_def_cfa_offset 24
  98 0004 00AF     		add	r7, sp, #0
  99              	.LCFI5:
 100              		.cfi_def_cfa_register 7
 101 0006 0346     		mov	r3, r0
 102 0008 FB71     		strb	r3, [r7, #7]
  27:.\main.c      **** 	uint8 value;
  28:.\main.c      **** 	uint8 writestatus = psoc_MasterSendStart(30, psoc_WRITE_XFER_MODE);
 103              		.loc 1 28 0
 104 000a 4FF01E00 		mov	r0, #30
 105 000e 4FF00001 		mov	r1, #0
 106 0012 FFF7FEFF 		bl	psoc_MasterSendStart
 107 0016 0346     		mov	r3, r0
 108 0018 BB73     		strb	r3, [r7, #14]
  29:.\main.c      **** 	if(psoc_MSTR_NO_ERROR == writestatus) //ensures there is no error before writing
 109              		.loc 1 29 0
 110 001a BB7B     		ldrb	r3, [r7, #14]	@ zero_extendqisi2
 111 001c 002B     		cmp	r3, #0
 112 001e 05D1     		bne	.L4
  30:.\main.c      **** 	{
  31:.\main.c      **** 		writestatus = psoc_MasterWriteByte(theregister);
 113              		.loc 1 31 0
 114 0020 FB79     		ldrb	r3, [r7, #7]	@ zero_extendqisi2
 115 0022 1846     		mov	r0, r3
 116 0024 FFF7FEFF 		bl	psoc_MasterWriteByte
 117 0028 0346     		mov	r3, r0
 118 002a BB73     		strb	r3, [r7, #14]
 119              	.L4:
  32:.\main.c      **** 	}
  33:.\main.c      **** 	psoc_MasterSendStop();
 120              		.loc 1 33 0
 121 002c FFF7FEFF 		bl	psoc_MasterSendStop
  34:.\main.c      **** 
  35:.\main.c      ****     uint8 status = psoc_MasterSendStart(30, psoc_READ_XFER_MODE);
 122              		.loc 1 35 0
 123 0030 4FF01E00 		mov	r0, #30
 124 0034 4FF00101 		mov	r1, #1
 125 0038 FFF7FEFF 		bl	psoc_MasterSendStart
 126 003c 0346     		mov	r3, r0
 127 003e 7B73     		strb	r3, [r7, #13]
  36:.\main.c      **** 	if(psoc_MSTR_NO_ERROR == status) //ensures these is no error before reading
 128              		.loc 1 36 0
 129 0040 7B7B     		ldrb	r3, [r7, #13]	@ zero_extendqisi2
 130 0042 002B     		cmp	r3, #0
 131 0044 05D1     		bne	.L5
  37:.\main.c      **** 	{
  38:.\main.c      **** 		value = psoc_MasterReadByte(psoc_NAK_DATA); //reads data then sends NAK to signal to slave
 132              		.loc 1 38 0
 133 0046 4FF00000 		mov	r0, #0
ARM GAS  C:\Users\Ryan\AppData\Local\Temp\ccc5eNiw.s 			page 4


 134 004a FFF7FEFF 		bl	psoc_MasterReadByte
 135 004e 0346     		mov	r3, r0
 136 0050 FB73     		strb	r3, [r7, #15]
 137              	.L5:
  39:.\main.c      **** 	}
  40:.\main.c      **** 	psoc_MasterSendStop();
 138              		.loc 1 40 0
 139 0052 FFF7FEFF 		bl	psoc_MasterSendStop
  41:.\main.c      **** 	
  42:.\main.c      **** 	return value;
 140              		.loc 1 42 0
 141 0056 FB7B     		ldrb	r3, [r7, #15]	@ zero_extendqisi2
  43:.\main.c      **** }
 142              		.loc 1 43 0
 143 0058 1846     		mov	r0, r3
 144 005a 07F11007 		add	r7, r7, #16
 145 005e BD46     		mov	sp, r7
 146 0060 80BD     		pop	{r7, pc}
 147              		.cfi_endproc
 148              	.LFE57:
 149              		.size	readregister, .-readregister
 150 0062 00BF     		.section	.text.getmeasurement,"ax",%progbits
 151              		.align	2
 152              		.global	getmeasurement
 153              		.thumb
 154              		.thumb_func
 155              		.type	getmeasurement, %function
 156              	getmeasurement:
 157              	.LFB58:
  44:.\main.c      **** 
  45:.\main.c      **** int16 getmeasurement(uint8 registerA, uint8 registerB)
  46:.\main.c      **** {
 158              		.loc 1 46 0
 159              		.cfi_startproc
 160              		@ args = 0, pretend = 0, frame = 16
 161              		@ frame_needed = 1, uses_anonymous_args = 0
 162 0000 80B5     		push	{r7, lr}
 163              	.LCFI6:
 164              		.cfi_def_cfa_offset 8
 165              		.cfi_offset 7, -8
 166              		.cfi_offset 14, -4
 167 0002 84B0     		sub	sp, sp, #16
 168              	.LCFI7:
 169              		.cfi_def_cfa_offset 24
 170 0004 00AF     		add	r7, sp, #0
 171              	.LCFI8:
 172              		.cfi_def_cfa_register 7
 173 0006 0246     		mov	r2, r0
 174 0008 0B46     		mov	r3, r1
 175 000a FA71     		strb	r2, [r7, #7]
 176 000c BB71     		strb	r3, [r7, #6]
  47:.\main.c      **** 	uint8 MSB;
  48:.\main.c      **** 	uint8 LSB;
  49:.\main.c      **** 	
  50:.\main.c      **** 	MSB = readregister(registerA);
 177              		.loc 1 50 0
 178 000e FB79     		ldrb	r3, [r7, #7]	@ zero_extendqisi2
ARM GAS  C:\Users\Ryan\AppData\Local\Temp\ccc5eNiw.s 			page 5


 179 0010 1846     		mov	r0, r3
 180 0012 FFF7FEFF 		bl	readregister
 181 0016 0346     		mov	r3, r0
 182 0018 FB73     		strb	r3, [r7, #15]
  51:.\main.c      **** 	LSB = readregister(registerB);
 183              		.loc 1 51 0
 184 001a BB79     		ldrb	r3, [r7, #6]	@ zero_extendqisi2
 185 001c 1846     		mov	r0, r3
 186 001e FFF7FEFF 		bl	readregister
 187 0022 0346     		mov	r3, r0
 188 0024 BB73     		strb	r3, [r7, #14]
  52:.\main.c      **** 	
  53:.\main.c      **** 	int16 reading = ((uint16)MSB << 8) | LSB;
 189              		.loc 1 53 0
 190 0026 FB7B     		ldrb	r3, [r7, #15]	@ zero_extendqisi2
 191 0028 4FEA0323 		lsl	r3, r3, #8
 192 002c 9AB2     		uxth	r2, r3
 193 002e BB7B     		ldrb	r3, [r7, #14]	@ zero_extendqisi2
 194 0030 9BB2     		uxth	r3, r3
 195 0032 1343     		orrs	r3, r3, r2
 196 0034 BB81     		strh	r3, [r7, #12]	@ movhi
  54:.\main.c      **** 	return reading;
 197              		.loc 1 54 0
 198 0036 BB89     		ldrh	r3, [r7, #12]
 199 0038 1BB2     		sxth	r3, r3
  55:.\main.c      **** }
 200              		.loc 1 55 0
 201 003a 1846     		mov	r0, r3
 202 003c 07F11007 		add	r7, r7, #16
 203 0040 BD46     		mov	sp, r7
 204 0042 80BD     		pop	{r7, pc}
 205              		.cfi_endproc
 206              	.LFE58:
 207              		.size	getmeasurement, .-getmeasurement
 208              		.global	__aeabi_i2d
 209              		.global	__aeabi_dmul
 210              		.global	__aeabi_ddiv
 211              		.global	__aeabi_dsub
 212              		.global	__aeabi_d2iz
 213              		.section	.text.getheading,"ax",%progbits
 214              		.align	2
 215              		.global	getheading
 216              		.thumb
 217              		.thumb_func
 218              		.type	getheading, %function
 219              	getheading:
 220              	.LFB59:
  56:.\main.c      **** 
  57:.\main.c      **** int16 getheading(int16 x, int16 y)
  58:.\main.c      **** {
 221              		.loc 1 58 0
 222              		.cfi_startproc
 223              		@ args = 0, pretend = 0, frame = 16
 224              		@ frame_needed = 1, uses_anonymous_args = 0
 225 0000 80B5     		push	{r7, lr}
 226              	.LCFI9:
 227              		.cfi_def_cfa_offset 8
ARM GAS  C:\Users\Ryan\AppData\Local\Temp\ccc5eNiw.s 			page 6


 228              		.cfi_offset 7, -8
 229              		.cfi_offset 14, -4
 230 0002 84B0     		sub	sp, sp, #16
 231              	.LCFI10:
 232              		.cfi_def_cfa_offset 24
 233 0004 00AF     		add	r7, sp, #0
 234              	.LCFI11:
 235              		.cfi_def_cfa_register 7
 236 0006 0246     		mov	r2, r0
 237 0008 0B46     		mov	r3, r1
 238 000a FA80     		strh	r2, [r7, #6]	@ movhi
 239 000c BB80     		strh	r3, [r7, #4]	@ movhi
  59:.\main.c      **** 	int16 heading;
  60:.\main.c      **** 	
  61:.\main.c      **** 	if(y > 0)
 240              		.loc 1 61 0
 241 000e B7F90430 		ldrsh	r3, [r7, #4]
 242 0012 002B     		cmp	r3, #0
 243 0014 36DD     		ble	.L10
  62:.\main.c      **** 	{
  63:.\main.c      **** 		heading = 90 - atan(x / y) * 180/3.14156;
 244              		.loc 1 63 0
 245 0016 B7F90620 		ldrsh	r2, [r7, #6]
 246 001a B7F90430 		ldrsh	r3, [r7, #4]
 247 001e 92FBF3F3 		sdiv	r3, r2, r3
 248 0022 1846     		mov	r0, r3
 249 0024 FFF7FEFF 		bl	__aeabi_i2d
 250 0028 0246     		mov	r2, r0
 251 002a 0B46     		mov	r3, r1
 252 002c 1046     		mov	r0, r2
 253 002e 1946     		mov	r1, r3
 254 0030 FFF7FEFF 		bl	atan
 255 0034 0246     		mov	r2, r0
 256 0036 0B46     		mov	r3, r1
 257 0038 1046     		mov	r0, r2
 258 003a 1946     		mov	r1, r3
 259 003c 4FF00002 		mov	r2, #0
 260 0040 4FF40043 		mov	r3, #32768
 261 0044 C4F26603 		movt	r3, 16486
 262 0048 FFF7FEFF 		bl	__aeabi_dmul
 263 004c 0246     		mov	r2, r0
 264 004e 0B46     		mov	r3, r1
 265 0050 1046     		mov	r0, r2
 266 0052 1946     		mov	r1, r3
 267 0054 32A3     		adr	r3, .L15
 268 0056 D3E90023 		ldrd	r2, [r3]
 269 005a FFF7FEFF 		bl	__aeabi_ddiv
 270 005e 0246     		mov	r2, r0
 271 0060 0B46     		mov	r3, r1
 272 0062 4FF00000 		mov	r0, #0
 273 0066 4FF40041 		mov	r1, #32768
 274 006a C4F25601 		movt	r1, 16470
 275 006e FFF7FEFF 		bl	__aeabi_dsub
 276 0072 0246     		mov	r2, r0
 277 0074 0B46     		mov	r3, r1
 278 0076 1046     		mov	r0, r2
 279 0078 1946     		mov	r1, r3
ARM GAS  C:\Users\Ryan\AppData\Local\Temp\ccc5eNiw.s 			page 7


 280 007a FFF7FEFF 		bl	__aeabi_d2iz
 281 007e 0346     		mov	r3, r0
 282 0080 FB81     		strh	r3, [r7, #14]	@ movhi
 283 0082 46E0     		b	.L11
 284              	.L10:
  64:.\main.c      **** 	}
  65:.\main.c      **** 	else if(y < 0)
 285              		.loc 1 65 0
 286 0084 B7F90430 		ldrsh	r3, [r7, #4]
 287 0088 002B     		cmp	r3, #0
 288 008a 33DA     		bge	.L12
  66:.\main.c      **** 	{
  67:.\main.c      **** 		heading = 270 - atan(x / y) * 180/3.14156;
 289              		.loc 1 67 0
 290 008c B7F90620 		ldrsh	r2, [r7, #6]
 291 0090 B7F90430 		ldrsh	r3, [r7, #4]
 292 0094 92FBF3F3 		sdiv	r3, r2, r3
 293 0098 1846     		mov	r0, r3
 294 009a FFF7FEFF 		bl	__aeabi_i2d
 295 009e 0246     		mov	r2, r0
 296 00a0 0B46     		mov	r3, r1
 297 00a2 1046     		mov	r0, r2
 298 00a4 1946     		mov	r1, r3
 299 00a6 FFF7FEFF 		bl	atan
 300 00aa 0246     		mov	r2, r0
 301 00ac 0B46     		mov	r3, r1
 302 00ae 1046     		mov	r0, r2
 303 00b0 1946     		mov	r1, r3
 304 00b2 4FF00002 		mov	r2, #0
 305 00b6 4FF40043 		mov	r3, #32768
 306 00ba C4F26603 		movt	r3, 16486
 307 00be FFF7FEFF 		bl	__aeabi_dmul
 308 00c2 0246     		mov	r2, r0
 309 00c4 0B46     		mov	r3, r1
 310 00c6 1046     		mov	r0, r2
 311 00c8 1946     		mov	r1, r3
 312 00ca 15A3     		adr	r3, .L15
 313 00cc D3E90023 		ldrd	r2, [r3]
 314 00d0 FFF7FEFF 		bl	__aeabi_ddiv
 315 00d4 0246     		mov	r2, r0
 316 00d6 0B46     		mov	r3, r1
 317 00d8 13A1     		adr	r1, .L15+8
 318 00da D1E90001 		ldrd	r0, [r1]
 319 00de FFF7FEFF 		bl	__aeabi_dsub
 320 00e2 0246     		mov	r2, r0
 321 00e4 0B46     		mov	r3, r1
 322 00e6 1046     		mov	r0, r2
 323 00e8 1946     		mov	r1, r3
 324 00ea FFF7FEFF 		bl	__aeabi_d2iz
 325 00ee 0346     		mov	r3, r0
 326 00f0 FB81     		strh	r3, [r7, #14]	@ movhi
 327 00f2 0EE0     		b	.L11
 328              	.L12:
  68:.\main.c      **** 	}
  69:.\main.c      **** 	else if(y == 0 && x < 0)
 329              		.loc 1 69 0
 330 00f4 B7F90430 		ldrsh	r3, [r7, #4]
ARM GAS  C:\Users\Ryan\AppData\Local\Temp\ccc5eNiw.s 			page 8


 331 00f8 002B     		cmp	r3, #0
 332 00fa 07D1     		bne	.L13
 333              		.loc 1 69 0 is_stmt 0 discriminator 1
 334 00fc B7F90630 		ldrsh	r3, [r7, #6]
 335 0100 002B     		cmp	r3, #0
 336 0102 03DA     		bge	.L13
  70:.\main.c      **** 	{
  71:.\main.c      **** 		heading = 180;
 337              		.loc 1 71 0 is_stmt 1
 338 0104 4FF0B403 		mov	r3, #180
 339 0108 FB81     		strh	r3, [r7, #14]	@ movhi
 340 010a 02E0     		b	.L11
 341              	.L13:
  72:.\main.c      **** 	}
  73:.\main.c      **** 	else
  74:.\main.c      **** 	{
  75:.\main.c      **** 		heading = 0;
 342              		.loc 1 75 0
 343 010c 4FF00003 		mov	r3, #0
 344 0110 FB81     		strh	r3, [r7, #14]	@ movhi
 345              	.L11:
  76:.\main.c      **** 	}
  77:.\main.c      **** 	
  78:.\main.c      **** 	return heading;
 346              		.loc 1 78 0
 347 0112 FB89     		ldrh	r3, [r7, #14]
 348 0114 1BB2     		sxth	r3, r3
  79:.\main.c      **** }
 349              		.loc 1 79 0
 350 0116 1846     		mov	r0, r3
 351 0118 07F11007 		add	r7, r7, #16
 352 011c BD46     		mov	sp, r7
 353 011e 80BD     		pop	{r7, pc}
 354              	.L16:
 355              		.align	3
 356              	.L15:
 357 0120 C45F9335 		.word	898850756
 358 0124 EA210940 		.word	1074340330
 359 0128 00000000 		.word	0
 360 012c 00E07040 		.word	1081139200
 361              		.cfi_endproc
 362              	.LFE59:
 363              		.size	getheading, .-getheading
 364              		.section	.text.main,"ax",%progbits
 365              		.align	2
 366              		.global	main
 367              		.thumb
 368              		.thumb_func
 369              		.type	main, %function
 370              	main:
 371              	.LFB60:
  80:.\main.c      **** 
  81:.\main.c      **** int main()
  82:.\main.c      **** {
 372              		.loc 1 82 0
 373              		.cfi_startproc
 374              		@ args = 0, pretend = 0, frame = 16
ARM GAS  C:\Users\Ryan\AppData\Local\Temp\ccc5eNiw.s 			page 9


 375              		@ frame_needed = 1, uses_anonymous_args = 0
 376 0000 80B5     		push	{r7, lr}
 377              	.LCFI12:
 378              		.cfi_def_cfa_offset 8
 379              		.cfi_offset 7, -8
 380              		.cfi_offset 14, -4
 381 0002 84B0     		sub	sp, sp, #16
 382              	.LCFI13:
 383              		.cfi_def_cfa_offset 24
 384 0004 00AF     		add	r7, sp, #0
 385              	.LCFI14:
 386              		.cfi_def_cfa_register 7
  83:.\main.c      ****     /* Place your initialization/startup code here (e.g. MyInst_Start()) */
  84:.\main.c      **** 	psoc_Start();
 387              		.loc 1 84 0
 388 0006 FFF7FEFF 		bl	psoc_Start
  85:.\main.c      **** 	int16 readingx, readingy, readingz, heading;
  86:.\main.c      **** 	uint8 readingconfig;
  87:.\main.c      ****     /* CyGlobalIntEnable; */ /* Uncomment this line to enable global interrupts. */
  88:.\main.c      **** 	writeregister((uint8) 0x00, (uint8) 0x70);
 389              		.loc 1 88 0
 390 000a 4FF00000 		mov	r0, #0
 391 000e 4FF07001 		mov	r1, #112
 392 0012 FFF7FEFF 		bl	writeregister
  89:.\main.c      **** 	writeregister((uint8) 0x01, (uint8) 0xA0);
 393              		.loc 1 89 0
 394 0016 4FF00100 		mov	r0, #1
 395 001a 4FF0A001 		mov	r1, #160
 396 001e FFF7FEFF 		bl	writeregister
  90:.\main.c      **** 	writeregister((uint8) 0x02, (uint8) 0x00);
 397              		.loc 1 90 0
 398 0022 4FF00200 		mov	r0, #2
 399 0026 4FF00001 		mov	r1, #0
 400 002a FFF7FEFF 		bl	writeregister
  91:.\main.c      **** 	CyDelay(1000u);
 401              		.loc 1 91 0
 402 002e 4FF47A70 		mov	r0, #1000
 403 0032 FFF7FEFF 		bl	CyDelay
 404              	.L18:
  92:.\main.c      **** 	
  93:.\main.c      ****     for(;;)
  94:.\main.c      **** 	{
  95:.\main.c      **** 		
  96:.\main.c      **** 		readingx = getmeasurement((uint8) 3,(uint8) 4);
 405              		.loc 1 96 0 discriminator 1
 406 0036 4FF00300 		mov	r0, #3
 407 003a 4FF00401 		mov	r1, #4
 408 003e FFF7FEFF 		bl	getmeasurement
 409 0042 0346     		mov	r3, r0
 410 0044 FB81     		strh	r3, [r7, #14]	@ movhi
  97:.\main.c      **** 		readingy = getmeasurement((uint8) 7,(uint8) 8);
 411              		.loc 1 97 0 discriminator 1
 412 0046 4FF00700 		mov	r0, #7
 413 004a 4FF00801 		mov	r1, #8
 414 004e FFF7FEFF 		bl	getmeasurement
 415 0052 0346     		mov	r3, r0
 416 0054 BB81     		strh	r3, [r7, #12]	@ movhi
ARM GAS  C:\Users\Ryan\AppData\Local\Temp\ccc5eNiw.s 			page 10


  98:.\main.c      **** 		readingz = getmeasurement((uint8) 5,(uint8) 6);	
 417              		.loc 1 98 0 discriminator 1
 418 0056 4FF00500 		mov	r0, #5
 419 005a 4FF00601 		mov	r1, #6
 420 005e FFF7FEFF 		bl	getmeasurement
 421 0062 0346     		mov	r3, r0
 422 0064 7B81     		strh	r3, [r7, #10]	@ movhi
  99:.\main.c      **** 		heading = getheading(readingx, readingy);
 423              		.loc 1 99 0 discriminator 1
 424 0066 B7F90E20 		ldrsh	r2, [r7, #14]
 425 006a B7F90C30 		ldrsh	r3, [r7, #12]
 426 006e 1046     		mov	r0, r2
 427 0070 1946     		mov	r1, r3
 428 0072 FFF7FEFF 		bl	getheading
 429 0076 0346     		mov	r3, r0
 430 0078 3B81     		strh	r3, [r7, #8]	@ movhi
 100:.\main.c      **** 		readingconfig = readregister((uint8) 0x00);
 431              		.loc 1 100 0 discriminator 1
 432 007a 4FF00000 		mov	r0, #0
 433 007e FFF7FEFF 		bl	readregister
 434 0082 0346     		mov	r3, r0
 435 0084 FB71     		strb	r3, [r7, #7]
 101:.\main.c      **** 		
 102:.\main.c      **** 		
 103:.\main.c      **** 	}
 436              		.loc 1 103 0 discriminator 1
 437 0086 D6E7     		b	.L18
 438              		.cfi_endproc
 439              	.LFE60:
 440              		.size	main, .-main
 441              		.text
 442              	.Letext0:
 443              		.file 2 "c:\\program files (x86)\\cypress\\psoc creator\\3.0\\psoc creator\\import\\gnu_cs\\arm\\4
 444              		.file 3 "./Generated_Source/PSoC5/cytypes.h"
 445              		.file 4 "./Generated_Source/PSoC5/core_cm3.h"
 446              		.section	.debug_info,"",%progbits
 447              	.Ldebug_info0:
 448 0000 78020000 		.4byte	0x278
 449 0004 0200     		.2byte	0x2
 450 0006 00000000 		.4byte	.Ldebug_abbrev0
 451 000a 04       		.byte	0x4
 452 000b 01       		.uleb128 0x1
 453 000c A0010000 		.4byte	.LASF36
 454 0010 01       		.byte	0x1
 455 0011 97000000 		.4byte	.LASF37
 456 0015 0B000000 		.4byte	.LASF38
 457 0019 00000000 		.4byte	.Ldebug_ranges0+0
 458 001d 00000000 		.4byte	0
 459 0021 00000000 		.4byte	0
 460 0025 00000000 		.4byte	.Ldebug_line0
 461 0029 02       		.uleb128 0x2
 462 002a 01       		.byte	0x1
 463 002b 06       		.byte	0x6
 464 002c 0C020000 		.4byte	.LASF0
 465 0030 02       		.uleb128 0x2
 466 0031 01       		.byte	0x1
 467 0032 08       		.byte	0x8
ARM GAS  C:\Users\Ryan\AppData\Local\Temp\ccc5eNiw.s 			page 11


 468 0033 89000000 		.4byte	.LASF1
 469 0037 02       		.uleb128 0x2
 470 0038 02       		.byte	0x2
 471 0039 05       		.byte	0x5
 472 003a 90010000 		.4byte	.LASF2
 473 003e 02       		.uleb128 0x2
 474 003f 02       		.byte	0x2
 475 0040 07       		.byte	0x7
 476 0041 B8000000 		.4byte	.LASF3
 477 0045 03       		.uleb128 0x3
 478 0046 6C010000 		.4byte	.LASF9
 479 004a 02       		.byte	0x2
 480 004b 4F       		.byte	0x4f
 481 004c 50000000 		.4byte	0x50
 482 0050 02       		.uleb128 0x2
 483 0051 04       		.byte	0x4
 484 0052 05       		.byte	0x5
 485 0053 F7010000 		.4byte	.LASF4
 486 0057 02       		.uleb128 0x2
 487 0058 04       		.byte	0x4
 488 0059 07       		.byte	0x7
 489 005a A6000000 		.4byte	.LASF5
 490 005e 02       		.uleb128 0x2
 491 005f 08       		.byte	0x8
 492 0060 05       		.byte	0x5
 493 0061 7D010000 		.4byte	.LASF6
 494 0065 02       		.uleb128 0x2
 495 0066 08       		.byte	0x8
 496 0067 07       		.byte	0x7
 497 0068 2E010000 		.4byte	.LASF7
 498 006c 04       		.uleb128 0x4
 499 006d 04       		.byte	0x4
 500 006e 05       		.byte	0x5
 501 006f 696E7400 		.ascii	"int\000"
 502 0073 02       		.uleb128 0x2
 503 0074 04       		.byte	0x4
 504 0075 07       		.byte	0x7
 505 0076 21010000 		.4byte	.LASF8
 506 007a 03       		.uleb128 0x3
 507 007b 9A010000 		.4byte	.LASF10
 508 007f 03       		.byte	0x3
 509 0080 5B       		.byte	0x5b
 510 0081 30000000 		.4byte	0x30
 511 0085 03       		.uleb128 0x3
 512 0086 1A010000 		.4byte	.LASF11
 513 008a 03       		.byte	0x3
 514 008b 5C       		.byte	0x5c
 515 008c 3E000000 		.4byte	0x3e
 516 0090 03       		.uleb128 0x3
 517 0091 A0000000 		.4byte	.LASF12
 518 0095 03       		.byte	0x3
 519 0096 5F       		.byte	0x5f
 520 0097 37000000 		.4byte	0x37
 521 009b 02       		.uleb128 0x2
 522 009c 04       		.byte	0x4
 523 009d 04       		.byte	0x4
 524 009e 83000000 		.4byte	.LASF13
ARM GAS  C:\Users\Ryan\AppData\Local\Temp\ccc5eNiw.s 			page 12


 525 00a2 02       		.uleb128 0x2
 526 00a3 08       		.byte	0x8
 527 00a4 04       		.byte	0x4
 528 00a5 60000000 		.4byte	.LASF14
 529 00a9 02       		.uleb128 0x2
 530 00aa 01       		.byte	0x1
 531 00ab 08       		.byte	0x8
 532 00ac 8B010000 		.4byte	.LASF15
 533 00b0 02       		.uleb128 0x2
 534 00b1 04       		.byte	0x4
 535 00b2 07       		.byte	0x7
 536 00b3 74010000 		.4byte	.LASF16
 537 00b7 02       		.uleb128 0x2
 538 00b8 08       		.byte	0x8
 539 00b9 04       		.byte	0x4
 540 00ba 00020000 		.4byte	.LASF17
 541 00be 05       		.uleb128 0x5
 542 00bf 01       		.byte	0x1
 543 00c0 E9010000 		.4byte	.LASF30
 544 00c4 01       		.byte	0x1
 545 00c5 0E       		.byte	0xe
 546 00c6 01       		.byte	0x1
 547 00c7 00000000 		.4byte	.LFB56
 548 00cb 48000000 		.4byte	.LFE56
 549 00cf 00000000 		.4byte	.LLST0
 550 00d3 01       		.byte	0x1
 551 00d4 03010000 		.4byte	0x103
 552 00d8 06       		.uleb128 0x6
 553 00d9 45010000 		.4byte	.LASF18
 554 00dd 01       		.byte	0x1
 555 00de 0E       		.byte	0xe
 556 00df 7A000000 		.4byte	0x7a
 557 00e3 02       		.byte	0x2
 558 00e4 91       		.byte	0x91
 559 00e5 6F       		.sleb128 -17
 560 00e6 06       		.uleb128 0x6
 561 00e7 CB000000 		.4byte	.LASF19
 562 00eb 01       		.byte	0x1
 563 00ec 0E       		.byte	0xe
 564 00ed 7A000000 		.4byte	0x7a
 565 00f1 02       		.byte	0x2
 566 00f2 91       		.byte	0x91
 567 00f3 6E       		.sleb128 -18
 568 00f4 07       		.uleb128 0x7
 569 00f5 09010000 		.4byte	.LASF20
 570 00f9 01       		.byte	0x1
 571 00fa 10       		.byte	0x10
 572 00fb 7A000000 		.4byte	0x7a
 573 00ff 02       		.byte	0x2
 574 0100 91       		.byte	0x91
 575 0101 77       		.sleb128 -9
 576 0102 00       		.byte	0
 577 0103 08       		.uleb128 0x8
 578 0104 01       		.byte	0x1
 579 0105 6E000000 		.4byte	.LASF23
 580 0109 01       		.byte	0x1
 581 010a 19       		.byte	0x19
ARM GAS  C:\Users\Ryan\AppData\Local\Temp\ccc5eNiw.s 			page 13


 582 010b 01       		.byte	0x1
 583 010c 7A000000 		.4byte	0x7a
 584 0110 00000000 		.4byte	.LFB57
 585 0114 62000000 		.4byte	.LFE57
 586 0118 38000000 		.4byte	.LLST1
 587 011c 01       		.byte	0x1
 588 011d 5A010000 		.4byte	0x15a
 589 0121 06       		.uleb128 0x6
 590 0122 45010000 		.4byte	.LASF18
 591 0126 01       		.byte	0x1
 592 0127 19       		.byte	0x19
 593 0128 7A000000 		.4byte	0x7a
 594 012c 02       		.byte	0x2
 595 012d 91       		.byte	0x91
 596 012e 6F       		.sleb128 -17
 597 012f 07       		.uleb128 0x7
 598 0130 4C000000 		.4byte	.LASF21
 599 0134 01       		.byte	0x1
 600 0135 1B       		.byte	0x1b
 601 0136 7A000000 		.4byte	0x7a
 602 013a 02       		.byte	0x2
 603 013b 91       		.byte	0x91
 604 013c 77       		.sleb128 -9
 605 013d 07       		.uleb128 0x7
 606 013e 09010000 		.4byte	.LASF20
 607 0142 01       		.byte	0x1
 608 0143 1C       		.byte	0x1c
 609 0144 7A000000 		.4byte	0x7a
 610 0148 02       		.byte	0x2
 611 0149 91       		.byte	0x91
 612 014a 76       		.sleb128 -10
 613 014b 07       		.uleb128 0x7
 614 014c 67000000 		.4byte	.LASF22
 615 0150 01       		.byte	0x1
 616 0151 23       		.byte	0x23
 617 0152 7A000000 		.4byte	0x7a
 618 0156 02       		.byte	0x2
 619 0157 91       		.byte	0x91
 620 0158 75       		.sleb128 -11
 621 0159 00       		.byte	0
 622 015a 08       		.uleb128 0x8
 623 015b 01       		.byte	0x1
 624 015c D1000000 		.4byte	.LASF24
 625 0160 01       		.byte	0x1
 626 0161 2D       		.byte	0x2d
 627 0162 01       		.byte	0x1
 628 0163 90000000 		.4byte	0x90
 629 0167 00000000 		.4byte	.LFB58
 630 016b 44000000 		.4byte	.LFE58
 631 016f 70000000 		.4byte	.LLST2
 632 0173 01       		.byte	0x1
 633 0174 BF010000 		.4byte	0x1bf
 634 0178 06       		.uleb128 0x6
 635 0179 F5000000 		.4byte	.LASF25
 636 017d 01       		.byte	0x1
 637 017e 2D       		.byte	0x2d
 638 017f 7A000000 		.4byte	0x7a
ARM GAS  C:\Users\Ryan\AppData\Local\Temp\ccc5eNiw.s 			page 14


 639 0183 02       		.byte	0x2
 640 0184 91       		.byte	0x91
 641 0185 6F       		.sleb128 -17
 642 0186 06       		.uleb128 0x6
 643 0187 FF000000 		.4byte	.LASF26
 644 018b 01       		.byte	0x1
 645 018c 2D       		.byte	0x2d
 646 018d 7A000000 		.4byte	0x7a
 647 0191 02       		.byte	0x2
 648 0192 91       		.byte	0x91
 649 0193 6E       		.sleb128 -18
 650 0194 09       		.uleb128 0x9
 651 0195 4D534200 		.ascii	"MSB\000"
 652 0199 01       		.byte	0x1
 653 019a 2F       		.byte	0x2f
 654 019b 7A000000 		.4byte	0x7a
 655 019f 02       		.byte	0x2
 656 01a0 91       		.byte	0x91
 657 01a1 77       		.sleb128 -9
 658 01a2 09       		.uleb128 0x9
 659 01a3 4C534200 		.ascii	"LSB\000"
 660 01a7 01       		.byte	0x1
 661 01a8 30       		.byte	0x30
 662 01a9 7A000000 		.4byte	0x7a
 663 01ad 02       		.byte	0x2
 664 01ae 91       		.byte	0x91
 665 01af 76       		.sleb128 -10
 666 01b0 07       		.uleb128 0x7
 667 01b1 7B000000 		.4byte	.LASF27
 668 01b5 01       		.byte	0x1
 669 01b6 35       		.byte	0x35
 670 01b7 90000000 		.4byte	0x90
 671 01bb 02       		.byte	0x2
 672 01bc 91       		.byte	0x91
 673 01bd 74       		.sleb128 -12
 674 01be 00       		.byte	0
 675 01bf 08       		.uleb128 0x8
 676 01c0 01       		.byte	0x1
 677 01c1 00000000 		.4byte	.LASF28
 678 01c5 01       		.byte	0x1
 679 01c6 39       		.byte	0x39
 680 01c7 01       		.byte	0x1
 681 01c8 90000000 		.4byte	0x90
 682 01cc 00000000 		.4byte	.LFB59
 683 01d0 30010000 		.4byte	.LFE59
 684 01d4 A8000000 		.4byte	.LLST3
 685 01d8 01       		.byte	0x1
 686 01d9 04020000 		.4byte	0x204
 687 01dd 0A       		.uleb128 0xa
 688 01de 7800     		.ascii	"x\000"
 689 01e0 01       		.byte	0x1
 690 01e1 39       		.byte	0x39
 691 01e2 90000000 		.4byte	0x90
 692 01e6 02       		.byte	0x2
 693 01e7 91       		.byte	0x91
 694 01e8 6E       		.sleb128 -18
 695 01e9 0A       		.uleb128 0xa
ARM GAS  C:\Users\Ryan\AppData\Local\Temp\ccc5eNiw.s 			page 15


 696 01ea 7900     		.ascii	"y\000"
 697 01ec 01       		.byte	0x1
 698 01ed 39       		.byte	0x39
 699 01ee 90000000 		.4byte	0x90
 700 01f2 02       		.byte	0x2
 701 01f3 91       		.byte	0x91
 702 01f4 6C       		.sleb128 -20
 703 01f5 07       		.uleb128 0x7
 704 01f6 ED000000 		.4byte	.LASF29
 705 01fa 01       		.byte	0x1
 706 01fb 3B       		.byte	0x3b
 707 01fc 90000000 		.4byte	0x90
 708 0200 02       		.byte	0x2
 709 0201 91       		.byte	0x91
 710 0202 76       		.sleb128 -10
 711 0203 00       		.byte	0
 712 0204 0B       		.uleb128 0xb
 713 0205 01       		.byte	0x1
 714 0206 15010000 		.4byte	.LASF31
 715 020a 01       		.byte	0x1
 716 020b 51       		.byte	0x51
 717 020c 6C000000 		.4byte	0x6c
 718 0210 00000000 		.4byte	.LFB60
 719 0214 88000000 		.4byte	.LFE60
 720 0218 E0000000 		.4byte	.LLST4
 721 021c 01       		.byte	0x1
 722 021d 68020000 		.4byte	0x268
 723 0221 07       		.uleb128 0x7
 724 0222 51010000 		.4byte	.LASF32
 725 0226 01       		.byte	0x1
 726 0227 55       		.byte	0x55
 727 0228 90000000 		.4byte	0x90
 728 022c 02       		.byte	0x2
 729 022d 91       		.byte	0x91
 730 022e 76       		.sleb128 -10
 731 022f 07       		.uleb128 0x7
 732 0230 5A010000 		.4byte	.LASF33
 733 0234 01       		.byte	0x1
 734 0235 55       		.byte	0x55
 735 0236 90000000 		.4byte	0x90
 736 023a 02       		.byte	0x2
 737 023b 91       		.byte	0x91
 738 023c 74       		.sleb128 -12
 739 023d 07       		.uleb128 0x7
 740 023e 63010000 		.4byte	.LASF34
 741 0242 01       		.byte	0x1
 742 0243 55       		.byte	0x55
 743 0244 90000000 		.4byte	0x90
 744 0248 02       		.byte	0x2
 745 0249 91       		.byte	0x91
 746 024a 72       		.sleb128 -14
 747 024b 07       		.uleb128 0x7
 748 024c ED000000 		.4byte	.LASF29
 749 0250 01       		.byte	0x1
 750 0251 55       		.byte	0x55
 751 0252 90000000 		.4byte	0x90
 752 0256 02       		.byte	0x2
ARM GAS  C:\Users\Ryan\AppData\Local\Temp\ccc5eNiw.s 			page 16


 753 0257 91       		.byte	0x91
 754 0258 70       		.sleb128 -16
 755 0259 07       		.uleb128 0x7
 756 025a 52000000 		.4byte	.LASF35
 757 025e 01       		.byte	0x1
 758 025f 56       		.byte	0x56
 759 0260 7A000000 		.4byte	0x7a
 760 0264 02       		.byte	0x2
 761 0265 91       		.byte	0x91
 762 0266 6F       		.sleb128 -17
 763 0267 00       		.byte	0
 764 0268 0C       		.uleb128 0xc
 765 0269 E0000000 		.4byte	.LASF39
 766 026d 04       		.byte	0x4
 767 026e 1606     		.2byte	0x616
 768 0270 76020000 		.4byte	0x276
 769 0274 01       		.byte	0x1
 770 0275 01       		.byte	0x1
 771 0276 0D       		.uleb128 0xd
 772 0277 45000000 		.4byte	0x45
 773 027b 00       		.byte	0
 774              		.section	.debug_abbrev,"",%progbits
 775              	.Ldebug_abbrev0:
 776 0000 01       		.uleb128 0x1
 777 0001 11       		.uleb128 0x11
 778 0002 01       		.byte	0x1
 779 0003 25       		.uleb128 0x25
 780 0004 0E       		.uleb128 0xe
 781 0005 13       		.uleb128 0x13
 782 0006 0B       		.uleb128 0xb
 783 0007 03       		.uleb128 0x3
 784 0008 0E       		.uleb128 0xe
 785 0009 1B       		.uleb128 0x1b
 786 000a 0E       		.uleb128 0xe
 787 000b 55       		.uleb128 0x55
 788 000c 06       		.uleb128 0x6
 789 000d 11       		.uleb128 0x11
 790 000e 01       		.uleb128 0x1
 791 000f 52       		.uleb128 0x52
 792 0010 01       		.uleb128 0x1
 793 0011 10       		.uleb128 0x10
 794 0012 06       		.uleb128 0x6
 795 0013 00       		.byte	0
 796 0014 00       		.byte	0
 797 0015 02       		.uleb128 0x2
 798 0016 24       		.uleb128 0x24
 799 0017 00       		.byte	0
 800 0018 0B       		.uleb128 0xb
 801 0019 0B       		.uleb128 0xb
 802 001a 3E       		.uleb128 0x3e
 803 001b 0B       		.uleb128 0xb
 804 001c 03       		.uleb128 0x3
 805 001d 0E       		.uleb128 0xe
 806 001e 00       		.byte	0
 807 001f 00       		.byte	0
 808 0020 03       		.uleb128 0x3
 809 0021 16       		.uleb128 0x16
ARM GAS  C:\Users\Ryan\AppData\Local\Temp\ccc5eNiw.s 			page 17


 810 0022 00       		.byte	0
 811 0023 03       		.uleb128 0x3
 812 0024 0E       		.uleb128 0xe
 813 0025 3A       		.uleb128 0x3a
 814 0026 0B       		.uleb128 0xb
 815 0027 3B       		.uleb128 0x3b
 816 0028 0B       		.uleb128 0xb
 817 0029 49       		.uleb128 0x49
 818 002a 13       		.uleb128 0x13
 819 002b 00       		.byte	0
 820 002c 00       		.byte	0
 821 002d 04       		.uleb128 0x4
 822 002e 24       		.uleb128 0x24
 823 002f 00       		.byte	0
 824 0030 0B       		.uleb128 0xb
 825 0031 0B       		.uleb128 0xb
 826 0032 3E       		.uleb128 0x3e
 827 0033 0B       		.uleb128 0xb
 828 0034 03       		.uleb128 0x3
 829 0035 08       		.uleb128 0x8
 830 0036 00       		.byte	0
 831 0037 00       		.byte	0
 832 0038 05       		.uleb128 0x5
 833 0039 2E       		.uleb128 0x2e
 834 003a 01       		.byte	0x1
 835 003b 3F       		.uleb128 0x3f
 836 003c 0C       		.uleb128 0xc
 837 003d 03       		.uleb128 0x3
 838 003e 0E       		.uleb128 0xe
 839 003f 3A       		.uleb128 0x3a
 840 0040 0B       		.uleb128 0xb
 841 0041 3B       		.uleb128 0x3b
 842 0042 0B       		.uleb128 0xb
 843 0043 27       		.uleb128 0x27
 844 0044 0C       		.uleb128 0xc
 845 0045 11       		.uleb128 0x11
 846 0046 01       		.uleb128 0x1
 847 0047 12       		.uleb128 0x12
 848 0048 01       		.uleb128 0x1
 849 0049 40       		.uleb128 0x40
 850 004a 06       		.uleb128 0x6
 851 004b 9642     		.uleb128 0x2116
 852 004d 0C       		.uleb128 0xc
 853 004e 01       		.uleb128 0x1
 854 004f 13       		.uleb128 0x13
 855 0050 00       		.byte	0
 856 0051 00       		.byte	0
 857 0052 06       		.uleb128 0x6
 858 0053 05       		.uleb128 0x5
 859 0054 00       		.byte	0
 860 0055 03       		.uleb128 0x3
 861 0056 0E       		.uleb128 0xe
 862 0057 3A       		.uleb128 0x3a
 863 0058 0B       		.uleb128 0xb
 864 0059 3B       		.uleb128 0x3b
 865 005a 0B       		.uleb128 0xb
 866 005b 49       		.uleb128 0x49
ARM GAS  C:\Users\Ryan\AppData\Local\Temp\ccc5eNiw.s 			page 18


 867 005c 13       		.uleb128 0x13
 868 005d 02       		.uleb128 0x2
 869 005e 0A       		.uleb128 0xa
 870 005f 00       		.byte	0
 871 0060 00       		.byte	0
 872 0061 07       		.uleb128 0x7
 873 0062 34       		.uleb128 0x34
 874 0063 00       		.byte	0
 875 0064 03       		.uleb128 0x3
 876 0065 0E       		.uleb128 0xe
 877 0066 3A       		.uleb128 0x3a
 878 0067 0B       		.uleb128 0xb
 879 0068 3B       		.uleb128 0x3b
 880 0069 0B       		.uleb128 0xb
 881 006a 49       		.uleb128 0x49
 882 006b 13       		.uleb128 0x13
 883 006c 02       		.uleb128 0x2
 884 006d 0A       		.uleb128 0xa
 885 006e 00       		.byte	0
 886 006f 00       		.byte	0
 887 0070 08       		.uleb128 0x8
 888 0071 2E       		.uleb128 0x2e
 889 0072 01       		.byte	0x1
 890 0073 3F       		.uleb128 0x3f
 891 0074 0C       		.uleb128 0xc
 892 0075 03       		.uleb128 0x3
 893 0076 0E       		.uleb128 0xe
 894 0077 3A       		.uleb128 0x3a
 895 0078 0B       		.uleb128 0xb
 896 0079 3B       		.uleb128 0x3b
 897 007a 0B       		.uleb128 0xb
 898 007b 27       		.uleb128 0x27
 899 007c 0C       		.uleb128 0xc
 900 007d 49       		.uleb128 0x49
 901 007e 13       		.uleb128 0x13
 902 007f 11       		.uleb128 0x11
 903 0080 01       		.uleb128 0x1
 904 0081 12       		.uleb128 0x12
 905 0082 01       		.uleb128 0x1
 906 0083 40       		.uleb128 0x40
 907 0084 06       		.uleb128 0x6
 908 0085 9642     		.uleb128 0x2116
 909 0087 0C       		.uleb128 0xc
 910 0088 01       		.uleb128 0x1
 911 0089 13       		.uleb128 0x13
 912 008a 00       		.byte	0
 913 008b 00       		.byte	0
 914 008c 09       		.uleb128 0x9
 915 008d 34       		.uleb128 0x34
 916 008e 00       		.byte	0
 917 008f 03       		.uleb128 0x3
 918 0090 08       		.uleb128 0x8
 919 0091 3A       		.uleb128 0x3a
 920 0092 0B       		.uleb128 0xb
 921 0093 3B       		.uleb128 0x3b
 922 0094 0B       		.uleb128 0xb
 923 0095 49       		.uleb128 0x49
ARM GAS  C:\Users\Ryan\AppData\Local\Temp\ccc5eNiw.s 			page 19


 924 0096 13       		.uleb128 0x13
 925 0097 02       		.uleb128 0x2
 926 0098 0A       		.uleb128 0xa
 927 0099 00       		.byte	0
 928 009a 00       		.byte	0
 929 009b 0A       		.uleb128 0xa
 930 009c 05       		.uleb128 0x5
 931 009d 00       		.byte	0
 932 009e 03       		.uleb128 0x3
 933 009f 08       		.uleb128 0x8
 934 00a0 3A       		.uleb128 0x3a
 935 00a1 0B       		.uleb128 0xb
 936 00a2 3B       		.uleb128 0x3b
 937 00a3 0B       		.uleb128 0xb
 938 00a4 49       		.uleb128 0x49
 939 00a5 13       		.uleb128 0x13
 940 00a6 02       		.uleb128 0x2
 941 00a7 0A       		.uleb128 0xa
 942 00a8 00       		.byte	0
 943 00a9 00       		.byte	0
 944 00aa 0B       		.uleb128 0xb
 945 00ab 2E       		.uleb128 0x2e
 946 00ac 01       		.byte	0x1
 947 00ad 3F       		.uleb128 0x3f
 948 00ae 0C       		.uleb128 0xc
 949 00af 03       		.uleb128 0x3
 950 00b0 0E       		.uleb128 0xe
 951 00b1 3A       		.uleb128 0x3a
 952 00b2 0B       		.uleb128 0xb
 953 00b3 3B       		.uleb128 0x3b
 954 00b4 0B       		.uleb128 0xb
 955 00b5 49       		.uleb128 0x49
 956 00b6 13       		.uleb128 0x13
 957 00b7 11       		.uleb128 0x11
 958 00b8 01       		.uleb128 0x1
 959 00b9 12       		.uleb128 0x12
 960 00ba 01       		.uleb128 0x1
 961 00bb 40       		.uleb128 0x40
 962 00bc 06       		.uleb128 0x6
 963 00bd 9642     		.uleb128 0x2116
 964 00bf 0C       		.uleb128 0xc
 965 00c0 01       		.uleb128 0x1
 966 00c1 13       		.uleb128 0x13
 967 00c2 00       		.byte	0
 968 00c3 00       		.byte	0
 969 00c4 0C       		.uleb128 0xc
 970 00c5 34       		.uleb128 0x34
 971 00c6 00       		.byte	0
 972 00c7 03       		.uleb128 0x3
 973 00c8 0E       		.uleb128 0xe
 974 00c9 3A       		.uleb128 0x3a
 975 00ca 0B       		.uleb128 0xb
 976 00cb 3B       		.uleb128 0x3b
 977 00cc 05       		.uleb128 0x5
 978 00cd 49       		.uleb128 0x49
 979 00ce 13       		.uleb128 0x13
 980 00cf 3F       		.uleb128 0x3f
ARM GAS  C:\Users\Ryan\AppData\Local\Temp\ccc5eNiw.s 			page 20


 981 00d0 0C       		.uleb128 0xc
 982 00d1 3C       		.uleb128 0x3c
 983 00d2 0C       		.uleb128 0xc
 984 00d3 00       		.byte	0
 985 00d4 00       		.byte	0
 986 00d5 0D       		.uleb128 0xd
 987 00d6 35       		.uleb128 0x35
 988 00d7 00       		.byte	0
 989 00d8 49       		.uleb128 0x49
 990 00d9 13       		.uleb128 0x13
 991 00da 00       		.byte	0
 992 00db 00       		.byte	0
 993 00dc 00       		.byte	0
 994              		.section	.debug_loc,"",%progbits
 995              	.Ldebug_loc0:
 996              	.LLST0:
 997 0000 00000000 		.4byte	.LFB56
 998 0004 02000000 		.4byte	.LCFI0
 999 0008 0200     		.2byte	0x2
 1000 000a 7D       		.byte	0x7d
 1001 000b 00       		.sleb128 0
 1002 000c 02000000 		.4byte	.LCFI0
 1003 0010 04000000 		.4byte	.LCFI1
 1004 0014 0200     		.2byte	0x2
 1005 0016 7D       		.byte	0x7d
 1006 0017 08       		.sleb128 8
 1007 0018 04000000 		.4byte	.LCFI1
 1008 001c 06000000 		.4byte	.LCFI2
 1009 0020 0200     		.2byte	0x2
 1010 0022 7D       		.byte	0x7d
 1011 0023 18       		.sleb128 24
 1012 0024 06000000 		.4byte	.LCFI2
 1013 0028 48000000 		.4byte	.LFE56
 1014 002c 0200     		.2byte	0x2
 1015 002e 77       		.byte	0x77
 1016 002f 18       		.sleb128 24
 1017 0030 00000000 		.4byte	0
 1018 0034 00000000 		.4byte	0
 1019              	.LLST1:
 1020 0038 00000000 		.4byte	.LFB57
 1021 003c 02000000 		.4byte	.LCFI3
 1022 0040 0200     		.2byte	0x2
 1023 0042 7D       		.byte	0x7d
 1024 0043 00       		.sleb128 0
 1025 0044 02000000 		.4byte	.LCFI3
 1026 0048 04000000 		.4byte	.LCFI4
 1027 004c 0200     		.2byte	0x2
 1028 004e 7D       		.byte	0x7d
 1029 004f 08       		.sleb128 8
 1030 0050 04000000 		.4byte	.LCFI4
 1031 0054 06000000 		.4byte	.LCFI5
 1032 0058 0200     		.2byte	0x2
 1033 005a 7D       		.byte	0x7d
 1034 005b 18       		.sleb128 24
 1035 005c 06000000 		.4byte	.LCFI5
 1036 0060 62000000 		.4byte	.LFE57
 1037 0064 0200     		.2byte	0x2
ARM GAS  C:\Users\Ryan\AppData\Local\Temp\ccc5eNiw.s 			page 21


 1038 0066 77       		.byte	0x77
 1039 0067 18       		.sleb128 24
 1040 0068 00000000 		.4byte	0
 1041 006c 00000000 		.4byte	0
 1042              	.LLST2:
 1043 0070 00000000 		.4byte	.LFB58
 1044 0074 02000000 		.4byte	.LCFI6
 1045 0078 0200     		.2byte	0x2
 1046 007a 7D       		.byte	0x7d
 1047 007b 00       		.sleb128 0
 1048 007c 02000000 		.4byte	.LCFI6
 1049 0080 04000000 		.4byte	.LCFI7
 1050 0084 0200     		.2byte	0x2
 1051 0086 7D       		.byte	0x7d
 1052 0087 08       		.sleb128 8
 1053 0088 04000000 		.4byte	.LCFI7
 1054 008c 06000000 		.4byte	.LCFI8
 1055 0090 0200     		.2byte	0x2
 1056 0092 7D       		.byte	0x7d
 1057 0093 18       		.sleb128 24
 1058 0094 06000000 		.4byte	.LCFI8
 1059 0098 44000000 		.4byte	.LFE58
 1060 009c 0200     		.2byte	0x2
 1061 009e 77       		.byte	0x77
 1062 009f 18       		.sleb128 24
 1063 00a0 00000000 		.4byte	0
 1064 00a4 00000000 		.4byte	0
 1065              	.LLST3:
 1066 00a8 00000000 		.4byte	.LFB59
 1067 00ac 02000000 		.4byte	.LCFI9
 1068 00b0 0200     		.2byte	0x2
 1069 00b2 7D       		.byte	0x7d
 1070 00b3 00       		.sleb128 0
 1071 00b4 02000000 		.4byte	.LCFI9
 1072 00b8 04000000 		.4byte	.LCFI10
 1073 00bc 0200     		.2byte	0x2
 1074 00be 7D       		.byte	0x7d
 1075 00bf 08       		.sleb128 8
 1076 00c0 04000000 		.4byte	.LCFI10
 1077 00c4 06000000 		.4byte	.LCFI11
 1078 00c8 0200     		.2byte	0x2
 1079 00ca 7D       		.byte	0x7d
 1080 00cb 18       		.sleb128 24
 1081 00cc 06000000 		.4byte	.LCFI11
 1082 00d0 30010000 		.4byte	.LFE59
 1083 00d4 0200     		.2byte	0x2
 1084 00d6 77       		.byte	0x77
 1085 00d7 18       		.sleb128 24
 1086 00d8 00000000 		.4byte	0
 1087 00dc 00000000 		.4byte	0
 1088              	.LLST4:
 1089 00e0 00000000 		.4byte	.LFB60
 1090 00e4 02000000 		.4byte	.LCFI12
 1091 00e8 0200     		.2byte	0x2
 1092 00ea 7D       		.byte	0x7d
 1093 00eb 00       		.sleb128 0
 1094 00ec 02000000 		.4byte	.LCFI12
ARM GAS  C:\Users\Ryan\AppData\Local\Temp\ccc5eNiw.s 			page 22


 1095 00f0 04000000 		.4byte	.LCFI13
 1096 00f4 0200     		.2byte	0x2
 1097 00f6 7D       		.byte	0x7d
 1098 00f7 08       		.sleb128 8
 1099 00f8 04000000 		.4byte	.LCFI13
 1100 00fc 06000000 		.4byte	.LCFI14
 1101 0100 0200     		.2byte	0x2
 1102 0102 7D       		.byte	0x7d
 1103 0103 18       		.sleb128 24
 1104 0104 06000000 		.4byte	.LCFI14
 1105 0108 88000000 		.4byte	.LFE60
 1106 010c 0200     		.2byte	0x2
 1107 010e 77       		.byte	0x77
 1108 010f 18       		.sleb128 24
 1109 0110 00000000 		.4byte	0
 1110 0114 00000000 		.4byte	0
 1111              		.section	.debug_aranges,"",%progbits
 1112 0000 3C000000 		.4byte	0x3c
 1113 0004 0200     		.2byte	0x2
 1114 0006 00000000 		.4byte	.Ldebug_info0
 1115 000a 04       		.byte	0x4
 1116 000b 00       		.byte	0
 1117 000c 0000     		.2byte	0
 1118 000e 0000     		.2byte	0
 1119 0010 00000000 		.4byte	.LFB56
 1120 0014 48000000 		.4byte	.LFE56-.LFB56
 1121 0018 00000000 		.4byte	.LFB57
 1122 001c 62000000 		.4byte	.LFE57-.LFB57
 1123 0020 00000000 		.4byte	.LFB58
 1124 0024 44000000 		.4byte	.LFE58-.LFB58
 1125 0028 00000000 		.4byte	.LFB59
 1126 002c 30010000 		.4byte	.LFE59-.LFB59
 1127 0030 00000000 		.4byte	.LFB60
 1128 0034 88000000 		.4byte	.LFE60-.LFB60
 1129 0038 00000000 		.4byte	0
 1130 003c 00000000 		.4byte	0
 1131              		.section	.debug_ranges,"",%progbits
 1132              	.Ldebug_ranges0:
 1133 0000 00000000 		.4byte	.LFB56
 1134 0004 48000000 		.4byte	.LFE56
 1135 0008 00000000 		.4byte	.LFB57
 1136 000c 62000000 		.4byte	.LFE57
 1137 0010 00000000 		.4byte	.LFB58
 1138 0014 44000000 		.4byte	.LFE58
 1139 0018 00000000 		.4byte	.LFB59
 1140 001c 30010000 		.4byte	.LFE59
 1141 0020 00000000 		.4byte	.LFB60
 1142 0024 88000000 		.4byte	.LFE60
 1143 0028 00000000 		.4byte	0
 1144 002c 00000000 		.4byte	0
 1145              		.section	.debug_line,"",%progbits
 1146              	.Ldebug_line0:
 1147 0000 97010000 		.section	.debug_str,"MS",%progbits,1
 1147      0200F900 
 1147      00000201 
 1147      FB0E0D00 
 1147      01010101 
ARM GAS  C:\Users\Ryan\AppData\Local\Temp\ccc5eNiw.s 			page 23


 1148              	.LASF28:
 1149 0000 67657468 		.ascii	"getheading\000"
 1149      65616469 
 1149      6E6700
 1150              	.LASF38:
 1151 000b 433A5C55 		.ascii	"C:\\Users\\Ryan\\Documents\\summer2014\\WindSensor\\"
 1151      73657273 
 1151      5C527961 
 1151      6E5C446F 
 1151      63756D65 
 1152 0039 4D61676E 		.ascii	"Magnetometer.cydsn\000"
 1152      65746F6D 
 1152      65746572 
 1152      2E637964 
 1152      736E00
 1153              	.LASF21:
 1154 004c 76616C75 		.ascii	"value\000"
 1154      6500
 1155              	.LASF35:
 1156 0052 72656164 		.ascii	"readingconfig\000"
 1156      696E6763 
 1156      6F6E6669 
 1156      6700
 1157              	.LASF14:
 1158 0060 646F7562 		.ascii	"double\000"
 1158      6C6500
 1159              	.LASF22:
 1160 0067 73746174 		.ascii	"status\000"
 1160      757300
 1161              	.LASF23:
 1162 006e 72656164 		.ascii	"readregister\000"
 1162      72656769 
 1162      73746572 
 1162      00
 1163              	.LASF27:
 1164 007b 72656164 		.ascii	"reading\000"
 1164      696E6700 
 1165              	.LASF13:
 1166 0083 666C6F61 		.ascii	"float\000"
 1166      7400
 1167              	.LASF1:
 1168 0089 756E7369 		.ascii	"unsigned char\000"
 1168      676E6564 
 1168      20636861 
 1168      7200
 1169              	.LASF37:
 1170 0097 2E5C6D61 		.ascii	".\\main.c\000"
 1170      696E2E63 
 1170      00
 1171              	.LASF12:
 1172 00a0 696E7431 		.ascii	"int16\000"
 1172      3600
 1173              	.LASF5:
 1174 00a6 6C6F6E67 		.ascii	"long unsigned int\000"
 1174      20756E73 
 1174      69676E65 
 1174      6420696E 
ARM GAS  C:\Users\Ryan\AppData\Local\Temp\ccc5eNiw.s 			page 24


 1174      7400
 1175              	.LASF3:
 1176 00b8 73686F72 		.ascii	"short unsigned int\000"
 1176      7420756E 
 1176      7369676E 
 1176      65642069 
 1176      6E7400
 1177              	.LASF19:
 1178 00cb 77726974 		.ascii	"write\000"
 1178      6500
 1179              	.LASF24:
 1180 00d1 6765746D 		.ascii	"getmeasurement\000"
 1180      65617375 
 1180      72656D65 
 1180      6E7400
 1181              	.LASF39:
 1182 00e0 49544D5F 		.ascii	"ITM_RxBuffer\000"
 1182      52784275 
 1182      66666572 
 1182      00
 1183              	.LASF29:
 1184 00ed 68656164 		.ascii	"heading\000"
 1184      696E6700 
 1185              	.LASF25:
 1186 00f5 72656769 		.ascii	"registerA\000"
 1186      73746572 
 1186      4100
 1187              	.LASF26:
 1188 00ff 72656769 		.ascii	"registerB\000"
 1188      73746572 
 1188      4200
 1189              	.LASF20:
 1190 0109 77726974 		.ascii	"writestatus\000"
 1190      65737461 
 1190      74757300 
 1191              	.LASF31:
 1192 0115 6D61696E 		.ascii	"main\000"
 1192      00
 1193              	.LASF11:
 1194 011a 75696E74 		.ascii	"uint16\000"
 1194      313600
 1195              	.LASF8:
 1196 0121 756E7369 		.ascii	"unsigned int\000"
 1196      676E6564 
 1196      20696E74 
 1196      00
 1197              	.LASF7:
 1198 012e 6C6F6E67 		.ascii	"long long unsigned int\000"
 1198      206C6F6E 
 1198      6720756E 
 1198      7369676E 
 1198      65642069 
 1199              	.LASF18:
 1200 0145 74686572 		.ascii	"theregister\000"
 1200      65676973 
 1200      74657200 
 1201              	.LASF32:
ARM GAS  C:\Users\Ryan\AppData\Local\Temp\ccc5eNiw.s 			page 25


 1202 0151 72656164 		.ascii	"readingx\000"
 1202      696E6778 
 1202      00
 1203              	.LASF33:
 1204 015a 72656164 		.ascii	"readingy\000"
 1204      696E6779 
 1204      00
 1205              	.LASF34:
 1206 0163 72656164 		.ascii	"readingz\000"
 1206      696E677A 
 1206      00
 1207              	.LASF9:
 1208 016c 696E7433 		.ascii	"int32_t\000"
 1208      325F7400 
 1209              	.LASF16:
 1210 0174 73697A65 		.ascii	"sizetype\000"
 1210      74797065 
 1210      00
 1211              	.LASF6:
 1212 017d 6C6F6E67 		.ascii	"long long int\000"
 1212      206C6F6E 
 1212      6720696E 
 1212      7400
 1213              	.LASF15:
 1214 018b 63686172 		.ascii	"char\000"
 1214      00
 1215              	.LASF2:
 1216 0190 73686F72 		.ascii	"short int\000"
 1216      7420696E 
 1216      7400
 1217              	.LASF10:
 1218 019a 75696E74 		.ascii	"uint8\000"
 1218      3800
 1219              	.LASF36:
 1220 01a0 474E5520 		.ascii	"GNU C 4.7.3 20130312 (release) [ARM/embedded-4_7-br"
 1220      4320342E 
 1220      372E3320 
 1220      32303133 
 1220      30333132 
 1221 01d3 616E6368 		.ascii	"anch revision 196615]\000"
 1221      20726576 
 1221      6973696F 
 1221      6E203139 
 1221      36363135 
 1222              	.LASF30:
 1223 01e9 77726974 		.ascii	"writeregister\000"
 1223      65726567 
 1223      69737465 
 1223      7200
 1224              	.LASF4:
 1225 01f7 6C6F6E67 		.ascii	"long int\000"
 1225      20696E74 
 1225      00
 1226              	.LASF17:
 1227 0200 6C6F6E67 		.ascii	"long double\000"
 1227      20646F75 
 1227      626C6500 
ARM GAS  C:\Users\Ryan\AppData\Local\Temp\ccc5eNiw.s 			page 26


 1228              	.LASF0:
 1229 020c 7369676E 		.ascii	"signed char\000"
 1229      65642063 
 1229      68617200 
 1230              		.ident	"GCC: (GNU Tools for ARM Embedded Processors) 4.7.3 20130312 (release) [ARM/embedded-4_7-br
