ARM GAS  C:\Users\Ryan\AppData\Local\Temp\cc1EvztH.s 			page 1


   1              		.syntax unified
   2              		.cpu cortex-m3
   3              		.fpu softvfp
   4              		.eabi_attribute 20, 1
   5              		.eabi_attribute 21, 1
   6              		.eabi_attribute 23, 3
   7              		.eabi_attribute 24, 1
   8              		.eabi_attribute 25, 1
   9              		.eabi_attribute 26, 1
  10              		.eabi_attribute 30, 6
  11              		.eabi_attribute 34, 1
  12              		.eabi_attribute 18, 4
  13              		.thumb
  14              		.file	"main.c"
  15              		.text
  16              	.Ltext0:
  17              		.cfi_sections	.debug_frame
  18              		.section	.text.main,"ax",%progbits
  19              		.align	2
  20              		.global	main
  21              		.thumb
  22              		.thumb_func
  23              		.type	main, %function
  24              	main:
  25              	.LFB56:
  26              		.file 1 ".\\main.c"
   1:.\main.c      **** /* ========================================
   2:.\main.c      ****  *
   3:.\main.c      ****  * Copyright YOUR COMPANY, THE YEAR
   4:.\main.c      ****  * All Rights Reserved
   5:.\main.c      ****  * UNPUBLISHED, LICENSED SOFTWARE.
   6:.\main.c      ****  *
   7:.\main.c      ****  * CONFIDENTIAL AND PROPRIETARY INFORMATION
   8:.\main.c      ****  * WHICH IS THE PROPERTY OF your company.
   9:.\main.c      ****  *
  10:.\main.c      ****  * ========================================
  11:.\main.c      **** */
  12:.\main.c      **** #include <project.h>
  13:.\main.c      **** 
  14:.\main.c      **** 
  15:.\main.c      **** typedef struct{
  16:.\main.c      ****     float Temp;
  17:.\main.c      ****     float RH;
  18:.\main.c      ****     uint8 valid;
  19:.\main.c      **** } Vaisala;
  20:.\main.c      **** 
  21:.\main.c      **** Vaisala take_Temp_RH_reading();
  22:.\main.c      **** 
  23:.\main.c      **** int main()
  24:.\main.c      **** {
  27              		.loc 1 24 0
  28              		.cfi_startproc
  29              		@ args = 0, pretend = 0, frame = 16
  30              		@ frame_needed = 1, uses_anonymous_args = 0
  31 0000 80B5     		push	{r7, lr}
  32              	.LCFI0:
  33              		.cfi_def_cfa_offset 8
ARM GAS  C:\Users\Ryan\AppData\Local\Temp\cc1EvztH.s 			page 2


  34              		.cfi_offset 7, -8
  35              		.cfi_offset 14, -4
  36 0002 84B0     		sub	sp, sp, #16
  37              	.LCFI1:
  38              		.cfi_def_cfa_offset 24
  39 0004 00AF     		add	r7, sp, #0
  40              	.LCFI2:
  41              		.cfi_def_cfa_register 7
  25:.\main.c      ****     /* Place your initialization/startup code here (e.g. MyInst_Start()) */
  26:.\main.c      ****     ADC_DelSig_Start();
  42              		.loc 1 26 0
  43 0006 FFF7FEFF 		bl	ADC_DelSig_Start
  27:.\main.c      ****     AMux_Start();
  44              		.loc 1 27 0
  45 000a FFF7FEFF 		bl	AMux_Start
  28:.\main.c      ****     
  29:.\main.c      ****     CyGlobalIntEnable; /* Uncomment this line to enable global interrupts. */
  46              		.loc 1 29 0
  47              	@ 29 ".\main.c" 1
  48 000e 62B6     		CPSIE   i
  49              	@ 0 "" 2
  50              		.thumb
  51              	.L2:
  52              	.LBB2:
  30:.\main.c      ****     for(;;)
  31:.\main.c      ****     {
  32:.\main.c      ****         /* Place your application code here. */
  33:.\main.c      ****         Vaisala fake;
  34:.\main.c      ****         fake = take_Temp_RH_reading();
  53              		.loc 1 34 0 discriminator 1
  54 0010 3B46     		mov	r3, r7
  55 0012 1846     		mov	r0, r3
  56 0014 FFF7FEFF 		bl	take_Temp_RH_reading
  35:.\main.c      ****         uint8 x = 0;
  57              		.loc 1 35 0 discriminator 1
  58 0018 4FF00003 		mov	r3, #0
  59 001c FB73     		strb	r3, [r7, #15]
  60              	.LBE2:
  36:.\main.c      ****     }
  61              		.loc 1 36 0 discriminator 1
  62 001e F7E7     		b	.L2
  63              		.cfi_endproc
  64              	.LFE56:
  65              		.size	main, .-main
  66              		.global	__aeabi_ui2f
  67              		.global	__aeabi_fdiv
  68              		.global	__aeabi_fmul
  69              		.global	__aeabi_fsub
  70              		.section	.text.take_Temp_RH_reading,"ax",%progbits
  71              		.align	2
  72              		.global	take_Temp_RH_reading
  73              		.thumb
  74              		.thumb_func
  75              		.type	take_Temp_RH_reading, %function
  76              	take_Temp_RH_reading:
  77              	.LFB57:
  37:.\main.c      **** }
ARM GAS  C:\Users\Ryan\AppData\Local\Temp\cc1EvztH.s 			page 3


  38:.\main.c      **** 
  39:.\main.c      **** Vaisala take_Temp_RH_reading(){
  78              		.loc 1 39 0
  79              		.cfi_startproc
  80              		@ args = 0, pretend = 0, frame = 24
  81              		@ frame_needed = 1, uses_anonymous_args = 0
  82 0000 80B5     		push	{r7, lr}
  83              	.LCFI3:
  84              		.cfi_def_cfa_offset 8
  85              		.cfi_offset 7, -8
  86              		.cfi_offset 14, -4
  87 0002 86B0     		sub	sp, sp, #24
  88              	.LCFI4:
  89              		.cfi_def_cfa_offset 32
  90 0004 00AF     		add	r7, sp, #0
  91              	.LCFI5:
  92              		.cfi_def_cfa_register 7
  93 0006 7860     		str	r0, [r7, #4]
  40:.\main.c      ****     uint16 output;
  41:.\main.c      ****     Vaisala reading;
  42:.\main.c      ****     reading.valid = 0;
  94              		.loc 1 42 0
  95 0008 4FF00003 		mov	r3, #0
  96 000c 3B74     		strb	r3, [r7, #16]
  43:.\main.c      ****     ADC_DelSig_StartConvert();
  97              		.loc 1 43 0
  98 000e FFF7FEFF 		bl	ADC_DelSig_StartConvert
  44:.\main.c      ****     AMux_Select(0u);
  99              		.loc 1 44 0
 100 0012 4FF00000 		mov	r0, #0
 101 0016 FFF7FEFF 		bl	AMux_Select
  45:.\main.c      ****     CyDelay(100u);
 102              		.loc 1 45 0
 103 001a 4FF06400 		mov	r0, #100
 104 001e FFF7FEFF 		bl	CyDelay
  46:.\main.c      ****     
  47:.\main.c      ****     uint8 i;
  48:.\main.c      ****     for(i = 0; i < 100; i++)
 105              		.loc 1 48 0
 106 0022 4FF00003 		mov	r3, #0
 107 0026 FB75     		strb	r3, [r7, #23]
 108 0028 28E0     		b	.L4
 109              	.L7:
  49:.\main.c      ****     {
  50:.\main.c      ****         if(ADC_DelSig_IsEndConversion(ADC_DelSig_WAIT_FOR_RESULT))
 110              		.loc 1 50 0
 111 002a 4FF00000 		mov	r0, #0
 112 002e FFF7FEFF 		bl	ADC_DelSig_IsEndConversion
 113 0032 0346     		mov	r3, r0
 114 0034 002B     		cmp	r3, #0
 115 0036 19D0     		beq	.L5
  51:.\main.c      ****         {
  52:.\main.c      ****             output = ADC_DelSig_CountsTo_mVolts(ADC_DelSig_GetResult16());
 116              		.loc 1 52 0
 117 0038 FFF7FEFF 		bl	ADC_DelSig_GetResult16
 118 003c 0346     		mov	r3, r0
 119 003e 1846     		mov	r0, r3
ARM GAS  C:\Users\Ryan\AppData\Local\Temp\cc1EvztH.s 			page 4


 120 0040 FFF7FEFF 		bl	ADC_DelSig_CountsTo_mVolts
 121 0044 0346     		mov	r3, r0
 122 0046 BB82     		strh	r3, [r7, #20]	@ movhi
  53:.\main.c      ****             reading.RH = ((float)output)/50;
 123              		.loc 1 53 0
 124 0048 BB8A     		ldrh	r3, [r7, #20]
 125 004a 1846     		mov	r0, r3
 126 004c FFF7FEFF 		bl	__aeabi_ui2f
 127 0050 0346     		mov	r3, r0
 128 0052 1846     		mov	r0, r3
 129 0054 4FF00001 		mov	r1, #0
 130 0058 C4F24821 		movt	r1, 16968
 131 005c FFF7FEFF 		bl	__aeabi_fdiv
 132 0060 0346     		mov	r3, r0
 133 0062 FB60     		str	r3, [r7, #12]	@ float
  54:.\main.c      ****             reading.valid = 1;
 134              		.loc 1 54 0
 135 0064 4FF00103 		mov	r3, #1
 136 0068 3B74     		strb	r3, [r7, #16]
  55:.\main.c      ****             break;
 137              		.loc 1 55 0
 138 006a 0AE0     		b	.L6
 139              	.L5:
  56:.\main.c      ****         }
  57:.\main.c      ****         CyDelay(5u);
 140              		.loc 1 57 0
 141 006c 4FF00500 		mov	r0, #5
 142 0070 FFF7FEFF 		bl	CyDelay
  48:.\main.c      ****     for(i = 0; i < 100; i++)
 143              		.loc 1 48 0
 144 0074 FB7D     		ldrb	r3, [r7, #23]
 145 0076 03F10103 		add	r3, r3, #1
 146 007a FB75     		strb	r3, [r7, #23]
 147              	.L4:
  48:.\main.c      ****     for(i = 0; i < 100; i++)
 148              		.loc 1 48 0 is_stmt 0 discriminator 1
 149 007c FB7D     		ldrb	r3, [r7, #23]	@ zero_extendqisi2
 150 007e 632B     		cmp	r3, #99
 151 0080 D3D9     		bls	.L7
 152              	.L6:
  58:.\main.c      ****     }
  59:.\main.c      ****     AMux_Select(1);
 153              		.loc 1 59 0 is_stmt 1
 154 0082 4FF00100 		mov	r0, #1
 155 0086 FFF7FEFF 		bl	AMux_Select
  60:.\main.c      ****     CyDelay(100u);
 156              		.loc 1 60 0
 157 008a 4FF06400 		mov	r0, #100
 158 008e FFF7FEFF 		bl	CyDelay
  61:.\main.c      ****     for(i = 0; i < 100; i++)
 159              		.loc 1 61 0
 160 0092 4FF00003 		mov	r3, #0
 161 0096 FB75     		strb	r3, [r7, #23]
 162 0098 3AE0     		b	.L8
 163              	.L11:
  62:.\main.c      ****     {
  63:.\main.c      ****         if(ADC_DelSig_IsEndConversion(ADC_DelSig_WAIT_FOR_RESULT))
ARM GAS  C:\Users\Ryan\AppData\Local\Temp\cc1EvztH.s 			page 5


 164              		.loc 1 63 0
 165 009a 4FF00000 		mov	r0, #0
 166 009e FFF7FEFF 		bl	ADC_DelSig_IsEndConversion
 167 00a2 0346     		mov	r3, r0
 168 00a4 002B     		cmp	r3, #0
 169 00a6 2BD0     		beq	.L9
  64:.\main.c      ****         {
  65:.\main.c      ****             output = ADC_DelSig_CountsTo_mVolts(ADC_DelSig_GetResult16());
 170              		.loc 1 65 0
 171 00a8 FFF7FEFF 		bl	ADC_DelSig_GetResult16
 172 00ac 0346     		mov	r3, r0
 173 00ae 1846     		mov	r0, r3
 174 00b0 FFF7FEFF 		bl	ADC_DelSig_CountsTo_mVolts
 175 00b4 0346     		mov	r3, r0
 176 00b6 BB82     		strh	r3, [r7, #20]	@ movhi
  66:.\main.c      ****             reading.Temp = ((float)output)*120/5000-40;
 177              		.loc 1 66 0
 178 00b8 BB8A     		ldrh	r3, [r7, #20]
 179 00ba 1846     		mov	r0, r3
 180 00bc FFF7FEFF 		bl	__aeabi_ui2f
 181 00c0 0346     		mov	r3, r0
 182 00c2 1846     		mov	r0, r3
 183 00c4 4FF00001 		mov	r1, #0
 184 00c8 C4F2F021 		movt	r1, 17136
 185 00cc FFF7FEFF 		bl	__aeabi_fmul
 186 00d0 0346     		mov	r3, r0
 187 00d2 1846     		mov	r0, r3
 188 00d4 4FF48041 		mov	r1, #16384
 189 00d8 C4F29C51 		movt	r1, 17820
 190 00dc FFF7FEFF 		bl	__aeabi_fdiv
 191 00e0 0346     		mov	r3, r0
 192 00e2 1846     		mov	r0, r3
 193 00e4 4FF00001 		mov	r1, #0
 194 00e8 C4F22021 		movt	r1, 16928
 195 00ec FFF7FEFF 		bl	__aeabi_fsub
 196 00f0 0346     		mov	r3, r0
 197 00f2 BB60     		str	r3, [r7, #8]	@ float
  67:.\main.c      ****             reading.valid = 1 & reading.valid;
 198              		.loc 1 67 0
 199 00f4 3B7C     		ldrb	r3, [r7, #16]	@ zero_extendqisi2
 200 00f6 03F00103 		and	r3, r3, #1
 201 00fa DBB2     		uxtb	r3, r3
 202 00fc 3B74     		strb	r3, [r7, #16]
  68:.\main.c      ****             break;
 203              		.loc 1 68 0
 204 00fe 0AE0     		b	.L10
 205              	.L9:
  69:.\main.c      ****         }
  70:.\main.c      ****         CyDelay(5u);
 206              		.loc 1 70 0
 207 0100 4FF00500 		mov	r0, #5
 208 0104 FFF7FEFF 		bl	CyDelay
  61:.\main.c      ****     for(i = 0; i < 100; i++)
 209              		.loc 1 61 0
 210 0108 FB7D     		ldrb	r3, [r7, #23]
 211 010a 03F10103 		add	r3, r3, #1
 212 010e FB75     		strb	r3, [r7, #23]
ARM GAS  C:\Users\Ryan\AppData\Local\Temp\cc1EvztH.s 			page 6


 213              	.L8:
  61:.\main.c      ****     for(i = 0; i < 100; i++)
 214              		.loc 1 61 0 is_stmt 0 discriminator 1
 215 0110 FB7D     		ldrb	r3, [r7, #23]	@ zero_extendqisi2
 216 0112 632B     		cmp	r3, #99
 217 0114 C1D9     		bls	.L11
 218              	.L10:
  71:.\main.c      ****     }
  72:.\main.c      ****     return reading;
 219              		.loc 1 72 0 is_stmt 1
 220 0116 7B68     		ldr	r3, [r7, #4]
 221 0118 07F10802 		add	r2, r7, #8
 222 011c 07CA     		ldmia	r2, {r0, r1, r2}
 223 011e 83E80700 		stmia	r3, {r0, r1, r2}
  73:.\main.c      **** }
 224              		.loc 1 73 0
 225 0122 7868     		ldr	r0, [r7, #4]
 226 0124 07F11807 		add	r7, r7, #24
 227 0128 BD46     		mov	sp, r7
 228 012a 80BD     		pop	{r7, pc}
 229              		.cfi_endproc
 230              	.LFE57:
 231              		.size	take_Temp_RH_reading, .-take_Temp_RH_reading
 232              		.text
 233              	.Letext0:
 234              		.file 2 "c:\\program files (x86)\\cypress\\psoc creator\\3.0\\psoc creator\\import\\gnu_cs\\arm\\4
 235              		.file 3 "./Generated_Source/PSoC5/cytypes.h"
 236              		.file 4 "./Generated_Source/PSoC5/core_cm3.h"
 237              		.section	.debug_info,"",%progbits
 238              	.Ldebug_info0:
 239 0000 81010000 		.4byte	0x181
 240 0004 0200     		.2byte	0x2
 241 0006 00000000 		.4byte	.Ldebug_abbrev0
 242 000a 04       		.byte	0x4
 243 000b 01       		.uleb128 0x1
 244 000c 1B010000 		.4byte	.LASF24
 245 0010 01       		.byte	0x1
 246 0011 69000000 		.4byte	.LASF25
 247 0015 00000000 		.4byte	.LASF26
 248 0019 00000000 		.4byte	.Ldebug_ranges0+0
 249 001d 00000000 		.4byte	0
 250 0021 00000000 		.4byte	0
 251 0025 00000000 		.4byte	.Ldebug_line0
 252 0029 02       		.uleb128 0x2
 253 002a 01       		.byte	0x1
 254 002b 06       		.byte	0x6
 255 002c 82010000 		.4byte	.LASF0
 256 0030 02       		.uleb128 0x2
 257 0031 01       		.byte	0x1
 258 0032 08       		.byte	0x8
 259 0033 5B000000 		.4byte	.LASF1
 260 0037 02       		.uleb128 0x2
 261 0038 02       		.byte	0x2
 262 0039 05       		.byte	0x5
 263 003a 02010000 		.4byte	.LASF2
 264 003e 02       		.uleb128 0x2
 265 003f 02       		.byte	0x2
ARM GAS  C:\Users\Ryan\AppData\Local\Temp\cc1EvztH.s 			page 7


 266 0040 07       		.byte	0x7
 267 0041 84000000 		.4byte	.LASF3
 268 0045 03       		.uleb128 0x3
 269 0046 3F000000 		.4byte	.LASF9
 270 004a 02       		.byte	0x2
 271 004b 4F       		.byte	0x4f
 272 004c 50000000 		.4byte	0x50
 273 0050 02       		.uleb128 0x2
 274 0051 04       		.byte	0x4
 275 0052 05       		.byte	0x5
 276 0053 64010000 		.4byte	.LASF4
 277 0057 02       		.uleb128 0x2
 278 0058 04       		.byte	0x4
 279 0059 07       		.byte	0x7
 280 005a 72000000 		.4byte	.LASF5
 281 005e 02       		.uleb128 0x2
 282 005f 08       		.byte	0x8
 283 0060 05       		.byte	0x5
 284 0061 E9000000 		.4byte	.LASF6
 285 0065 02       		.uleb128 0x2
 286 0066 08       		.byte	0x8
 287 0067 07       		.byte	0x7
 288 0068 C4000000 		.4byte	.LASF7
 289 006c 04       		.uleb128 0x4
 290 006d 04       		.byte	0x4
 291 006e 05       		.byte	0x5
 292 006f 696E7400 		.ascii	"int\000"
 293 0073 02       		.uleb128 0x2
 294 0074 04       		.byte	0x4
 295 0075 07       		.byte	0x7
 296 0076 B7000000 		.4byte	.LASF8
 297 007a 03       		.uleb128 0x3
 298 007b 55000000 		.4byte	.LASF10
 299 007f 03       		.byte	0x3
 300 0080 5B       		.byte	0x5b
 301 0081 30000000 		.4byte	0x30
 302 0085 03       		.uleb128 0x3
 303 0086 B0000000 		.4byte	.LASF11
 304 008a 03       		.byte	0x3
 305 008b 5C       		.byte	0x5c
 306 008c 3E000000 		.4byte	0x3e
 307 0090 02       		.uleb128 0x2
 308 0091 04       		.byte	0x4
 309 0092 04       		.byte	0x4
 310 0093 4F000000 		.4byte	.LASF12
 311 0097 02       		.uleb128 0x2
 312 0098 08       		.byte	0x8
 313 0099 04       		.byte	0x4
 314 009a A4000000 		.4byte	.LASF13
 315 009e 02       		.uleb128 0x2
 316 009f 01       		.byte	0x1
 317 00a0 08       		.byte	0x8
 318 00a1 F7000000 		.4byte	.LASF14
 319 00a5 02       		.uleb128 0x2
 320 00a6 04       		.byte	0x4
 321 00a7 07       		.byte	0x7
 322 00a8 E0000000 		.4byte	.LASF15
ARM GAS  C:\Users\Ryan\AppData\Local\Temp\cc1EvztH.s 			page 8


 323 00ac 05       		.uleb128 0x5
 324 00ad 0C       		.byte	0xc
 325 00ae 01       		.byte	0x1
 326 00af 0F       		.byte	0xf
 327 00b0 DE000000 		.4byte	0xde
 328 00b4 06       		.uleb128 0x6
 329 00b5 DB000000 		.4byte	.LASF16
 330 00b9 01       		.byte	0x1
 331 00ba 10       		.byte	0x10
 332 00bb 90000000 		.4byte	0x90
 333 00bf 02       		.byte	0x2
 334 00c0 23       		.byte	0x23
 335 00c1 00       		.uleb128 0
 336 00c2 07       		.uleb128 0x7
 337 00c3 524800   		.ascii	"RH\000"
 338 00c6 01       		.byte	0x1
 339 00c7 11       		.byte	0x11
 340 00c8 90000000 		.4byte	0x90
 341 00cc 02       		.byte	0x2
 342 00cd 23       		.byte	0x23
 343 00ce 04       		.uleb128 0x4
 344 00cf 06       		.uleb128 0x6
 345 00d0 FC000000 		.4byte	.LASF17
 346 00d4 01       		.byte	0x1
 347 00d5 12       		.byte	0x12
 348 00d6 7A000000 		.4byte	0x7a
 349 00da 02       		.byte	0x2
 350 00db 23       		.byte	0x23
 351 00dc 08       		.uleb128 0x8
 352 00dd 00       		.byte	0
 353 00de 03       		.uleb128 0x3
 354 00df 13010000 		.4byte	.LASF18
 355 00e3 01       		.byte	0x1
 356 00e4 13       		.byte	0x13
 357 00e5 AC000000 		.4byte	0xac
 358 00e9 08       		.uleb128 0x8
 359 00ea 01       		.byte	0x1
 360 00eb AB000000 		.4byte	.LASF20
 361 00ef 01       		.byte	0x1
 362 00f0 17       		.byte	0x17
 363 00f1 6C000000 		.4byte	0x6c
 364 00f5 00000000 		.4byte	.LFB56
 365 00f9 20000000 		.4byte	.LFE56
 366 00fd 00000000 		.4byte	.LLST0
 367 0101 01       		.byte	0x1
 368 0102 2B010000 		.4byte	0x12b
 369 0106 09       		.uleb128 0x9
 370 0107 10000000 		.4byte	.LBB2
 371 010b 1E000000 		.4byte	.LBE2
 372 010f 0A       		.uleb128 0xa
 373 0110 8E010000 		.4byte	.LASF19
 374 0114 01       		.byte	0x1
 375 0115 21       		.byte	0x21
 376 0116 DE000000 		.4byte	0xde
 377 011a 02       		.byte	0x2
 378 011b 91       		.byte	0x91
 379 011c 68       		.sleb128 -24
ARM GAS  C:\Users\Ryan\AppData\Local\Temp\cc1EvztH.s 			page 9


 380 011d 0B       		.uleb128 0xb
 381 011e 7800     		.ascii	"x\000"
 382 0120 01       		.byte	0x1
 383 0121 23       		.byte	0x23
 384 0122 7A000000 		.4byte	0x7a
 385 0126 02       		.byte	0x2
 386 0127 91       		.byte	0x91
 387 0128 77       		.sleb128 -9
 388 0129 00       		.byte	0
 389 012a 00       		.byte	0
 390 012b 08       		.uleb128 0x8
 391 012c 01       		.byte	0x1
 392 012d 6D010000 		.4byte	.LASF21
 393 0131 01       		.byte	0x1
 394 0132 27       		.byte	0x27
 395 0133 DE000000 		.4byte	0xde
 396 0137 00000000 		.4byte	.LFB57
 397 013b 2C010000 		.4byte	.LFE57
 398 013f 38000000 		.4byte	.LLST1
 399 0143 01       		.byte	0x1
 400 0144 71010000 		.4byte	0x171
 401 0148 0A       		.uleb128 0xa
 402 0149 0C010000 		.4byte	.LASF22
 403 014d 01       		.byte	0x1
 404 014e 28       		.byte	0x28
 405 014f 85000000 		.4byte	0x85
 406 0153 02       		.byte	0x2
 407 0154 91       		.byte	0x91
 408 0155 74       		.sleb128 -12
 409 0156 0A       		.uleb128 0xa
 410 0157 47000000 		.4byte	.LASF23
 411 015b 01       		.byte	0x1
 412 015c 29       		.byte	0x29
 413 015d DE000000 		.4byte	0xde
 414 0161 02       		.byte	0x2
 415 0162 91       		.byte	0x91
 416 0163 68       		.sleb128 -24
 417 0164 0B       		.uleb128 0xb
 418 0165 6900     		.ascii	"i\000"
 419 0167 01       		.byte	0x1
 420 0168 2F       		.byte	0x2f
 421 0169 7A000000 		.4byte	0x7a
 422 016d 02       		.byte	0x2
 423 016e 91       		.byte	0x91
 424 016f 77       		.sleb128 -9
 425 0170 00       		.byte	0
 426 0171 0C       		.uleb128 0xc
 427 0172 97000000 		.4byte	.LASF27
 428 0176 04       		.byte	0x4
 429 0177 1606     		.2byte	0x616
 430 0179 7F010000 		.4byte	0x17f
 431 017d 01       		.byte	0x1
 432 017e 01       		.byte	0x1
 433 017f 0D       		.uleb128 0xd
 434 0180 45000000 		.4byte	0x45
 435 0184 00       		.byte	0
 436              		.section	.debug_abbrev,"",%progbits
ARM GAS  C:\Users\Ryan\AppData\Local\Temp\cc1EvztH.s 			page 10


 437              	.Ldebug_abbrev0:
 438 0000 01       		.uleb128 0x1
 439 0001 11       		.uleb128 0x11
 440 0002 01       		.byte	0x1
 441 0003 25       		.uleb128 0x25
 442 0004 0E       		.uleb128 0xe
 443 0005 13       		.uleb128 0x13
 444 0006 0B       		.uleb128 0xb
 445 0007 03       		.uleb128 0x3
 446 0008 0E       		.uleb128 0xe
 447 0009 1B       		.uleb128 0x1b
 448 000a 0E       		.uleb128 0xe
 449 000b 55       		.uleb128 0x55
 450 000c 06       		.uleb128 0x6
 451 000d 11       		.uleb128 0x11
 452 000e 01       		.uleb128 0x1
 453 000f 52       		.uleb128 0x52
 454 0010 01       		.uleb128 0x1
 455 0011 10       		.uleb128 0x10
 456 0012 06       		.uleb128 0x6
 457 0013 00       		.byte	0
 458 0014 00       		.byte	0
 459 0015 02       		.uleb128 0x2
 460 0016 24       		.uleb128 0x24
 461 0017 00       		.byte	0
 462 0018 0B       		.uleb128 0xb
 463 0019 0B       		.uleb128 0xb
 464 001a 3E       		.uleb128 0x3e
 465 001b 0B       		.uleb128 0xb
 466 001c 03       		.uleb128 0x3
 467 001d 0E       		.uleb128 0xe
 468 001e 00       		.byte	0
 469 001f 00       		.byte	0
 470 0020 03       		.uleb128 0x3
 471 0021 16       		.uleb128 0x16
 472 0022 00       		.byte	0
 473 0023 03       		.uleb128 0x3
 474 0024 0E       		.uleb128 0xe
 475 0025 3A       		.uleb128 0x3a
 476 0026 0B       		.uleb128 0xb
 477 0027 3B       		.uleb128 0x3b
 478 0028 0B       		.uleb128 0xb
 479 0029 49       		.uleb128 0x49
 480 002a 13       		.uleb128 0x13
 481 002b 00       		.byte	0
 482 002c 00       		.byte	0
 483 002d 04       		.uleb128 0x4
 484 002e 24       		.uleb128 0x24
 485 002f 00       		.byte	0
 486 0030 0B       		.uleb128 0xb
 487 0031 0B       		.uleb128 0xb
 488 0032 3E       		.uleb128 0x3e
 489 0033 0B       		.uleb128 0xb
 490 0034 03       		.uleb128 0x3
 491 0035 08       		.uleb128 0x8
 492 0036 00       		.byte	0
 493 0037 00       		.byte	0
ARM GAS  C:\Users\Ryan\AppData\Local\Temp\cc1EvztH.s 			page 11


 494 0038 05       		.uleb128 0x5
 495 0039 13       		.uleb128 0x13
 496 003a 01       		.byte	0x1
 497 003b 0B       		.uleb128 0xb
 498 003c 0B       		.uleb128 0xb
 499 003d 3A       		.uleb128 0x3a
 500 003e 0B       		.uleb128 0xb
 501 003f 3B       		.uleb128 0x3b
 502 0040 0B       		.uleb128 0xb
 503 0041 01       		.uleb128 0x1
 504 0042 13       		.uleb128 0x13
 505 0043 00       		.byte	0
 506 0044 00       		.byte	0
 507 0045 06       		.uleb128 0x6
 508 0046 0D       		.uleb128 0xd
 509 0047 00       		.byte	0
 510 0048 03       		.uleb128 0x3
 511 0049 0E       		.uleb128 0xe
 512 004a 3A       		.uleb128 0x3a
 513 004b 0B       		.uleb128 0xb
 514 004c 3B       		.uleb128 0x3b
 515 004d 0B       		.uleb128 0xb
 516 004e 49       		.uleb128 0x49
 517 004f 13       		.uleb128 0x13
 518 0050 38       		.uleb128 0x38
 519 0051 0A       		.uleb128 0xa
 520 0052 00       		.byte	0
 521 0053 00       		.byte	0
 522 0054 07       		.uleb128 0x7
 523 0055 0D       		.uleb128 0xd
 524 0056 00       		.byte	0
 525 0057 03       		.uleb128 0x3
 526 0058 08       		.uleb128 0x8
 527 0059 3A       		.uleb128 0x3a
 528 005a 0B       		.uleb128 0xb
 529 005b 3B       		.uleb128 0x3b
 530 005c 0B       		.uleb128 0xb
 531 005d 49       		.uleb128 0x49
 532 005e 13       		.uleb128 0x13
 533 005f 38       		.uleb128 0x38
 534 0060 0A       		.uleb128 0xa
 535 0061 00       		.byte	0
 536 0062 00       		.byte	0
 537 0063 08       		.uleb128 0x8
 538 0064 2E       		.uleb128 0x2e
 539 0065 01       		.byte	0x1
 540 0066 3F       		.uleb128 0x3f
 541 0067 0C       		.uleb128 0xc
 542 0068 03       		.uleb128 0x3
 543 0069 0E       		.uleb128 0xe
 544 006a 3A       		.uleb128 0x3a
 545 006b 0B       		.uleb128 0xb
 546 006c 3B       		.uleb128 0x3b
 547 006d 0B       		.uleb128 0xb
 548 006e 49       		.uleb128 0x49
 549 006f 13       		.uleb128 0x13
 550 0070 11       		.uleb128 0x11
ARM GAS  C:\Users\Ryan\AppData\Local\Temp\cc1EvztH.s 			page 12


 551 0071 01       		.uleb128 0x1
 552 0072 12       		.uleb128 0x12
 553 0073 01       		.uleb128 0x1
 554 0074 40       		.uleb128 0x40
 555 0075 06       		.uleb128 0x6
 556 0076 9642     		.uleb128 0x2116
 557 0078 0C       		.uleb128 0xc
 558 0079 01       		.uleb128 0x1
 559 007a 13       		.uleb128 0x13
 560 007b 00       		.byte	0
 561 007c 00       		.byte	0
 562 007d 09       		.uleb128 0x9
 563 007e 0B       		.uleb128 0xb
 564 007f 01       		.byte	0x1
 565 0080 11       		.uleb128 0x11
 566 0081 01       		.uleb128 0x1
 567 0082 12       		.uleb128 0x12
 568 0083 01       		.uleb128 0x1
 569 0084 00       		.byte	0
 570 0085 00       		.byte	0
 571 0086 0A       		.uleb128 0xa
 572 0087 34       		.uleb128 0x34
 573 0088 00       		.byte	0
 574 0089 03       		.uleb128 0x3
 575 008a 0E       		.uleb128 0xe
 576 008b 3A       		.uleb128 0x3a
 577 008c 0B       		.uleb128 0xb
 578 008d 3B       		.uleb128 0x3b
 579 008e 0B       		.uleb128 0xb
 580 008f 49       		.uleb128 0x49
 581 0090 13       		.uleb128 0x13
 582 0091 02       		.uleb128 0x2
 583 0092 0A       		.uleb128 0xa
 584 0093 00       		.byte	0
 585 0094 00       		.byte	0
 586 0095 0B       		.uleb128 0xb
 587 0096 34       		.uleb128 0x34
 588 0097 00       		.byte	0
 589 0098 03       		.uleb128 0x3
 590 0099 08       		.uleb128 0x8
 591 009a 3A       		.uleb128 0x3a
 592 009b 0B       		.uleb128 0xb
 593 009c 3B       		.uleb128 0x3b
 594 009d 0B       		.uleb128 0xb
 595 009e 49       		.uleb128 0x49
 596 009f 13       		.uleb128 0x13
 597 00a0 02       		.uleb128 0x2
 598 00a1 0A       		.uleb128 0xa
 599 00a2 00       		.byte	0
 600 00a3 00       		.byte	0
 601 00a4 0C       		.uleb128 0xc
 602 00a5 34       		.uleb128 0x34
 603 00a6 00       		.byte	0
 604 00a7 03       		.uleb128 0x3
 605 00a8 0E       		.uleb128 0xe
 606 00a9 3A       		.uleb128 0x3a
 607 00aa 0B       		.uleb128 0xb
ARM GAS  C:\Users\Ryan\AppData\Local\Temp\cc1EvztH.s 			page 13


 608 00ab 3B       		.uleb128 0x3b
 609 00ac 05       		.uleb128 0x5
 610 00ad 49       		.uleb128 0x49
 611 00ae 13       		.uleb128 0x13
 612 00af 3F       		.uleb128 0x3f
 613 00b0 0C       		.uleb128 0xc
 614 00b1 3C       		.uleb128 0x3c
 615 00b2 0C       		.uleb128 0xc
 616 00b3 00       		.byte	0
 617 00b4 00       		.byte	0
 618 00b5 0D       		.uleb128 0xd
 619 00b6 35       		.uleb128 0x35
 620 00b7 00       		.byte	0
 621 00b8 49       		.uleb128 0x49
 622 00b9 13       		.uleb128 0x13
 623 00ba 00       		.byte	0
 624 00bb 00       		.byte	0
 625 00bc 00       		.byte	0
 626              		.section	.debug_loc,"",%progbits
 627              	.Ldebug_loc0:
 628              	.LLST0:
 629 0000 00000000 		.4byte	.LFB56
 630 0004 02000000 		.4byte	.LCFI0
 631 0008 0200     		.2byte	0x2
 632 000a 7D       		.byte	0x7d
 633 000b 00       		.sleb128 0
 634 000c 02000000 		.4byte	.LCFI0
 635 0010 04000000 		.4byte	.LCFI1
 636 0014 0200     		.2byte	0x2
 637 0016 7D       		.byte	0x7d
 638 0017 08       		.sleb128 8
 639 0018 04000000 		.4byte	.LCFI1
 640 001c 06000000 		.4byte	.LCFI2
 641 0020 0200     		.2byte	0x2
 642 0022 7D       		.byte	0x7d
 643 0023 18       		.sleb128 24
 644 0024 06000000 		.4byte	.LCFI2
 645 0028 20000000 		.4byte	.LFE56
 646 002c 0200     		.2byte	0x2
 647 002e 77       		.byte	0x77
 648 002f 18       		.sleb128 24
 649 0030 00000000 		.4byte	0
 650 0034 00000000 		.4byte	0
 651              	.LLST1:
 652 0038 00000000 		.4byte	.LFB57
 653 003c 02000000 		.4byte	.LCFI3
 654 0040 0200     		.2byte	0x2
 655 0042 7D       		.byte	0x7d
 656 0043 00       		.sleb128 0
 657 0044 02000000 		.4byte	.LCFI3
 658 0048 04000000 		.4byte	.LCFI4
 659 004c 0200     		.2byte	0x2
 660 004e 7D       		.byte	0x7d
 661 004f 08       		.sleb128 8
 662 0050 04000000 		.4byte	.LCFI4
 663 0054 06000000 		.4byte	.LCFI5
 664 0058 0200     		.2byte	0x2
ARM GAS  C:\Users\Ryan\AppData\Local\Temp\cc1EvztH.s 			page 14


 665 005a 7D       		.byte	0x7d
 666 005b 20       		.sleb128 32
 667 005c 06000000 		.4byte	.LCFI5
 668 0060 2C010000 		.4byte	.LFE57
 669 0064 0200     		.2byte	0x2
 670 0066 77       		.byte	0x77
 671 0067 20       		.sleb128 32
 672 0068 00000000 		.4byte	0
 673 006c 00000000 		.4byte	0
 674              		.section	.debug_aranges,"",%progbits
 675 0000 24000000 		.4byte	0x24
 676 0004 0200     		.2byte	0x2
 677 0006 00000000 		.4byte	.Ldebug_info0
 678 000a 04       		.byte	0x4
 679 000b 00       		.byte	0
 680 000c 0000     		.2byte	0
 681 000e 0000     		.2byte	0
 682 0010 00000000 		.4byte	.LFB56
 683 0014 20000000 		.4byte	.LFE56-.LFB56
 684 0018 00000000 		.4byte	.LFB57
 685 001c 2C010000 		.4byte	.LFE57-.LFB57
 686 0020 00000000 		.4byte	0
 687 0024 00000000 		.4byte	0
 688              		.section	.debug_ranges,"",%progbits
 689              	.Ldebug_ranges0:
 690 0000 00000000 		.4byte	.LFB56
 691 0004 20000000 		.4byte	.LFE56
 692 0008 00000000 		.4byte	.LFB57
 693 000c 2C010000 		.4byte	.LFE57
 694 0010 00000000 		.4byte	0
 695 0014 00000000 		.4byte	0
 696              		.section	.debug_line,"",%progbits
 697              	.Ldebug_line0:
 698 0000 5E010000 		.section	.debug_str,"MS",%progbits,1
 698      0200F900 
 698      00000201 
 698      FB0E0D00 
 698      01010101 
 699              	.LASF26:
 700 0000 433A5C55 		.ascii	"C:\\Users\\Ryan\\Documents\\summer2014\\SensorRead\\"
 700      73657273 
 700      5C527961 
 700      6E5C446F 
 700      63756D65 
 701 002e 53656E73 		.ascii	"SensorRead.cydsn\000"
 701      6F725265 
 701      61642E63 
 701      7964736E 
 701      00
 702              	.LASF9:
 703 003f 696E7433 		.ascii	"int32_t\000"
 703      325F7400 
 704              	.LASF23:
 705 0047 72656164 		.ascii	"reading\000"
 705      696E6700 
 706              	.LASF12:
 707 004f 666C6F61 		.ascii	"float\000"
ARM GAS  C:\Users\Ryan\AppData\Local\Temp\cc1EvztH.s 			page 15


 707      7400
 708              	.LASF10:
 709 0055 75696E74 		.ascii	"uint8\000"
 709      3800
 710              	.LASF1:
 711 005b 756E7369 		.ascii	"unsigned char\000"
 711      676E6564 
 711      20636861 
 711      7200
 712              	.LASF25:
 713 0069 2E5C6D61 		.ascii	".\\main.c\000"
 713      696E2E63 
 713      00
 714              	.LASF5:
 715 0072 6C6F6E67 		.ascii	"long unsigned int\000"
 715      20756E73 
 715      69676E65 
 715      6420696E 
 715      7400
 716              	.LASF3:
 717 0084 73686F72 		.ascii	"short unsigned int\000"
 717      7420756E 
 717      7369676E 
 717      65642069 
 717      6E7400
 718              	.LASF27:
 719 0097 49544D5F 		.ascii	"ITM_RxBuffer\000"
 719      52784275 
 719      66666572 
 719      00
 720              	.LASF13:
 721 00a4 646F7562 		.ascii	"double\000"
 721      6C6500
 722              	.LASF20:
 723 00ab 6D61696E 		.ascii	"main\000"
 723      00
 724              	.LASF11:
 725 00b0 75696E74 		.ascii	"uint16\000"
 725      313600
 726              	.LASF8:
 727 00b7 756E7369 		.ascii	"unsigned int\000"
 727      676E6564 
 727      20696E74 
 727      00
 728              	.LASF7:
 729 00c4 6C6F6E67 		.ascii	"long long unsigned int\000"
 729      206C6F6E 
 729      6720756E 
 729      7369676E 
 729      65642069 
 730              	.LASF16:
 731 00db 54656D70 		.ascii	"Temp\000"
 731      00
 732              	.LASF15:
 733 00e0 73697A65 		.ascii	"sizetype\000"
 733      74797065 
 733      00
ARM GAS  C:\Users\Ryan\AppData\Local\Temp\cc1EvztH.s 			page 16


 734              	.LASF6:
 735 00e9 6C6F6E67 		.ascii	"long long int\000"
 735      206C6F6E 
 735      6720696E 
 735      7400
 736              	.LASF14:
 737 00f7 63686172 		.ascii	"char\000"
 737      00
 738              	.LASF17:
 739 00fc 76616C69 		.ascii	"valid\000"
 739      6400
 740              	.LASF2:
 741 0102 73686F72 		.ascii	"short int\000"
 741      7420696E 
 741      7400
 742              	.LASF22:
 743 010c 6F757470 		.ascii	"output\000"
 743      757400
 744              	.LASF18:
 745 0113 56616973 		.ascii	"Vaisala\000"
 745      616C6100 
 746              	.LASF24:
 747 011b 474E5520 		.ascii	"GNU C 4.7.3 20130312 (release) [ARM/embedded-4_7-br"
 747      4320342E 
 747      372E3320 
 747      32303133 
 747      30333132 
 748 014e 616E6368 		.ascii	"anch revision 196615]\000"
 748      20726576 
 748      6973696F 
 748      6E203139 
 748      36363135 
 749              	.LASF4:
 750 0164 6C6F6E67 		.ascii	"long int\000"
 750      20696E74 
 750      00
 751              	.LASF21:
 752 016d 74616B65 		.ascii	"take_Temp_RH_reading\000"
 752      5F54656D 
 752      705F5248 
 752      5F726561 
 752      64696E67 
 753              	.LASF0:
 754 0182 7369676E 		.ascii	"signed char\000"
 754      65642063 
 754      68617200 
 755              	.LASF19:
 756 018e 66616B65 		.ascii	"fake\000"
 756      00
 757              		.ident	"GCC: (GNU Tools for ARM Embedded Processors) 4.7.3 20130312 (release) [ARM/embedded-4_7-br
