ARM GAS  C:\Users\Kevin\AppData\Local\Temp\cc4ZHXFv.s 			page 1


   1              		.syntax unified
   2              		.cpu cortex-m3
   3              		.fpu softvfp
   4              		.eabi_attribute 20, 1
   5              		.eabi_attribute 21, 1
   6              		.eabi_attribute 23, 3
   7              		.eabi_attribute 24, 1
   8              		.eabi_attribute 25, 1
   9              		.eabi_attribute 26, 1
  10              		.eabi_attribute 30, 6
  11              		.eabi_attribute 34, 1
  12              		.eabi_attribute 18, 4
  13              		.thumb
  14              		.file	"cymetadata.c"
  15              		.text
  16              	.Ltext0:
  17              		.cfi_sections	.debug_frame
  18              		.global	cy_meta_configecc
  19              		.section	.cyconfigecc,"a",%progbits
  20              		.align	2
  21              		.type	cy_meta_configecc, %object
  22              		.size	cy_meta_configecc, 952
  23              	cy_meta_configecc:
  24 0000 03       		.byte	3
  25 0001 52       		.byte	82
  26 0002 00       		.byte	0
  27 0003 40       		.byte	64
  28 0004 01       		.byte	1
  29 0005 64       		.byte	100
  30 0006 00       		.byte	0
  31 0007 40       		.byte	64
  32 0008 02       		.byte	2
  33 0009 65       		.byte	101
  34 000a 00       		.byte	0
  35 000b 40       		.byte	64
  36 000c 59       		.byte	89
  37 000d 06       		.byte	6
  38 000e 01       		.byte	1
  39 000f 40       		.byte	64
  40 0010 35       		.byte	53
  41 0011 07       		.byte	7
  42 0012 01       		.byte	1
  43 0013 40       		.byte	64
  44 0014 40       		.byte	64
  45 0015 14       		.byte	20
  46 0016 01       		.byte	1
  47 0017 40       		.byte	64
  48 0018 43       		.byte	67
  49 0019 15       		.byte	21
  50 001a 01       		.byte	1
  51 001b 40       		.byte	64
  52 001c 52       		.byte	82
  53 001d 16       		.byte	22
  54 001e 01       		.byte	1
  55 001f 40       		.byte	64
  56 0020 36       		.byte	54
  57 0021 17       		.byte	23
ARM GAS  C:\Users\Kevin\AppData\Local\Temp\cc4ZHXFv.s 			page 2


  58 0022 01       		.byte	1
  59 0023 40       		.byte	64
  60 0024 02       		.byte	2
  61 0025 40       		.byte	64
  62 0026 01       		.byte	1
  63 0027 40       		.byte	64
  64 0028 01       		.byte	1
  65 0029 41       		.byte	65
  66 002a 01       		.byte	1
  67 002b 40       		.byte	64
  68 002c 01       		.byte	1
  69 002d 42       		.byte	66
  70 002e 01       		.byte	1
  71 002f 40       		.byte	64
  72 0030 01       		.byte	1
  73 0031 43       		.byte	67
  74 0032 01       		.byte	1
  75 0033 40       		.byte	64
  76 0034 02       		.byte	2
  77 0035 48       		.byte	72
  78 0036 01       		.byte	1
  79 0037 40       		.byte	64
  80 0038 08       		.byte	8
  81 0039 49       		.byte	73
  82 003a 01       		.byte	1
  83 003b 40       		.byte	64
  84 003c 04       		.byte	4
  85 003d 50       		.byte	80
  86 003e 01       		.byte	1
  87 003f 40       		.byte	64
  88 0040 01       		.byte	1
  89 0041 51       		.byte	81
  90 0042 01       		.byte	1
  91 0043 40       		.byte	64
  92 0044 18       		.byte	24
  93 0045 02       		.byte	2
  94 0046 19       		.byte	25
  95 0047 02       		.byte	2
  96 0048 1C       		.byte	28
  97 0049 01       		.byte	1
  98 004a 86       		.byte	-122
  99 004b 0F       		.byte	15
 100 004c 84       		.byte	-124
 101 004d 72       		.byte	114
 102 004e 86       		.byte	-122
 103 004f 38       		.byte	56
 104 0050 00       		.byte	0
 105 0051 2C       		.byte	44
 106 0052 01       		.byte	1
 107 0053 01       		.byte	1
 108 0054 02       		.byte	2
 109 0055 11       		.byte	17
 110 0056 06       		.byte	6
 111 0057 03       		.byte	3
 112 0058 08       		.byte	8
 113 0059 09       		.byte	9
 114 005a 09       		.byte	9
ARM GAS  C:\Users\Kevin\AppData\Local\Temp\cc4ZHXFv.s 			page 3


 115 005b 30       		.byte	48
 116 005c 0A       		.byte	10
 117 005d 30       		.byte	48
 118 005e 0B       		.byte	11
 119 005f 40       		.byte	64
 120 0060 0C       		.byte	12
 121 0061 1C       		.byte	28
 122 0062 0E       		.byte	14
 123 0063 22       		.byte	34
 124 0064 11       		.byte	17
 125 0065 32       		.byte	50
 126 0066 13       		.byte	19
 127 0067 4C       		.byte	76
 128 0068 14       		.byte	20
 129 0069 30       		.byte	48
 130 006a 15       		.byte	21
 131 006b 32       		.byte	50
 132 006c 16       		.byte	22
 133 006d 0C       		.byte	12
 134 006e 17       		.byte	23
 135 006f C4       		.byte	-60
 136 0070 1B       		.byte	27
 137 0071 EE       		.byte	-18
 138 0072 21       		.byte	33
 139 0073 98       		.byte	-104
 140 0074 22       		.byte	34
 141 0075 10       		.byte	16
 142 0076 23       		.byte	35
 143 0077 02       		.byte	2
 144 0078 26       		.byte	38
 145 0079 20       		.byte	32
 146 007a 28       		.byte	40
 147 007b 14       		.byte	20
 148 007c 2D       		.byte	45
 149 007d 08       		.byte	8
 150 007e 32       		.byte	50
 151 007f 1F       		.byte	31
 152 0080 33       		.byte	51
 153 0081 F0       		.byte	-16
 154 0082 35       		.byte	53
 155 0083 01       		.byte	1
 156 0084 36       		.byte	54
 157 0085 20       		.byte	32
 158 0086 37       		.byte	55
 159 0087 0E       		.byte	14
 160 0088 3B       		.byte	59
 161 0089 88       		.byte	-120
 162 008a 3E       		.byte	62
 163 008b 40       		.byte	64
 164 008c 3F       		.byte	63
 165 008d 10       		.byte	16
 166 008e 40       		.byte	64
 167 008f 32       		.byte	50
 168 0090 41       		.byte	65
 169 0091 04       		.byte	4
 170 0092 45       		.byte	69
 171 0093 E0       		.byte	-32
ARM GAS  C:\Users\Kevin\AppData\Local\Temp\cc4ZHXFv.s 			page 4


 172 0094 46       		.byte	70
 173 0095 C0       		.byte	-64
 174 0096 47       		.byte	71
 175 0097 0B       		.byte	11
 176 0098 48       		.byte	72
 177 0099 1A       		.byte	26
 178 009a 49       		.byte	73
 179 009b FF       		.byte	-1
 180 009c 4A       		.byte	74
 181 009d FF       		.byte	-1
 182 009e 4B       		.byte	75
 183 009f FF       		.byte	-1
 184 00a0 4E       		.byte	78
 185 00a1 F0       		.byte	-16
 186 00a2 4F       		.byte	79
 187 00a3 44       		.byte	68
 188 00a4 50       		.byte	80
 189 00a5 0C       		.byte	12
 190 00a6 54       		.byte	84
 191 00a7 01       		.byte	1
 192 00a8 58       		.byte	88
 193 00a9 04       		.byte	4
 194 00aa 59       		.byte	89
 195 00ab 04       		.byte	4
 196 00ac 5A       		.byte	90
 197 00ad 04       		.byte	4
 198 00ae 5B       		.byte	91
 199 00af 04       		.byte	4
 200 00b0 5F       		.byte	95
 201 00b1 01       		.byte	1
 202 00b2 66       		.byte	102
 203 00b3 C0       		.byte	-64
 204 00b4 6A       		.byte	106
 205 00b5 40       		.byte	64
 206 00b6 6B       		.byte	107
 207 00b7 02       		.byte	2
 208 00b8 82       		.byte	-126
 209 00b9 03       		.byte	3
 210 00ba 86       		.byte	-122
 211 00bb 07       		.byte	7
 212 00bc 8C       		.byte	-116
 213 00bd 06       		.byte	6
 214 00be 91       		.byte	-111
 215 00bf 02       		.byte	2
 216 00c0 95       		.byte	-107
 217 00c1 06       		.byte	6
 218 00c2 96       		.byte	-106
 219 00c3 05       		.byte	5
 220 00c4 99       		.byte	-103
 221 00c5 01       		.byte	1
 222 00c6 9C       		.byte	-100
 223 00c7 02       		.byte	2
 224 00c8 A1       		.byte	-95
 225 00c9 06       		.byte	6
 226 00ca A4       		.byte	-92
 227 00cb 08       		.byte	8
 228 00cc AB       		.byte	-85
ARM GAS  C:\Users\Kevin\AppData\Local\Temp\cc4ZHXFv.s 			page 5


 229 00cd 04       		.byte	4
 230 00ce B0       		.byte	-80
 231 00cf 07       		.byte	7
 232 00d0 B1       		.byte	-79
 233 00d1 06       		.byte	6
 234 00d2 B4       		.byte	-76
 235 00d3 08       		.byte	8
 236 00d4 B5       		.byte	-75
 237 00d5 01       		.byte	1
 238 00d6 B9       		.byte	-71
 239 00d7 02       		.byte	2
 240 00d8 BA       		.byte	-70
 241 00d9 02       		.byte	2
 242 00da BF       		.byte	-65
 243 00db 11       		.byte	17
 244 00dc C0       		.byte	-64
 245 00dd 04       		.byte	4
 246 00de C5       		.byte	-59
 247 00df 51       		.byte	81
 248 00e0 C8       		.byte	-56
 249 00e1 03       		.byte	3
 250 00e2 C9       		.byte	-55
 251 00e3 FF       		.byte	-1
 252 00e4 CA       		.byte	-54
 253 00e5 07       		.byte	7
 254 00e6 CB       		.byte	-53
 255 00e7 FF       		.byte	-1
 256 00e8 CC       		.byte	-52
 257 00e9 40       		.byte	64
 258 00ea CD       		.byte	-51
 259 00eb 20       		.byte	32
 260 00ec CE       		.byte	-50
 261 00ed F0       		.byte	-16
 262 00ee CF       		.byte	-49
 263 00ef 05       		.byte	5
 264 00f0 D0       		.byte	-48
 265 00f1 08       		.byte	8
 266 00f2 D8       		.byte	-40
 267 00f3 04       		.byte	4
 268 00f4 D9       		.byte	-39
 269 00f5 04       		.byte	4
 270 00f6 DA       		.byte	-38
 271 00f7 04       		.byte	4
 272 00f8 DF       		.byte	-33
 273 00f9 01       		.byte	1
 274 00fa E0       		.byte	-32
 275 00fb 40       		.byte	64
 276 00fc E1       		.byte	-31
 277 00fd A8       		.byte	-88
 278 00fe E2       		.byte	-30
 279 00ff 40       		.byte	64
 280 0100 E3       		.byte	-29
 281 0101 20       		.byte	32
 282 0102 00       		.byte	0
 283 0103 04       		.byte	4
 284 0104 01       		.byte	1
 285 0105 02       		.byte	2
ARM GAS  C:\Users\Kevin\AppData\Local\Temp\cc4ZHXFv.s 			page 6


 286 0106 03       		.byte	3
 287 0107 01       		.byte	1
 288 0108 05       		.byte	5
 289 0109 16       		.byte	22
 290 010a 06       		.byte	6
 291 010b 02       		.byte	2
 292 010c 07       		.byte	7
 293 010d 01       		.byte	1
 294 010e 08       		.byte	8
 295 010f 80       		.byte	-128
 296 0110 09       		.byte	9
 297 0111 08       		.byte	8
 298 0112 0B       		.byte	11
 299 0113 02       		.byte	2
 300 0114 0D       		.byte	13
 301 0115 08       		.byte	8
 302 0116 10       		.byte	16
 303 0117 20       		.byte	32
 304 0118 14       		.byte	20
 305 0119 80       		.byte	-128
 306 011a 16       		.byte	22
 307 011b 18       		.byte	24
 308 011c 18       		.byte	24
 309 011d 04       		.byte	4
 310 011e 19       		.byte	25
 311 011f 12       		.byte	18
 312 0120 1D       		.byte	29
 313 0121 04       		.byte	4
 314 0122 1E       		.byte	30
 315 0123 20       		.byte	32
 316 0124 1F       		.byte	31
 317 0125 40       		.byte	64
 318 0126 20       		.byte	32
 319 0127 40       		.byte	64
 320 0128 21       		.byte	33
 321 0129 20       		.byte	32
 322 012a 25       		.byte	37
 323 012b 08       		.byte	8
 324 012c 26       		.byte	38
 325 012d 04       		.byte	4
 326 012e 27       		.byte	39
 327 012f 09       		.byte	9
 328 0130 28       		.byte	40
 329 0131 40       		.byte	64
 330 0132 29       		.byte	41
 331 0133 12       		.byte	18
 332 0134 2E       		.byte	46
 333 0135 02       		.byte	2
 334 0136 2F       		.byte	47
 335 0137 01       		.byte	1
 336 0138 30       		.byte	48
 337 0139 20       		.byte	32
 338 013a 31       		.byte	49
 339 013b 08       		.byte	8
 340 013c 33       		.byte	51
 341 013d 01       		.byte	1
 342 013e 35       		.byte	53
ARM GAS  C:\Users\Kevin\AppData\Local\Temp\cc4ZHXFv.s 			page 7


 343 013f 12       		.byte	18
 344 0140 36       		.byte	54
 345 0141 04       		.byte	4
 346 0142 3D       		.byte	61
 347 0143 21       		.byte	33
 348 0144 3E       		.byte	62
 349 0145 10       		.byte	16
 350 0146 40       		.byte	64
 351 0147 40       		.byte	64
 352 0148 44       		.byte	68
 353 0149 40       		.byte	64
 354 014a 45       		.byte	69
 355 014b 28       		.byte	40
 356 014c 48       		.byte	72
 357 014d 20       		.byte	32
 358 014e 4B       		.byte	75
 359 014f C2       		.byte	-62
 360 0150 4D       		.byte	77
 361 0151 01       		.byte	1
 362 0152 55       		.byte	85
 363 0153 10       		.byte	16
 364 0154 56       		.byte	86
 365 0155 18       		.byte	24
 366 0156 5D       		.byte	93
 367 0157 01       		.byte	1
 368 0158 5E       		.byte	94
 369 0159 10       		.byte	16
 370 015a 5F       		.byte	95
 371 015b 48       		.byte	72
 372 015c C0       		.byte	-64
 373 015d FD       		.byte	-3
 374 015e C2       		.byte	-62
 375 015f 25       		.byte	37
 376 0160 C4       		.byte	-60
 377 0161 74       		.byte	116
 378 0162 CA       		.byte	-54
 379 0163 95       		.byte	-107
 380 0164 CC       		.byte	-52
 381 0165 E7       		.byte	-25
 382 0166 CE       		.byte	-50
 383 0167 A0       		.byte	-96
 384 0168 D0       		.byte	-48
 385 0169 E1       		.byte	-31
 386 016a D6       		.byte	-42
 387 016b F0       		.byte	-16
 388 016c 00       		.byte	0
 389 016d 03       		.byte	3
 390 016e 03       		.byte	3
 391 016f 04       		.byte	4
 392 0170 05       		.byte	5
 393 0171 08       		.byte	8
 394 0172 08       		.byte	8
 395 0173 03       		.byte	3
 396 0174 09       		.byte	9
 397 0175 18       		.byte	24
 398 0176 0A       		.byte	10
 399 0177 0C       		.byte	12
ARM GAS  C:\Users\Kevin\AppData\Local\Temp\cc4ZHXFv.s 			page 8


 400 0178 0C       		.byte	12
 401 0179 0F       		.byte	15
 402 017a 0D       		.byte	13
 403 017b 3C       		.byte	60
 404 017c 0F       		.byte	15
 405 017d 02       		.byte	2
 406 017e 10       		.byte	16
 407 017f 0C       		.byte	12
 408 0180 12       		.byte	18
 409 0181 03       		.byte	3
 410 0182 13       		.byte	19
 411 0183 03       		.byte	3
 412 0184 14       		.byte	20
 413 0185 02       		.byte	2
 414 0186 15       		.byte	21
 415 0187 3C       		.byte	60
 416 0188 17       		.byte	23
 417 0189 01       		.byte	1
 418 018a 18       		.byte	24
 419 018b 04       		.byte	4
 420 018c 1D       		.byte	29
 421 018d 10       		.byte	16
 422 018e 1E       		.byte	30
 423 018f 03       		.byte	3
 424 0190 20       		.byte	32
 425 0191 08       		.byte	8
 426 0192 24       		.byte	36
 427 0193 0F       		.byte	15
 428 0194 25       		.byte	37
 429 0195 27       		.byte	39
 430 0196 27       		.byte	39
 431 0197 18       		.byte	24
 432 0198 28       		.byte	40
 433 0199 0C       		.byte	12
 434 019a 29       		.byte	41
 435 019b 3F       		.byte	63
 436 019c 2C       		.byte	44
 437 019d 01       		.byte	1
 438 019e 2D       		.byte	45
 439 019f 04       		.byte	4
 440 01a0 2E       		.byte	46
 441 01a1 10       		.byte	16
 442 01a2 32       		.byte	50
 443 01a3 0F       		.byte	15
 444 01a4 33       		.byte	51
 445 01a5 20       		.byte	32
 446 01a6 36       		.byte	54
 447 01a7 10       		.byte	16
 448 01a8 37       		.byte	55
 449 01a9 1F       		.byte	31
 450 01aa 3A       		.byte	58
 451 01ab 28       		.byte	40
 452 01ac 3B       		.byte	59
 453 01ad 80       		.byte	-128
 454 01ae 3F       		.byte	63
 455 01af 04       		.byte	4
 456 01b0 56       		.byte	86
ARM GAS  C:\Users\Kevin\AppData\Local\Temp\cc4ZHXFv.s 			page 9


 457 01b1 02       		.byte	2
 458 01b2 57       		.byte	87
 459 01b3 12       		.byte	18
 460 01b4 58       		.byte	88
 461 01b5 04       		.byte	4
 462 01b6 59       		.byte	89
 463 01b7 04       		.byte	4
 464 01b8 5B       		.byte	91
 465 01b9 04       		.byte	4
 466 01ba 5F       		.byte	95
 467 01bb 01       		.byte	1
 468 01bc 84       		.byte	-124
 469 01bd 04       		.byte	4
 470 01be 85       		.byte	-123
 471 01bf 07       		.byte	7
 472 01c0 88       		.byte	-120
 473 01c1 04       		.byte	4
 474 01c2 8E       		.byte	-114
 475 01c3 02       		.byte	2
 476 01c4 91       		.byte	-111
 477 01c5 01       		.byte	1
 478 01c6 93       		.byte	-109
 479 01c7 06       		.byte	6
 480 01c8 94       		.byte	-108
 481 01c9 01       		.byte	1
 482 01ca 9A       		.byte	-102
 483 01cb 02       		.byte	2
 484 01cc 9D       		.byte	-99
 485 01cd 07       		.byte	7
 486 01ce A5       		.byte	-91
 487 01cf 04       		.byte	4
 488 01d0 A6       		.byte	-90
 489 01d1 04       		.byte	4
 490 01d2 A7       		.byte	-89
 491 01d3 01       		.byte	1
 492 01d4 AD       		.byte	-83
 493 01d5 02       		.byte	2
 494 01d6 AE       		.byte	-82
 495 01d7 04       		.byte	4
 496 01d8 AF       		.byte	-81
 497 01d9 01       		.byte	1
 498 01da B0       		.byte	-80
 499 01db 04       		.byte	4
 500 01dc B2       		.byte	-78
 501 01dd 02       		.byte	2
 502 01de B6       		.byte	-74
 503 01df 01       		.byte	1
 504 01e0 B7       		.byte	-73
 505 01e1 07       		.byte	7
 506 01e2 B8       		.byte	-72
 507 01e3 02       		.byte	2
 508 01e4 BE       		.byte	-66
 509 01e5 44       		.byte	68
 510 01e6 D8       		.byte	-40
 511 01e7 04       		.byte	4
 512 01e8 D9       		.byte	-39
 513 01e9 04       		.byte	4
ARM GAS  C:\Users\Kevin\AppData\Local\Temp\cc4ZHXFv.s 			page 10


 514 01ea DF       		.byte	-33
 515 01eb 01       		.byte	1
 516 01ec 02       		.byte	2
 517 01ed 84       		.byte	-124
 518 01ee 03       		.byte	3
 519 01ef 02       		.byte	2
 520 01f0 04       		.byte	4
 521 01f1 40       		.byte	64
 522 01f2 05       		.byte	5
 523 01f3 24       		.byte	36
 524 01f4 0A       		.byte	10
 525 01f5 82       		.byte	-126
 526 01f6 0B       		.byte	11
 527 01f7 24       		.byte	36
 528 01f8 0E       		.byte	14
 529 01f9 20       		.byte	32
 530 01fa 0F       		.byte	15
 531 01fb 08       		.byte	8
 532 01fc 10       		.byte	16
 533 01fd 80       		.byte	-128
 534 01fe 12       		.byte	18
 535 01ff 11       		.byte	17
 536 0200 13       		.byte	19
 537 0201 20       		.byte	32
 538 0202 15       		.byte	21
 539 0203 80       		.byte	-128
 540 0204 17       		.byte	23
 541 0205 04       		.byte	4
 542 0206 18       		.byte	24
 543 0207 02       		.byte	2
 544 0208 19       		.byte	25
 545 0209 24       		.byte	36
 546 020a 1C       		.byte	28
 547 020b 40       		.byte	64
 548 020c 1F       		.byte	31
 549 020d 44       		.byte	68
 550 020e 21       		.byte	33
 551 020f 40       		.byte	64
 552 0210 22       		.byte	34
 553 0211 44       		.byte	68
 554 0212 26       		.byte	38
 555 0213 80       		.byte	-128
 556 0214 27       		.byte	39
 557 0215 02       		.byte	2
 558 0216 29       		.byte	41
 559 0217 A4       		.byte	-92
 560 0218 2A       		.byte	42
 561 0219 14       		.byte	20
 562 021a 2D       		.byte	45
 563 021b 80       		.byte	-128
 564 021c 2F       		.byte	47
 565 021d 10       		.byte	16
 566 021e 30       		.byte	48
 567 021f 80       		.byte	-128
 568 0220 32       		.byte	50
 569 0221 09       		.byte	9
 570 0222 33       		.byte	51
ARM GAS  C:\Users\Kevin\AppData\Local\Temp\cc4ZHXFv.s 			page 11


 571 0223 04       		.byte	4
 572 0224 34       		.byte	52
 573 0225 80       		.byte	-128
 574 0226 37       		.byte	55
 575 0227 02       		.byte	2
 576 0228 38       		.byte	56
 577 0229 02       		.byte	2
 578 022a 39       		.byte	57
 579 022b 80       		.byte	-128
 580 022c 3A       		.byte	58
 581 022d 28       		.byte	40
 582 022e 3E       		.byte	62
 583 022f 04       		.byte	4
 584 0230 5A       		.byte	90
 585 0231 08       		.byte	8
 586 0232 68       		.byte	104
 587 0233 06       		.byte	6
 588 0234 6A       		.byte	106
 589 0235 04       		.byte	4
 590 0236 70       		.byte	112
 591 0237 80       		.byte	-128
 592 0238 71       		.byte	113
 593 0239 08       		.byte	8
 594 023a 72       		.byte	114
 595 023b 28       		.byte	40
 596 023c 73       		.byte	115
 597 023d 24       		.byte	36
 598 023e 81       		.byte	-127
 599 023f 80       		.byte	-128
 600 0240 82       		.byte	-126
 601 0241 01       		.byte	1
 602 0242 83       		.byte	-125
 603 0243 40       		.byte	64
 604 0244 84       		.byte	-124
 605 0245 84       		.byte	-124
 606 0246 87       		.byte	-121
 607 0247 40       		.byte	64
 608 0248 8A       		.byte	-118
 609 0249 08       		.byte	8
 610 024a 8B       		.byte	-117
 611 024b 02       		.byte	2
 612 024c 92       		.byte	-110
 613 024d 02       		.byte	2
 614 024e 93       		.byte	-109
 615 024f 20       		.byte	32
 616 0250 96       		.byte	-106
 617 0251 84       		.byte	-124
 618 0252 97       		.byte	-105
 619 0253 08       		.byte	8
 620 0254 9C       		.byte	-100
 621 0255 80       		.byte	-128
 622 0256 9E       		.byte	-98
 623 0257 1C       		.byte	28
 624 0258 9F       		.byte	-97
 625 0259 02       		.byte	2
 626 025a A2       		.byte	-94
 627 025b 18       		.byte	24
ARM GAS  C:\Users\Kevin\AppData\Local\Temp\cc4ZHXFv.s 			page 12


 628 025c A3       		.byte	-93
 629 025d 04       		.byte	4
 630 025e A4       		.byte	-92
 631 025f 82       		.byte	-126
 632 0260 A5       		.byte	-91
 633 0261 08       		.byte	8
 634 0262 A7       		.byte	-89
 635 0263 40       		.byte	64
 636 0264 C0       		.byte	-64
 637 0265 EB       		.byte	-21
 638 0266 C2       		.byte	-62
 639 0267 6F       		.byte	111
 640 0268 C4       		.byte	-60
 641 0269 AF       		.byte	-81
 642 026a CA       		.byte	-54
 643 026b 5E       		.byte	94
 644 026c CC       		.byte	-52
 645 026d 9B       		.byte	-101
 646 026e CE       		.byte	-50
 647 026f 4F       		.byte	79
 648 0270 D6       		.byte	-42
 649 0271 02       		.byte	2
 650 0272 03       		.byte	3
 651 0273 01       		.byte	1
 652 0274 06       		.byte	6
 653 0275 03       		.byte	3
 654 0276 08       		.byte	8
 655 0277 0A       		.byte	10
 656 0278 0A       		.byte	10
 657 0279 24       		.byte	36
 658 027a 0C       		.byte	12
 659 027b 03       		.byte	3
 660 027c 0E       		.byte	14
 661 027d 10       		.byte	16
 662 027e 10       		.byte	16
 663 027f 05       		.byte	5
 664 0280 12       		.byte	18
 665 0281 28       		.byte	40
 666 0282 18       		.byte	24
 667 0283 0C       		.byte	12
 668 0284 1C       		.byte	28
 669 0285 0C       		.byte	12
 670 0286 22       		.byte	34
 671 0287 03       		.byte	3
 672 0288 24       		.byte	36
 673 0289 03       		.byte	3
 674 028a 28       		.byte	40
 675 028b 03       		.byte	3
 676 028c 2E       		.byte	46
 677 028d 03       		.byte	3
 678 028e 2F       		.byte	47
 679 028f 01       		.byte	1
 680 0290 30       		.byte	48
 681 0291 03       		.byte	3
 682 0292 34       		.byte	52
 683 0293 0C       		.byte	12
 684 0294 36       		.byte	54
ARM GAS  C:\Users\Kevin\AppData\Local\Temp\cc4ZHXFv.s 			page 13


 685 0295 30       		.byte	48
 686 0296 37       		.byte	55
 687 0297 01       		.byte	1
 688 0298 3E       		.byte	62
 689 0299 40       		.byte	64
 690 029a 3F       		.byte	63
 691 029b 40       		.byte	64
 692 029c 40       		.byte	64
 693 029d 25       		.byte	37
 694 029e 41       		.byte	65
 695 029f 03       		.byte	3
 696 02a0 42       		.byte	66
 697 02a1 06       		.byte	6
 698 02a2 44       		.byte	68
 699 02a3 01       		.byte	1
 700 02a4 45       		.byte	69
 701 02a5 CE       		.byte	-50
 702 02a6 48       		.byte	72
 703 02a7 03       		.byte	3
 704 02a8 49       		.byte	73
 705 02a9 FF       		.byte	-1
 706 02aa 4A       		.byte	74
 707 02ab FF       		.byte	-1
 708 02ac 4B       		.byte	75
 709 02ad FF       		.byte	-1
 710 02ae 4C       		.byte	76
 711 02af 62       		.byte	98
 712 02b0 4D       		.byte	77
 713 02b1 A0       		.byte	-96
 714 02b2 4E       		.byte	78
 715 02b3 F0       		.byte	-16
 716 02b4 4F       		.byte	79
 717 02b5 41       		.byte	65
 718 02b6 50       		.byte	80
 719 02b7 0C       		.byte	12
 720 02b8 54       		.byte	84
 721 02b9 18       		.byte	24
 722 02ba 56       		.byte	86
 723 02bb 04       		.byte	4
 724 02bc 58       		.byte	88
 725 02bd 04       		.byte	4
 726 02be 59       		.byte	89
 727 02bf 04       		.byte	4
 728 02c0 5A       		.byte	90
 729 02c1 04       		.byte	4
 730 02c2 5B       		.byte	91
 731 02c3 04       		.byte	4
 732 02c4 5F       		.byte	95
 733 02c5 01       		.byte	1
 734 02c6 66       		.byte	102
 735 02c7 40       		.byte	64
 736 02c8 67       		.byte	103
 737 02c9 02       		.byte	2
 738 02ca 69       		.byte	105
 739 02cb 10       		.byte	16
 740 02cc 6A       		.byte	106
 741 02cd 30       		.byte	48
ARM GAS  C:\Users\Kevin\AppData\Local\Temp\cc4ZHXFv.s 			page 14


 742 02ce 6B       		.byte	107
 743 02cf 10       		.byte	16
 744 02d0 6D       		.byte	109
 745 02d1 10       		.byte	16
 746 02d2 6E       		.byte	110
 747 02d3 10       		.byte	16
 748 02d4 6F       		.byte	111
 749 02d5 12       		.byte	18
 750 02d6 85       		.byte	-123
 751 02d7 02       		.byte	2
 752 02d8 88       		.byte	-120
 753 02d9 01       		.byte	1
 754 02da 89       		.byte	-119
 755 02db 06       		.byte	6
 756 02dc 8A       		.byte	-118
 757 02dd 06       		.byte	6
 758 02de 8B       		.byte	-117
 759 02df 01       		.byte	1
 760 02e0 8E       		.byte	-114
 761 02e1 01       		.byte	1
 762 02e2 8F       		.byte	-113
 763 02e3 01       		.byte	1
 764 02e4 90       		.byte	-112
 765 02e5 07       		.byte	7
 766 02e6 91       		.byte	-111
 767 02e7 08       		.byte	8
 768 02e8 94       		.byte	-108
 769 02e9 06       		.byte	6
 770 02ea 95       		.byte	-107
 771 02eb 06       		.byte	6
 772 02ec 98       		.byte	-104
 773 02ed 02       		.byte	2
 774 02ee 99       		.byte	-103
 775 02ef 08       		.byte	8
 776 02f0 9D       		.byte	-99
 777 02f1 04       		.byte	4
 778 02f2 A0       		.byte	-96
 779 02f3 04       		.byte	4
 780 02f4 A1       		.byte	-95
 781 02f5 08       		.byte	8
 782 02f6 A4       		.byte	-92
 783 02f7 07       		.byte	7
 784 02f8 A5       		.byte	-91
 785 02f9 07       		.byte	7
 786 02fa A8       		.byte	-88
 787 02fb 06       		.byte	6
 788 02fc A9       		.byte	-87
 789 02fd 01       		.byte	1
 790 02fe AA       		.byte	-86
 791 02ff 01       		.byte	1
 792 0300 AB       		.byte	-85
 793 0301 06       		.byte	6
 794 0302 AD       		.byte	-83
 795 0303 06       		.byte	6
 796 0304 AF       		.byte	-81
 797 0305 01       		.byte	1
 798 0306 B0       		.byte	-80
ARM GAS  C:\Users\Kevin\AppData\Local\Temp\cc4ZHXFv.s 			page 15


 799 0307 07       		.byte	7
 800 0308 B1       		.byte	-79
 801 0309 08       		.byte	8
 802 030a B3       		.byte	-77
 803 030b 07       		.byte	7
 804 030c B4       		.byte	-76
 805 030d 07       		.byte	7
 806 030e BB       		.byte	-69
 807 030f 08       		.byte	8
 808 0310 D8       		.byte	-40
 809 0311 04       		.byte	4
 810 0312 D9       		.byte	-39
 811 0313 04       		.byte	4
 812 0314 DF       		.byte	-33
 813 0315 01       		.byte	1
 814 0316 00       		.byte	0
 815 0317 40       		.byte	64
 816 0318 02       		.byte	2
 817 0319 04       		.byte	4
 818 031a 05       		.byte	5
 819 031b 10       		.byte	16
 820 031c 07       		.byte	7
 821 031d 22       		.byte	34
 822 031e 08       		.byte	8
 823 031f 01       		.byte	1
 824 0320 09       		.byte	9
 825 0321 08       		.byte	8
 826 0322 0A       		.byte	10
 827 0323 80       		.byte	-128
 828 0324 0B       		.byte	11
 829 0325 04       		.byte	4
 830 0326 0C       		.byte	12
 831 0327 50       		.byte	80
 832 0328 0E       		.byte	14
 833 0329 04       		.byte	4
 834 032a 0F       		.byte	15
 835 032b 80       		.byte	-128
 836 032c 10       		.byte	16
 837 032d 80       		.byte	-128
 838 032e 12       		.byte	18
 839 032f 18       		.byte	24
 840 0330 16       		.byte	22
 841 0331 54       		.byte	84
 842 0332 17       		.byte	23
 843 0333 80       		.byte	-128
 844 0334 1B       		.byte	27
 845 0335 12       		.byte	18
 846 0336 1D       		.byte	29
 847 0337 90       		.byte	-112
 848 0338 1F       		.byte	31
 849 0339 11       		.byte	17
 850 033a 20       		.byte	32
 851 033b 40       		.byte	64
 852 033c 22       		.byte	34
 853 033d 09       		.byte	9
 854 033e 23       		.byte	35
 855 033f B0       		.byte	-80
ARM GAS  C:\Users\Kevin\AppData\Local\Temp\cc4ZHXFv.s 			page 16


 856 0340 27       		.byte	39
 857 0341 01       		.byte	1
 858 0342 28       		.byte	40
 859 0343 E9       		.byte	-23
 860 0344 2A       		.byte	42
 861 0345 40       		.byte	64
 862 0346 2F       		.byte	47
 863 0347 02       		.byte	2
 864 0348 30       		.byte	48
 865 0349 92       		.byte	-110
 866 034a 31       		.byte	49
 867 034b 08       		.byte	8
 868 034c 38       		.byte	56
 869 034d 40       		.byte	64
 870 034e 39       		.byte	57
 871 034f 01       		.byte	1
 872 0350 3A       		.byte	58
 873 0351 08       		.byte	8
 874 0352 3B       		.byte	59
 875 0353 16       		.byte	22
 876 0354 3F       		.byte	63
 877 0355 02       		.byte	2
 878 0356 44       		.byte	68
 879 0357 28       		.byte	40
 880 0358 45       		.byte	69
 881 0359 80       		.byte	-128
 882 035a 46       		.byte	70
 883 035b 94       		.byte	-108
 884 035c 47       		.byte	71
 885 035d 01       		.byte	1
 886 035e 4E       		.byte	78
 887 035f 01       		.byte	1
 888 0360 4F       		.byte	79
 889 0361 2A       		.byte	42
 890 0362 5D       		.byte	93
 891 0363 01       		.byte	1
 892 0364 66       		.byte	102
 893 0365 81       		.byte	-127
 894 0366 67       		.byte	103
 895 0367 08       		.byte	8
 896 0368 8E       		.byte	-114
 897 0369 01       		.byte	1
 898 036a A2       		.byte	-94
 899 036b 10       		.byte	16
 900 036c C0       		.byte	-64
 901 036d E3       		.byte	-29
 902 036e C2       		.byte	-62
 903 036f DE       		.byte	-34
 904 0370 C4       		.byte	-60
 905 0371 FE       		.byte	-2
 906 0372 CA       		.byte	-54
 907 0373 1F       		.byte	31
 908 0374 CC       		.byte	-52
 909 0375 0F       		.byte	15
 910 0376 CE       		.byte	-50
 911 0377 8E       		.byte	-114
 912 0378 D0       		.byte	-48
ARM GAS  C:\Users\Kevin\AppData\Local\Temp\cc4ZHXFv.s 			page 17


 913 0379 70       		.byte	112
 914 037a D2       		.byte	-46
 915 037b 30       		.byte	48
 916 037c D6       		.byte	-42
 917 037d 80       		.byte	-128
 918 037e D8       		.byte	-40
 919 037f B0       		.byte	-80
 920 0380 E6       		.byte	-26
 921 0381 40       		.byte	64
 922 0382 30       		.byte	48
 923 0383 80       		.byte	-128
 924 0384 CC       		.byte	-52
 925 0385 10       		.byte	16
 926 0386 A4       		.byte	-92
 927 0387 80       		.byte	-128
 928 0388 A4       		.byte	-92
 929 0389 80       		.byte	-128
 930 038a A4       		.byte	-92
 931 038b 80       		.byte	-128
 932 038c 8C       		.byte	-116
 933 038d 80       		.byte	-128
 934 038e A4       		.byte	-92
 935 038f 80       		.byte	-128
 936 0390 03       		.byte	3
 937 0391 10       		.byte	16
 938 0392 5F       		.byte	95
 939 0393 10       		.byte	16
 940 0394 83       		.byte	-125
 941 0395 10       		.byte	16
 942 0396 87       		.byte	-121
 943 0397 10       		.byte	16
 944 0398 C0       		.byte	-64
 945 0399 10       		.byte	16
 946 039a D6       		.byte	-42
 947 039b 20       		.byte	32
 948 039c E0       		.byte	-32
 949 039d 20       		.byte	32
 950 039e E2       		.byte	-30
 951 039f 10       		.byte	16
 952 03a0 00       		.byte	0
 953 03a1 01       		.byte	1
 954 03a2 0A       		.byte	10
 955 03a3 01       		.byte	1
 956 03a4 10       		.byte	16
 957 03a5 01       		.byte	1
 958 03a6 1A       		.byte	26
 959 03a7 01       		.byte	1
 960 03a8 00       		.byte	0
 961 03a9 03       		.byte	3
 962 03aa 00       		.byte	0
 963 03ab 00       		.byte	0
 964 03ac 02       		.byte	2
 965 03ad 00       		.byte	0
 966 03ae 01       		.byte	1
 967 03af 02       		.byte	2
 968 03b0 02       		.byte	2
 969 03b1 00       		.byte	0
ARM GAS  C:\Users\Kevin\AppData\Local\Temp\cc4ZHXFv.s 			page 18


 970 03b2 02       		.byte	2
 971 03b3 00       		.byte	0
 972 03b4 00       		.byte	0
 973 03b5 00       		.byte	0
 974 03b6 00       		.byte	0
 975 03b7 00       		.byte	0
 976              		.global	cy_meta_custnvl
 977              		.section	.cycustnvl,"a",%progbits
 978              		.align	2
 979              		.type	cy_meta_custnvl, %object
 980              		.size	cy_meta_custnvl, 4
 981              	cy_meta_custnvl:
 982 0000 00       		.byte	0
 983 0001 00       		.byte	0
 984 0002 40       		.byte	64
 985 0003 05       		.byte	5
 986              		.global	cy_meta_wonvl
 987              		.section	.cywolatch,"a",%progbits
 988              		.align	2
 989              		.type	cy_meta_wonvl, %object
 990              		.size	cy_meta_wonvl, 4
 991              	cy_meta_wonvl:
 992 0000 BC       		.byte	-68
 993 0001 90       		.byte	-112
 994 0002 AC       		.byte	-84
 995 0003 AF       		.byte	-81
 996              		.global	cy_meta_flashprotect
 997              		.section	.cyflashprotect,"a",%progbits
 998              		.align	2
 999              		.type	cy_meta_flashprotect, %object
 1000              		.size	cy_meta_flashprotect, 256
 1001              	cy_meta_flashprotect:
 1002 0000 00000000 		.space	256
 1002      00000000 
 1002      00000000 
 1002      00000000 
 1002      00000000 
 1003              		.global	cy_metadata
 1004              		.section	.cymeta,"a",%progbits
 1005              		.align	2
 1006              		.type	cy_metadata, %object
 1007              		.size	cy_metadata, 12
 1008              	cy_metadata:
 1009 0000 00       		.byte	0
 1010 0001 01       		.byte	1
 1011 0002 2E       		.byte	46
 1012 0003 12       		.byte	18
 1013 0004 30       		.byte	48
 1014 0005 69       		.byte	105
 1015 0006 00       		.byte	0
 1016 0007 01       		.byte	1
 1017 0008 00       		.byte	0
 1018 0009 00       		.byte	0
 1019 000a 00       		.byte	0
 1020 000b 00       		.byte	0
 1021              		.text
 1022              	.Letext0:
ARM GAS  C:\Users\Kevin\AppData\Local\Temp\cc4ZHXFv.s 			page 19


 1023              		.file 1 ".\\Generated_Source\\PSoC5\\cymetadata.c"
 1024              		.file 2 ".\\Generated_Source\\PSoC5\\cytypes.h"
 1025              		.section	.debug_info,"",%progbits
 1026              	.Ldebug_info0:
 1027 0000 3B010000 		.4byte	0x13b
 1028 0004 0200     		.2byte	0x2
 1029 0006 00000000 		.4byte	.Ldebug_abbrev0
 1030 000a 04       		.byte	0x4
 1031 000b 01       		.uleb128 0x1
 1032 000c 54010000 		.4byte	.LASF18
 1033 0010 01       		.byte	0x1
 1034 0011 00000000 		.4byte	.LASF19
 1035 0015 F7000000 		.4byte	.LASF20
 1036 0019 00000000 		.4byte	.Ldebug_line0
 1037 001d 02       		.uleb128 0x2
 1038 001e 01       		.byte	0x1
 1039 001f 06       		.byte	0x6
 1040 0020 A6010000 		.4byte	.LASF0
 1041 0024 02       		.uleb128 0x2
 1042 0025 01       		.byte	0x1
 1043 0026 08       		.byte	0x8
 1044 0027 38000000 		.4byte	.LASF1
 1045 002b 02       		.uleb128 0x2
 1046 002c 02       		.byte	0x2
 1047 002d 05       		.byte	0x5
 1048 002e 44010000 		.4byte	.LASF2
 1049 0032 02       		.uleb128 0x2
 1050 0033 02       		.byte	0x2
 1051 0034 07       		.byte	0x7
 1052 0035 58000000 		.4byte	.LASF3
 1053 0039 02       		.uleb128 0x2
 1054 003a 04       		.byte	0x4
 1055 003b 05       		.byte	0x5
 1056 003c 9D010000 		.4byte	.LASF4
 1057 0040 02       		.uleb128 0x2
 1058 0041 04       		.byte	0x4
 1059 0042 07       		.byte	0x7
 1060 0043 46000000 		.4byte	.LASF5
 1061 0047 02       		.uleb128 0x2
 1062 0048 08       		.byte	0x8
 1063 0049 05       		.byte	0x5
 1064 004a E4000000 		.4byte	.LASF6
 1065 004e 02       		.uleb128 0x2
 1066 004f 08       		.byte	0x8
 1067 0050 07       		.byte	0x7
 1068 0051 A1000000 		.4byte	.LASF7
 1069 0055 03       		.uleb128 0x3
 1070 0056 04       		.byte	0x4
 1071 0057 05       		.byte	0x5
 1072 0058 696E7400 		.ascii	"int\000"
 1073 005c 02       		.uleb128 0x2
 1074 005d 04       		.byte	0x4
 1075 005e 07       		.byte	0x7
 1076 005f 94000000 		.4byte	.LASF8
 1077 0063 04       		.uleb128 0x4
 1078 0064 4E010000 		.4byte	.LASF21
 1079 0068 02       		.byte	0x2
ARM GAS  C:\Users\Kevin\AppData\Local\Temp\cc4ZHXFv.s 			page 20


 1080 0069 5B       		.byte	0x5b
 1081 006a 24000000 		.4byte	0x24
 1082 006e 02       		.uleb128 0x2
 1083 006f 04       		.byte	0x4
 1084 0070 04       		.byte	0x4
 1085 0071 32000000 		.4byte	.LASF9
 1086 0075 02       		.uleb128 0x2
 1087 0076 08       		.byte	0x8
 1088 0077 04       		.byte	0x4
 1089 0078 6B000000 		.4byte	.LASF10
 1090 007c 02       		.uleb128 0x2
 1091 007d 01       		.byte	0x1
 1092 007e 08       		.byte	0x8
 1093 007f F2000000 		.4byte	.LASF11
 1094 0083 05       		.uleb128 0x5
 1095 0084 63000000 		.4byte	0x63
 1096 0088 94000000 		.4byte	0x94
 1097 008c 06       		.uleb128 0x6
 1098 008d 94000000 		.4byte	0x94
 1099 0091 B703     		.2byte	0x3b7
 1100 0093 00       		.byte	0
 1101 0094 02       		.uleb128 0x2
 1102 0095 04       		.byte	0x4
 1103 0096 07       		.byte	0x7
 1104 0097 DB000000 		.4byte	.LASF12
 1105 009b 07       		.uleb128 0x7
 1106 009c 82000000 		.4byte	.LASF13
 1107 00a0 01       		.byte	0x1
 1108 00a1 1C       		.byte	0x1c
 1109 00a2 AD000000 		.4byte	0xad
 1110 00a6 01       		.byte	0x1
 1111 00a7 05       		.byte	0x5
 1112 00a8 03       		.byte	0x3
 1113 00a9 00000000 		.4byte	cy_meta_configecc
 1114 00ad 08       		.uleb128 0x8
 1115 00ae 83000000 		.4byte	0x83
 1116 00b2 05       		.uleb128 0x5
 1117 00b3 63000000 		.4byte	0x63
 1118 00b7 C2000000 		.4byte	0xc2
 1119 00bb 09       		.uleb128 0x9
 1120 00bc 94000000 		.4byte	0x94
 1121 00c0 03       		.byte	0x3
 1122 00c1 00       		.byte	0
 1123 00c2 07       		.uleb128 0x7
 1124 00c3 72000000 		.4byte	.LASF14
 1125 00c7 01       		.byte	0x1
 1126 00c8 9D       		.byte	0x9d
 1127 00c9 D4000000 		.4byte	0xd4
 1128 00cd 01       		.byte	0x1
 1129 00ce 05       		.byte	0x5
 1130 00cf 03       		.byte	0x3
 1131 00d0 00000000 		.4byte	cy_meta_custnvl
 1132 00d4 08       		.uleb128 0x8
 1133 00d5 B2000000 		.4byte	0xb2
 1134 00d9 07       		.uleb128 0x7
 1135 00da CD000000 		.4byte	.LASF15
 1136 00de 01       		.byte	0x1
ARM GAS  C:\Users\Kevin\AppData\Local\Temp\cc4ZHXFv.s 			page 21


 1137 00df A8       		.byte	0xa8
 1138 00e0 EB000000 		.4byte	0xeb
 1139 00e4 01       		.byte	0x1
 1140 00e5 05       		.byte	0x5
 1141 00e6 03       		.byte	0x3
 1142 00e7 00000000 		.4byte	cy_meta_wonvl
 1143 00eb 08       		.uleb128 0x8
 1144 00ec B2000000 		.4byte	0xb2
 1145 00f0 05       		.uleb128 0x5
 1146 00f1 63000000 		.4byte	0x63
 1147 00f5 00010000 		.4byte	0x100
 1148 00f9 09       		.uleb128 0x9
 1149 00fa 94000000 		.4byte	0x94
 1150 00fe FF       		.byte	0xff
 1151 00ff 00       		.byte	0
 1152 0100 07       		.uleb128 0x7
 1153 0101 B8000000 		.4byte	.LASF16
 1154 0105 01       		.byte	0x1
 1155 0106 B3       		.byte	0xb3
 1156 0107 12010000 		.4byte	0x112
 1157 010b 01       		.byte	0x1
 1158 010c 05       		.byte	0x5
 1159 010d 03       		.byte	0x3
 1160 010e 00000000 		.4byte	cy_meta_flashprotect
 1161 0112 08       		.uleb128 0x8
 1162 0113 F0000000 		.4byte	0xf0
 1163 0117 05       		.uleb128 0x5
 1164 0118 63000000 		.4byte	0x63
 1165 011c 27010000 		.4byte	0x127
 1166 0120 09       		.uleb128 0x9
 1167 0121 94000000 		.4byte	0x94
 1168 0125 0B       		.byte	0xb
 1169 0126 00       		.byte	0
 1170 0127 07       		.uleb128 0x7
 1171 0128 26000000 		.4byte	.LASF17
 1172 012c 01       		.byte	0x1
 1173 012d DD       		.byte	0xdd
 1174 012e 39010000 		.4byte	0x139
 1175 0132 01       		.byte	0x1
 1176 0133 05       		.byte	0x5
 1177 0134 03       		.byte	0x3
 1178 0135 00000000 		.4byte	cy_metadata
 1179 0139 08       		.uleb128 0x8
 1180 013a 17010000 		.4byte	0x117
 1181 013e 00       		.byte	0
 1182              		.section	.debug_abbrev,"",%progbits
 1183              	.Ldebug_abbrev0:
 1184 0000 01       		.uleb128 0x1
 1185 0001 11       		.uleb128 0x11
 1186 0002 01       		.byte	0x1
 1187 0003 25       		.uleb128 0x25
 1188 0004 0E       		.uleb128 0xe
 1189 0005 13       		.uleb128 0x13
 1190 0006 0B       		.uleb128 0xb
 1191 0007 03       		.uleb128 0x3
 1192 0008 0E       		.uleb128 0xe
 1193 0009 1B       		.uleb128 0x1b
ARM GAS  C:\Users\Kevin\AppData\Local\Temp\cc4ZHXFv.s 			page 22


 1194 000a 0E       		.uleb128 0xe
 1195 000b 10       		.uleb128 0x10
 1196 000c 06       		.uleb128 0x6
 1197 000d 00       		.byte	0
 1198 000e 00       		.byte	0
 1199 000f 02       		.uleb128 0x2
 1200 0010 24       		.uleb128 0x24
 1201 0011 00       		.byte	0
 1202 0012 0B       		.uleb128 0xb
 1203 0013 0B       		.uleb128 0xb
 1204 0014 3E       		.uleb128 0x3e
 1205 0015 0B       		.uleb128 0xb
 1206 0016 03       		.uleb128 0x3
 1207 0017 0E       		.uleb128 0xe
 1208 0018 00       		.byte	0
 1209 0019 00       		.byte	0
 1210 001a 03       		.uleb128 0x3
 1211 001b 24       		.uleb128 0x24
 1212 001c 00       		.byte	0
 1213 001d 0B       		.uleb128 0xb
 1214 001e 0B       		.uleb128 0xb
 1215 001f 3E       		.uleb128 0x3e
 1216 0020 0B       		.uleb128 0xb
 1217 0021 03       		.uleb128 0x3
 1218 0022 08       		.uleb128 0x8
 1219 0023 00       		.byte	0
 1220 0024 00       		.byte	0
 1221 0025 04       		.uleb128 0x4
 1222 0026 16       		.uleb128 0x16
 1223 0027 00       		.byte	0
 1224 0028 03       		.uleb128 0x3
 1225 0029 0E       		.uleb128 0xe
 1226 002a 3A       		.uleb128 0x3a
 1227 002b 0B       		.uleb128 0xb
 1228 002c 3B       		.uleb128 0x3b
 1229 002d 0B       		.uleb128 0xb
 1230 002e 49       		.uleb128 0x49
 1231 002f 13       		.uleb128 0x13
 1232 0030 00       		.byte	0
 1233 0031 00       		.byte	0
 1234 0032 05       		.uleb128 0x5
 1235 0033 01       		.uleb128 0x1
 1236 0034 01       		.byte	0x1
 1237 0035 49       		.uleb128 0x49
 1238 0036 13       		.uleb128 0x13
 1239 0037 01       		.uleb128 0x1
 1240 0038 13       		.uleb128 0x13
 1241 0039 00       		.byte	0
 1242 003a 00       		.byte	0
 1243 003b 06       		.uleb128 0x6
 1244 003c 21       		.uleb128 0x21
 1245 003d 00       		.byte	0
 1246 003e 49       		.uleb128 0x49
 1247 003f 13       		.uleb128 0x13
 1248 0040 2F       		.uleb128 0x2f
 1249 0041 05       		.uleb128 0x5
 1250 0042 00       		.byte	0
ARM GAS  C:\Users\Kevin\AppData\Local\Temp\cc4ZHXFv.s 			page 23


 1251 0043 00       		.byte	0
 1252 0044 07       		.uleb128 0x7
 1253 0045 34       		.uleb128 0x34
 1254 0046 00       		.byte	0
 1255 0047 03       		.uleb128 0x3
 1256 0048 0E       		.uleb128 0xe
 1257 0049 3A       		.uleb128 0x3a
 1258 004a 0B       		.uleb128 0xb
 1259 004b 3B       		.uleb128 0x3b
 1260 004c 0B       		.uleb128 0xb
 1261 004d 49       		.uleb128 0x49
 1262 004e 13       		.uleb128 0x13
 1263 004f 3F       		.uleb128 0x3f
 1264 0050 0C       		.uleb128 0xc
 1265 0051 02       		.uleb128 0x2
 1266 0052 0A       		.uleb128 0xa
 1267 0053 00       		.byte	0
 1268 0054 00       		.byte	0
 1269 0055 08       		.uleb128 0x8
 1270 0056 26       		.uleb128 0x26
 1271 0057 00       		.byte	0
 1272 0058 49       		.uleb128 0x49
 1273 0059 13       		.uleb128 0x13
 1274 005a 00       		.byte	0
 1275 005b 00       		.byte	0
 1276 005c 09       		.uleb128 0x9
 1277 005d 21       		.uleb128 0x21
 1278 005e 00       		.byte	0
 1279 005f 49       		.uleb128 0x49
 1280 0060 13       		.uleb128 0x13
 1281 0061 2F       		.uleb128 0x2f
 1282 0062 0B       		.uleb128 0xb
 1283 0063 00       		.byte	0
 1284 0064 00       		.byte	0
 1285 0065 00       		.byte	0
 1286              		.section	.debug_aranges,"",%progbits
 1287 0000 14000000 		.4byte	0x14
 1288 0004 0200     		.2byte	0x2
 1289 0006 00000000 		.4byte	.Ldebug_info0
 1290 000a 04       		.byte	0x4
 1291 000b 00       		.byte	0
 1292 000c 0000     		.2byte	0
 1293 000e 0000     		.2byte	0
 1294 0010 00000000 		.4byte	0
 1295 0014 00000000 		.4byte	0
 1296              		.section	.debug_line,"",%progbits
 1297              	.Ldebug_line0:
 1298 0000 4F000000 		.section	.debug_str,"MS",%progbits,1
 1298      02004900 
 1298      00000201 
 1298      FB0E0D00 
 1298      01010101 
 1299              	.LASF19:
 1300 0000 2E5C4765 		.ascii	".\\Generated_Source\\PSoC5\\cymetadata.c\000"
 1300      6E657261 
 1300      7465645F 
 1300      536F7572 
ARM GAS  C:\Users\Kevin\AppData\Local\Temp\cc4ZHXFv.s 			page 24


 1300      63655C50 
 1301              	.LASF17:
 1302 0026 63795F6D 		.ascii	"cy_metadata\000"
 1302      65746164 
 1302      61746100 
 1303              	.LASF9:
 1304 0032 666C6F61 		.ascii	"float\000"
 1304      7400
 1305              	.LASF1:
 1306 0038 756E7369 		.ascii	"unsigned char\000"
 1306      676E6564 
 1306      20636861 
 1306      7200
 1307              	.LASF5:
 1308 0046 6C6F6E67 		.ascii	"long unsigned int\000"
 1308      20756E73 
 1308      69676E65 
 1308      6420696E 
 1308      7400
 1309              	.LASF3:
 1310 0058 73686F72 		.ascii	"short unsigned int\000"
 1310      7420756E 
 1310      7369676E 
 1310      65642069 
 1310      6E7400
 1311              	.LASF10:
 1312 006b 646F7562 		.ascii	"double\000"
 1312      6C6500
 1313              	.LASF14:
 1314 0072 63795F6D 		.ascii	"cy_meta_custnvl\000"
 1314      6574615F 
 1314      63757374 
 1314      6E766C00 
 1315              	.LASF13:
 1316 0082 63795F6D 		.ascii	"cy_meta_configecc\000"
 1316      6574615F 
 1316      636F6E66 
 1316      69676563 
 1316      6300
 1317              	.LASF8:
 1318 0094 756E7369 		.ascii	"unsigned int\000"
 1318      676E6564 
 1318      20696E74 
 1318      00
 1319              	.LASF7:
 1320 00a1 6C6F6E67 		.ascii	"long long unsigned int\000"
 1320      206C6F6E 
 1320      6720756E 
 1320      7369676E 
 1320      65642069 
 1321              	.LASF16:
 1322 00b8 63795F6D 		.ascii	"cy_meta_flashprotect\000"
 1322      6574615F 
 1322      666C6173 
 1322      6870726F 
 1322      74656374 
 1323              	.LASF15:
ARM GAS  C:\Users\Kevin\AppData\Local\Temp\cc4ZHXFv.s 			page 25


 1324 00cd 63795F6D 		.ascii	"cy_meta_wonvl\000"
 1324      6574615F 
 1324      776F6E76 
 1324      6C00
 1325              	.LASF12:
 1326 00db 73697A65 		.ascii	"sizetype\000"
 1326      74797065 
 1326      00
 1327              	.LASF6:
 1328 00e4 6C6F6E67 		.ascii	"long long int\000"
 1328      206C6F6E 
 1328      6720696E 
 1328      7400
 1329              	.LASF11:
 1330 00f2 63686172 		.ascii	"char\000"
 1330      00
 1331              	.LASF20:
 1332 00f7 433A5C55 		.ascii	"C:\\Users\\Kevin\\Google Drive\\PSoC_Sensor tutoria"
 1332      73657273 
 1332      5C4B6576 
 1332      696E5C47 
 1332      6F6F676C 
 1333 0126 6C5C5769 		.ascii	"l\\WindSensor\\WindSensor.cydsn\000"
 1333      6E645365 
 1333      6E736F72 
 1333      5C57696E 
 1333      6453656E 
 1334              	.LASF2:
 1335 0144 73686F72 		.ascii	"short int\000"
 1335      7420696E 
 1335      7400
 1336              	.LASF21:
 1337 014e 75696E74 		.ascii	"uint8\000"
 1337      3800
 1338              	.LASF18:
 1339 0154 474E5520 		.ascii	"GNU C 4.7.3 20130312 (release) [ARM/embedded-4_7-br"
 1339      4320342E 
 1339      372E3320 
 1339      32303133 
 1339      30333132 
 1340 0187 616E6368 		.ascii	"anch revision 196615]\000"
 1340      20726576 
 1340      6973696F 
 1340      6E203139 
 1340      36363135 
 1341              	.LASF4:
 1342 019d 6C6F6E67 		.ascii	"long int\000"
 1342      20696E74 
 1342      00
 1343              	.LASF0:
 1344 01a6 7369676E 		.ascii	"signed char\000"
 1344      65642063 
 1344      68617200 
 1345              		.ident	"GCC: (GNU Tools for ARM Embedded Processors) 4.7.3 20130312 (release) [ARM/embedded-4_7-br
