ARM GAS  C:\Users\Kevin\AppData\Local\Temp\ccjvyx7H.s 			page 1


   1              		.syntax unified
   2              		.cpu cortex-m3
   3              		.fpu softvfp
   4              		.eabi_attribute 20, 1
   5              		.eabi_attribute 21, 1
   6              		.eabi_attribute 23, 3
   7              		.eabi_attribute 24, 1
   8              		.eabi_attribute 25, 1
   9              		.eabi_attribute 26, 1
  10              		.eabi_attribute 30, 6
  11              		.eabi_attribute 34, 1
  12              		.eabi_attribute 18, 4
  13              		.thumb
  14              		.file	"main.c"
  15              		.text
  16              	.Ltext0:
  17              		.cfi_sections	.debug_frame
  18              		.comm	windData,256,4
  19              		.global	windDataPointer
  20              		.bss
  21              		.align	1
  22              		.type	windDataPointer, %object
  23              		.size	windDataPointer, 2
  24              	windDataPointer:
  25 0000 0000     		.space	2
  26              		.comm	packetReceived,1,1
  27              		.section	.rodata
  28              		.align	2
  29              	.LC0:
  30 0000 30520D0A 		.ascii	"0R\015\012\000"
  30      00
  31 0005 000000   		.section	.text.main,"ax",%progbits
  32              		.align	2
  33              		.global	main
  34              		.thumb
  35              		.thumb_func
  36              		.type	main, %function
  37              	main:
  38              	.LFB56:
  39              		.file 1 ".\\main.c"
   1:.\main.c      **** /* ========================================
   2:.\main.c      ****  *
   3:.\main.c      ****  * Copyright YOUR COMPANY, THE YEAR
   4:.\main.c      ****  * All Rights Reserved
   5:.\main.c      ****  * UNPUBLISHED, LICENSED SOFTWARE.
   6:.\main.c      ****  *
   7:.\main.c      ****  * CONFIDENTIAL AND PROPRIETARY INFORMATION
   8:.\main.c      ****  * WHICH IS THE PROPERTY OF your company.
   9:.\main.c      ****  *
  10:.\main.c      ****  * ========================================
  11:.\main.c      **** */
  12:.\main.c      **** #include <project.h>
  13:.\main.c      **** 
  14:.\main.c      **** CY_ISR_PROTO(IntWind);
  15:.\main.c      **** void processPacket();
  16:.\main.c      **** void clearPacket();
  17:.\main.c      **** 
ARM GAS  C:\Users\Kevin\AppData\Local\Temp\ccjvyx7H.s 			page 2


  18:.\main.c      **** uint8 windData[256];
  19:.\main.c      **** uint16 windDataPointer = 0;
  20:.\main.c      **** uint8 packetReceived;
  21:.\main.c      **** 
  22:.\main.c      **** int main()
  23:.\main.c      **** {
  40              		.loc 1 23 0
  41              		.cfi_startproc
  42              		@ args = 0, pretend = 0, frame = 0
  43              		@ frame_needed = 1, uses_anonymous_args = 0
  44 0000 80B5     		push	{r7, lr}
  45              	.LCFI0:
  46              		.cfi_def_cfa_offset 8
  47              		.cfi_offset 7, -8
  48              		.cfi_offset 14, -4
  49 0002 00AF     		add	r7, sp, #0
  50              	.LCFI1:
  51              		.cfi_def_cfa_register 7
  24:.\main.c      ****     /* Place your initialization/startup code here (e.g. MyInst_Start()) */
  25:.\main.c      **** 	clearPacket();
  52              		.loc 1 25 0
  53 0004 FFF7FEFF 		bl	clearPacket
  26:.\main.c      ****     
  27:.\main.c      **** 	CyGlobalIntEnable;  /* Uncomment this line to enable global interrupts. */
  54              		.loc 1 27 0
  55              	@ 27 ".\main.c" 1
  56 0008 62B6     		CPSIE   i
  57              	@ 0 "" 2
  28:.\main.c      ****     UART_Wind_Start();
  58              		.loc 1 28 0
  59              		.thumb
  60 000a FFF7FEFF 		bl	UART_Wind_Start
  29:.\main.c      **** 	isr_Wind_StartEx(IntWind);
  61              		.loc 1 29 0
  62 000e 40F20000 		movw	r0, #:lower16:IntWind
  63 0012 C0F20000 		movt	r0, #:upper16:IntWind
  64 0016 FFF7FEFF 		bl	isr_Wind_StartEx
  30:.\main.c      **** 	CyDelay(1000u);
  65              		.loc 1 30 0
  66 001a 4FF47A70 		mov	r0, #1000
  67 001e FFF7FEFF 		bl	CyDelay
  31:.\main.c      **** 	UART_Wind_PutString("0R\r\n");
  68              		.loc 1 31 0
  69 0022 40F20000 		movw	r0, #:lower16:.LC0
  70 0026 C0F20000 		movt	r0, #:upper16:.LC0
  71 002a FFF7FEFF 		bl	UART_Wind_PutString
  72 002e 00E0     		b	.L3
  73              	.L4:
  32:.\main.c      **** 	for(;;)
  33:.\main.c      ****     {
  34:.\main.c      **** 		if(packetReceived){
  35:.\main.c      **** 			processPacket();
  36:.\main.c      **** 		}
  37:.\main.c      ****         /*put in a timer here that says to break out of loop once we've recorded data for x time?*/
  38:.\main.c      ****     }
  74              		.loc 1 38 0
  75 0030 00BF     		nop
ARM GAS  C:\Users\Kevin\AppData\Local\Temp\ccjvyx7H.s 			page 3


  76              	.L3:
  34:.\main.c      **** 		if(packetReceived){
  77              		.loc 1 34 0
  78 0032 40F20003 		movw	r3, #:lower16:packetReceived
  79 0036 C0F20003 		movt	r3, #:upper16:packetReceived
  80 003a 1B78     		ldrb	r3, [r3, #0]	@ zero_extendqisi2
  81 003c 002B     		cmp	r3, #0
  82 003e F7D0     		beq	.L4
  35:.\main.c      **** 			processPacket();
  83              		.loc 1 35 0
  84 0040 FFF7FEFF 		bl	processPacket
  85              		.loc 1 38 0
  86 0044 F4E7     		b	.L4
  87              		.cfi_endproc
  88              	.LFE56:
  89              		.size	main, .-main
  90 0046 00BF     		.section	.text.processPacket,"ax",%progbits
  91              		.align	2
  92              		.global	processPacket
  93              		.thumb
  94              		.thumb_func
  95              		.type	processPacket, %function
  96              	processPacket:
  97              	.LFB57:
  39:.\main.c      **** }
  40:.\main.c      **** 
  41:.\main.c      **** void processPacket(){
  98              		.loc 1 41 0
  99              		.cfi_startproc
 100              		@ args = 0, pretend = 0, frame = 0
 101              		@ frame_needed = 1, uses_anonymous_args = 0
 102 0000 80B5     		push	{r7, lr}
 103              	.LCFI2:
 104              		.cfi_def_cfa_offset 8
 105              		.cfi_offset 7, -8
 106              		.cfi_offset 14, -4
 107 0002 00AF     		add	r7, sp, #0
 108              	.LCFI3:
 109              		.cfi_def_cfa_register 7
  42:.\main.c      **** 	/* need to do something here in which it pulls out the information that we want and then does a ru
  43:.\main.c      **** 	clearPacket();
 110              		.loc 1 43 0
 111 0004 FFF7FEFF 		bl	clearPacket
  44:.\main.c      **** }
 112              		.loc 1 44 0
 113 0008 80BD     		pop	{r7, pc}
 114              		.cfi_endproc
 115              	.LFE57:
 116              		.size	processPacket, .-processPacket
 117 000a 00BF     		.section	.text.clearPacket,"ax",%progbits
 118              		.align	2
 119              		.global	clearPacket
 120              		.thumb
 121              		.thumb_func
 122              		.type	clearPacket, %function
 123              	clearPacket:
 124              	.LFB58:
ARM GAS  C:\Users\Kevin\AppData\Local\Temp\ccjvyx7H.s 			page 4


  45:.\main.c      **** 
  46:.\main.c      **** void clearPacket(){
 125              		.loc 1 46 0
 126              		.cfi_startproc
 127              		@ args = 0, pretend = 0, frame = 0
 128              		@ frame_needed = 1, uses_anonymous_args = 0
 129              		@ link register save eliminated.
 130 0000 80B4     		push	{r7}
 131              	.LCFI4:
 132              		.cfi_def_cfa_offset 4
 133              		.cfi_offset 7, -4
 134 0002 00AF     		add	r7, sp, #0
 135              	.LCFI5:
 136              		.cfi_def_cfa_register 7
  47:.\main.c      **** 	windDataPointer = 0;
 137              		.loc 1 47 0
 138 0004 40F20003 		movw	r3, #:lower16:windDataPointer
 139 0008 C0F20003 		movt	r3, #:upper16:windDataPointer
 140 000c 4FF00002 		mov	r2, #0
 141 0010 1A80     		strh	r2, [r3, #0]	@ movhi
  48:.\main.c      ****     /*reinitiate command here?*/
  49:.\main.c      **** }
 142              		.loc 1 49 0
 143 0012 BD46     		mov	sp, r7
 144 0014 80BC     		pop	{r7}
 145 0016 7047     		bx	lr
 146              		.cfi_endproc
 147              	.LFE58:
 148              		.size	clearPacket, .-clearPacket
 149              		.section	.text.IntWind,"ax",%progbits
 150              		.align	2
 151              		.global	IntWind
 152              		.thumb
 153              		.thumb_func
 154              		.type	IntWind, %function
 155              	IntWind:
 156              	.LFB59:
  50:.\main.c      **** 
  51:.\main.c      **** CY_ISR(IntWind)
  52:.\main.c      **** {
 157              		.loc 1 52 0
 158              		.cfi_startproc
 159              		@ args = 0, pretend = 0, frame = 8
 160              		@ frame_needed = 1, uses_anonymous_args = 0
 161 0000 80B5     		push	{r7, lr}
 162              	.LCFI6:
 163              		.cfi_def_cfa_offset 8
 164              		.cfi_offset 7, -8
 165              		.cfi_offset 14, -4
 166 0002 82B0     		sub	sp, sp, #8
 167              	.LCFI7:
 168              		.cfi_def_cfa_offset 16
 169 0004 00AF     		add	r7, sp, #0
 170              	.LCFI8:
 171              		.cfi_def_cfa_register 7
  53:.\main.c      ****  	    uint8 byte = UART_Wind_GetChar();
 172              		.loc 1 53 0
ARM GAS  C:\Users\Kevin\AppData\Local\Temp\ccjvyx7H.s 			page 5


 173 0006 FFF7FEFF 		bl	UART_Wind_GetChar
 174 000a 0346     		mov	r3, r0
 175 000c FB71     		strb	r3, [r7, #7]
  54:.\main.c      **** 		if(byte !=0){
 176              		.loc 1 54 0
 177 000e FB79     		ldrb	r3, [r7, #7]	@ zero_extendqisi2
 178 0010 002B     		cmp	r3, #0
 179 0012 22D0     		beq	.L7
  55:.\main.c      **** 			windData[windDataPointer] = byte;
 180              		.loc 1 55 0
 181 0014 40F20003 		movw	r3, #:lower16:windDataPointer
 182 0018 C0F20003 		movt	r3, #:upper16:windDataPointer
 183 001c 1B88     		ldrh	r3, [r3, #0]
 184 001e 1A46     		mov	r2, r3
 185 0020 40F20003 		movw	r3, #:lower16:windData
 186 0024 C0F20003 		movt	r3, #:upper16:windData
 187 0028 F979     		ldrb	r1, [r7, #7]
 188 002a 9954     		strb	r1, [r3, r2]
  56:.\main.c      **** 			windDataPointer++;	
 189              		.loc 1 56 0
 190 002c 40F20003 		movw	r3, #:lower16:windDataPointer
 191 0030 C0F20003 		movt	r3, #:upper16:windDataPointer
 192 0034 1B88     		ldrh	r3, [r3, #0]
 193 0036 03F10103 		add	r3, r3, #1
 194 003a 9AB2     		uxth	r2, r3
 195 003c 40F20003 		movw	r3, #:lower16:windDataPointer
 196 0040 C0F20003 		movt	r3, #:upper16:windDataPointer
 197 0044 1A80     		strh	r2, [r3, #0]	@ movhi
  57:.\main.c      **** 			if(byte == '\n'){
 198              		.loc 1 57 0
 199 0046 FB79     		ldrb	r3, [r7, #7]	@ zero_extendqisi2
 200 0048 0A2B     		cmp	r3, #10
 201 004a 06D1     		bne	.L7
  58:.\main.c      **** 				packetReceived = 1;
 202              		.loc 1 58 0
 203 004c 40F20003 		movw	r3, #:lower16:packetReceived
 204 0050 C0F20003 		movt	r3, #:upper16:packetReceived
 205 0054 4FF00102 		mov	r2, #1
 206 0058 1A70     		strb	r2, [r3, #0]
 207              	.L7:
  59:.\main.c      **** 			}
  60:.\main.c      **** 			
  61:.\main.c      **** 		}
  62:.\main.c      **** }
 208              		.loc 1 62 0
 209 005a 07F10807 		add	r7, r7, #8
 210 005e BD46     		mov	sp, r7
 211 0060 80BD     		pop	{r7, pc}
 212              		.cfi_endproc
 213              	.LFE59:
 214              		.size	IntWind, .-IntWind
 215 0062 00BF     		.text
 216              	.Letext0:
 217              		.file 2 "c:\\program files (x86)\\cypress\\psoc creator\\3.0\\psoc creator\\import\\gnu_cs\\arm\\4
 218              		.file 3 "./Generated_Source/PSoC5/cytypes.h"
 219              		.file 4 "./Generated_Source/PSoC5/core_cm3.h"
 220              		.section	.debug_info,"",%progbits
ARM GAS  C:\Users\Kevin\AppData\Local\Temp\ccjvyx7H.s 			page 6


 221              	.Ldebug_info0:
 222 0000 6E010000 		.4byte	0x16e
 223 0004 0200     		.2byte	0x2
 224 0006 00000000 		.4byte	.Ldebug_abbrev0
 225 000a 04       		.byte	0x4
 226 000b 01       		.uleb128 0x1
 227 000c 3F000000 		.4byte	.LASF22
 228 0010 01       		.byte	0x1
 229 0011 A0000000 		.4byte	.LASF23
 230 0015 3F010000 		.4byte	.LASF24
 231 0019 00000000 		.4byte	.Ldebug_ranges0+0
 232 001d 00000000 		.4byte	0
 233 0021 00000000 		.4byte	0
 234 0025 00000000 		.4byte	.Ldebug_line0
 235 0029 02       		.uleb128 0x2
 236 002a 01       		.byte	0x1
 237 002b 06       		.byte	0x6
 238 002c 33000000 		.4byte	.LASF0
 239 0030 02       		.uleb128 0x2
 240 0031 01       		.byte	0x1
 241 0032 08       		.byte	0x8
 242 0033 DF000000 		.4byte	.LASF1
 243 0037 02       		.uleb128 0x2
 244 0038 02       		.byte	0x2
 245 0039 05       		.byte	0x5
 246 003a 92010000 		.4byte	.LASF2
 247 003e 02       		.uleb128 0x2
 248 003f 02       		.byte	0x2
 249 0040 07       		.byte	0x7
 250 0041 0E000000 		.4byte	.LASF3
 251 0045 03       		.uleb128 0x3
 252 0046 A3010000 		.4byte	.LASF9
 253 004a 02       		.byte	0x2
 254 004b 4F       		.byte	0x4f
 255 004c 50000000 		.4byte	0x50
 256 0050 02       		.uleb128 0x2
 257 0051 04       		.byte	0x4
 258 0052 05       		.byte	0x5
 259 0053 F2000000 		.4byte	.LASF4
 260 0057 02       		.uleb128 0x2
 261 0058 04       		.byte	0x4
 262 0059 07       		.byte	0x7
 263 005a 8E000000 		.4byte	.LASF5
 264 005e 02       		.uleb128 0x2
 265 005f 08       		.byte	0x8
 266 0060 05       		.byte	0x5
 267 0061 00000000 		.4byte	.LASF6
 268 0065 02       		.uleb128 0x2
 269 0066 08       		.byte	0x8
 270 0067 07       		.byte	0x7
 271 0068 A9000000 		.4byte	.LASF7
 272 006c 04       		.uleb128 0x4
 273 006d 04       		.byte	0x4
 274 006e 05       		.byte	0x5
 275 006f 696E7400 		.ascii	"int\000"
 276 0073 02       		.uleb128 0x2
 277 0074 04       		.byte	0x4
ARM GAS  C:\Users\Kevin\AppData\Local\Temp\ccjvyx7H.s 			page 7


 278 0075 07       		.byte	0x7
 279 0076 21000000 		.4byte	.LASF8
 280 007a 03       		.uleb128 0x3
 281 007b 88000000 		.4byte	.LASF10
 282 007f 03       		.byte	0x3
 283 0080 5B       		.byte	0x5b
 284 0081 30000000 		.4byte	0x30
 285 0085 03       		.uleb128 0x3
 286 0086 9C010000 		.4byte	.LASF11
 287 008a 03       		.byte	0x3
 288 008b 5C       		.byte	0x5c
 289 008c 3E000000 		.4byte	0x3e
 290 0090 02       		.uleb128 0x2
 291 0091 04       		.byte	0x4
 292 0092 04       		.byte	0x4
 293 0093 8C010000 		.4byte	.LASF12
 294 0097 02       		.uleb128 0x2
 295 0098 08       		.byte	0x8
 296 0099 04       		.byte	0x4
 297 009a 18010000 		.4byte	.LASF13
 298 009e 02       		.uleb128 0x2
 299 009f 01       		.byte	0x1
 300 00a0 08       		.byte	0x8
 301 00a1 ED000000 		.4byte	.LASF14
 302 00a5 02       		.uleb128 0x2
 303 00a6 04       		.byte	0x4
 304 00a7 07       		.byte	0x7
 305 00a8 AB010000 		.4byte	.LASF15
 306 00ac 05       		.uleb128 0x5
 307 00ad 01       		.byte	0x1
 308 00ae 2E000000 		.4byte	.LASF25
 309 00b2 01       		.byte	0x1
 310 00b3 16       		.byte	0x16
 311 00b4 6C000000 		.4byte	0x6c
 312 00b8 00000000 		.4byte	.LFB56
 313 00bc 46000000 		.4byte	.LFE56
 314 00c0 00000000 		.4byte	.LLST0
 315 00c4 01       		.byte	0x1
 316 00c5 06       		.uleb128 0x6
 317 00c6 01       		.byte	0x1
 318 00c7 24010000 		.4byte	.LASF16
 319 00cb 01       		.byte	0x1
 320 00cc 29       		.byte	0x29
 321 00cd 00000000 		.4byte	.LFB57
 322 00d1 0A000000 		.4byte	.LFE57
 323 00d5 2C000000 		.4byte	.LLST1
 324 00d9 01       		.byte	0x1
 325 00da 07       		.uleb128 0x7
 326 00db 01       		.byte	0x1
 327 00dc 0C010000 		.4byte	.LASF17
 328 00e0 01       		.byte	0x1
 329 00e1 2E       		.byte	0x2e
 330 00e2 00000000 		.4byte	.LFB58
 331 00e6 18000000 		.4byte	.LFE58
 332 00ea 58000000 		.4byte	.LLST2
 333 00ee 01       		.byte	0x1
 334 00ef 08       		.uleb128 0x8
ARM GAS  C:\Users\Kevin\AppData\Local\Temp\ccjvyx7H.s 			page 8


 335 00f0 01       		.byte	0x1
 336 00f1 04010000 		.4byte	.LASF26
 337 00f5 01       		.byte	0x1
 338 00f6 33       		.byte	0x33
 339 00f7 01       		.byte	0x1
 340 00f8 00000000 		.4byte	.LFB59
 341 00fc 62000000 		.4byte	.LFE59
 342 0100 84000000 		.4byte	.LLST3
 343 0104 01       		.byte	0x1
 344 0105 18010000 		.4byte	0x118
 345 0109 09       		.uleb128 0x9
 346 010a 1F010000 		.4byte	.LASF27
 347 010e 01       		.byte	0x1
 348 010f 35       		.byte	0x35
 349 0110 7A000000 		.4byte	0x7a
 350 0114 02       		.byte	0x2
 351 0115 91       		.byte	0x91
 352 0116 77       		.sleb128 -9
 353 0117 00       		.byte	0
 354 0118 0A       		.uleb128 0xa
 355 0119 32010000 		.4byte	.LASF18
 356 011d 04       		.byte	0x4
 357 011e 1606     		.2byte	0x616
 358 0120 26010000 		.4byte	0x126
 359 0124 01       		.byte	0x1
 360 0125 01       		.byte	0x1
 361 0126 0B       		.uleb128 0xb
 362 0127 45000000 		.4byte	0x45
 363 012b 0C       		.uleb128 0xc
 364 012c 7A000000 		.4byte	0x7a
 365 0130 3B010000 		.4byte	0x13b
 366 0134 0D       		.uleb128 0xd
 367 0135 A5000000 		.4byte	0xa5
 368 0139 FF       		.byte	0xff
 369 013a 00       		.byte	0
 370 013b 0E       		.uleb128 0xe
 371 013c FB000000 		.4byte	.LASF19
 372 0140 01       		.byte	0x1
 373 0141 12       		.byte	0x12
 374 0142 2B010000 		.4byte	0x12b
 375 0146 01       		.byte	0x1
 376 0147 05       		.byte	0x5
 377 0148 03       		.byte	0x3
 378 0149 00000000 		.4byte	windData
 379 014d 0E       		.uleb128 0xe
 380 014e CF000000 		.4byte	.LASF20
 381 0152 01       		.byte	0x1
 382 0153 13       		.byte	0x13
 383 0154 85000000 		.4byte	0x85
 384 0158 01       		.byte	0x1
 385 0159 05       		.byte	0x5
 386 015a 03       		.byte	0x3
 387 015b 00000000 		.4byte	windDataPointer
 388 015f 0E       		.uleb128 0xe
 389 0160 C0000000 		.4byte	.LASF21
 390 0164 01       		.byte	0x1
 391 0165 14       		.byte	0x14
ARM GAS  C:\Users\Kevin\AppData\Local\Temp\ccjvyx7H.s 			page 9


 392 0166 7A000000 		.4byte	0x7a
 393 016a 01       		.byte	0x1
 394 016b 05       		.byte	0x5
 395 016c 03       		.byte	0x3
 396 016d 00000000 		.4byte	packetReceived
 397 0171 00       		.byte	0
 398              		.section	.debug_abbrev,"",%progbits
 399              	.Ldebug_abbrev0:
 400 0000 01       		.uleb128 0x1
 401 0001 11       		.uleb128 0x11
 402 0002 01       		.byte	0x1
 403 0003 25       		.uleb128 0x25
 404 0004 0E       		.uleb128 0xe
 405 0005 13       		.uleb128 0x13
 406 0006 0B       		.uleb128 0xb
 407 0007 03       		.uleb128 0x3
 408 0008 0E       		.uleb128 0xe
 409 0009 1B       		.uleb128 0x1b
 410 000a 0E       		.uleb128 0xe
 411 000b 55       		.uleb128 0x55
 412 000c 06       		.uleb128 0x6
 413 000d 11       		.uleb128 0x11
 414 000e 01       		.uleb128 0x1
 415 000f 52       		.uleb128 0x52
 416 0010 01       		.uleb128 0x1
 417 0011 10       		.uleb128 0x10
 418 0012 06       		.uleb128 0x6
 419 0013 00       		.byte	0
 420 0014 00       		.byte	0
 421 0015 02       		.uleb128 0x2
 422 0016 24       		.uleb128 0x24
 423 0017 00       		.byte	0
 424 0018 0B       		.uleb128 0xb
 425 0019 0B       		.uleb128 0xb
 426 001a 3E       		.uleb128 0x3e
 427 001b 0B       		.uleb128 0xb
 428 001c 03       		.uleb128 0x3
 429 001d 0E       		.uleb128 0xe
 430 001e 00       		.byte	0
 431 001f 00       		.byte	0
 432 0020 03       		.uleb128 0x3
 433 0021 16       		.uleb128 0x16
 434 0022 00       		.byte	0
 435 0023 03       		.uleb128 0x3
 436 0024 0E       		.uleb128 0xe
 437 0025 3A       		.uleb128 0x3a
 438 0026 0B       		.uleb128 0xb
 439 0027 3B       		.uleb128 0x3b
 440 0028 0B       		.uleb128 0xb
 441 0029 49       		.uleb128 0x49
 442 002a 13       		.uleb128 0x13
 443 002b 00       		.byte	0
 444 002c 00       		.byte	0
 445 002d 04       		.uleb128 0x4
 446 002e 24       		.uleb128 0x24
 447 002f 00       		.byte	0
 448 0030 0B       		.uleb128 0xb
ARM GAS  C:\Users\Kevin\AppData\Local\Temp\ccjvyx7H.s 			page 10


 449 0031 0B       		.uleb128 0xb
 450 0032 3E       		.uleb128 0x3e
 451 0033 0B       		.uleb128 0xb
 452 0034 03       		.uleb128 0x3
 453 0035 08       		.uleb128 0x8
 454 0036 00       		.byte	0
 455 0037 00       		.byte	0
 456 0038 05       		.uleb128 0x5
 457 0039 2E       		.uleb128 0x2e
 458 003a 00       		.byte	0
 459 003b 3F       		.uleb128 0x3f
 460 003c 0C       		.uleb128 0xc
 461 003d 03       		.uleb128 0x3
 462 003e 0E       		.uleb128 0xe
 463 003f 3A       		.uleb128 0x3a
 464 0040 0B       		.uleb128 0xb
 465 0041 3B       		.uleb128 0x3b
 466 0042 0B       		.uleb128 0xb
 467 0043 49       		.uleb128 0x49
 468 0044 13       		.uleb128 0x13
 469 0045 11       		.uleb128 0x11
 470 0046 01       		.uleb128 0x1
 471 0047 12       		.uleb128 0x12
 472 0048 01       		.uleb128 0x1
 473 0049 40       		.uleb128 0x40
 474 004a 06       		.uleb128 0x6
 475 004b 9642     		.uleb128 0x2116
 476 004d 0C       		.uleb128 0xc
 477 004e 00       		.byte	0
 478 004f 00       		.byte	0
 479 0050 06       		.uleb128 0x6
 480 0051 2E       		.uleb128 0x2e
 481 0052 00       		.byte	0
 482 0053 3F       		.uleb128 0x3f
 483 0054 0C       		.uleb128 0xc
 484 0055 03       		.uleb128 0x3
 485 0056 0E       		.uleb128 0xe
 486 0057 3A       		.uleb128 0x3a
 487 0058 0B       		.uleb128 0xb
 488 0059 3B       		.uleb128 0x3b
 489 005a 0B       		.uleb128 0xb
 490 005b 11       		.uleb128 0x11
 491 005c 01       		.uleb128 0x1
 492 005d 12       		.uleb128 0x12
 493 005e 01       		.uleb128 0x1
 494 005f 40       		.uleb128 0x40
 495 0060 06       		.uleb128 0x6
 496 0061 9642     		.uleb128 0x2116
 497 0063 0C       		.uleb128 0xc
 498 0064 00       		.byte	0
 499 0065 00       		.byte	0
 500 0066 07       		.uleb128 0x7
 501 0067 2E       		.uleb128 0x2e
 502 0068 00       		.byte	0
 503 0069 3F       		.uleb128 0x3f
 504 006a 0C       		.uleb128 0xc
 505 006b 03       		.uleb128 0x3
ARM GAS  C:\Users\Kevin\AppData\Local\Temp\ccjvyx7H.s 			page 11


 506 006c 0E       		.uleb128 0xe
 507 006d 3A       		.uleb128 0x3a
 508 006e 0B       		.uleb128 0xb
 509 006f 3B       		.uleb128 0x3b
 510 0070 0B       		.uleb128 0xb
 511 0071 11       		.uleb128 0x11
 512 0072 01       		.uleb128 0x1
 513 0073 12       		.uleb128 0x12
 514 0074 01       		.uleb128 0x1
 515 0075 40       		.uleb128 0x40
 516 0076 06       		.uleb128 0x6
 517 0077 9742     		.uleb128 0x2117
 518 0079 0C       		.uleb128 0xc
 519 007a 00       		.byte	0
 520 007b 00       		.byte	0
 521 007c 08       		.uleb128 0x8
 522 007d 2E       		.uleb128 0x2e
 523 007e 01       		.byte	0x1
 524 007f 3F       		.uleb128 0x3f
 525 0080 0C       		.uleb128 0xc
 526 0081 03       		.uleb128 0x3
 527 0082 0E       		.uleb128 0xe
 528 0083 3A       		.uleb128 0x3a
 529 0084 0B       		.uleb128 0xb
 530 0085 3B       		.uleb128 0x3b
 531 0086 0B       		.uleb128 0xb
 532 0087 27       		.uleb128 0x27
 533 0088 0C       		.uleb128 0xc
 534 0089 11       		.uleb128 0x11
 535 008a 01       		.uleb128 0x1
 536 008b 12       		.uleb128 0x12
 537 008c 01       		.uleb128 0x1
 538 008d 40       		.uleb128 0x40
 539 008e 06       		.uleb128 0x6
 540 008f 9642     		.uleb128 0x2116
 541 0091 0C       		.uleb128 0xc
 542 0092 01       		.uleb128 0x1
 543 0093 13       		.uleb128 0x13
 544 0094 00       		.byte	0
 545 0095 00       		.byte	0
 546 0096 09       		.uleb128 0x9
 547 0097 34       		.uleb128 0x34
 548 0098 00       		.byte	0
 549 0099 03       		.uleb128 0x3
 550 009a 0E       		.uleb128 0xe
 551 009b 3A       		.uleb128 0x3a
 552 009c 0B       		.uleb128 0xb
 553 009d 3B       		.uleb128 0x3b
 554 009e 0B       		.uleb128 0xb
 555 009f 49       		.uleb128 0x49
 556 00a0 13       		.uleb128 0x13
 557 00a1 02       		.uleb128 0x2
 558 00a2 0A       		.uleb128 0xa
 559 00a3 00       		.byte	0
 560 00a4 00       		.byte	0
 561 00a5 0A       		.uleb128 0xa
 562 00a6 34       		.uleb128 0x34
ARM GAS  C:\Users\Kevin\AppData\Local\Temp\ccjvyx7H.s 			page 12


 563 00a7 00       		.byte	0
 564 00a8 03       		.uleb128 0x3
 565 00a9 0E       		.uleb128 0xe
 566 00aa 3A       		.uleb128 0x3a
 567 00ab 0B       		.uleb128 0xb
 568 00ac 3B       		.uleb128 0x3b
 569 00ad 05       		.uleb128 0x5
 570 00ae 49       		.uleb128 0x49
 571 00af 13       		.uleb128 0x13
 572 00b0 3F       		.uleb128 0x3f
 573 00b1 0C       		.uleb128 0xc
 574 00b2 3C       		.uleb128 0x3c
 575 00b3 0C       		.uleb128 0xc
 576 00b4 00       		.byte	0
 577 00b5 00       		.byte	0
 578 00b6 0B       		.uleb128 0xb
 579 00b7 35       		.uleb128 0x35
 580 00b8 00       		.byte	0
 581 00b9 49       		.uleb128 0x49
 582 00ba 13       		.uleb128 0x13
 583 00bb 00       		.byte	0
 584 00bc 00       		.byte	0
 585 00bd 0C       		.uleb128 0xc
 586 00be 01       		.uleb128 0x1
 587 00bf 01       		.byte	0x1
 588 00c0 49       		.uleb128 0x49
 589 00c1 13       		.uleb128 0x13
 590 00c2 01       		.uleb128 0x1
 591 00c3 13       		.uleb128 0x13
 592 00c4 00       		.byte	0
 593 00c5 00       		.byte	0
 594 00c6 0D       		.uleb128 0xd
 595 00c7 21       		.uleb128 0x21
 596 00c8 00       		.byte	0
 597 00c9 49       		.uleb128 0x49
 598 00ca 13       		.uleb128 0x13
 599 00cb 2F       		.uleb128 0x2f
 600 00cc 0B       		.uleb128 0xb
 601 00cd 00       		.byte	0
 602 00ce 00       		.byte	0
 603 00cf 0E       		.uleb128 0xe
 604 00d0 34       		.uleb128 0x34
 605 00d1 00       		.byte	0
 606 00d2 03       		.uleb128 0x3
 607 00d3 0E       		.uleb128 0xe
 608 00d4 3A       		.uleb128 0x3a
 609 00d5 0B       		.uleb128 0xb
 610 00d6 3B       		.uleb128 0x3b
 611 00d7 0B       		.uleb128 0xb
 612 00d8 49       		.uleb128 0x49
 613 00d9 13       		.uleb128 0x13
 614 00da 3F       		.uleb128 0x3f
 615 00db 0C       		.uleb128 0xc
 616 00dc 02       		.uleb128 0x2
 617 00dd 0A       		.uleb128 0xa
 618 00de 00       		.byte	0
 619 00df 00       		.byte	0
ARM GAS  C:\Users\Kevin\AppData\Local\Temp\ccjvyx7H.s 			page 13


 620 00e0 00       		.byte	0
 621              		.section	.debug_loc,"",%progbits
 622              	.Ldebug_loc0:
 623              	.LLST0:
 624 0000 00000000 		.4byte	.LFB56
 625 0004 02000000 		.4byte	.LCFI0
 626 0008 0200     		.2byte	0x2
 627 000a 7D       		.byte	0x7d
 628 000b 00       		.sleb128 0
 629 000c 02000000 		.4byte	.LCFI0
 630 0010 04000000 		.4byte	.LCFI1
 631 0014 0200     		.2byte	0x2
 632 0016 7D       		.byte	0x7d
 633 0017 08       		.sleb128 8
 634 0018 04000000 		.4byte	.LCFI1
 635 001c 46000000 		.4byte	.LFE56
 636 0020 0200     		.2byte	0x2
 637 0022 77       		.byte	0x77
 638 0023 08       		.sleb128 8
 639 0024 00000000 		.4byte	0
 640 0028 00000000 		.4byte	0
 641              	.LLST1:
 642 002c 00000000 		.4byte	.LFB57
 643 0030 02000000 		.4byte	.LCFI2
 644 0034 0200     		.2byte	0x2
 645 0036 7D       		.byte	0x7d
 646 0037 00       		.sleb128 0
 647 0038 02000000 		.4byte	.LCFI2
 648 003c 04000000 		.4byte	.LCFI3
 649 0040 0200     		.2byte	0x2
 650 0042 7D       		.byte	0x7d
 651 0043 08       		.sleb128 8
 652 0044 04000000 		.4byte	.LCFI3
 653 0048 0A000000 		.4byte	.LFE57
 654 004c 0200     		.2byte	0x2
 655 004e 77       		.byte	0x77
 656 004f 08       		.sleb128 8
 657 0050 00000000 		.4byte	0
 658 0054 00000000 		.4byte	0
 659              	.LLST2:
 660 0058 00000000 		.4byte	.LFB58
 661 005c 02000000 		.4byte	.LCFI4
 662 0060 0200     		.2byte	0x2
 663 0062 7D       		.byte	0x7d
 664 0063 00       		.sleb128 0
 665 0064 02000000 		.4byte	.LCFI4
 666 0068 04000000 		.4byte	.LCFI5
 667 006c 0200     		.2byte	0x2
 668 006e 7D       		.byte	0x7d
 669 006f 04       		.sleb128 4
 670 0070 04000000 		.4byte	.LCFI5
 671 0074 18000000 		.4byte	.LFE58
 672 0078 0200     		.2byte	0x2
 673 007a 77       		.byte	0x77
 674 007b 04       		.sleb128 4
 675 007c 00000000 		.4byte	0
 676 0080 00000000 		.4byte	0
ARM GAS  C:\Users\Kevin\AppData\Local\Temp\ccjvyx7H.s 			page 14


 677              	.LLST3:
 678 0084 00000000 		.4byte	.LFB59
 679 0088 02000000 		.4byte	.LCFI6
 680 008c 0200     		.2byte	0x2
 681 008e 7D       		.byte	0x7d
 682 008f 00       		.sleb128 0
 683 0090 02000000 		.4byte	.LCFI6
 684 0094 04000000 		.4byte	.LCFI7
 685 0098 0200     		.2byte	0x2
 686 009a 7D       		.byte	0x7d
 687 009b 08       		.sleb128 8
 688 009c 04000000 		.4byte	.LCFI7
 689 00a0 06000000 		.4byte	.LCFI8
 690 00a4 0200     		.2byte	0x2
 691 00a6 7D       		.byte	0x7d
 692 00a7 10       		.sleb128 16
 693 00a8 06000000 		.4byte	.LCFI8
 694 00ac 62000000 		.4byte	.LFE59
 695 00b0 0200     		.2byte	0x2
 696 00b2 77       		.byte	0x77
 697 00b3 10       		.sleb128 16
 698 00b4 00000000 		.4byte	0
 699 00b8 00000000 		.4byte	0
 700              		.section	.debug_aranges,"",%progbits
 701 0000 34000000 		.4byte	0x34
 702 0004 0200     		.2byte	0x2
 703 0006 00000000 		.4byte	.Ldebug_info0
 704 000a 04       		.byte	0x4
 705 000b 00       		.byte	0
 706 000c 0000     		.2byte	0
 707 000e 0000     		.2byte	0
 708 0010 00000000 		.4byte	.LFB56
 709 0014 46000000 		.4byte	.LFE56-.LFB56
 710 0018 00000000 		.4byte	.LFB57
 711 001c 0A000000 		.4byte	.LFE57-.LFB57
 712 0020 00000000 		.4byte	.LFB58
 713 0024 18000000 		.4byte	.LFE58-.LFB58
 714 0028 00000000 		.4byte	.LFB59
 715 002c 62000000 		.4byte	.LFE59-.LFB59
 716 0030 00000000 		.4byte	0
 717 0034 00000000 		.4byte	0
 718              		.section	.debug_ranges,"",%progbits
 719              	.Ldebug_ranges0:
 720 0000 00000000 		.4byte	.LFB56
 721 0004 46000000 		.4byte	.LFE56
 722 0008 00000000 		.4byte	.LFB57
 723 000c 0A000000 		.4byte	.LFE57
 724 0010 00000000 		.4byte	.LFB58
 725 0014 18000000 		.4byte	.LFE58
 726 0018 00000000 		.4byte	.LFB59
 727 001c 62000000 		.4byte	.LFE59
 728 0020 00000000 		.4byte	0
 729 0024 00000000 		.4byte	0
 730              		.section	.debug_line,"",%progbits
 731              	.Ldebug_line0:
 732 0000 50010000 		.section	.debug_str,"MS",%progbits,1
 732      0200F900 
ARM GAS  C:\Users\Kevin\AppData\Local\Temp\ccjvyx7H.s 			page 15


 732      00000201 
 732      FB0E0D00 
 732      01010101 
 733              	.LASF6:
 734 0000 6C6F6E67 		.ascii	"long long int\000"
 734      206C6F6E 
 734      6720696E 
 734      7400
 735              	.LASF3:
 736 000e 73686F72 		.ascii	"short unsigned int\000"
 736      7420756E 
 736      7369676E 
 736      65642069 
 736      6E7400
 737              	.LASF8:
 738 0021 756E7369 		.ascii	"unsigned int\000"
 738      676E6564 
 738      20696E74 
 738      00
 739              	.LASF25:
 740 002e 6D61696E 		.ascii	"main\000"
 740      00
 741              	.LASF0:
 742 0033 7369676E 		.ascii	"signed char\000"
 742      65642063 
 742      68617200 
 743              	.LASF22:
 744 003f 474E5520 		.ascii	"GNU C 4.7.3 20130312 (release) [ARM/embedded-4_7-br"
 744      4320342E 
 744      372E3320 
 744      32303133 
 744      30333132 
 745 0072 616E6368 		.ascii	"anch revision 196615]\000"
 745      20726576 
 745      6973696F 
 745      6E203139 
 745      36363135 
 746              	.LASF10:
 747 0088 75696E74 		.ascii	"uint8\000"
 747      3800
 748              	.LASF5:
 749 008e 6C6F6E67 		.ascii	"long unsigned int\000"
 749      20756E73 
 749      69676E65 
 749      6420696E 
 749      7400
 750              	.LASF23:
 751 00a0 2E5C6D61 		.ascii	".\\main.c\000"
 751      696E2E63 
 751      00
 752              	.LASF7:
 753 00a9 6C6F6E67 		.ascii	"long long unsigned int\000"
 753      206C6F6E 
 753      6720756E 
 753      7369676E 
 753      65642069 
 754              	.LASF21:
ARM GAS  C:\Users\Kevin\AppData\Local\Temp\ccjvyx7H.s 			page 16


 755 00c0 7061636B 		.ascii	"packetReceived\000"
 755      65745265 
 755      63656976 
 755      656400
 756              	.LASF20:
 757 00cf 77696E64 		.ascii	"windDataPointer\000"
 757      44617461 
 757      506F696E 
 757      74657200 
 758              	.LASF1:
 759 00df 756E7369 		.ascii	"unsigned char\000"
 759      676E6564 
 759      20636861 
 759      7200
 760              	.LASF14:
 761 00ed 63686172 		.ascii	"char\000"
 761      00
 762              	.LASF4:
 763 00f2 6C6F6E67 		.ascii	"long int\000"
 763      20696E74 
 763      00
 764              	.LASF19:
 765 00fb 77696E64 		.ascii	"windData\000"
 765      44617461 
 765      00
 766              	.LASF26:
 767 0104 496E7457 		.ascii	"IntWind\000"
 767      696E6400 
 768              	.LASF17:
 769 010c 636C6561 		.ascii	"clearPacket\000"
 769      72506163 
 769      6B657400 
 770              	.LASF13:
 771 0118 646F7562 		.ascii	"double\000"
 771      6C6500
 772              	.LASF27:
 773 011f 62797465 		.ascii	"byte\000"
 773      00
 774              	.LASF16:
 775 0124 70726F63 		.ascii	"processPacket\000"
 775      65737350 
 775      61636B65 
 775      7400
 776              	.LASF18:
 777 0132 49544D5F 		.ascii	"ITM_RxBuffer\000"
 777      52784275 
 777      66666572 
 777      00
 778              	.LASF24:
 779 013f 433A5C55 		.ascii	"C:\\Users\\Kevin\\Google Drive\\PSoC_Sensor tutoria"
 779      73657273 
 779      5C4B6576 
 779      696E5C47 
 779      6F6F676C 
 780 016e 6C5C5769 		.ascii	"l\\WindSensor\\WindSensor.cydsn\000"
 780      6E645365 
 780      6E736F72 
ARM GAS  C:\Users\Kevin\AppData\Local\Temp\ccjvyx7H.s 			page 17


 780      5C57696E 
 780      6453656E 
 781              	.LASF12:
 782 018c 666C6F61 		.ascii	"float\000"
 782      7400
 783              	.LASF2:
 784 0192 73686F72 		.ascii	"short int\000"
 784      7420696E 
 784      7400
 785              	.LASF11:
 786 019c 75696E74 		.ascii	"uint16\000"
 786      313600
 787              	.LASF9:
 788 01a3 696E7433 		.ascii	"int32_t\000"
 788      325F7400 
 789              	.LASF15:
 790 01ab 73697A65 		.ascii	"sizetype\000"
 790      74797065 
 790      00
 791              		.ident	"GCC: (GNU Tools for ARM Embedded Processors) 4.7.3 20130312 (release) [ARM/embedded-4_7-br
