#***************************************************************************

#sjplacer

#Version:            1.1

#Build Date:         Mar 26 2013 14:54:34

#File Generated:     May 7 2014 18:27:12

#Purpose:            

#Copyright (C) 2010-2011 by Softjin Technologies Pvt Ltd. All rights reserved.

#***************************************************************************

Executing : C:\Program Files (x86)\Cypress\PSoC Creator\3.0\PSoC Creator\bin/sjplacer.exe --proj-name RadiationRead --netlist-vh2 RadiationRead_p.vh2 --arch-file C:\Program Files (x86)\Cypress\PSoC Creator\3.0\PSoC Creator\dev/psoc3/placer.ark --rrg-file C:\Program Files (x86)\Cypress\PSoC Creator\3.0\PSoC Creator\dev/psoc5/psoc5lp/route_arch-rrg.cydata --irq-file C:\Program Files (x86)\Cypress\PSoC Creator\3.0\PSoC Creator\dev/psoc5/psoc5lp/irqconn.cydata --drq-file C:\Program Files (x86)\Cypress\PSoC Creator\3.0\PSoC Creator\dev/psoc5/psoc5lp/dmaconn.cydata --dsi-conn-file C:\Program Files (x86)\Cypress\PSoC Creator\3.0\PSoC Creator\dev/psoc5/psoc5lp/dsiconn.cydata --pins-file PSoC5_PSoC5LP_68-QFN.xml --lib-file RadiationRead_p.lib --sdc-file RadiationRead.sdc --io-pcf RadiationRead.pci --outdir .

		Softjin Techologies Placer, Version 1.1

Build Date : Jul 22 2013	11:20:09

D2004: Option and Settings Summary
=============================================================
Netlist vh2 file          - RadiationRead_p.vh2
Architecture file         - C:\Program Files (x86)\Cypress\PSoC Creator\3.0\PSoC Creator\dev/psoc3/placer.ark
Package                   - 
Defparam file             - 
SDC file                  - RadiationRead.sdc
Output directory          - .
Timing library            - RadiationRead_p.lib
IO Placement file         - RadiationRead.pci

D2050: Starting reading inputs for placer
=============================================================
D2065: Reading netlist file : "RadiationRead_p.vh2"
D2065: Reading arch file : "C:\Program Files (x86)\Cypress\PSoC Creator\3.0\PSoC Creator\dev/psoc3/placer.ark"
D2051: Reading of inputs for placer completed successfully

D2053: Starting placement of the design
=============================================================

Phase 2
Phase 3

Design Statistics after Packing
    Number of Combinational MCs 	:	10
    Number of Sequential MCs    	:	16
    Number of DPs               	:	3
    Number of Controls          	:	1
    Number of Status            	:	2
    Number of SyncCells         	:	0
    Number of count7cells       	:	1

Device Utilization Summary after Packing
    Macrocells                  :	26/192
    UDBS                        :	5/24
    IOs                         :	16/72


D2088: Phase 3, elapsed time : 0.0 (sec)

Phase 4
D2088: Phase 4, elapsed time : 0.0 (sec)

Phase 5
D2088: Phase 5, elapsed time : 0.0 (sec)

Phase 6

######################################################################
Placement Timing Summary

The timing summary is based on estimated routing delays after
placement. For final timing report, please carry out the timing
analysis after routing.
======================================================================

######################################################################
                     Clock Summary 
======================================================================
Number of clocks: 11
Clock: ADC_DelSig_Ext_CP_Clk | Frequency: N/A       | Target:  24.0 MHz
Clock: ADC_DelSig_Ext_CP_Clk(routed) | Frequency: N/A       | Target:  24.0 MHz
Clock: ADC_DelSig_theACLK   | Frequency: N/A       | Target:   0.2 MHz
Clock: ADC_DelSig_theACLK(fixed-function) | Frequency: N/A       | Target:   0.2 MHz
Clock: CyBUS_CLK            | Frequency:  49.2 MHz | Target:  24.0 MHz
Clock: CyILO                | Frequency: N/A       | Target:   0.0 MHz
Clock: CyIMO                | Frequency: N/A       | Target:   3.0 MHz
Clock: CyMASTER_CLK         | Frequency: N/A       | Target:  24.0 MHz
Clock: CyPLL_OUT            | Frequency: N/A       | Target:  24.0 MHz
Clock: UART_IntClock        | Frequency:  42.7 MHz | Target:   0.1 MHz
Clock: \ADC_DelSig:DSM\/dec_clock | Frequency: N/A       | Target:   0.1 MHz

======================================================================
                     End of Clock Summary
######################################################################

D2088: Phase 6, elapsed time : 0.1 (sec)

Phase 7
######################################################################
                     Clock Summary 
======================================================================
Number of clocks: 11
Clock: ADC_DelSig_Ext_CP_Clk | Frequency: N/A       | Target:  24.0 MHz
Clock: ADC_DelSig_Ext_CP_Clk(routed) | Frequency: N/A       | Target:  24.0 MHz
Clock: ADC_DelSig_theACLK   | Frequency: N/A       | Target:   0.2 MHz
Clock: ADC_DelSig_theACLK(fixed-function) | Frequency: N/A       | Target:   0.2 MHz
Clock: CyBUS_CLK            | Frequency:   1.2 MHz | Target:  24.0 MHz
Clock: CyILO                | Frequency: N/A       | Target:   0.0 MHz
Clock: CyIMO                | Frequency: N/A       | Target:   3.0 MHz
Clock: CyMASTER_CLK         | Frequency: N/A       | Target:  24.0 MHz
Clock: CyPLL_OUT            | Frequency: N/A       | Target:  24.0 MHz
Clock: UART_IntClock        | Frequency:   1.2 MHz | Target:   0.1 MHz
Clock: \ADC_DelSig:DSM\/dec_clock | Frequency: N/A       | Target:   0.1 MHz

======================================================================
                     End of Clock Summary
######################################################################
D2088: Phase 7, elapsed time : 0.8 (sec)

Final Design Statistics
    Number of Combinational MCs 	:	10
    Number of Sequential MCs    	:	16
    Number of DPs               	:	3
    Number of Controls          	:	1
    Number of Status            	:	2
    Number of SyncCells         	:	0
    Number of count7cells       	:	1
    Number of IOs       	:	16

Device Utilization Summary
    Macrocells                  :	26/192
    IOs                         :	16/72



######################################################################
Placement Timing Summary

The timing summary is based on estimated routing delays after
placement. For final timing report, please carry out the timing
analysis after routing.
======================================================================


######################################################################
                     Clock Summary 
======================================================================
Number of clocks: 11
Clock: ADC_DelSig_Ext_CP_Clk | Frequency: N/A       | Target:  24.0 MHz
Clock: ADC_DelSig_Ext_CP_Clk(routed) | Frequency: N/A       | Target:  24.0 MHz
Clock: ADC_DelSig_theACLK   | Frequency: N/A       | Target:   0.2 MHz
Clock: ADC_DelSig_theACLK(fixed-function) | Frequency: N/A       | Target:   0.2 MHz
Clock: CyBUS_CLK            | Frequency:   1.4 MHz | Target:  24.0 MHz
Clock: CyILO                | Frequency: N/A       | Target:   0.0 MHz
Clock: CyIMO                | Frequency: N/A       | Target:   3.0 MHz
Clock: CyMASTER_CLK         | Frequency: N/A       | Target:  24.0 MHz
Clock: CyPLL_OUT            | Frequency: N/A       | Target:  24.0 MHz
Clock: UART_IntClock        | Frequency:   1.4 MHz | Target:   0.1 MHz
Clock: \ADC_DelSig:DSM\/dec_clock | Frequency: N/A       | Target:   0.1 MHz

======================================================================
                     End of Clock Summary
######################################################################

Phase 8
D2088: Phase 8, elapsed time : 0.0 (sec)

D2054: Placement of the design completed successfully

I2076: Total run-time: 2.5 sec.

